<?xml version="1.0" encoding="UTF-8"?>
<testsuites name="Sanity_GBS" time="1223.916" tests="5" failures="0" errors="0">
   <testsuite name="Sanity_GBS" tests="5" failures="0" errors="0" time="1223.916" skipped="0" timestamp="2022-05-23 11:56:23" hostname="gsstjaya - GSSM0803.asia.ad.flextronics.com" id="Test Suites/Sanity_GBS">
      <properties>
         <property name="deviceName" value=""/>
         <property name="devicePlatform" value=""/>
         <property name="logFolder" value="C:\\Sumathy\\Katalon Projects_Scripts\\PIR_DIR2\\Reports\\20220523_115612\\Sanity_GBS\\20220523_115612"/>
         <property name="logFiles" value="C:\\Sumathy\\Katalon Projects_Scripts\\PIR_DIR2\\Reports\\20220523_115612\\Sanity_GBS\\20220523_115612\\execution0.log"/>
         <property name="attachments" value=""/>
         <property name="hostName" value="gsstjaya - GSSM0803.asia.ad.flextronics.com"/>
         <property name="os" value="Windows 10 64bit"/>
         <property name="katalonVersion" value="8.3.5.208"/>
         <property name="browser" value="Chrome 101.0.4951.67"/>
         <property name="hostAddress" value="10.195.68.68"/>
         <property name="sessionId" value="34cb2dbb8619098f3d845332db0c5494"/>
         <property name="seleniumVersion" value="3.141.59"/>
         <property name="proxyInformation" value="ProxyInformation { proxyOption=NO_PROXY, proxyServerType=HTTP, username=, password=********, proxyServerAddress=, proxyServerPort=0, executionList=&quot;&quot;, isApplyToDesiredCapabilities=true }"/>
         <property name="platform" value="Windows 10"/>
      </properties>
      <testcase name="Test Cases/Sanity/GBS/Create AF Project" time="210.011" classname="Test Cases/Sanity/GBS/Create AF Project" status="PASSED">
         <system-out><![CDATA[2022-05-23 11:56:24 - [TEST_CASE][PASSED] - Test Cases/Sanity/GBS/Create AF Project: Test Cases/Sanity/GBS/Create AF Project

2022-05-23 11:56:24 - [TEST_STEP][PASSED] - openBrowser(""): Browser is opened with url: ''

2022-05-23 11:56:25 - [MESSAGE][INFO] - Starting 'Chrome' driver

2022-05-23 11:56:25 - [MESSAGE][INFO] - Action delay is set to 0 milliseconds

2022-05-23 11:56:27 - [MESSAGE][PASSED] - Browser is opened with url: ''

2022-05-23 11:56:27 - [TEST_STEP][PASSED] - maximizeWindow(): Current window maximized

2022-05-23 11:56:28 - [MESSAGE][PASSED] - Current window maximized

2022-05-23 11:56:28 - [TEST_STEP][PASSED] - navigateToUrl(URL): Navigate to 'https://pirqa.flex.com/login' successfully

2022-05-23 11:56:31 - [MESSAGE][PASSED] - Navigate to 'https://pirqa.flex.com/login' successfully

2022-05-23 11:56:31 - [TEST_STEP][PASSED] - setText(findTestObject("Page_It-Right Platform/Username"), username): Text 'gsstjaya' is set on object 'Object Repository/Page_It-Right Platform/Username'

2022-05-23 11:56:32 - [MESSAGE][PASSED] - Text 'gsstjaya' is set on object 'Object Repository/Page_It-Right Platform/Username'

2022-05-23 11:56:32 - [TEST_STEP][PASSED] - setEncryptedText(findTestObject("Page_It-Right Platform/password"), pwd): Text ****** has been set on object 'Object Repository/Page_It-Right Platform/password'

2022-05-23 11:56:33 - [MESSAGE][PASSED] - Text ****** has been set on object 'Object Repository/Page_It-Right Platform/password'

2022-05-23 11:56:33 - [TEST_STEP][PASSED] - click(findTestObject("Page_It-Right Platform/button_Sign in")): Object: 'Object Repository/Page_It-Right Platform/button_Sign in' is clicked on

2022-05-23 11:56:35 - [MESSAGE][PASSED] - Object: 'Object Repository/Page_It-Right Platform/button_Sign in' is clicked on

2022-05-23 11:56:35 - [TEST_STEP][PASSED] - click(findTestObject("Object Repository/Page_It-Right Platform/span_WelcomeToggler")): Object: 'Object Repository/Page_It-Right Platform/span_WelcomeToggler' is clicked on

2022-05-23 11:56:36 - [MESSAGE][PASSED] - Object: 'Object Repository/Page_It-Right Platform/span_WelcomeToggler' is clicked on

2022-05-23 11:56:36 - [TEST_STEP][PASSED] - verifyElementPresent(findTestObject("Object Repository/Page_It-Right Platform/div_WelcomeMenu"), 0): Object 'Object Repository/Page_It-Right Platform/div_WelcomeMenu' is present

2022-05-23 11:56:36 - [MESSAGE][WARNING] - Timeout '0' is invalid. Using default page load timeout: '30'

2022-05-23 11:56:36 - [MESSAGE][PASSED] - Object 'Object Repository/Page_It-Right Platform/div_WelcomeMenu' is present

2022-05-23 11:56:36 - [TEST_STEP][PASSED] - click(findTestObject("Page_It-Right Platform/span_GBS")): Object: 'Object Repository/Page_It-Right Platform/span_GBS' is clicked on

2022-05-23 11:56:42 - [MESSAGE][PASSED] - Object: 'Object Repository/Page_It-Right Platform/span_GBS' is clicked on

2022-05-23 11:56:42 - [TEST_STEP][PASSED] - delay(9): Delayed 9 second(s)

2022-05-23 11:56:51 - [MESSAGE][PASSED] - Delayed 9 second(s)

2022-05-23 11:56:51 - [TEST_STEP][PASSED] - click(findTestObject("Page_DIR/button_Technical Sourcing")): Object: 'Object Repository/Page_DIR/button_Technical Sourcing' is clicked on

2022-05-23 11:56:51 - [MESSAGE][PASSED] - Object: 'Object Repository/Page_DIR/button_Technical Sourcing' is clicked on

2022-05-23 11:56:51 - [TEST_STEP][PASSED] - click(findTestObject("Page_DIR/span_Flex_Organization")): Object: 'Object Repository/Page_DIR/span_Flex_Organization' is clicked on

2022-05-23 11:56:52 - [MESSAGE][PASSED] - Object: 'Object Repository/Page_DIR/span_Flex_Organization' is clicked on

2022-05-23 11:56:52 - [TEST_STEP][PASSED] - selectOptionByValue(findTestObject("Page_DIR/select_Organization"), "FLEX", true): All options with value 'FLEX' are selected in object 'Object Repository/Page_DIR/select_Organization'  using regular expression

2022-05-23 11:56:58 - [MESSAGE][PASSED] - All options with value 'FLEX' are selected in object 'Object Repository/Page_DIR/select_Organization'  using regular expression

2022-05-23 11:56:58 - [TEST_STEP][PASSED] - delay(3): Delayed 3 second(s)

2022-05-23 11:57:01 - [MESSAGE][PASSED] - Delayed 3 second(s)

2022-05-23 11:57:01 - [TEST_STEP][PASSED] - verifyElementPresent(findTestObject("Page_DIR/div_To Create Project   Drop GBS project"), 0): Object 'Object Repository/Page_DIR/div_To Create Project   Drop GBS project' is present

2022-05-23 11:57:01 - [MESSAGE][WARNING] - Timeout '0' is invalid. Using default page load timeout: '30'

2022-05-23 11:57:02 - [MESSAGE][PASSED] - Object 'Object Repository/Page_DIR/div_To Create Project   Drop GBS project' is present

2022-05-23 11:57:02 - [TEST_STEP][PASSED] - uploadFileWithDragAndDrop(findTestObject("Page_DIR/div_To Create Project   Drop GBS project"), GBSAF_File): null

2022-05-23 11:57:02 - [TEST_STEP][PASSED] - verifyElementPresent(findTestObject("Page_DIR/div_Choose Analysis Type"), 3): Object 'Object Repository/Page_DIR/div_Choose Analysis Type' is present

2022-05-23 11:57:03 - [MESSAGE][PASSED] - Object 'Object Repository/Page_DIR/div_Choose Analysis Type' is present

2022-05-23 11:57:03 - [TEST_STEP][PASSED] - click(findTestObject("Page_DIR/button_OK")): Object: 'Object Repository/Page_DIR/button_OK' is clicked on

2022-05-23 11:57:03 - [MESSAGE][PASSED] - Object: 'Object Repository/Page_DIR/button_OK' is clicked on

2022-05-23 11:57:03 - [TEST_STEP][PASSED] - delay(3): Delayed 3 second(s)

2022-05-23 11:57:06 - [MESSAGE][PASSED] - Delayed 3 second(s)

2022-05-23 11:57:06 - [TEST_STEP][PASSED] - verifyElementPresent(findTestObject("Page_DIR/div_Create Project"), 3): Object 'Object Repository/Page_DIR/div_Create Project' is present

2022-05-23 11:57:07 - [MESSAGE][PASSED] - Object 'Object Repository/Page_DIR/div_Create Project' is present

2022-05-23 11:57:07 - [TEST_STEP][PASSED] - click(findTestObject("Page_DIR/input__dueDate")): Object: 'Object Repository/Page_DIR/input__dueDate' is clicked on

2022-05-23 11:57:07 - [MESSAGE][PASSED] - Object: 'Object Repository/Page_DIR/input__dueDate' is clicked on

2022-05-23 11:57:07 - [TEST_STEP][PASSED] - delay(3): Delayed 3 second(s)

2022-05-23 11:57:10 - [MESSAGE][PASSED] - Delayed 3 second(s)

2022-05-23 11:57:10 - [TEST_STEP][PASSED] - click(findTestObject("Page_DIR/span_Month")): Object: 'Object Repository/Page_DIR/span_Month' is clicked on

2022-05-23 11:57:11 - [MESSAGE][PASSED] - Object: 'Object Repository/Page_DIR/span_Month' is clicked on

2022-05-23 11:57:11 - [TEST_STEP][PASSED] - scrollToElement(findTestObject("Page_DIR/span_December (1)"), 2, STOP_ON_FAILURE): Scroll to object 'Object Repository/Page_DIR/span_December (1)' successfully

2022-05-23 11:57:11 - [MESSAGE][PASSED] - Scroll to object 'Object Repository/Page_DIR/span_December (1)' successfully

2022-05-23 11:57:11 - [TEST_STEP][PASSED] - click(findTestObject("Page_DIR/span_December (1)")): Object: 'Object Repository/Page_DIR/span_December (1)' is clicked on

2022-05-23 11:57:12 - [MESSAGE][PASSED] - Object: 'Object Repository/Page_DIR/span_December (1)' is clicked on

2022-05-23 11:57:12 - [TEST_STEP][PASSED] - delay(2): Delayed 2 second(s)

2022-05-23 11:57:14 - [MESSAGE][PASSED] - Delayed 2 second(s)

2022-05-23 11:57:14 - [TEST_STEP][PASSED] - click(findTestObject("Page_DIR/span_Year")): Object: 'Object Repository/Page_DIR/span_Year' is clicked on

2022-05-23 11:57:14 - [MESSAGE][PASSED] - Object: 'Object Repository/Page_DIR/span_Year' is clicked on

2022-05-23 11:57:14 - [TEST_STEP][PASSED] - delay(2): Delayed 2 second(s)

2022-05-23 11:57:16 - [MESSAGE][PASSED] - Delayed 2 second(s)

2022-05-23 11:57:16 - [TEST_STEP][PASSED] - scrollToElement(findTestObject("Page_DIR/span_2024 (1)"), 2): Scroll to object 'Object Repository/Page_DIR/span_2024 (1)' successfully

2022-05-23 11:57:17 - [MESSAGE][PASSED] - Scroll to object 'Object Repository/Page_DIR/span_2024 (1)' successfully

2022-05-23 11:57:17 - [TEST_STEP][PASSED] - click(findTestObject("Page_DIR/span_2024 (1)")): Object: 'Object Repository/Page_DIR/span_2024 (1)' is clicked on

2022-05-23 11:57:17 - [MESSAGE][PASSED] - Object: 'Object Repository/Page_DIR/span_2024 (1)' is clicked on

2022-05-23 11:57:17 - [TEST_STEP][PASSED] - delay(2): Delayed 2 second(s)

2022-05-23 11:57:19 - [MESSAGE][PASSED] - Delayed 2 second(s)

2022-05-23 11:57:19 - [TEST_STEP][PASSED] - click(findTestObject("Page_DIR/div_31")): Object: 'Object Repository/Page_DIR/div_31' is clicked on

2022-05-23 11:57:20 - [MESSAGE][PASSED] - Object: 'Object Repository/Page_DIR/div_31' is clicked on

2022-05-23 11:57:20 - [TEST_STEP][PASSED] - delay(2): Delayed 2 second(s)

2022-05-23 11:57:22 - [MESSAGE][PASSED] - Delayed 2 second(s)

2022-05-23 11:57:22 - [TEST_STEP][PASSED] - setText(findTestObject("Page_DIR/textarea_Comments_comments"), "Test"): Text 'Test' is set on object 'Object Repository/Page_DIR/textarea_Comments_comments'

2022-05-23 11:57:53 - [MESSAGE][INFO] - Unable to find the element located by 'By.xpath: //textarea[@id='req-comments-text-area']'. Please recheck the objects properties to make sure the desired element is located. 

2022-05-23 11:57:53 - [MESSAGE][WARNING] - [SELF-HEALING] Failed to find element with id 'Object Repository/Page_DIR/textarea_Comments_comments'. Try using Self-healing.

2022-05-23 11:57:53 - [MESSAGE][WARNING] - [SELF-HEALING] The current locator of test object 'Object Repository/Page_DIR/textarea_Comments_comments' was broken. Propose an alternative one: '//textarea'.

2022-05-23 11:58:24 - [MESSAGE][INFO] - Unable to find the element located by 'By.xpath: //textarea[@id='req-comments-text-area']'. Please recheck the objects properties to make sure the desired element is located. 

2022-05-23 11:58:24 - [MESSAGE][WARNING] - [SELF-HEALING] Failed to find element with id 'Object Repository/Page_DIR/textarea_Comments_comments'. Try using Self-healing.

2022-05-23 11:58:24 - [MESSAGE][WARNING] - [SELF-HEALING] The current locator of test object 'Object Repository/Page_DIR/textarea_Comments_comments' was broken. Propose an alternative one: '//textarea'.

2022-05-23 11:58:24 - [MESSAGE][PASSED] - Text 'Test' is set on object 'Object Repository/Page_DIR/textarea_Comments_comments'

2022-05-23 11:58:24 - [TEST_STEP][PASSED] - scrollToElement(findTestObject("Page_DIR/button_Create"), 2): Scroll to object 'Object Repository/Page_DIR/button_Create' successfully

2022-05-23 11:58:56 - [MESSAGE][INFO] - Unable to find the element located by 'By.xpath: //button[@id='create-request']'. Please recheck the objects properties to make sure the desired element is located. 

2022-05-23 11:58:56 - [MESSAGE][WARNING] - [SELF-HEALING] Failed to find element with id 'Object Repository/Page_DIR/button_Create'. Try using Self-healing.

2022-05-23 11:58:56 - [MESSAGE][WARNING] - [SELF-HEALING] The current locator of test object 'Object Repository/Page_DIR/button_Create' was broken. Propose an alternative one: '(.//*[normalize-space(text()) and normalize-space(.)='Cancel'])[2]/preceding::button[1]'.

2022-05-23 11:58:56 - [MESSAGE][PASSED] - Scroll to object 'Object Repository/Page_DIR/button_Create' successfully

2022-05-23 11:58:56 - [TEST_STEP][PASSED] - click(findTestObject("Page_DIR/button_Create")): Object: 'Object Repository/Page_DIR/button_Create' is clicked on

2022-05-23 11:59:27 - [MESSAGE][INFO] - Unable to find the element located by 'By.xpath: //button[@id='create-request']'. Please recheck the objects properties to make sure the desired element is located. 

2022-05-23 11:59:27 - [MESSAGE][WARNING] - [SELF-HEALING] Failed to find element with id 'Object Repository/Page_DIR/button_Create'. Try using Self-healing.

2022-05-23 11:59:28 - [MESSAGE][WARNING] - [SELF-HEALING] The current locator of test object 'Object Repository/Page_DIR/button_Create' was broken. Propose an alternative one: '(.//*[normalize-space(text()) and normalize-space(.)='Cancel'])[2]/preceding::button[1]'.

2022-05-23 11:59:28 - [MESSAGE][PASSED] - Object: 'Object Repository/Page_DIR/button_Create' is clicked on

2022-05-23 11:59:28 - [TEST_STEP][PASSED] - delay(7): Delayed 7 second(s)

2022-05-23 11:59:35 - [MESSAGE][PASSED] - Delayed 7 second(s)

2022-05-23 11:59:35 - [TEST_STEP][PASSED] - waitForElementPresent(findTestObject("Page_DIR/div_Project success msg"), 3): Object 'Object Repository/Page_DIR/div_Project success msg' is present

2022-05-23 11:59:46 - [MESSAGE][PASSED] - Object 'Object Repository/Page_DIR/div_Project success msg' is present

2022-05-23 11:59:46 - [TEST_STEP][PASSED] - delay(3): Delayed 3 second(s)

2022-05-23 11:59:49 - [MESSAGE][PASSED] - Delayed 3 second(s)

2022-05-23 11:59:49 - [TEST_STEP][PASSED] - verifyElementPresent(findTestObject("Page_DIR/div_Project success msg"), 3): Object 'Object Repository/Page_DIR/div_Project success msg' is present

2022-05-23 11:59:50 - [MESSAGE][PASSED] - Object 'Object Repository/Page_DIR/div_Project success msg' is present

2022-05-23 11:59:50 - [TEST_STEP][PASSED] - delay(2): Delayed 2 second(s)

2022-05-23 11:59:52 - [MESSAGE][PASSED] - Delayed 2 second(s)

2022-05-23 11:59:52 - [TEST_STEP][PASSED] - verifyElementPresent(findTestObject("Page_DIR/td_FileName_Dummy"), 2): Object 'Object Repository/Page_DIR/td_FileName_Dummy' is present

2022-05-23 11:59:52 - [MESSAGE][PASSED] - Object 'Object Repository/Page_DIR/td_FileName_Dummy' is present

2022-05-23 11:59:52 - [TEST_STEP][PASSED] - verifyElementAttributeValue(findTestObject("Page_DIR/td_FileName_Dummy"), "text", GBSAF_FileName, 3): Object 'Object Repository/Page_DIR/td_FileName_Dummy' has attribute 'text' with value 'File for Dummy MPN'

2022-05-23 11:59:52 - [MESSAGE][PASSED] - Object 'Object Repository/Page_DIR/td_FileName_Dummy' has attribute 'text' with value 'File for Dummy MPN'

2022-05-23 11:59:52 - [TEST_STEP][PASSED] - click(findTestObject("Page_DIR/span_Welcome Thangasumathy Jayakumar")): Object: 'Object Repository/Page_DIR/span_Welcome Thangasumathy Jayakumar' is clicked on

2022-05-23 11:59:53 - [MESSAGE][PASSED] - Object: 'Object Repository/Page_DIR/span_Welcome Thangasumathy Jayakumar' is clicked on

2022-05-23 11:59:53 - [TEST_STEP][PASSED] - click(findTestObject("Page_DIR/a_Logout")): Object: 'Object Repository/Page_DIR/a_Logout' is clicked on

2022-05-23 11:59:54 - [MESSAGE][PASSED] - Object: 'Object Repository/Page_DIR/a_Logout' is clicked on]]></system-out>
         <system-err><![CDATA[]]></system-err>
      </testcase>
      <testcase name="Test Cases/Sanity/GBS/AF_Review_Save" time="117.976" classname="Test Cases/Sanity/GBS/AF_Review_Save" status="PASSED">
         <system-out><![CDATA[2022-05-23 11:59:54 - [TEST_CASE][PASSED] - Test Cases/Sanity/GBS/AF_Review_Save: Test Cases/Sanity/GBS/AF_Review_Save

2022-05-23 11:59:54 - [TEST_STEP][PASSED] - openBrowser(""): Browser is opened with url: ''

2022-05-23 11:59:54 - [MESSAGE][WARNING] - A browser is already opened. Closing browser and opening a new one

2022-05-23 11:59:55 - [MESSAGE][INFO] - Starting 'Chrome' driver

2022-05-23 11:59:55 - [MESSAGE][INFO] - Action delay is set to 0 milliseconds

2022-05-23 11:59:56 - [MESSAGE][PASSED] - Browser is opened with url: ''

2022-05-23 11:59:56 - [TEST_STEP][PASSED] - maximizeWindow(): Current window maximized

2022-05-23 11:59:56 - [MESSAGE][PASSED] - Current window maximized

2022-05-23 11:59:56 - [TEST_STEP][PASSED] - navigateToUrl(URL): Navigate to 'https://pirqa.flex.com/login' successfully

2022-05-23 11:59:59 - [MESSAGE][PASSED] - Navigate to 'https://pirqa.flex.com/login' successfully

2022-05-23 11:59:59 - [TEST_STEP][PASSED] - setText(findTestObject("Page_It-Right Platform/Username"), username): Text 'gsstjaya' is set on object 'Object Repository/Page_It-Right Platform/Username'

2022-05-23 12:00:00 - [MESSAGE][PASSED] - Text 'gsstjaya' is set on object 'Object Repository/Page_It-Right Platform/Username'

2022-05-23 12:00:00 - [TEST_STEP][PASSED] - setEncryptedText(findTestObject("Page_It-Right Platform/password"), pwd): Text ****** has been set on object 'Object Repository/Page_It-Right Platform/password'

2022-05-23 12:00:01 - [MESSAGE][PASSED] - Text ****** has been set on object 'Object Repository/Page_It-Right Platform/password'

2022-05-23 12:00:01 - [TEST_STEP][PASSED] - click(findTestObject("Page_It-Right Platform/button_Sign in")): Object: 'Object Repository/Page_It-Right Platform/button_Sign in' is clicked on

2022-05-23 12:00:03 - [MESSAGE][PASSED] - Object: 'Object Repository/Page_It-Right Platform/button_Sign in' is clicked on

2022-05-23 12:00:03 - [TEST_STEP][PASSED] - click(findTestObject("Object Repository/Page_It-Right Platform/span_WelcomeToggler")): Object: 'Object Repository/Page_It-Right Platform/span_WelcomeToggler' is clicked on

2022-05-23 12:00:04 - [MESSAGE][PASSED] - Object: 'Object Repository/Page_It-Right Platform/span_WelcomeToggler' is clicked on

2022-05-23 12:00:04 - [TEST_STEP][PASSED] - verifyElementPresent(findTestObject("Object Repository/Page_It-Right Platform/div_WelcomeMenu"), 0): Object 'Object Repository/Page_It-Right Platform/div_WelcomeMenu' is present

2022-05-23 12:00:04 - [MESSAGE][WARNING] - Timeout '0' is invalid. Using default page load timeout: '30'

2022-05-23 12:00:04 - [MESSAGE][PASSED] - Object 'Object Repository/Page_It-Right Platform/div_WelcomeMenu' is present

2022-05-23 12:00:04 - [TEST_STEP][PASSED] - click(findTestObject("Object Repository/Page_It-Right Platform/span_GBS")): Object: 'Object Repository/Page_It-Right Platform/span_GBS' is clicked on

2022-05-23 12:00:10 - [MESSAGE][PASSED] - Object: 'Object Repository/Page_It-Right Platform/span_GBS' is clicked on

2022-05-23 12:00:10 - [TEST_STEP][PASSED] - delay(2): Delayed 2 second(s)

2022-05-23 12:00:12 - [MESSAGE][PASSED] - Delayed 2 second(s)

2022-05-23 12:00:12 - [TEST_STEP][PASSED] - click(findTestObject("Page_DIR/button_Technical Sourcing")): Object: 'Object Repository/Page_DIR/button_Technical Sourcing' is clicked on

2022-05-23 12:00:16 - [MESSAGE][PASSED] - Object: 'Object Repository/Page_DIR/button_Technical Sourcing' is clicked on

2022-05-23 12:00:16 - [TEST_STEP][PASSED] - click(findTestObject("Page_DIR/span_Flex_Organization")): Object: 'Object Repository/Page_DIR/span_Flex_Organization' is clicked on

2022-05-23 12:00:16 - [MESSAGE][PASSED] - Object: 'Object Repository/Page_DIR/span_Flex_Organization' is clicked on

2022-05-23 12:00:16 - [TEST_STEP][PASSED] - selectOptionByValue(findTestObject("Page_DIR/select_Organization"), "FLEX", true): All options with value 'FLEX' are selected in object 'Object Repository/Page_DIR/select_Organization'  using regular expression

2022-05-23 12:00:22 - [MESSAGE][PASSED] - All options with value 'FLEX' are selected in object 'Object Repository/Page_DIR/select_Organization'  using regular expression

2022-05-23 12:00:22 - [TEST_STEP][PASSED] - delay(2): Delayed 2 second(s)

2022-05-23 12:00:24 - [MESSAGE][PASSED] - Delayed 2 second(s)

2022-05-23 12:00:24 - [TEST_STEP][PASSED] - scrollToElement(findTestObject("Page_DIR/i_Project-folder-open"), 2): Scroll to object 'Object Repository/Page_DIR/i_Project-folder-open' successfully

2022-05-23 12:00:56 - [MESSAGE][INFO] - Unable to find the element located by 'By.xpath: //tr[@id='3835']/td[17]/a/i'. Please recheck the objects properties to make sure the desired element is located. 

2022-05-23 12:00:56 - [MESSAGE][WARNING] - [SELF-HEALING] Failed to find element with id 'Object Repository/Page_DIR/i_Project-folder-open'. Try using Self-healing.

2022-05-23 12:00:56 - [MESSAGE][WARNING] - [SELF-HEALING] The current locator of test object 'Object Repository/Page_DIR/i_Project-folder-open' was broken. Propose an alternative one: '//tr[2]/td[17]/a/i'.

2022-05-23 12:00:56 - [MESSAGE][PASSED] - Scroll to object 'Object Repository/Page_DIR/i_Project-folder-open' successfully

2022-05-23 12:00:56 - [TEST_STEP][PASSED] - click(findTestObject("Page_DIR/i_Project-folder-open")): Object: 'Object Repository/Page_DIR/i_Project-folder-open' is clicked on

2022-05-23 12:01:27 - [MESSAGE][INFO] - Unable to find the element located by 'By.xpath: //tr[@id='3835']/td[17]/a/i'. Please recheck the objects properties to make sure the desired element is located. 

2022-05-23 12:01:27 - [MESSAGE][WARNING] - [SELF-HEALING] Failed to find element with id 'Object Repository/Page_DIR/i_Project-folder-open'. Try using Self-healing.

2022-05-23 12:01:28 - [MESSAGE][WARNING] - [SELF-HEALING] The current locator of test object 'Object Repository/Page_DIR/i_Project-folder-open' was broken. Propose an alternative one: '//tr[2]/td[17]/a/i'.

2022-05-23 12:01:28 - [MESSAGE][PASSED] - Object: 'Object Repository/Page_DIR/i_Project-folder-open' is clicked on

2022-05-23 12:01:28 - [TEST_STEP][PASSED] - delay(3): Delayed 3 second(s)

2022-05-23 12:01:31 - [MESSAGE][PASSED] - Delayed 3 second(s)

2022-05-23 12:01:31 - [TEST_STEP][PASSED] - verifyElementPresent(findTestObject("Page_DIR/a_Back to Projects"), 2): Object 'Object Repository/Page_DIR/a_Back to Projects' is present

2022-05-23 12:01:31 - [MESSAGE][PASSED] - Object 'Object Repository/Page_DIR/a_Back to Projects' is present

2022-05-23 12:01:31 - [TEST_STEP][PASSED] - verifyElementPresent(findTestObject("Page_DIR/a_PIR-TEST-0005"), 2): Object 'Object Repository/Page_DIR/a_PIR-TEST-0005' is present

2022-05-23 12:01:31 - [MESSAGE][PASSED] - Object 'Object Repository/Page_DIR/a_PIR-TEST-0005' is present

2022-05-23 12:01:31 - [TEST_STEP][PASSED] - click(findTestObject("Page_DIR/i_MPNoptionsMain")): Object: 'Object Repository/Page_DIR/i_MPNoptionsMain' is clicked on

2022-05-23 12:01:32 - [MESSAGE][PASSED] - Object: 'Object Repository/Page_DIR/i_MPNoptionsMain' is clicked on

2022-05-23 12:01:32 - [TEST_STEP][PASSED] - click(findTestObject("Page_DIR/a_Review")): Object: 'Object Repository/Page_DIR/a_Review' is clicked on

2022-05-23 12:01:32 - [MESSAGE][PASSED] - Object: 'Object Repository/Page_DIR/a_Review' is clicked on

2022-05-23 12:01:32 - [TEST_STEP][PASSED] - delay(3): Delayed 3 second(s)

2022-05-23 12:01:35 - [MESSAGE][PASSED] - Delayed 3 second(s)

2022-05-23 12:01:35 - [TEST_STEP][PASSED] - verifyElementPresent(findTestObject("Page_DIR/h3_Parts Review"), 2): Object 'Object Repository/Page_DIR/h3_Parts Review' is present

2022-05-23 12:01:36 - [MESSAGE][PASSED] - Object 'Object Repository/Page_DIR/h3_Parts Review' is present

2022-05-23 12:01:36 - [TEST_STEP][PASSED] - verifyElementPresent(findTestObject("Page_DIR/span_PIR-TEST-0005"), 0): Object 'Object Repository/Page_DIR/span_PIR-TEST-0005' is present

2022-05-23 12:01:36 - [MESSAGE][WARNING] - Timeout '0' is invalid. Using default page load timeout: '30'

2022-05-23 12:01:36 - [MESSAGE][PASSED] - Object 'Object Repository/Page_DIR/span_PIR-TEST-0005' is present

2022-05-23 12:01:36 - [TEST_STEP][PASSED] - click(findTestObject("Page_DIR/button_Select product category")): Object: 'Object Repository/Page_DIR/button_Select product category' is clicked on

2022-05-23 12:01:36 - [MESSAGE][PASSED] - Object: 'Object Repository/Page_DIR/button_Select product category' is clicked on

2022-05-23 12:01:36 - [TEST_STEP][PASSED] - verifyElementPresent(findTestObject("Page_DIR/div_Select product category"), 2): Object 'Object Repository/Page_DIR/div_Select product category' is present

2022-05-23 12:01:37 - [MESSAGE][PASSED] - Object 'Object Repository/Page_DIR/div_Select product category' is present

2022-05-23 12:01:37 - [TEST_STEP][PASSED] - setText(findTestObject("Page_DIR/input_Select product category"), "cer"): Text 'cer' is set on object 'Object Repository/Page_DIR/input_Select product category'

2022-05-23 12:01:38 - [MESSAGE][PASSED] - Text 'cer' is set on object 'Object Repository/Page_DIR/input_Select product category'

2022-05-23 12:01:38 - [TEST_STEP][PASSED] - click(findTestObject("Page_DIR/span_Ceramic Capacitor")): Object: 'Object Repository/Page_DIR/span_Ceramic Capacitor' is clicked on

2022-05-23 12:01:38 - [MESSAGE][PASSED] - Object: 'Object Repository/Page_DIR/span_Ceramic Capacitor' is clicked on

2022-05-23 12:01:38 - [TEST_STEP][PASSED] - selectOptionByValue(findTestObject("Page_DIR/select_Commodity"), "Ceramic Capacitor", true): All options with value 'Ceramic Capacitor' are selected in object 'Object Repository/Page_DIR/select_Commodity'  using regular expression

2022-05-23 12:01:44 - [MESSAGE][PASSED] - All options with value 'Ceramic Capacitor' are selected in object 'Object Repository/Page_DIR/select_Commodity'  using regular expression

2022-05-23 12:01:44 - [TEST_STEP][PASSED] - verifyElementPresent(findTestObject("Page_DIR/div_Commodity code"), 2): Object 'Object Repository/Page_DIR/div_Commodity code' is present

2022-05-23 12:01:45 - [MESSAGE][PASSED] - Object 'Object Repository/Page_DIR/div_Commodity code' is present

2022-05-23 12:01:45 - [TEST_STEP][PASSED] - setText(findTestObject("Page_DIR/input_Commodity Prefix_attr"), "CAP"): Text 'CAP' is set on object 'Object Repository/Page_DIR/input_Commodity Prefix_attr'

2022-05-23 12:01:46 - [MESSAGE][PASSED] - Text 'CAP' is set on object 'Object Repository/Page_DIR/input_Commodity Prefix_attr'

2022-05-23 12:01:46 - [TEST_STEP][PASSED] - click(findTestObject("Page_DIR/button_MPNoptionsReview")): Object: 'Object Repository/Page_DIR/button_MPNoptionsReview' is clicked on

2022-05-23 12:01:46 - [MESSAGE][PASSED] - Object: 'Object Repository/Page_DIR/button_MPNoptionsReview' is clicked on

2022-05-23 12:01:46 - [TEST_STEP][PASSED] - click(findTestObject("Page_DIR/button_Save")): Object: 'Object Repository/Page_DIR/button_Save' is clicked on

2022-05-23 12:01:46 - [MESSAGE][PASSED] - Object: 'Object Repository/Page_DIR/button_Save' is clicked on

2022-05-23 12:01:46 - [TEST_STEP][PASSED] - delay(2): Delayed 2 second(s)

2022-05-23 12:01:48 - [MESSAGE][PASSED] - Delayed 2 second(s)

2022-05-23 12:01:48 - [TEST_STEP][PASSED] - verifyElementPresent(findTestObject("Page_DIR/div_Save Success"), 2): Object 'Object Repository/Page_DIR/div_Save Success' is present

2022-05-23 12:01:49 - [MESSAGE][PASSED] - Object 'Object Repository/Page_DIR/div_Save Success' is present

2022-05-23 12:01:49 - [TEST_STEP][PASSED] - click(findTestObject("Page_DIR/i_return-arrow")): Object: 'Object Repository/Page_DIR/i_return-arrow' is clicked on

2022-05-23 12:01:49 - [MESSAGE][PASSED] - Object: 'Object Repository/Page_DIR/i_return-arrow' is clicked on

2022-05-23 12:01:49 - [TEST_STEP][PASSED] - verifyElementPresent(findTestObject("Page_DIR/a_Back to Projects"), 2): Object 'Object Repository/Page_DIR/a_Back to Projects' is present

2022-05-23 12:01:50 - [MESSAGE][PASSED] - Object 'Object Repository/Page_DIR/a_Back to Projects' is present

2022-05-23 12:01:50 - [TEST_STEP][PASSED] - verifyElementPresent(findTestObject("Page_DIR/a_PIR-TEST-0005"), 2): Object 'Object Repository/Page_DIR/a_PIR-TEST-0005' is present

2022-05-23 12:01:51 - [MESSAGE][PASSED] - Object 'Object Repository/Page_DIR/a_PIR-TEST-0005' is present

2022-05-23 12:01:51 - [TEST_STEP][PASSED] - click(findTestObject("Page_DIR/span_Welcome Thangasumathy Jayakumar")): Object: 'Object Repository/Page_DIR/span_Welcome Thangasumathy Jayakumar' is clicked on

2022-05-23 12:01:51 - [MESSAGE][PASSED] - Object: 'Object Repository/Page_DIR/span_Welcome Thangasumathy Jayakumar' is clicked on

2022-05-23 12:01:51 - [TEST_STEP][PASSED] - click(findTestObject("Page_DIR/a_Logout")): Object: 'Object Repository/Page_DIR/a_Logout' is clicked on

2022-05-23 12:01:52 - [MESSAGE][PASSED] - Object: 'Object Repository/Page_DIR/a_Logout' is clicked on]]></system-out>
         <system-err><![CDATA[]]></system-err>
      </testcase>
      <testcase name="Test Cases/Sanity/GBS/AF_Review_RevertSave" time="108.974" classname="Test Cases/Sanity/GBS/AF_Review_RevertSave" status="PASSED">
         <system-out><![CDATA[2022-05-23 12:01:52 - [TEST_CASE][PASSED] - Test Cases/Sanity/GBS/AF_Review_RevertSave: Test Cases/Sanity/GBS/AF_Review_RevertSave

2022-05-23 12:01:52 - [TEST_STEP][PASSED] - openBrowser(""): Browser is opened with url: ''

2022-05-23 12:01:52 - [MESSAGE][WARNING] - A browser is already opened. Closing browser and opening a new one

2022-05-23 12:01:53 - [MESSAGE][INFO] - Starting 'Chrome' driver

2022-05-23 12:01:53 - [MESSAGE][INFO] - Action delay is set to 0 milliseconds

2022-05-23 12:01:54 - [MESSAGE][PASSED] - Browser is opened with url: ''

2022-05-23 12:01:54 - [TEST_STEP][PASSED] - maximizeWindow(): Current window maximized

2022-05-23 12:01:54 - [MESSAGE][PASSED] - Current window maximized

2022-05-23 12:01:54 - [TEST_STEP][PASSED] - navigateToUrl(URL): Navigate to 'https://pirqa.flex.com/login' successfully

2022-05-23 12:01:57 - [MESSAGE][PASSED] - Navigate to 'https://pirqa.flex.com/login' successfully

2022-05-23 12:01:57 - [TEST_STEP][PASSED] - setText(findTestObject("Page_It-Right Platform/Username"), username): Text 'gsstjaya' is set on object 'Object Repository/Page_It-Right Platform/Username'

2022-05-23 12:01:58 - [MESSAGE][PASSED] - Text 'gsstjaya' is set on object 'Object Repository/Page_It-Right Platform/Username'

2022-05-23 12:01:58 - [TEST_STEP][PASSED] - setEncryptedText(findTestObject("Page_It-Right Platform/password"), pwd): Text ****** has been set on object 'Object Repository/Page_It-Right Platform/password'

2022-05-23 12:01:59 - [MESSAGE][PASSED] - Text ****** has been set on object 'Object Repository/Page_It-Right Platform/password'

2022-05-23 12:01:59 - [TEST_STEP][PASSED] - click(findTestObject("Page_It-Right Platform/button_Sign in")): Object: 'Object Repository/Page_It-Right Platform/button_Sign in' is clicked on

2022-05-23 12:02:02 - [MESSAGE][PASSED] - Object: 'Object Repository/Page_It-Right Platform/button_Sign in' is clicked on

2022-05-23 12:02:02 - [TEST_STEP][PASSED] - click(findTestObject("Object Repository/Page_It-Right Platform/span_WelcomeToggler")): Object: 'Object Repository/Page_It-Right Platform/span_WelcomeToggler' is clicked on

2022-05-23 12:02:02 - [MESSAGE][PASSED] - Object: 'Object Repository/Page_It-Right Platform/span_WelcomeToggler' is clicked on

2022-05-23 12:02:02 - [TEST_STEP][PASSED] - verifyElementPresent(findTestObject("Object Repository/Page_It-Right Platform/div_WelcomeMenu"), 0): Object 'Object Repository/Page_It-Right Platform/div_WelcomeMenu' is present

2022-05-23 12:02:02 - [MESSAGE][WARNING] - Timeout '0' is invalid. Using default page load timeout: '30'

2022-05-23 12:02:03 - [MESSAGE][PASSED] - Object 'Object Repository/Page_It-Right Platform/div_WelcomeMenu' is present

2022-05-23 12:02:03 - [TEST_STEP][PASSED] - click(findTestObject("Object Repository/Page_It-Right Platform/span_GBS")): Object: 'Object Repository/Page_It-Right Platform/span_GBS' is clicked on

2022-05-23 12:02:07 - [MESSAGE][PASSED] - Object: 'Object Repository/Page_It-Right Platform/span_GBS' is clicked on

2022-05-23 12:02:07 - [TEST_STEP][PASSED] - delay(2): Delayed 2 second(s)

2022-05-23 12:02:09 - [MESSAGE][PASSED] - Delayed 2 second(s)

2022-05-23 12:02:09 - [TEST_STEP][PASSED] - click(findTestObject("Page_DIR/button_Technical Sourcing")): Object: 'Object Repository/Page_DIR/button_Technical Sourcing' is clicked on

2022-05-23 12:02:12 - [MESSAGE][PASSED] - Object: 'Object Repository/Page_DIR/button_Technical Sourcing' is clicked on

2022-05-23 12:02:12 - [TEST_STEP][PASSED] - click(findTestObject("Page_DIR/span_Flex_Organization")): Object: 'Object Repository/Page_DIR/span_Flex_Organization' is clicked on

2022-05-23 12:02:13 - [MESSAGE][PASSED] - Object: 'Object Repository/Page_DIR/span_Flex_Organization' is clicked on

2022-05-23 12:02:13 - [TEST_STEP][PASSED] - selectOptionByValue(findTestObject("Page_DIR/select_Organization"), "FLEX", true): All options with value 'FLEX' are selected in object 'Object Repository/Page_DIR/select_Organization'  using regular expression

2022-05-23 12:02:19 - [MESSAGE][PASSED] - All options with value 'FLEX' are selected in object 'Object Repository/Page_DIR/select_Organization'  using regular expression

2022-05-23 12:02:19 - [TEST_STEP][PASSED] - delay(2): Delayed 2 second(s)

2022-05-23 12:02:21 - [MESSAGE][PASSED] - Delayed 2 second(s)

2022-05-23 12:02:21 - [TEST_STEP][PASSED] - scrollToElement(findTestObject("Page_DIR/i_Project-folder-open"), 2): Scroll to object 'Object Repository/Page_DIR/i_Project-folder-open' successfully

2022-05-23 12:02:52 - [MESSAGE][INFO] - Unable to find the element located by 'By.xpath: //tr[@id='3835']/td[17]/a/i'. Please recheck the objects properties to make sure the desired element is located. 

2022-05-23 12:02:52 - [MESSAGE][WARNING] - [SELF-HEALING] Failed to find element with id 'Object Repository/Page_DIR/i_Project-folder-open'. Try using Self-healing.

2022-05-23 12:02:52 - [MESSAGE][WARNING] - [SELF-HEALING] The current locator of test object 'Object Repository/Page_DIR/i_Project-folder-open' was broken. Propose an alternative one: '//tr[2]/td[17]/a/i'.

2022-05-23 12:02:52 - [MESSAGE][PASSED] - Scroll to object 'Object Repository/Page_DIR/i_Project-folder-open' successfully

2022-05-23 12:02:52 - [TEST_STEP][PASSED] - click(findTestObject("Page_DIR/i_Project-folder-open")): Object: 'Object Repository/Page_DIR/i_Project-folder-open' is clicked on

2022-05-23 12:03:24 - [MESSAGE][INFO] - Unable to find the element located by 'By.xpath: //tr[@id='3835']/td[17]/a/i'. Please recheck the objects properties to make sure the desired element is located. 

2022-05-23 12:03:24 - [MESSAGE][WARNING] - [SELF-HEALING] Failed to find element with id 'Object Repository/Page_DIR/i_Project-folder-open'. Try using Self-healing.

2022-05-23 12:03:24 - [MESSAGE][WARNING] - [SELF-HEALING] The current locator of test object 'Object Repository/Page_DIR/i_Project-folder-open' was broken. Propose an alternative one: '//tr[2]/td[17]/a/i'.

2022-05-23 12:03:24 - [MESSAGE][PASSED] - Object: 'Object Repository/Page_DIR/i_Project-folder-open' is clicked on

2022-05-23 12:03:24 - [TEST_STEP][PASSED] - delay(3): Delayed 3 second(s)

2022-05-23 12:03:27 - [MESSAGE][PASSED] - Delayed 3 second(s)

2022-05-23 12:03:27 - [TEST_STEP][PASSED] - verifyElementPresent(findTestObject("Page_DIR/a_Back to Projects"), 2): Object 'Object Repository/Page_DIR/a_Back to Projects' is present

2022-05-23 12:03:27 - [MESSAGE][PASSED] - Object 'Object Repository/Page_DIR/a_Back to Projects' is present

2022-05-23 12:03:27 - [TEST_STEP][PASSED] - verifyElementPresent(findTestObject("Page_DIR/a_PIR-TEST-0005"), 2): Object 'Object Repository/Page_DIR/a_PIR-TEST-0005' is present

2022-05-23 12:03:28 - [MESSAGE][PASSED] - Object 'Object Repository/Page_DIR/a_PIR-TEST-0005' is present

2022-05-23 12:03:28 - [TEST_STEP][PASSED] - click(findTestObject("Page_DIR/i_MPNoptionsMain")): Object: 'Object Repository/Page_DIR/i_MPNoptionsMain' is clicked on

2022-05-23 12:03:28 - [MESSAGE][PASSED] - Object: 'Object Repository/Page_DIR/i_MPNoptionsMain' is clicked on

2022-05-23 12:03:28 - [TEST_STEP][PASSED] - click(findTestObject("Page_DIR/a_Review")): Object: 'Object Repository/Page_DIR/a_Review' is clicked on

2022-05-23 12:03:29 - [MESSAGE][PASSED] - Object: 'Object Repository/Page_DIR/a_Review' is clicked on

2022-05-23 12:03:29 - [TEST_STEP][PASSED] - delay(3): Delayed 3 second(s)

2022-05-23 12:03:32 - [MESSAGE][PASSED] - Delayed 3 second(s)

2022-05-23 12:03:32 - [TEST_STEP][PASSED] - verifyElementPresent(findTestObject("Page_DIR/h3_Parts Review"), 2): Object 'Object Repository/Page_DIR/h3_Parts Review' is present

2022-05-23 12:03:32 - [MESSAGE][PASSED] - Object 'Object Repository/Page_DIR/h3_Parts Review' is present

2022-05-23 12:03:32 - [TEST_STEP][PASSED] - verifyElementPresent(findTestObject("Page_DIR/span_PIR-TEST-0005"), 0): Object 'Object Repository/Page_DIR/span_PIR-TEST-0005' is present

2022-05-23 12:03:32 - [MESSAGE][WARNING] - Timeout '0' is invalid. Using default page load timeout: '30'

2022-05-23 12:03:32 - [MESSAGE][PASSED] - Object 'Object Repository/Page_DIR/span_PIR-TEST-0005' is present

2022-05-23 12:03:32 - [TEST_STEP][PASSED] - click(findTestObject("Page_DIR/button_MPNoptionsReview")): Object: 'Object Repository/Page_DIR/button_MPNoptionsReview' is clicked on

2022-05-23 12:03:33 - [MESSAGE][PASSED] - Object: 'Object Repository/Page_DIR/button_MPNoptionsReview' is clicked on

2022-05-23 12:03:33 - [TEST_STEP][PASSED] - click(findTestObject("Page_DIR/button_Revert")): Object: 'Object Repository/Page_DIR/button_Revert' is clicked on

2022-05-23 12:03:33 - [MESSAGE][PASSED] - Object: 'Object Repository/Page_DIR/button_Revert' is clicked on

2022-05-23 12:03:33 - [TEST_STEP][PASSED] - verifyElementPresent(findTestObject("Page_DIR/div_WARNING_Revert"), 2): Object 'Object Repository/Page_DIR/div_WARNING_Revert' is present

2022-05-23 12:03:34 - [MESSAGE][PASSED] - Object 'Object Repository/Page_DIR/div_WARNING_Revert' is present

2022-05-23 12:03:34 - [TEST_STEP][PASSED] - click(findTestObject("Page_DIR/button_Yes")): Object: 'Object Repository/Page_DIR/button_Yes' is clicked on

2022-05-23 12:03:34 - [MESSAGE][PASSED] - Object: 'Object Repository/Page_DIR/button_Yes' is clicked on

2022-05-23 12:03:34 - [TEST_STEP][PASSED] - click(findTestObject("Page_DIR/button_MPNoptionsReview")): Object: 'Object Repository/Page_DIR/button_MPNoptionsReview' is clicked on

2022-05-23 12:03:35 - [MESSAGE][PASSED] - Object: 'Object Repository/Page_DIR/button_MPNoptionsReview' is clicked on

2022-05-23 12:03:35 - [TEST_STEP][PASSED] - click(findTestObject("Page_DIR/button_Save")): Object: 'Object Repository/Page_DIR/button_Save' is clicked on

2022-05-23 12:03:36 - [MESSAGE][PASSED] - Object: 'Object Repository/Page_DIR/button_Save' is clicked on

2022-05-23 12:03:36 - [TEST_STEP][PASSED] - delay(2): Delayed 2 second(s)

2022-05-23 12:03:38 - [MESSAGE][PASSED] - Delayed 2 second(s)

2022-05-23 12:03:38 - [TEST_STEP][PASSED] - verifyElementPresent(findTestObject("Page_DIR/div_Save Success"), 2): Object 'Object Repository/Page_DIR/div_Save Success' is present

2022-05-23 12:03:38 - [MESSAGE][PASSED] - Object 'Object Repository/Page_DIR/div_Save Success' is present

2022-05-23 12:03:38 - [TEST_STEP][PASSED] - click(findTestObject("Page_DIR/i_return-arrow")): Object: 'Object Repository/Page_DIR/i_return-arrow' is clicked on

2022-05-23 12:03:38 - [MESSAGE][PASSED] - Object: 'Object Repository/Page_DIR/i_return-arrow' is clicked on

2022-05-23 12:03:38 - [TEST_STEP][PASSED] - verifyElementPresent(findTestObject("Page_DIR/a_Back to Projects"), 2): Object 'Object Repository/Page_DIR/a_Back to Projects' is present

2022-05-23 12:03:39 - [MESSAGE][PASSED] - Object 'Object Repository/Page_DIR/a_Back to Projects' is present

2022-05-23 12:03:39 - [TEST_STEP][PASSED] - verifyElementPresent(findTestObject("Page_DIR/a_PIR-TEST-0005"), 2): Object 'Object Repository/Page_DIR/a_PIR-TEST-0005' is present

2022-05-23 12:03:40 - [MESSAGE][PASSED] - Object 'Object Repository/Page_DIR/a_PIR-TEST-0005' is present

2022-05-23 12:03:40 - [TEST_STEP][PASSED] - click(findTestObject("Page_DIR/span_Welcome Thangasumathy Jayakumar")): Object: 'Object Repository/Page_DIR/span_Welcome Thangasumathy Jayakumar' is clicked on

2022-05-23 12:03:40 - [MESSAGE][PASSED] - Object: 'Object Repository/Page_DIR/span_Welcome Thangasumathy Jayakumar' is clicked on

2022-05-23 12:03:40 - [TEST_STEP][PASSED] - click(findTestObject("Page_DIR/a_Logout")): Object: 'Object Repository/Page_DIR/a_Logout' is clicked on

2022-05-23 12:03:41 - [MESSAGE][PASSED] - Object: 'Object Repository/Page_DIR/a_Logout' is clicked on]]></system-out>
         <system-err><![CDATA[]]></system-err>
      </testcase>
      <testcase name="Test Cases/Sanity/GBS/AF_Export" time="633.681" classname="Test Cases/Sanity/GBS/AF_Export" status="PASSED">
         <system-out><![CDATA[2022-05-23 12:03:41 - [TEST_CASE][PASSED] - Test Cases/Sanity/GBS/AF_Export: Test Cases/Sanity/GBS/AF_Export

2022-05-23 12:03:41 - [TEST_STEP][PASSED] - openBrowser(""): Browser is opened with url: ''

2022-05-23 12:03:41 - [MESSAGE][WARNING] - A browser is already opened. Closing browser and opening a new one

2022-05-23 12:03:42 - [MESSAGE][INFO] - Starting 'Chrome' driver

2022-05-23 12:03:42 - [MESSAGE][INFO] - Action delay is set to 0 milliseconds

2022-05-23 12:03:43 - [MESSAGE][PASSED] - Browser is opened with url: ''

2022-05-23 12:03:43 - [TEST_STEP][PASSED] - maximizeWindow(): Current window maximized

2022-05-23 12:03:43 - [MESSAGE][PASSED] - Current window maximized

2022-05-23 12:03:43 - [TEST_STEP][PASSED] - navigateToUrl(URL): Navigate to 'https://pirqa.flex.com/login' successfully

2022-05-23 12:03:47 - [MESSAGE][PASSED] - Navigate to 'https://pirqa.flex.com/login' successfully

2022-05-23 12:03:47 - [TEST_STEP][PASSED] - setText(findTestObject("Page_It-Right Platform/Username"), username): Text 'gsstjaya' is set on object 'Object Repository/Page_It-Right Platform/Username'

2022-05-23 12:03:48 - [MESSAGE][PASSED] - Text 'gsstjaya' is set on object 'Object Repository/Page_It-Right Platform/Username'

2022-05-23 12:03:48 - [TEST_STEP][PASSED] - setEncryptedText(findTestObject("Page_It-Right Platform/password"), pwd): Text ****** has been set on object 'Object Repository/Page_It-Right Platform/password'

2022-05-23 12:03:48 - [MESSAGE][PASSED] - Text ****** has been set on object 'Object Repository/Page_It-Right Platform/password'

2022-05-23 12:03:48 - [TEST_STEP][PASSED] - click(findTestObject("Page_It-Right Platform/button_Sign in")): Object: 'Object Repository/Page_It-Right Platform/button_Sign in' is clicked on

2022-05-23 12:03:50 - [MESSAGE][PASSED] - Object: 'Object Repository/Page_It-Right Platform/button_Sign in' is clicked on

2022-05-23 12:03:50 - [TEST_STEP][PASSED] - click(findTestObject("Object Repository/Page_It-Right Platform/span_WelcomeToggler")): Object: 'Object Repository/Page_It-Right Platform/span_WelcomeToggler' is clicked on

2022-05-23 12:03:51 - [MESSAGE][PASSED] - Object: 'Object Repository/Page_It-Right Platform/span_WelcomeToggler' is clicked on

2022-05-23 12:03:51 - [TEST_STEP][PASSED] - verifyElementPresent(findTestObject("Object Repository/Page_It-Right Platform/div_WelcomeMenu"), 0): Object 'Object Repository/Page_It-Right Platform/div_WelcomeMenu' is present

2022-05-23 12:03:51 - [MESSAGE][WARNING] - Timeout '0' is invalid. Using default page load timeout: '30'

2022-05-23 12:03:51 - [MESSAGE][PASSED] - Object 'Object Repository/Page_It-Right Platform/div_WelcomeMenu' is present

2022-05-23 12:03:51 - [TEST_STEP][PASSED] - click(findTestObject("Object Repository/Page_It-Right Platform/span_GBS")): Object: 'Object Repository/Page_It-Right Platform/span_GBS' is clicked on

2022-05-23 12:03:56 - [MESSAGE][PASSED] - Object: 'Object Repository/Page_It-Right Platform/span_GBS' is clicked on

2022-05-23 12:03:56 - [TEST_STEP][PASSED] - click(findTestObject("Object Repository/Page_DIR/div_Technical Sourcing")): Object: 'Object Repository/Page_DIR/div_Technical Sourcing' is clicked on

2022-05-23 12:04:01 - [MESSAGE][PASSED] - Object: 'Object Repository/Page_DIR/div_Technical Sourcing' is clicked on

2022-05-23 12:04:01 - [TEST_STEP][PASSED] - click(findTestObject("Object Repository/Page_DIR/span_Flex")): Object: 'Object Repository/Page_DIR/span_Flex' is clicked on

2022-05-23 12:04:01 - [MESSAGE][PASSED] - Object: 'Object Repository/Page_DIR/span_Flex' is clicked on

2022-05-23 12:04:01 - [TEST_STEP][PASSED] - selectOptionByValue(findTestObject("Object Repository/Page_DIR/select_Technical Sourcing                Flex"), "FLEX", true): All options with value 'FLEX' are selected in object 'Object Repository/Page_DIR/select_Technical Sourcing                Flex'  using regular expression

2022-05-23 12:05:06 - [MESSAGE][PASSED] - All options with value 'FLEX' are selected in object 'Object Repository/Page_DIR/select_Technical Sourcing                Flex'  using regular expression

2022-05-23 12:05:06 - [TEST_STEP][PASSED] - delay(2): Delayed 2 second(s)

2022-05-23 12:05:08 - [MESSAGE][PASSED] - Delayed 2 second(s)

2022-05-23 12:05:08 - [TEST_STEP][PASSED] - scrollToElement(findTestObject("Page_DIR/i_Project file-excel"), 2): Scroll to object 'Object Repository/Page_DIR/i_Project file-excel' successfully

2022-05-23 12:05:38 - [MESSAGE][PASSED] - Scroll to object 'Object Repository/Page_DIR/i_Project file-excel' successfully

2022-05-23 12:05:38 - [TEST_STEP][PASSED] - click(findTestObject("Page_DIR/i_Project file-excel")): Object: 'Object Repository/Page_DIR/i_Project file-excel' is clicked on

2022-05-23 12:06:09 - [MESSAGE][PASSED] - Object: 'Object Repository/Page_DIR/i_Project file-excel' is clicked on

2022-05-23 12:06:09 - [TEST_STEP][PASSED] - verifyElementPresent(findTestObject("Page_DIR/ul_ExportOptions"), 0): Object 'Object Repository/Page_DIR/ul_ExportOptions' is present

2022-05-23 12:06:09 - [MESSAGE][WARNING] - Timeout '0' is invalid. Using default page load timeout: '30'

2022-05-23 12:06:39 - [MESSAGE][PASSED] - Object 'Object Repository/Page_DIR/ul_ExportOptions' is present

2022-05-23 12:06:39 - [TEST_STEP][PASSED] - click(findTestObject("Object Repository/Page_DIR/a_Both")): Object: 'Object Repository/Page_DIR/a_Both' is clicked on

2022-05-23 12:07:09 - [MESSAGE][PASSED] - Object: 'Object Repository/Page_DIR/a_Both' is clicked on

2022-05-23 12:07:09 - [TEST_STEP][PASSED] - verifyElementPresent(findTestObject("Page_DIR/div_To Create Project   Drop GBS project"), 0): Object 'Object Repository/Page_DIR/div_To Create Project   Drop GBS project' is present

2022-05-23 12:07:09 - [MESSAGE][WARNING] - Timeout '0' is invalid. Using default page load timeout: '30'

2022-05-23 12:07:39 - [MESSAGE][PASSED] - Object 'Object Repository/Page_DIR/div_To Create Project   Drop GBS project' is present

2022-05-23 12:07:39 - [TEST_STEP][PASSED] - click(findTestObject("Object Repository/Page_DIR/i_Project-folder-open")): Object: 'Object Repository/Page_DIR/i_Project-folder-open' is clicked on

2022-05-23 12:08:39 - [MESSAGE][INFO] - Unable to find the element located by 'By.xpath: //tr[@id='3835']/td[17]/a/i'. Please recheck the objects properties to make sure the desired element is located. 

2022-05-23 12:08:39 - [MESSAGE][WARNING] - [SELF-HEALING] Failed to find element with id 'Object Repository/Page_DIR/i_Project-folder-open'. Try using Self-healing.

2022-05-23 12:09:09 - [MESSAGE][WARNING] - [SELF-HEALING] The current locator of test object 'Object Repository/Page_DIR/i_Project-folder-open' was broken. Propose an alternative one: '//tr[2]/td[17]/a/i'.

2022-05-23 12:09:09 - [MESSAGE][PASSED] - Object: 'Object Repository/Page_DIR/i_Project-folder-open' is clicked on

2022-05-23 12:09:09 - [TEST_STEP][PASSED] - delay(2): Delayed 2 second(s)

2022-05-23 12:09:11 - [MESSAGE][PASSED] - Delayed 2 second(s)

2022-05-23 12:09:11 - [TEST_STEP][PASSED] - verifyElementPresent(findTestObject("Object Repository/Page_DIR/a_Back to Projects"), 3): Object 'Object Repository/Page_DIR/a_Back to Projects' is present

2022-05-23 12:09:42 - [MESSAGE][PASSED] - Object 'Object Repository/Page_DIR/a_Back to Projects' is present

2022-05-23 12:09:42 - [TEST_STEP][PASSED] - verifyElementPresent(findTestObject("Object Repository/Page_DIR/a_PIR-TEST-0005"), 3): Object 'Object Repository/Page_DIR/a_PIR-TEST-0005' is present

2022-05-23 12:10:12 - [MESSAGE][PASSED] - Object 'Object Repository/Page_DIR/a_PIR-TEST-0005' is present

2022-05-23 12:10:12 - [TEST_STEP][PASSED] - verifyElementPresent(findTestObject("Object Repository/Page_DIR/button_Export"), 3): Object 'Object Repository/Page_DIR/button_Export' is present

2022-05-23 12:10:42 - [MESSAGE][PASSED] - Object 'Object Repository/Page_DIR/button_Export' is present

2022-05-23 12:10:42 - [TEST_STEP][PASSED] - click(findTestObject("Object Repository/Page_DIR/button_Export")): Object: 'Object Repository/Page_DIR/button_Export' is clicked on

2022-05-23 12:11:12 - [MESSAGE][PASSED] - Object: 'Object Repository/Page_DIR/button_Export' is clicked on

2022-05-23 12:11:12 - [TEST_STEP][PASSED] - verifyElementPresent(findTestObject("Page_DIR/ul_Export Options_Project"), 3): Object 'Object Repository/Page_DIR/ul_Export Options_Project' is present

2022-05-23 12:11:42 - [MESSAGE][PASSED] - Object 'Object Repository/Page_DIR/ul_Export Options_Project' is present

2022-05-23 12:11:42 - [TEST_STEP][PASSED] - click(findTestObject("Page_DIR/a_Both_Project")): Object: 'Object Repository/Page_DIR/a_Both_Project' is clicked on

2022-05-23 12:12:14 - [MESSAGE][PASSED] - Object: 'Object Repository/Page_DIR/a_Both_Project' is clicked on

2022-05-23 12:12:14 - [TEST_STEP][PASSED] - verifyElementPresent(findTestObject("Object Repository/Page_DIR/a_PIR-TEST-0005"), 3): Object 'Object Repository/Page_DIR/a_PIR-TEST-0005' is present

2022-05-23 12:12:44 - [MESSAGE][PASSED] - Object 'Object Repository/Page_DIR/a_PIR-TEST-0005' is present

2022-05-23 12:12:44 - [TEST_STEP][PASSED] - verifyElementPresent(findTestObject("Object Repository/Page_DIR/a_Back to Projects"), 3): Object 'Object Repository/Page_DIR/a_Back to Projects' is present

2022-05-23 12:13:14 - [MESSAGE][PASSED] - Object 'Object Repository/Page_DIR/a_Back to Projects' is present

2022-05-23 12:13:14 - [TEST_STEP][PASSED] - click(findTestObject("Object Repository/Page_DIR/a_Welcome Thangasumathy Jayakumar")): Object: 'Object Repository/Page_DIR/a_Welcome Thangasumathy Jayakumar' is clicked on

2022-05-23 12:13:44 - [MESSAGE][PASSED] - Object: 'Object Repository/Page_DIR/a_Welcome Thangasumathy Jayakumar' is clicked on

2022-05-23 12:13:44 - [TEST_STEP][PASSED] - click(findTestObject("Object Repository/Page_DIR/a_Logout")): Object: 'Object Repository/Page_DIR/a_Logout' is clicked on

2022-05-23 12:14:14 - [MESSAGE][PASSED] - Object: 'Object Repository/Page_DIR/a_Logout' is clicked on]]></system-out>
         <system-err><![CDATA[]]></system-err>
      </testcase>
      <testcase name="Test Cases/Sanity/GBS Request/Create AF Request" time="152.885" classname="Test Cases/Sanity/GBS Request/Create AF Request" status="PASSED">
         <system-out><![CDATA[2022-05-23 12:14:14 - [TEST_CASE][PASSED] - Test Cases/Sanity/GBS Request/Create AF Request: Test Cases/Sanity/GBS Request/Create AF Request

2022-05-23 12:14:15 - [TEST_STEP][PASSED] - openBrowser(""): Browser is opened with url: ''

2022-05-23 12:14:15 - [MESSAGE][WARNING] - A browser is already opened. Closing browser and opening a new one

2022-05-23 12:14:16 - [MESSAGE][INFO] - Starting 'Chrome' driver

2022-05-23 12:14:16 - [MESSAGE][INFO] - Action delay is set to 0 milliseconds

2022-05-23 12:14:17 - [MESSAGE][PASSED] - Browser is opened with url: ''

2022-05-23 12:14:17 - [TEST_STEP][PASSED] - maximizeWindow(): Current window maximized

2022-05-23 12:14:17 - [MESSAGE][PASSED] - Current window maximized

2022-05-23 12:14:17 - [TEST_STEP][PASSED] - navigateToUrl(URL): Navigate to 'https://pirqa.flex.com/login' successfully

2022-05-23 12:14:20 - [MESSAGE][PASSED] - Navigate to 'https://pirqa.flex.com/login' successfully

2022-05-23 12:14:20 - [TEST_STEP][PASSED] - setText(findTestObject("Page_It-Right Platform/Username"), username): Text 'gsstjaya' is set on object 'Object Repository/Page_It-Right Platform/Username'

2022-05-23 12:14:21 - [MESSAGE][PASSED] - Text 'gsstjaya' is set on object 'Object Repository/Page_It-Right Platform/Username'

2022-05-23 12:14:21 - [TEST_STEP][PASSED] - setEncryptedText(findTestObject("Page_It-Right Platform/password"), pwd): Text ****** has been set on object 'Object Repository/Page_It-Right Platform/password'

2022-05-23 12:14:21 - [MESSAGE][PASSED] - Text ****** has been set on object 'Object Repository/Page_It-Right Platform/password'

2022-05-23 12:14:21 - [TEST_STEP][PASSED] - click(findTestObject("Page_It-Right Platform/button_Sign in")): Object: 'Object Repository/Page_It-Right Platform/button_Sign in' is clicked on

2022-05-23 12:14:24 - [MESSAGE][PASSED] - Object: 'Object Repository/Page_It-Right Platform/button_Sign in' is clicked on

2022-05-23 12:14:24 - [TEST_STEP][PASSED] - click(findTestObject("Object Repository/Page_It-Right Platform/span_WelcomeToggler")): Object: 'Object Repository/Page_It-Right Platform/span_WelcomeToggler' is clicked on

2022-05-23 12:14:24 - [MESSAGE][PASSED] - Object: 'Object Repository/Page_It-Right Platform/span_WelcomeToggler' is clicked on

2022-05-23 12:14:24 - [TEST_STEP][PASSED] - verifyElementPresent(findTestObject("Object Repository/Page_It-Right Platform/div_WelcomeMenu"), 0): Object 'Object Repository/Page_It-Right Platform/div_WelcomeMenu' is present

2022-05-23 12:14:24 - [MESSAGE][WARNING] - Timeout '0' is invalid. Using default page load timeout: '30'

2022-05-23 12:14:25 - [MESSAGE][PASSED] - Object 'Object Repository/Page_It-Right Platform/div_WelcomeMenu' is present

2022-05-23 12:14:25 - [TEST_STEP][PASSED] - click(findTestObject("Object Repository/Page_DIR/span_GBS Project Request")): Object: 'Object Repository/Page_DIR/span_GBS Project Request' is clicked on

2022-05-23 12:14:28 - [MESSAGE][PASSED] - Object: 'Object Repository/Page_DIR/span_GBS Project Request' is clicked on

2022-05-23 12:14:28 - [TEST_STEP][PASSED] - verifyElementPresent(findTestObject("Page_DIR/div_To Create Request"), 2): Object 'Object Repository/Page_DIR/div_To Create Request' is present

2022-05-23 12:14:31 - [MESSAGE][PASSED] - Object 'Object Repository/Page_DIR/div_To Create Request' is present

2022-05-23 12:14:31 - [TEST_STEP][PASSED] - uploadFileWithDragAndDrop(findTestObject("Page_DIR/div_To Create Request"), REQAF_File): null

2022-05-23 12:14:32 - [TEST_STEP][PASSED] - delay(2): Delayed 2 second(s)

2022-05-23 12:14:34 - [MESSAGE][PASSED] - Delayed 2 second(s)

2022-05-23 12:14:34 - [TEST_STEP][PASSED] - verifyElementPresent(findTestObject("Page_DIR/div_Choose Analysis Type"), 2): Object 'Object Repository/Page_DIR/div_Choose Analysis Type' is present

2022-05-23 12:14:34 - [MESSAGE][PASSED] - Object 'Object Repository/Page_DIR/div_Choose Analysis Type' is present

2022-05-23 12:14:34 - [TEST_STEP][PASSED] - click(findTestObject("Object Repository/Page_DIR/button_OK")): Object: 'Object Repository/Page_DIR/button_OK' is clicked on

2022-05-23 12:15:05 - [MESSAGE][INFO] - Unable to find the element located by 'By.xpath: (//button[@type='button'])[87]'. Please recheck the objects properties to make sure the desired element is located. 

2022-05-23 12:15:05 - [MESSAGE][WARNING] - [SELF-HEALING] Failed to find element with id 'Object Repository/Page_DIR/button_OK'. Try using Self-healing.

2022-05-23 12:15:05 - [MESSAGE][WARNING] - [SELF-HEALING] The current locator of test object 'Object Repository/Page_DIR/button_OK' was broken. Propose an alternative one: '(.//*[normalize-space(text()) and normalize-space(.)='Cancel'])[3]/following::button[1]'.

2022-05-23 12:15:06 - [MESSAGE][PASSED] - Object: 'Object Repository/Page_DIR/button_OK' is clicked on

2022-05-23 12:15:06 - [TEST_STEP][PASSED] - verifyElementPresent(findTestObject("Page_DIR/div_Project Request Details"), 2): Object 'Object Repository/Page_DIR/div_Project Request Details' is present

2022-05-23 12:15:17 - [MESSAGE][PASSED] - Object 'Object Repository/Page_DIR/div_Project Request Details' is present

2022-05-23 12:15:17 - [TEST_STEP][PASSED] - click(findTestObject("Page_DIR/button_Please select site")): Object: 'Object Repository/Page_DIR/button_Please select site' is clicked on

2022-05-23 12:15:17 - [MESSAGE][PASSED] - Object: 'Object Repository/Page_DIR/button_Please select site' is clicked on

2022-05-23 12:15:17 - [TEST_STEP][PASSED] - click(findTestObject("Page_DIR/span_012 - PCBA KALLANG, SINGAPORE (012)")): Object: 'Object Repository/Page_DIR/span_012 - PCBA KALLANG, SINGAPORE (012)' is clicked on

2022-05-23 12:15:18 - [MESSAGE][PASSED] - Object: 'Object Repository/Page_DIR/span_012 - PCBA KALLANG, SINGAPORE (012)' is clicked on

2022-05-23 12:15:18 - [TEST_STEP][PASSED] - click(findTestObject("Page_DIR/button_Customer")): Object: 'Object Repository/Page_DIR/button_Customer' is clicked on

2022-05-23 12:15:18 - [MESSAGE][PASSED] - Object: 'Object Repository/Page_DIR/button_Customer' is clicked on

2022-05-23 12:15:18 - [TEST_STEP][PASSED] - click(findTestObject("Page_DIR/span_3M COMPANY")): Object: 'Object Repository/Page_DIR/span_3M COMPANY' is clicked on

2022-05-23 12:15:19 - [MESSAGE][PASSED] - Object: 'Object Repository/Page_DIR/span_3M COMPANY' is clicked on

2022-05-23 12:15:19 - [TEST_STEP][PASSED] - click(findTestObject("Page_DIR/input__dueDateRequest")): Object: 'Object Repository/Page_DIR/input__dueDateRequest' is clicked on

2022-05-23 12:15:19 - [MESSAGE][PASSED] - Object: 'Object Repository/Page_DIR/input__dueDateRequest' is clicked on

2022-05-23 12:15:19 - [TEST_STEP][PASSED] - delay(3): Delayed 3 second(s)

2022-05-23 12:15:22 - [MESSAGE][PASSED] - Delayed 3 second(s)

2022-05-23 12:15:22 - [TEST_STEP][PASSED] - click(findTestObject("Page_DIR/span_MonthRequest")): Object: 'Object Repository/Page_DIR/span_MonthRequest' is clicked on

2022-05-23 12:15:23 - [MESSAGE][PASSED] - Object: 'Object Repository/Page_DIR/span_MonthRequest' is clicked on

2022-05-23 12:15:23 - [TEST_STEP][PASSED] - scrollToElement(findTestObject("Page_DIR/div_DecemberRequest"), 2, STOP_ON_FAILURE): Scroll to object 'Object Repository/Page_DIR/div_DecemberRequest' successfully

2022-05-23 12:15:23 - [MESSAGE][PASSED] - Scroll to object 'Object Repository/Page_DIR/div_DecemberRequest' successfully

2022-05-23 12:15:23 - [TEST_STEP][PASSED] - click(findTestObject("Page_DIR/div_DecemberRequest")): Object: 'Object Repository/Page_DIR/div_DecemberRequest' is clicked on

2022-05-23 12:15:24 - [MESSAGE][PASSED] - Object: 'Object Repository/Page_DIR/div_DecemberRequest' is clicked on

2022-05-23 12:15:24 - [TEST_STEP][PASSED] - delay(2): Delayed 2 second(s)

2022-05-23 12:15:26 - [MESSAGE][PASSED] - Delayed 2 second(s)

2022-05-23 12:15:26 - [TEST_STEP][PASSED] - click(findTestObject("Page_DIR/span_YearRequest")): Object: 'Object Repository/Page_DIR/span_YearRequest' is clicked on

2022-05-23 12:15:26 - [MESSAGE][PASSED] - Object: 'Object Repository/Page_DIR/span_YearRequest' is clicked on

2022-05-23 12:15:26 - [TEST_STEP][PASSED] - delay(2): Delayed 2 second(s)

2022-05-23 12:15:28 - [MESSAGE][PASSED] - Delayed 2 second(s)

2022-05-23 12:15:28 - [TEST_STEP][PASSED] - scrollToElement(findTestObject("Page_DIR/div_2024Request"), 2): Scroll to object 'Object Repository/Page_DIR/div_2024Request' successfully

2022-05-23 12:15:28 - [MESSAGE][PASSED] - Scroll to object 'Object Repository/Page_DIR/div_2024Request' successfully

2022-05-23 12:15:28 - [TEST_STEP][PASSED] - click(findTestObject("Page_DIR/div_2024Request")): Object: 'Object Repository/Page_DIR/div_2024Request' is clicked on

2022-05-23 12:15:29 - [MESSAGE][PASSED] - Object: 'Object Repository/Page_DIR/div_2024Request' is clicked on

2022-05-23 12:15:29 - [TEST_STEP][PASSED] - delay(2): Delayed 2 second(s)

2022-05-23 12:15:31 - [MESSAGE][PASSED] - Delayed 2 second(s)

2022-05-23 12:15:31 - [TEST_STEP][PASSED] - click(findTestObject("Page_DIR/div_31Request")): Object: 'Object Repository/Page_DIR/div_31Request' is clicked on

2022-05-23 12:15:31 - [MESSAGE][PASSED] - Object: 'Object Repository/Page_DIR/div_31Request' is clicked on

2022-05-23 12:15:31 - [TEST_STEP][PASSED] - delay(2): Delayed 2 second(s)

2022-05-23 12:15:33 - [MESSAGE][PASSED] - Delayed 2 second(s)

2022-05-23 12:15:33 - [TEST_STEP][PASSED] - setText(findTestObject("Page_DIR/textarea_Comments_Request"), "test rqst"): Text 'test rqst' is set on object 'Object Repository/Page_DIR/textarea_Comments_Request'

2022-05-23 12:15:34 - [MESSAGE][PASSED] - Text 'test rqst' is set on object 'Object Repository/Page_DIR/textarea_Comments_Request'

2022-05-23 12:15:34 - [TEST_STEP][PASSED] - scrollToElement(findTestObject("Page_DIR/select_RequestType"), 2, STOP_ON_FAILURE): Scroll to object 'Object Repository/Page_DIR/select_RequestType' successfully

2022-05-23 12:15:34 - [MESSAGE][PASSED] - Scroll to object 'Object Repository/Page_DIR/select_RequestType' successfully

2022-05-23 12:15:34 - [TEST_STEP][PASSED] - selectOptionByValue(findTestObject("Page_DIR/select_RequestType"), "GBS", true): All options with value 'GBS' are selected in object 'Object Repository/Page_DIR/select_RequestType'  using regular expression

2022-05-23 12:15:36 - [MESSAGE][PASSED] - All options with value 'GBS' are selected in object 'Object Repository/Page_DIR/select_RequestType'  using regular expression

2022-05-23 12:15:36 - [TEST_STEP][PASSED] - selectOptionByValue(findTestObject("Page_DIR/select_Application"), "MILITARY", true): All options with value 'MILITARY' are selected in object 'Object Repository/Page_DIR/select_Application'  using regular expression

2022-05-23 12:15:37 - [MESSAGE][PASSED] - All options with value 'MILITARY' are selected in object 'Object Repository/Page_DIR/select_Application'  using regular expression

2022-05-23 12:15:37 - [TEST_STEP][PASSED] - click(findTestObject("Page_DIR/button_CreateRequest")): Object: 'Object Repository/Page_DIR/button_CreateRequest' is clicked on

2022-05-23 12:15:37 - [MESSAGE][PASSED] - Object: 'Object Repository/Page_DIR/button_CreateRequest' is clicked on

2022-05-23 12:15:37 - [TEST_STEP][PASSED] - verifyElementPresent(findTestObject("Page_DIR/div_SuccessProject Request"), 4): Object 'Object Repository/Page_DIR/div_SuccessProject Request' is present

2022-05-23 12:16:07 - [MESSAGE][PASSED] - Object 'Object Repository/Page_DIR/div_SuccessProject Request' is present

2022-05-23 12:16:07 - [TEST_STEP][PASSED] - click(findTestObject("Object Repository/Page_DIR/button_OK")): Object: 'Object Repository/Page_DIR/button_OK' is clicked on

2022-05-23 12:16:43 - [MESSAGE][INFO] - Unable to find the element located by 'By.xpath: (//button[@type='button'])[87]'. Please recheck the objects properties to make sure the desired element is located. 

2022-05-23 12:16:43 - [MESSAGE][WARNING] - [SELF-HEALING] Failed to find element with id 'Object Repository/Page_DIR/button_OK'. Try using Self-healing.

2022-05-23 12:16:44 - [MESSAGE][INFO] - Unable to find the element located by 'By.xpath: (.//*[normalize-space(text()) and normalize-space(.)='Cancel'])[3]/following::button[1]'. Please recheck the objects properties to make sure the desired element is located. 

2022-05-23 12:16:45 - [MESSAGE][WARNING] - [SELF-HEALING] The current locator of test object 'Object Repository/Page_DIR/button_OK' was broken. Propose an alternative one: '//*/text()[normalize-space(.)='OK']/parent::*'.

2022-05-23 12:16:45 - [MESSAGE][PASSED] - Object: 'Object Repository/Page_DIR/button_OK' is clicked on

2022-05-23 12:16:45 - [TEST_STEP][PASSED] - verifyElementPresent(findTestObject("Page_DIR/div_AFSelfServiceAlert"), 2): Object 'Object Repository/Page_DIR/div_AFSelfServiceAlert' is present

2022-05-23 12:16:45 - [MESSAGE][PASSED] - Object 'Object Repository/Page_DIR/div_AFSelfServiceAlert' is present

2022-05-23 12:16:45 - [TEST_STEP][PASSED] - verifyElementPresent(findTestObject("Page_DIR/div_AFSelfServiceEmail"), 2): Object 'Object Repository/Page_DIR/div_AFSelfServiceEmail' is present

2022-05-23 12:16:46 - [MESSAGE][PASSED] - Object 'Object Repository/Page_DIR/div_AFSelfServiceEmail' is present

2022-05-23 12:16:46 - [TEST_STEP][PASSED] - verifyElementPresent(findTestObject("Page_DIR/div_To Create Request"), 0): Object 'Object Repository/Page_DIR/div_To Create Request' is present

2022-05-23 12:16:46 - [MESSAGE][WARNING] - Timeout '0' is invalid. Using default page load timeout: '30'

2022-05-23 12:16:46 - [MESSAGE][PASSED] - Object 'Object Repository/Page_DIR/div_To Create Request' is present

2022-05-23 12:16:46 - [TEST_STEP][PASSED] - click(findTestObject("Page_DIR/span_Welcome Thangasumathy Jayakumar")): Object: 'Object Repository/Page_DIR/span_Welcome Thangasumathy Jayakumar' is clicked on

2022-05-23 12:16:47 - [MESSAGE][PASSED] - Object: 'Object Repository/Page_DIR/span_Welcome Thangasumathy Jayakumar' is clicked on

2022-05-23 12:16:47 - [TEST_STEP][PASSED] - click(findTestObject("Page_DIR/a_Logout")): Object: 'Object Repository/Page_DIR/a_Logout' is clicked on

2022-05-23 12:16:47 - [MESSAGE][PASSED] - Object: 'Object Repository/Page_DIR/a_Logout' is clicked on]]></system-out>
         <system-err><![CDATA[]]></system-err>
      </testcase>
      <system-out><![CDATA[2022-05-23 11:56:23 - [TEST_SUITE][PASSED] - Sanity_GBS: Test Cases/Sanity/GBS Request/Create AF Request]]></system-out>
      <system-err><![CDATA[]]></system-err>
   </testsuite>
</testsuites>
