<?xml version="1.0" encoding="UTF-8"?>
<testsuites name="Sanity_GBS_SF_CIR" time="964.096" tests="10" failures="6" errors="0">
   <testsuite name="Sanity_GBS_SF_CIR" tests="10" failures="6" errors="0" time="964.096" skipped="0" timestamp="2022-07-21 17:40:28" hostname="gssprpra - GSSM6818.asia.ad.flextronics.com" id="Test Suites/Sanity_GBS_SF_CIR">
      <properties>
         <property name="deviceName" value=""/>
         <property name="devicePlatform" value=""/>
         <property name="logFolder" value="C:\\Users\\gssprpra\\git\\KatalonStudioCodeRep1\\Reports\\20220721_174013\\Sanity_GBS_SF_CIR\\20220721_174013"/>
         <property name="logFiles" value="C:\\Users\\gssprpra\\git\\KatalonStudioCodeRep1\\Reports\\20220721_174013\\Sanity_GBS_SF_CIR\\20220721_174013\\execution0.log"/>
         <property name="attachments" value="C:\\Users\\gssprpra\\git\\KatalonStudioCodeRep1\\Reports\\20220721_174013\\Sanity_GBS_SF_CIR\\20220721_174013\\1658405478287.png, C:\\Users\\gssprpra\\git\\KatalonStudioCodeRep1\\Reports\\20220721_174013\\Sanity_GBS_SF_CIR\\20220721_174013\\1658405621491.png, C:\\Users\\gssprpra\\git\\KatalonStudioCodeRep1\\Reports\\20220721_174013\\Sanity_GBS_SF_CIR\\20220721_174013\\1658405730845.png, C:\\Users\\gssprpra\\git\\KatalonStudioCodeRep1\\Reports\\20220721_174013\\Sanity_GBS_SF_CIR\\20220721_174013\\1658405836377.png, C:\\Users\\gssprpra\\git\\KatalonStudioCodeRep1\\Reports\\20220721_174013\\Sanity_GBS_SF_CIR\\20220721_174013\\1658405993572.png, C:\\Users\\gssprpra\\git\\KatalonStudioCodeRep1\\Reports\\20220721_174013\\Sanity_GBS_SF_CIR\\20220721_174013\\1658405993946.png, C:\\Users\\gssprpra\\git\\KatalonStudioCodeRep1\\Reports\\20220721_174013\\Sanity_GBS_SF_CIR\\20220721_174013\\1658406391611.png, C:\\Users\\gssprpra\\git\\KatalonStudioCodeRep1\\Reports\\20220721_174013\\Sanity_GBS_SF_CIR\\20220721_174013\\1658406392155.png"/>
         <property name="hostName" value="gssprpra - GSSM6818.asia.ad.flextronics.com"/>
         <property name="os" value="Windows 10 64bit"/>
         <property name="katalonVersion" value="8.3.0.208"/>
         <property name="browser" value="Chrome 103.0.5060.114"/>
         <property name="hostAddress" value="10.195.96.32"/>
         <property name="sessionId" value="df933a922a0bf3a4dc121b661ac27f3f"/>
         <property name="seleniumVersion" value="3.141.59"/>
         <property name="proxyInformation" value="ProxyInformation { proxyOption=NO_PROXY, proxyServerType=HTTP, username=, password=********, proxyServerAddress=, proxyServerPort=0, executionList=&quot;&quot;, isApplyToDesiredCapabilities=true }"/>
         <property name="platform" value="Windows 10"/>
      </properties>
      <testcase name="Test Cases/Sanity/GBS/Create AF Project" time="49.561" classname="Test Cases/Sanity/GBS/Create AF Project" status="FAILED">
         <failure type="FAILED" message="Test Cases/Sanity/GBS/Create AF Project FAILED.
Reason:
com.kms.katalon.core.exception.StepFailedException: Unable to click on object 'Object Repository/Page_DIR_GBS/GBS Project/input__dueDate'
	at com.kms.katalon.core.webui.keyword.internal.WebUIKeywordMain.stepFailed(WebUIKeywordMain.groovy:64)
	at com.kms.katalon.core.webui.keyword.internal.WebUIKeywordMain.runKeyword(WebUIKeywordMain.groovy:26)
	at com.kms.katalon.core.webui.keyword.builtin.ClickKeyword.click(ClickKeyword.groovy:74)
	at com.kms.katalon.core.webui.keyword.builtin.ClickKeyword.execute(ClickKeyword.groovy:40)
	at com.kms.katalon.core.keyword.internal.KeywordExecutor.executeKeywordForPlatform(KeywordExecutor.groovy:74)
	at com.kms.katalon.core.webui.keyword.WebUiBuiltInKeywords.click(WebUiBuiltInKeywords.groovy:620)
	at com.kms.katalon.core.webui.keyword.WebUiBuiltInKeywords$click$4.call(Unknown Source)
	at Create AF Project.run(Create AF Project:64)
	at com.kms.katalon.core.main.ScriptEngine.run(ScriptEngine.java:194)
	at com.kms.katalon.core.main.ScriptEngine.runScriptAsRawText(ScriptEngine.java:119)
	at com.kms.katalon.core.main.TestCaseExecutor.runScript(TestCaseExecutor.java:445)
	at com.kms.katalon.core.main.TestCaseExecutor.doExecute(TestCaseExecutor.java:436)
	at com.kms.katalon.core.main.TestCaseExecutor.processExecutionPhase(TestCaseExecutor.java:415)
	at com.kms.katalon.core.main.TestCaseExecutor.accessMainPhase(TestCaseExecutor.java:407)
	at com.kms.katalon.core.main.TestCaseExecutor.execute(TestCaseExecutor.java:284)
	at com.kms.katalon.core.common.CommonExecutor.accessTestCaseMainPhase(CommonExecutor.java:65)
	at com.kms.katalon.core.main.TestSuiteExecutor.accessTestSuiteMainPhase(TestSuiteExecutor.java:144)
	at com.kms.katalon.core.main.TestSuiteExecutor.execute(TestSuiteExecutor.java:106)
	at com.kms.katalon.core.main.TestCaseMain.startTestSuite(TestCaseMain.java:185)
	at com.kms.katalon.core.main.TestCaseMain$startTestSuite$0.call(Unknown Source)
	at TempTestSuite1658405413626.run(TempTestSuite1658405413626.groovy:36)
Caused by: org.openqa.selenium.ElementNotInteractableException: element not interactable
  (Session info: chrome=103.0.5060.114)
Build info: version: '3.141.59', revision: 'e82be7d358', time: '2018-11-14T08:25:53'
System info: host: 'GSSM6818', ip: '10.195.96.32', os.name: 'Windows 10', os.arch: 'amd64', os.version: '10.0', java.version: '1.8.0_282'
Driver info: com.kms.katalon.selenium.driver.CChromeDriver
Capabilities {acceptInsecureCerts: false, browserName: chrome, browserVersion: 103.0.5060.114, chrome: {chromedriverVersion: 102.0.5005.61 (0e59bcc00cc4..., userDataDir: C:\Users\gssprpra\AppData\L...}, goog:chromeOptions: {debuggerAddress: localhost:54286}, javascriptEnabled: true, networkConnectionEnabled: false, pageLoadStrategy: normal, platform: WINDOWS, platformName: WINDOWS, proxy: Proxy(), setWindowRect: true, strictFileInteractability: false, timeouts: {implicit: 0, pageLoad: 300000, script: 30000}, unhandledPromptBehavior: dismiss and notify, webauthn:extension:credBlob: true, webauthn:extension:largeBlob: true, webauthn:virtualAuthenticators: true}
Session ID: 99ee6dafe6ca78ea74639ed0996bbc13
	at org.openqa.selenium.remote.http.W3CHttpResponseCodec.createException(W3CHttpResponseCodec.java:187)
	at org.openqa.selenium.remote.http.W3CHttpResponseCodec.decode(W3CHttpResponseCodec.java:122)
	at org.openqa.selenium.remote.http.W3CHttpResponseCodec.decode(W3CHttpResponseCodec.java:49)
	at org.openqa.selenium.remote.HttpCommandExecutor.execute(HttpCommandExecutor.java:158)
	at org.openqa.selenium.remote.service.DriverCommandExecutor.execute(DriverCommandExecutor.java:83)
	at org.openqa.selenium.remote.RemoteWebDriver.execute(RemoteWebDriver.java:552)
	at com.kms.katalon.selenium.driver.CChromeDriver.execute(CChromeDriver.java:19)
	at org.openqa.selenium.remote.RemoteWebElement.execute(RemoteWebElement.java:285)
	at org.openqa.selenium.remote.RemoteWebElement.click(RemoteWebElement.java:84)
	at org.openqa.selenium.support.events.EventFiringWebDriver$EventFiringWebElement.lambda$new$0(EventFiringWebDriver.java:404)
	at com.sun.proxy.$Proxy11.click(Unknown Source)
	at org.openqa.selenium.support.events.EventFiringWebDriver$EventFiringWebElement.click(EventFiringWebDriver.java:417)
	at org.openqa.selenium.WebElement$click.call(Unknown Source)
	at com.kms.katalon.core.webui.keyword.builtin.ClickKeyword.clickUntilSuccessWithTimeout(ClickKeyword.groovy:81)
	at com.kms.katalon.core.webui.keyword.builtin.ClickKeyword.clickUntilSuccessWithTimeout(ClickKeyword.groovy)
	at com.kms.katalon.core.webui.keyword.builtin.ClickKeyword$_click_closure1.doCall(ClickKeyword.groovy:67)
	at com.kms.katalon.core.webui.keyword.builtin.ClickKeyword$_click_closure1.call(ClickKeyword.groovy)
	at com.kms.katalon.core.webui.keyword.internal.WebUIKeywordMain.runKeyword(WebUIKeywordMain.groovy:20)
	... 19 more
"/>
         <system-out><![CDATA[2022-07-21 17:40:29 - [TEST_CASE][FAILED] - Test Cases/Sanity/GBS/Create AF Project: Test Cases/Sanity/GBS/Create AF Project FAILED.
Reason:
com.kms.katalon.core.exception.StepFailedException: Unable to click on object 'Object Repository/Page_DIR_GBS/GBS Project/input__dueDate'
	at com.kms.katalon.core.webui.keyword.internal.WebUIKeywordMain.stepFailed(WebUIKeywordMain.groovy:64)
	at com.kms.katalon.core.webui.keyword.internal.WebUIKeywordMain.runKeyword(WebUIKeywordMain.groovy:26)
	at com.kms.katalon.core.webui.keyword.builtin.ClickKeyword.click(ClickKeyword.groovy:74)
	at com.kms.katalon.core.webui.keyword.builtin.ClickKeyword.execute(ClickKeyword.groovy:40)
	at com.kms.katalon.core.keyword.internal.KeywordExecutor.executeKeywordForPlatform(KeywordExecutor.groovy:74)
	at com.kms.katalon.core.webui.keyword.WebUiBuiltInKeywords.click(WebUiBuiltInKeywords.groovy:620)
	at com.kms.katalon.core.webui.keyword.WebUiBuiltInKeywords$click$4.call(Unknown Source)
	at Create AF Project.run(Create AF Project:64)
	at com.kms.katalon.core.main.ScriptEngine.run(ScriptEngine.java:194)
	at com.kms.katalon.core.main.ScriptEngine.runScriptAsRawText(ScriptEngine.java:119)
	at com.kms.katalon.core.main.TestCaseExecutor.runScript(TestCaseExecutor.java:445)
	at com.kms.katalon.core.main.TestCaseExecutor.doExecute(TestCaseExecutor.java:436)
	at com.kms.katalon.core.main.TestCaseExecutor.processExecutionPhase(TestCaseExecutor.java:415)
	at com.kms.katalon.core.main.TestCaseExecutor.accessMainPhase(TestCaseExecutor.java:407)
	at com.kms.katalon.core.main.TestCaseExecutor.execute(TestCaseExecutor.java:284)
	at com.kms.katalon.core.common.CommonExecutor.accessTestCaseMainPhase(CommonExecutor.java:65)
	at com.kms.katalon.core.main.TestSuiteExecutor.accessTestSuiteMainPhase(TestSuiteExecutor.java:144)
	at com.kms.katalon.core.main.TestSuiteExecutor.execute(TestSuiteExecutor.java:106)
	at com.kms.katalon.core.main.TestCaseMain.startTestSuite(TestCaseMain.java:185)
	at com.kms.katalon.core.main.TestCaseMain$startTestSuite$0.call(Unknown Source)
	at TempTestSuite1658405413626.run(TempTestSuite1658405413626.groovy:36)
Caused by: org.openqa.selenium.ElementNotInteractableException: element not interactable
  (Session info: chrome=103.0.5060.114)
Build info: version: '3.141.59', revision: 'e82be7d358', time: '2018-11-14T08:25:53'
System info: host: 'GSSM6818', ip: '10.195.96.32', os.name: 'Windows 10', os.arch: 'amd64', os.version: '10.0', java.version: '1.8.0_282'
Driver info: com.kms.katalon.selenium.driver.CChromeDriver
Capabilities {acceptInsecureCerts: false, browserName: chrome, browserVersion: 103.0.5060.114, chrome: {chromedriverVersion: 102.0.5005.61 (0e59bcc00cc4..., userDataDir: C:\Users\gssprpra\AppData\L...}, goog:chromeOptions: {debuggerAddress: localhost:54286}, javascriptEnabled: true, networkConnectionEnabled: false, pageLoadStrategy: normal, platform: WINDOWS, platformName: WINDOWS, proxy: Proxy(), setWindowRect: true, strictFileInteractability: false, timeouts: {implicit: 0, pageLoad: 300000, script: 30000}, unhandledPromptBehavior: dismiss and notify, webauthn:extension:credBlob: true, webauthn:extension:largeBlob: true, webauthn:virtualAuthenticators: true}
Session ID: 99ee6dafe6ca78ea74639ed0996bbc13
	at org.openqa.selenium.remote.http.W3CHttpResponseCodec.createException(W3CHttpResponseCodec.java:187)
	at org.openqa.selenium.remote.http.W3CHttpResponseCodec.decode(W3CHttpResponseCodec.java:122)
	at org.openqa.selenium.remote.http.W3CHttpResponseCodec.decode(W3CHttpResponseCodec.java:49)
	at org.openqa.selenium.remote.HttpCommandExecutor.execute(HttpCommandExecutor.java:158)
	at org.openqa.selenium.remote.service.DriverCommandExecutor.execute(DriverCommandExecutor.java:83)
	at org.openqa.selenium.remote.RemoteWebDriver.execute(RemoteWebDriver.java:552)
	at com.kms.katalon.selenium.driver.CChromeDriver.execute(CChromeDriver.java:19)
	at org.openqa.selenium.remote.RemoteWebElement.execute(RemoteWebElement.java:285)
	at org.openqa.selenium.remote.RemoteWebElement.click(RemoteWebElement.java:84)
	at org.openqa.selenium.support.events.EventFiringWebDriver$EventFiringWebElement.lambda$new$0(EventFiringWebDriver.java:404)
	at com.sun.proxy.$Proxy11.click(Unknown Source)
	at org.openqa.selenium.support.events.EventFiringWebDriver$EventFiringWebElement.click(EventFiringWebDriver.java:417)
	at org.openqa.selenium.WebElement$click.call(Unknown Source)
	at com.kms.katalon.core.webui.keyword.builtin.ClickKeyword.clickUntilSuccessWithTimeout(ClickKeyword.groovy:81)
	at com.kms.katalon.core.webui.keyword.builtin.ClickKeyword.clickUntilSuccessWithTimeout(ClickKeyword.groovy)
	at com.kms.katalon.core.webui.keyword.builtin.ClickKeyword$_click_closure1.doCall(ClickKeyword.groovy:67)
	at com.kms.katalon.core.webui.keyword.builtin.ClickKeyword$_click_closure1.call(ClickKeyword.groovy)
	at com.kms.katalon.core.webui.keyword.internal.WebUIKeywordMain.runKeyword(WebUIKeywordMain.groovy:20)
	... 19 more


2022-07-21 17:40:30 - [TEST_STEP][PASSED] - openBrowser(""): Browser is opened with url: ''

2022-07-21 17:40:30 - [MESSAGE][INFO] - Starting 'Chrome' driver

2022-07-21 17:40:31 - [MESSAGE][INFO] - Action delay is set to 0 milliseconds

2022-07-21 17:40:35 - [MESSAGE][PASSED] - Browser is opened with url: ''

2022-07-21 17:40:35 - [TEST_STEP][PASSED] - maximizeWindow(): Current window maximized

2022-07-21 17:40:35 - [MESSAGE][PASSED] - Current window maximized

2022-07-21 17:40:35 - [TEST_STEP][PASSED] - navigateToUrl(URL): Navigate to 'https://pirqa.flex.com/login' successfully

2022-07-21 17:40:39 - [MESSAGE][PASSED] - Navigate to 'https://pirqa.flex.com/login' successfully

2022-07-21 17:40:39 - [TEST_STEP][PASSED] - setText(findTestObject("Page_It-Right Platform_GBS/Username"), Username): Text 'gssprpra' is set on object 'Object Repository/Page_It-Right Platform_GBS/Username'

2022-07-21 17:40:40 - [MESSAGE][PASSED] - Text 'gssprpra' is set on object 'Object Repository/Page_It-Right Platform_GBS/Username'

2022-07-21 17:40:40 - [TEST_STEP][PASSED] - setEncryptedText(findTestObject("Page_It-Right Platform_GBS/password"), Password): Text ****** has been set on object 'Object Repository/Page_It-Right Platform_GBS/password'

2022-07-21 17:40:41 - [MESSAGE][PASSED] - Text ****** has been set on object 'Object Repository/Page_It-Right Platform_GBS/password'

2022-07-21 17:40:41 - [TEST_STEP][PASSED] - click(findTestObject("Page_It-Right Platform_GBS/button_Sign in")): Object: 'Object Repository/Page_It-Right Platform_GBS/button_Sign in' is clicked on

2022-07-21 17:40:45 - [MESSAGE][PASSED] - Object: 'Object Repository/Page_It-Right Platform_GBS/button_Sign in' is clicked on

2022-07-21 17:40:45 - [TEST_STEP][PASSED] - click(findTestObject("Object Repository/Page_It-Right Platform_GBS/span_WelcomeToggler")): Object: 'Object Repository/Page_It-Right Platform_GBS/span_WelcomeToggler' is clicked on

2022-07-21 17:40:45 - [MESSAGE][PASSED] - Object: 'Object Repository/Page_It-Right Platform_GBS/span_WelcomeToggler' is clicked on

2022-07-21 17:40:45 - [TEST_STEP][PASSED] - verifyElementPresent(findTestObject("Object Repository/Page_It-Right Platform_GBS/div_WelcomeMenu"), 0): Object 'Object Repository/Page_It-Right Platform_GBS/div_WelcomeMenu' is present

2022-07-21 17:40:45 - [MESSAGE][WARNING] - Timeout '0' is invalid. Using default page load timeout: '30'

2022-07-21 17:40:46 - [MESSAGE][PASSED] - Object 'Object Repository/Page_It-Right Platform_GBS/div_WelcomeMenu' is present

2022-07-21 17:40:46 - [TEST_STEP][PASSED] - scrollToElement(findTestObject("Page_It-Right Platform_GBS/span_GBS"), 0): Scroll to object 'Object Repository/Page_It-Right Platform_GBS/span_GBS' successfully

2022-07-21 17:40:46 - [MESSAGE][WARNING] - Timeout '0' is invalid. Using default page load timeout: '30'

2022-07-21 17:40:47 - [MESSAGE][PASSED] - Scroll to object 'Object Repository/Page_It-Right Platform_GBS/span_GBS' successfully

2022-07-21 17:40:47 - [TEST_STEP][PASSED] - waitForElementClickable(findTestObject("Page_It-Right Platform_GBS/span_GBS"), 0): Object 'Object Repository/Page_It-Right Platform_GBS/span_GBS' is clickable

2022-07-21 17:40:47 - [MESSAGE][WARNING] - Timeout '0' is invalid. Using default page load timeout: '30'

2022-07-21 17:40:47 - [MESSAGE][PASSED] - Object 'Object Repository/Page_It-Right Platform_GBS/span_GBS' is clickable

2022-07-21 17:40:47 - [TEST_STEP][PASSED] - click(findTestObject("Page_It-Right Platform_GBS/span_GBS")): Object: 'Object Repository/Page_It-Right Platform_GBS/span_GBS' is clicked on

2022-07-21 17:40:54 - [MESSAGE][PASSED] - Object: 'Object Repository/Page_It-Right Platform_GBS/span_GBS' is clicked on

2022-07-21 17:40:54 - [TEST_STEP][PASSED] - delay(2): Delayed 2 second(s)

2022-07-21 17:40:56 - [MESSAGE][PASSED] - Delayed 2 second(s)

2022-07-21 17:40:56 - [TEST_STEP][PASSED] - click(findTestObject("Page_DIR_GBS/GBS Project/button_Technical Sourcing")): Object: 'Object Repository/Page_DIR_GBS/GBS Project/button_Technical Sourcing' is clicked on

2022-07-21 17:40:57 - [MESSAGE][PASSED] - Object: 'Object Repository/Page_DIR_GBS/GBS Project/button_Technical Sourcing' is clicked on

2022-07-21 17:40:57 - [TEST_STEP][PASSED] - click(findTestObject("Page_DIR_GBS/GBS Project/span_Flex_Organization")): Object: 'Object Repository/Page_DIR_GBS/GBS Project/span_Flex_Organization' is clicked on

2022-07-21 17:40:57 - [MESSAGE][PASSED] - Object: 'Object Repository/Page_DIR_GBS/GBS Project/span_Flex_Organization' is clicked on

2022-07-21 17:40:57 - [TEST_STEP][PASSED] - selectOptionByValue(findTestObject("Page_DIR_GBS/GBS Project/select_Organization"), "FLEX", true): All options with value 'FLEX' are selected in object 'Object Repository/Page_DIR_GBS/GBS Project/select_Organization'  using regular expression

2022-07-21 17:41:10 - [MESSAGE][PASSED] - All options with value 'FLEX' are selected in object 'Object Repository/Page_DIR_GBS/GBS Project/select_Organization'  using regular expression

2022-07-21 17:41:10 - [TEST_STEP][PASSED] - delay(2): Delayed 2 second(s)

2022-07-21 17:41:12 - [MESSAGE][PASSED] - Delayed 2 second(s)

2022-07-21 17:41:12 - [TEST_STEP][PASSED] - verifyElementPresent(findTestObject("Page_DIR_GBS/GBS Project/div_To Create Project   Drop GBS project"), 0): Object 'Object Repository/Page_DIR_GBS/GBS Project/div_To Create Project   Drop GBS project' is present

2022-07-21 17:41:12 - [MESSAGE][WARNING] - Timeout '0' is invalid. Using default page load timeout: '30'

2022-07-21 17:41:12 - [MESSAGE][PASSED] - Object 'Object Repository/Page_DIR_GBS/GBS Project/div_To Create Project   Drop GBS project' is present

2022-07-21 17:41:12 - [TEST_STEP][PASSED] - uploadFileWithDragAndDrop(findTestObject("Page_DIR_GBS/GBS Project/div_To Create Project   Drop GBS project"), GBSAF_File): null

2022-07-21 17:41:13 - [TEST_STEP][PASSED] - verifyElementPresent(findTestObject("Page_DIR_GBS/GBS Project/div_Choose Analysis Type"), 3): Object 'Object Repository/Page_DIR_GBS/GBS Project/div_Choose Analysis Type' is present

2022-07-21 17:41:14 - [MESSAGE][PASSED] - Object 'Object Repository/Page_DIR_GBS/GBS Project/div_Choose Analysis Type' is present

2022-07-21 17:41:14 - [TEST_STEP][PASSED] - click(findTestObject("Page_DIR_GBS/GBS Project/button_OK")): Object: 'Object Repository/Page_DIR_GBS/GBS Project/button_OK' is clicked on

2022-07-21 17:41:15 - [MESSAGE][PASSED] - Object: 'Object Repository/Page_DIR_GBS/GBS Project/button_OK' is clicked on

2022-07-21 17:41:15 - [TEST_STEP][PASSED] - delay(2): Delayed 2 second(s)

2022-07-21 17:41:17 - [MESSAGE][PASSED] - Delayed 2 second(s)

2022-07-21 17:41:17 - [TEST_STEP][PASSED] - verifyElementPresent(findTestObject("Page_DIR_GBS/GBS Project/div_Create Project"), 3): Object 'Object Repository/Page_DIR_GBS/GBS Project/div_Create Project' is present

2022-07-21 17:41:17 - [MESSAGE][PASSED] - Object 'Object Repository/Page_DIR_GBS/GBS Project/div_Create Project' is present

2022-07-21 17:41:17 - [TEST_STEP][FAILED] - click(findTestObject("Page_DIR_GBS/GBS Project/input__dueDate")): Unable to click on object 'Object Repository/Page_DIR_GBS/GBS Project/input__dueDate' (Root cause: com.kms.katalon.core.exception.StepFailedException: Unable to click on object 'Object Repository/Page_DIR_GBS/GBS Project/input__dueDate'
	at com.kms.katalon.core.webui.keyword.internal.WebUIKeywordMain.stepFailed(WebUIKeywordMain.groovy:64)
	at com.kms.katalon.core.webui.keyword.internal.WebUIKeywordMain.runKeyword(WebUIKeywordMain.groovy:26)
	at com.kms.katalon.core.webui.keyword.builtin.ClickKeyword.click(ClickKeyword.groovy:74)
	at com.kms.katalon.core.webui.keyword.builtin.ClickKeyword.execute(ClickKeyword.groovy:40)
	at com.kms.katalon.core.keyword.internal.KeywordExecutor.executeKeywordForPlatform(KeywordExecutor.groovy:74)
	at com.kms.katalon.core.webui.keyword.WebUiBuiltInKeywords.click(WebUiBuiltInKeywords.groovy:620)
	at com.kms.katalon.core.webui.keyword.WebUiBuiltInKeywords$click$4.call(Unknown Source)
	at Create AF Project.run(Create AF Project:64)
	at com.kms.katalon.core.main.ScriptEngine.run(ScriptEngine.java:194)
	at com.kms.katalon.core.main.ScriptEngine.runScriptAsRawText(ScriptEngine.java:119)
	at com.kms.katalon.core.main.TestCaseExecutor.runScript(TestCaseExecutor.java:445)
	at com.kms.katalon.core.main.TestCaseExecutor.doExecute(TestCaseExecutor.java:436)
	at com.kms.katalon.core.main.TestCaseExecutor.processExecutionPhase(TestCaseExecutor.java:415)
	at com.kms.katalon.core.main.TestCaseExecutor.accessMainPhase(TestCaseExecutor.java:407)
	at com.kms.katalon.core.main.TestCaseExecutor.execute(TestCaseExecutor.java:284)
	at com.kms.katalon.core.common.CommonExecutor.accessTestCaseMainPhase(CommonExecutor.java:65)
	at com.kms.katalon.core.main.TestSuiteExecutor.accessTestSuiteMainPhase(TestSuiteExecutor.java:144)
	at com.kms.katalon.core.main.TestSuiteExecutor.execute(TestSuiteExecutor.java:106)
	at com.kms.katalon.core.main.TestCaseMain.startTestSuite(TestCaseMain.java:185)
	at com.kms.katalon.core.main.TestCaseMain$startTestSuite$0.call(Unknown Source)
	at TempTestSuite1658405413626.run(TempTestSuite1658405413626.groovy:36)
Caused by: org.openqa.selenium.ElementNotInteractableException: element not interactable
  (Session info: chrome=103.0.5060.114)
Build info: version: '3.141.59', revision: 'e82be7d358', time: '2018-11-14T08:25:53'
System info: host: 'GSSM6818', ip: '10.195.96.32', os.name: 'Windows 10', os.arch: 'amd64', os.version: '10.0', java.version: '1.8.0_282'
Driver info: com.kms.katalon.selenium.driver.CChromeDriver
Capabilities {acceptInsecureCerts: false, browserName: chrome, browserVersion: 103.0.5060.114, chrome: {chromedriverVersion: 102.0.5005.61 (0e59bcc00cc4..., userDataDir: C:\Users\gssprpra\AppData\L...}, goog:chromeOptions: {debuggerAddress: localhost:54286}, javascriptEnabled: true, networkConnectionEnabled: false, pageLoadStrategy: normal, platform: WINDOWS, platformName: WINDOWS, proxy: Proxy(), setWindowRect: true, strictFileInteractability: false, timeouts: {implicit: 0, pageLoad: 300000, script: 30000}, unhandledPromptBehavior: dismiss and notify, webauthn:extension:credBlob: true, webauthn:extension:largeBlob: true, webauthn:virtualAuthenticators: true}
Session ID: 99ee6dafe6ca78ea74639ed0996bbc13
	at org.openqa.selenium.remote.http.W3CHttpResponseCodec.createException(W3CHttpResponseCodec.java:187)
	at org.openqa.selenium.remote.http.W3CHttpResponseCodec.decode(W3CHttpResponseCodec.java:122)
	at org.openqa.selenium.remote.http.W3CHttpResponseCodec.decode(W3CHttpResponseCodec.java:49)
	at org.openqa.selenium.remote.HttpCommandExecutor.execute(HttpCommandExecutor.java:158)
	at org.openqa.selenium.remote.service.DriverCommandExecutor.execute(DriverCommandExecutor.java:83)
	at org.openqa.selenium.remote.RemoteWebDriver.execute(RemoteWebDriver.java:552)
	at com.kms.katalon.selenium.driver.CChromeDriver.execute(CChromeDriver.java:19)
	at org.openqa.selenium.remote.RemoteWebElement.execute(RemoteWebElement.java:285)
	at org.openqa.selenium.remote.RemoteWebElement.click(RemoteWebElement.java:84)
	at org.openqa.selenium.support.events.EventFiringWebDriver$EventFiringWebElement.lambda$new$0(EventFiringWebDriver.java:404)
	at com.sun.proxy.$Proxy11.click(Unknown Source)
	at org.openqa.selenium.support.events.EventFiringWebDriver$EventFiringWebElement.click(EventFiringWebDriver.java:417)
	at org.openqa.selenium.WebElement$click.call(Unknown Source)
	at com.kms.katalon.core.webui.keyword.builtin.ClickKeyword.clickUntilSuccessWithTimeout(ClickKeyword.groovy:81)
	at com.kms.katalon.core.webui.keyword.builtin.ClickKeyword.clickUntilSuccessWithTimeout(ClickKeyword.groovy)
	at com.kms.katalon.core.webui.keyword.builtin.ClickKeyword$_click_closure1.doCall(ClickKeyword.groovy:67)
	at com.kms.katalon.core.webui.keyword.builtin.ClickKeyword$_click_closure1.call(ClickKeyword.groovy)
	at com.kms.katalon.core.webui.keyword.internal.WebUIKeywordMain.runKeyword(WebUIKeywordMain.groovy:20)
	at com.kms.katalon.core.webui.keyword.builtin.ClickKeyword.click(ClickKeyword.groovy:74)
	at com.kms.katalon.core.webui.keyword.builtin.ClickKeyword.execute(ClickKeyword.groovy:40)
	at com.kms.katalon.core.keyword.internal.KeywordExecutor.executeKeywordForPlatform(KeywordExecutor.groovy:74)
	at com.kms.katalon.core.webui.keyword.WebUiBuiltInKeywords.click(WebUiBuiltInKeywords.groovy:620)
	at com.kms.katalon.core.webui.keyword.WebUiBuiltInKeywords$click$4.call(Unknown Source)
	at Script1632384454973.run(Script1632384454973.groovy:64)
	... 13 more
)

2022-07-21 17:41:18 - [MESSAGE][FAILED] - Unable to click on object 'Object Repository/Page_DIR_GBS/GBS Project/input__dueDate' (Root cause: com.kms.katalon.core.exception.StepFailedException: Unable to click on object 'Object Repository/Page_DIR_GBS/GBS Project/input__dueDate'
	at com.kms.katalon.core.webui.keyword.internal.WebUIKeywordMain.stepFailed(WebUIKeywordMain.groovy:64)
	at com.kms.katalon.core.webui.keyword.internal.WebUIKeywordMain.runKeyword(WebUIKeywordMain.groovy:26)
	at com.kms.katalon.core.webui.keyword.builtin.ClickKeyword.click(ClickKeyword.groovy:74)
	at com.kms.katalon.core.webui.keyword.builtin.ClickKeyword.execute(ClickKeyword.groovy:40)
	at com.kms.katalon.core.keyword.internal.KeywordExecutor.executeKeywordForPlatform(KeywordExecutor.groovy:74)
	at com.kms.katalon.core.webui.keyword.WebUiBuiltInKeywords.click(WebUiBuiltInKeywords.groovy:620)
	at com.kms.katalon.core.webui.keyword.WebUiBuiltInKeywords$click$4.call(Unknown Source)
	at Create AF Project.run(Create AF Project:64)
	at com.kms.katalon.core.main.ScriptEngine.run(ScriptEngine.java:194)
	at com.kms.katalon.core.main.ScriptEngine.runScriptAsRawText(ScriptEngine.java:119)
	at com.kms.katalon.core.main.TestCaseExecutor.runScript(TestCaseExecutor.java:445)
	at com.kms.katalon.core.main.TestCaseExecutor.doExecute(TestCaseExecutor.java:436)
	at com.kms.katalon.core.main.TestCaseExecutor.processExecutionPhase(TestCaseExecutor.java:415)
	at com.kms.katalon.core.main.TestCaseExecutor.accessMainPhase(TestCaseExecutor.java:407)
	at com.kms.katalon.core.main.TestCaseExecutor.execute(TestCaseExecutor.java:284)
	at com.kms.katalon.core.common.CommonExecutor.accessTestCaseMainPhase(CommonExecutor.java:65)
	at com.kms.katalon.core.main.TestSuiteExecutor.accessTestSuiteMainPhase(TestSuiteExecutor.java:144)
	at com.kms.katalon.core.main.TestSuiteExecutor.execute(TestSuiteExecutor.java:106)
	at com.kms.katalon.core.main.TestCaseMain.startTestSuite(TestCaseMain.java:185)
	at com.kms.katalon.core.main.TestCaseMain$startTestSuite$0.call(Unknown Source)
	at TempTestSuite1658405413626.run(TempTestSuite1658405413626.groovy:36)
Caused by: org.openqa.selenium.ElementNotInteractableException: element not interactable
  (Session info: chrome=103.0.5060.114)
Build info: version: '3.141.59', revision: 'e82be7d358', time: '2018-11-14T08:25:53'
System info: host: 'GSSM6818', ip: '10.195.96.32', os.name: 'Windows 10', os.arch: 'amd64', os.version: '10.0', java.version: '1.8.0_282'
Driver info: com.kms.katalon.selenium.driver.CChromeDriver
Capabilities {acceptInsecureCerts: false, browserName: chrome, browserVersion: 103.0.5060.114, chrome: {chromedriverVersion: 102.0.5005.61 (0e59bcc00cc4..., userDataDir: C:\Users\gssprpra\AppData\L...}, goog:chromeOptions: {debuggerAddress: localhost:54286}, javascriptEnabled: true, networkConnectionEnabled: false, pageLoadStrategy: normal, platform: WINDOWS, platformName: WINDOWS, proxy: Proxy(), setWindowRect: true, strictFileInteractability: false, timeouts: {implicit: 0, pageLoad: 300000, script: 30000}, unhandledPromptBehavior: dismiss and notify, webauthn:extension:credBlob: true, webauthn:extension:largeBlob: true, webauthn:virtualAuthenticators: true}
Session ID: 99ee6dafe6ca78ea74639ed0996bbc13
	at org.openqa.selenium.remote.http.W3CHttpResponseCodec.createException(W3CHttpResponseCodec.java:187)
	at org.openqa.selenium.remote.http.W3CHttpResponseCodec.decode(W3CHttpResponseCodec.java:122)
	at org.openqa.selenium.remote.http.W3CHttpResponseCodec.decode(W3CHttpResponseCodec.java:49)
	at org.openqa.selenium.remote.HttpCommandExecutor.execute(HttpCommandExecutor.java:158)
	at org.openqa.selenium.remote.service.DriverCommandExecutor.execute(DriverCommandExecutor.java:83)
	at org.openqa.selenium.remote.RemoteWebDriver.execute(RemoteWebDriver.java:552)
	at com.kms.katalon.selenium.driver.CChromeDriver.execute(CChromeDriver.java:19)
	at org.openqa.selenium.remote.RemoteWebElement.execute(RemoteWebElement.java:285)
	at org.openqa.selenium.remote.RemoteWebElement.click(RemoteWebElement.java:84)
	at org.openqa.selenium.support.events.EventFiringWebDriver$EventFiringWebElement.lambda$new$0(EventFiringWebDriver.java:404)
	at com.sun.proxy.$Proxy11.click(Unknown Source)
	at org.openqa.selenium.support.events.EventFiringWebDriver$EventFiringWebElement.click(EventFiringWebDriver.java:417)
	at org.openqa.selenium.WebElement$click.call(Unknown Source)
	at com.kms.katalon.core.webui.keyword.builtin.ClickKeyword.clickUntilSuccessWithTimeout(ClickKeyword.groovy:81)
	at com.kms.katalon.core.webui.keyword.builtin.ClickKeyword.clickUntilSuccessWithTimeout(ClickKeyword.groovy)
	at com.kms.katalon.core.webui.keyword.builtin.ClickKeyword$_click_closure1.doCall(ClickKeyword.groovy:67)
	at com.kms.katalon.core.webui.keyword.builtin.ClickKeyword$_click_closure1.call(ClickKeyword.groovy)
	at com.kms.katalon.core.webui.keyword.internal.WebUIKeywordMain.runKeyword(WebUIKeywordMain.groovy:20)
	at com.kms.katalon.core.webui.keyword.builtin.ClickKeyword.click(ClickKeyword.groovy:74)
	at com.kms.katalon.core.webui.keyword.builtin.ClickKeyword.execute(ClickKeyword.groovy:40)
	at com.kms.katalon.core.keyword.internal.KeywordExecutor.executeKeywordForPlatform(KeywordExecutor.groovy:74)
	at com.kms.katalon.core.webui.keyword.WebUiBuiltInKeywords.click(WebUiBuiltInKeywords.groovy:620)
	at com.kms.katalon.core.webui.keyword.WebUiBuiltInKeywords$click$4.call(Unknown Source)
	at Script1632384454973.run(Script1632384454973.groovy:64)
	... 13 more
)
[[ATTACHMENT|C:\\Users\\gssprpra\\git\\KatalonStudioCodeRep1\\Reports\\20220721_174013\\Sanity_GBS_SF_CIR\\20220721_174013\\1658405478287.png]]]]></system-out>
         <system-err><![CDATA[2022-07-21 17:40:29 - [TEST_CASE][FAILED] - Test Cases/Sanity/GBS/Create AF Project: Test Cases/Sanity/GBS/Create AF Project FAILED.
Reason:
com.kms.katalon.core.exception.StepFailedException: Unable to click on object 'Object Repository/Page_DIR_GBS/GBS Project/input__dueDate'
	at com.kms.katalon.core.webui.keyword.internal.WebUIKeywordMain.stepFailed(WebUIKeywordMain.groovy:64)
	at com.kms.katalon.core.webui.keyword.internal.WebUIKeywordMain.runKeyword(WebUIKeywordMain.groovy:26)
	at com.kms.katalon.core.webui.keyword.builtin.ClickKeyword.click(ClickKeyword.groovy:74)
	at com.kms.katalon.core.webui.keyword.builtin.ClickKeyword.execute(ClickKeyword.groovy:40)
	at com.kms.katalon.core.keyword.internal.KeywordExecutor.executeKeywordForPlatform(KeywordExecutor.groovy:74)
	at com.kms.katalon.core.webui.keyword.WebUiBuiltInKeywords.click(WebUiBuiltInKeywords.groovy:620)
	at com.kms.katalon.core.webui.keyword.WebUiBuiltInKeywords$click$4.call(Unknown Source)
	at Create AF Project.run(Create AF Project:64)
	at com.kms.katalon.core.main.ScriptEngine.run(ScriptEngine.java:194)
	at com.kms.katalon.core.main.ScriptEngine.runScriptAsRawText(ScriptEngine.java:119)
	at com.kms.katalon.core.main.TestCaseExecutor.runScript(TestCaseExecutor.java:445)
	at com.kms.katalon.core.main.TestCaseExecutor.doExecute(TestCaseExecutor.java:436)
	at com.kms.katalon.core.main.TestCaseExecutor.processExecutionPhase(TestCaseExecutor.java:415)
	at com.kms.katalon.core.main.TestCaseExecutor.accessMainPhase(TestCaseExecutor.java:407)
	at com.kms.katalon.core.main.TestCaseExecutor.execute(TestCaseExecutor.java:284)
	at com.kms.katalon.core.common.CommonExecutor.accessTestCaseMainPhase(CommonExecutor.java:65)
	at com.kms.katalon.core.main.TestSuiteExecutor.accessTestSuiteMainPhase(TestSuiteExecutor.java:144)
	at com.kms.katalon.core.main.TestSuiteExecutor.execute(TestSuiteExecutor.java:106)
	at com.kms.katalon.core.main.TestCaseMain.startTestSuite(TestCaseMain.java:185)
	at com.kms.katalon.core.main.TestCaseMain$startTestSuite$0.call(Unknown Source)
	at TempTestSuite1658405413626.run(TempTestSuite1658405413626.groovy:36)
Caused by: org.openqa.selenium.ElementNotInteractableException: element not interactable
  (Session info: chrome=103.0.5060.114)
Build info: version: '3.141.59', revision: 'e82be7d358', time: '2018-11-14T08:25:53'
System info: host: 'GSSM6818', ip: '10.195.96.32', os.name: 'Windows 10', os.arch: 'amd64', os.version: '10.0', java.version: '1.8.0_282'
Driver info: com.kms.katalon.selenium.driver.CChromeDriver
Capabilities {acceptInsecureCerts: false, browserName: chrome, browserVersion: 103.0.5060.114, chrome: {chromedriverVersion: 102.0.5005.61 (0e59bcc00cc4..., userDataDir: C:\Users\gssprpra\AppData\L...}, goog:chromeOptions: {debuggerAddress: localhost:54286}, javascriptEnabled: true, networkConnectionEnabled: false, pageLoadStrategy: normal, platform: WINDOWS, platformName: WINDOWS, proxy: Proxy(), setWindowRect: true, strictFileInteractability: false, timeouts: {implicit: 0, pageLoad: 300000, script: 30000}, unhandledPromptBehavior: dismiss and notify, webauthn:extension:credBlob: true, webauthn:extension:largeBlob: true, webauthn:virtualAuthenticators: true}
Session ID: 99ee6dafe6ca78ea74639ed0996bbc13
	at org.openqa.selenium.remote.http.W3CHttpResponseCodec.createException(W3CHttpResponseCodec.java:187)
	at org.openqa.selenium.remote.http.W3CHttpResponseCodec.decode(W3CHttpResponseCodec.java:122)
	at org.openqa.selenium.remote.http.W3CHttpResponseCodec.decode(W3CHttpResponseCodec.java:49)
	at org.openqa.selenium.remote.HttpCommandExecutor.execute(HttpCommandExecutor.java:158)
	at org.openqa.selenium.remote.service.DriverCommandExecutor.execute(DriverCommandExecutor.java:83)
	at org.openqa.selenium.remote.RemoteWebDriver.execute(RemoteWebDriver.java:552)
	at com.kms.katalon.selenium.driver.CChromeDriver.execute(CChromeDriver.java:19)
	at org.openqa.selenium.remote.RemoteWebElement.execute(RemoteWebElement.java:285)
	at org.openqa.selenium.remote.RemoteWebElement.click(RemoteWebElement.java:84)
	at org.openqa.selenium.support.events.EventFiringWebDriver$EventFiringWebElement.lambda$new$0(EventFiringWebDriver.java:404)
	at com.sun.proxy.$Proxy11.click(Unknown Source)
	at org.openqa.selenium.support.events.EventFiringWebDriver$EventFiringWebElement.click(EventFiringWebDriver.java:417)
	at org.openqa.selenium.WebElement$click.call(Unknown Source)
	at com.kms.katalon.core.webui.keyword.builtin.ClickKeyword.clickUntilSuccessWithTimeout(ClickKeyword.groovy:81)
	at com.kms.katalon.core.webui.keyword.builtin.ClickKeyword.clickUntilSuccessWithTimeout(ClickKeyword.groovy)
	at com.kms.katalon.core.webui.keyword.builtin.ClickKeyword$_click_closure1.doCall(ClickKeyword.groovy:67)
	at com.kms.katalon.core.webui.keyword.builtin.ClickKeyword$_click_closure1.call(ClickKeyword.groovy)
	at com.kms.katalon.core.webui.keyword.internal.WebUIKeywordMain.runKeyword(WebUIKeywordMain.groovy:20)
	... 19 more]]></system-err>
      </testcase>
      <testcase name="Test Cases/Sanity/GBS/AF_Review_Verify" time="143.154" classname="Test Cases/Sanity/GBS/AF_Review_Verify" status="FAILED">
         <failure type="FAILED" message="Test Cases/Sanity/GBS/AF_Review_Verify FAILED.
Reason:
com.kms.katalon.core.exception.StepFailedException: Unable to set text 'cer' of object 'Object Repository/Page_DIR_GBS/GBS Project/Alternate Finder/AF_ReviewPage/input_Select product category'
	at com.kms.katalon.core.webui.keyword.internal.WebUIKeywordMain.stepFailed(WebUIKeywordMain.groovy:64)
	at com.kms.katalon.core.webui.keyword.internal.WebUIKeywordMain.runKeyword(WebUIKeywordMain.groovy:26)
	at com.kms.katalon.core.webui.keyword.builtin.SetTextKeyword.setText(SetTextKeyword.groovy:66)
	at com.kms.katalon.core.webui.keyword.builtin.SetTextKeyword.execute(SetTextKeyword.groovy:37)
	at com.kms.katalon.core.keyword.internal.KeywordExecutor.executeKeywordForPlatform(KeywordExecutor.groovy:74)
	at com.kms.katalon.core.webui.keyword.WebUiBuiltInKeywords.setText(WebUiBuiltInKeywords.groovy:980)
	at com.kms.katalon.core.webui.keyword.WebUiBuiltInKeywords$setText$2.call(Unknown Source)
	at AF_Review_Verify.run(AF_Review_Verify:72)
	at com.kms.katalon.core.main.ScriptEngine.run(ScriptEngine.java:194)
	at com.kms.katalon.core.main.ScriptEngine.runScriptAsRawText(ScriptEngine.java:119)
	at com.kms.katalon.core.main.TestCaseExecutor.runScript(TestCaseExecutor.java:445)
	at com.kms.katalon.core.main.TestCaseExecutor.doExecute(TestCaseExecutor.java:436)
	at com.kms.katalon.core.main.TestCaseExecutor.processExecutionPhase(TestCaseExecutor.java:415)
	at com.kms.katalon.core.main.TestCaseExecutor.accessMainPhase(TestCaseExecutor.java:407)
	at com.kms.katalon.core.main.TestCaseExecutor.execute(TestCaseExecutor.java:284)
	at com.kms.katalon.core.common.CommonExecutor.accessTestCaseMainPhase(CommonExecutor.java:65)
	at com.kms.katalon.core.main.TestSuiteExecutor.accessTestSuiteMainPhase(TestSuiteExecutor.java:144)
	at com.kms.katalon.core.main.TestSuiteExecutor.execute(TestSuiteExecutor.java:106)
	at com.kms.katalon.core.main.TestCaseMain.startTestSuite(TestCaseMain.java:185)
	at com.kms.katalon.core.main.TestCaseMain$startTestSuite$0.call(Unknown Source)
	at TempTestSuite1658405413626.run(TempTestSuite1658405413626.groovy:36)
Caused by: org.openqa.selenium.ElementNotInteractableException: element not interactable
  (Session info: chrome=103.0.5060.114)
Build info: version: '3.141.59', revision: 'e82be7d358', time: '2018-11-14T08:25:53'
System info: host: 'GSSM6818', ip: '10.195.96.32', os.name: 'Windows 10', os.arch: 'amd64', os.version: '10.0', java.version: '1.8.0_282'
Driver info: com.kms.katalon.selenium.driver.CChromeDriver
Capabilities {acceptInsecureCerts: false, browserName: chrome, browserVersion: 103.0.5060.114, chrome: {chromedriverVersion: 102.0.5005.61 (0e59bcc00cc4..., userDataDir: C:\Users\gssprpra\AppData\L...}, goog:chromeOptions: {debuggerAddress: localhost:54463}, javascriptEnabled: true, networkConnectionEnabled: false, pageLoadStrategy: normal, platform: WINDOWS, platformName: WINDOWS, proxy: Proxy(), setWindowRect: true, strictFileInteractability: false, timeouts: {implicit: 0, pageLoad: 300000, script: 30000}, unhandledPromptBehavior: dismiss and notify, webauthn:extension:credBlob: true, webauthn:extension:largeBlob: true, webauthn:virtualAuthenticators: true}
Session ID: 25defc351ac2425c167760de0c5d0910
	at org.openqa.selenium.remote.http.W3CHttpResponseCodec.createException(W3CHttpResponseCodec.java:187)
	at org.openqa.selenium.remote.http.W3CHttpResponseCodec.decode(W3CHttpResponseCodec.java:122)
	at org.openqa.selenium.remote.http.W3CHttpResponseCodec.decode(W3CHttpResponseCodec.java:49)
	at org.openqa.selenium.remote.HttpCommandExecutor.execute(HttpCommandExecutor.java:158)
	at org.openqa.selenium.remote.service.DriverCommandExecutor.execute(DriverCommandExecutor.java:83)
	at org.openqa.selenium.remote.RemoteWebDriver.execute(RemoteWebDriver.java:552)
	at com.kms.katalon.selenium.driver.CChromeDriver.execute(CChromeDriver.java:19)
	at org.openqa.selenium.remote.RemoteWebElement.execute(RemoteWebElement.java:285)
	at org.openqa.selenium.remote.RemoteWebElement.clear(RemoteWebElement.java:124)
	at org.openqa.selenium.support.events.EventFiringWebDriver$EventFiringWebElement.lambda$new$0(EventFiringWebDriver.java:404)
	at com.sun.proxy.$Proxy11.clear(Unknown Source)
	at org.openqa.selenium.support.events.EventFiringWebDriver$EventFiringWebElement.clear(EventFiringWebDriver.java:436)
	at com.kms.katalon.core.webui.keyword.builtin.SetTextKeyword$_setText_closure1.doCall(SetTextKeyword.groovy:53)
	at com.kms.katalon.core.webui.keyword.builtin.SetTextKeyword$_setText_closure1.call(SetTextKeyword.groovy)
	at com.kms.katalon.core.webui.keyword.internal.WebUIKeywordMain.runKeyword(WebUIKeywordMain.groovy:20)
	... 19 more
"/>
         <system-out><![CDATA[2022-07-21 17:41:18 - [TEST_CASE][FAILED] - Test Cases/Sanity/GBS/AF_Review_Verify: Test Cases/Sanity/GBS/AF_Review_Verify FAILED.
Reason:
com.kms.katalon.core.exception.StepFailedException: Unable to set text 'cer' of object 'Object Repository/Page_DIR_GBS/GBS Project/Alternate Finder/AF_ReviewPage/input_Select product category'
	at com.kms.katalon.core.webui.keyword.internal.WebUIKeywordMain.stepFailed(WebUIKeywordMain.groovy:64)
	at com.kms.katalon.core.webui.keyword.internal.WebUIKeywordMain.runKeyword(WebUIKeywordMain.groovy:26)
	at com.kms.katalon.core.webui.keyword.builtin.SetTextKeyword.setText(SetTextKeyword.groovy:66)
	at com.kms.katalon.core.webui.keyword.builtin.SetTextKeyword.execute(SetTextKeyword.groovy:37)
	at com.kms.katalon.core.keyword.internal.KeywordExecutor.executeKeywordForPlatform(KeywordExecutor.groovy:74)
	at com.kms.katalon.core.webui.keyword.WebUiBuiltInKeywords.setText(WebUiBuiltInKeywords.groovy:980)
	at com.kms.katalon.core.webui.keyword.WebUiBuiltInKeywords$setText$2.call(Unknown Source)
	at AF_Review_Verify.run(AF_Review_Verify:72)
	at com.kms.katalon.core.main.ScriptEngine.run(ScriptEngine.java:194)
	at com.kms.katalon.core.main.ScriptEngine.runScriptAsRawText(ScriptEngine.java:119)
	at com.kms.katalon.core.main.TestCaseExecutor.runScript(TestCaseExecutor.java:445)
	at com.kms.katalon.core.main.TestCaseExecutor.doExecute(TestCaseExecutor.java:436)
	at com.kms.katalon.core.main.TestCaseExecutor.processExecutionPhase(TestCaseExecutor.java:415)
	at com.kms.katalon.core.main.TestCaseExecutor.accessMainPhase(TestCaseExecutor.java:407)
	at com.kms.katalon.core.main.TestCaseExecutor.execute(TestCaseExecutor.java:284)
	at com.kms.katalon.core.common.CommonExecutor.accessTestCaseMainPhase(CommonExecutor.java:65)
	at com.kms.katalon.core.main.TestSuiteExecutor.accessTestSuiteMainPhase(TestSuiteExecutor.java:144)
	at com.kms.katalon.core.main.TestSuiteExecutor.execute(TestSuiteExecutor.java:106)
	at com.kms.katalon.core.main.TestCaseMain.startTestSuite(TestCaseMain.java:185)
	at com.kms.katalon.core.main.TestCaseMain$startTestSuite$0.call(Unknown Source)
	at TempTestSuite1658405413626.run(TempTestSuite1658405413626.groovy:36)
Caused by: org.openqa.selenium.ElementNotInteractableException: element not interactable
  (Session info: chrome=103.0.5060.114)
Build info: version: '3.141.59', revision: 'e82be7d358', time: '2018-11-14T08:25:53'
System info: host: 'GSSM6818', ip: '10.195.96.32', os.name: 'Windows 10', os.arch: 'amd64', os.version: '10.0', java.version: '1.8.0_282'
Driver info: com.kms.katalon.selenium.driver.CChromeDriver
Capabilities {acceptInsecureCerts: false, browserName: chrome, browserVersion: 103.0.5060.114, chrome: {chromedriverVersion: 102.0.5005.61 (0e59bcc00cc4..., userDataDir: C:\Users\gssprpra\AppData\L...}, goog:chromeOptions: {debuggerAddress: localhost:54463}, javascriptEnabled: true, networkConnectionEnabled: false, pageLoadStrategy: normal, platform: WINDOWS, platformName: WINDOWS, proxy: Proxy(), setWindowRect: true, strictFileInteractability: false, timeouts: {implicit: 0, pageLoad: 300000, script: 30000}, unhandledPromptBehavior: dismiss and notify, webauthn:extension:credBlob: true, webauthn:extension:largeBlob: true, webauthn:virtualAuthenticators: true}
Session ID: 25defc351ac2425c167760de0c5d0910
	at org.openqa.selenium.remote.http.W3CHttpResponseCodec.createException(W3CHttpResponseCodec.java:187)
	at org.openqa.selenium.remote.http.W3CHttpResponseCodec.decode(W3CHttpResponseCodec.java:122)
	at org.openqa.selenium.remote.http.W3CHttpResponseCodec.decode(W3CHttpResponseCodec.java:49)
	at org.openqa.selenium.remote.HttpCommandExecutor.execute(HttpCommandExecutor.java:158)
	at org.openqa.selenium.remote.service.DriverCommandExecutor.execute(DriverCommandExecutor.java:83)
	at org.openqa.selenium.remote.RemoteWebDriver.execute(RemoteWebDriver.java:552)
	at com.kms.katalon.selenium.driver.CChromeDriver.execute(CChromeDriver.java:19)
	at org.openqa.selenium.remote.RemoteWebElement.execute(RemoteWebElement.java:285)
	at org.openqa.selenium.remote.RemoteWebElement.clear(RemoteWebElement.java:124)
	at org.openqa.selenium.support.events.EventFiringWebDriver$EventFiringWebElement.lambda$new$0(EventFiringWebDriver.java:404)
	at com.sun.proxy.$Proxy11.clear(Unknown Source)
	at org.openqa.selenium.support.events.EventFiringWebDriver$EventFiringWebElement.clear(EventFiringWebDriver.java:436)
	at com.kms.katalon.core.webui.keyword.builtin.SetTextKeyword$_setText_closure1.doCall(SetTextKeyword.groovy:53)
	at com.kms.katalon.core.webui.keyword.builtin.SetTextKeyword$_setText_closure1.call(SetTextKeyword.groovy)
	at com.kms.katalon.core.webui.keyword.internal.WebUIKeywordMain.runKeyword(WebUIKeywordMain.groovy:20)
	... 19 more


2022-07-21 17:41:20 - [TEST_STEP][PASSED] - openBrowser(""): Browser is opened with url: ''

2022-07-21 17:41:20 - [MESSAGE][WARNING] - A browser is already opened. Closing browser and opening a new one

2022-07-21 17:41:21 - [MESSAGE][INFO] - Starting 'Chrome' driver

2022-07-21 17:41:21 - [MESSAGE][INFO] - Action delay is set to 0 milliseconds

2022-07-21 17:41:23 - [MESSAGE][PASSED] - Browser is opened with url: ''

2022-07-21 17:41:23 - [TEST_STEP][PASSED] - maximizeWindow(): Current window maximized

2022-07-21 17:41:23 - [MESSAGE][PASSED] - Current window maximized

2022-07-21 17:41:23 - [TEST_STEP][PASSED] - navigateToUrl(URL): Navigate to 'https://pirqa.flex.com/login' successfully

2022-07-21 17:41:27 - [MESSAGE][PASSED] - Navigate to 'https://pirqa.flex.com/login' successfully

2022-07-21 17:41:27 - [TEST_STEP][PASSED] - setText(findTestObject("Page_It-Right Platform_GBS/Username"), Username): Text 'gssprpra' is set on object 'Object Repository/Page_It-Right Platform_GBS/Username'

2022-07-21 17:41:28 - [MESSAGE][PASSED] - Text 'gssprpra' is set on object 'Object Repository/Page_It-Right Platform_GBS/Username'

2022-07-21 17:41:28 - [TEST_STEP][PASSED] - setEncryptedText(findTestObject("Page_It-Right Platform_GBS/password"), Password): Text ****** has been set on object 'Object Repository/Page_It-Right Platform_GBS/password'

2022-07-21 17:41:28 - [MESSAGE][PASSED] - Text ****** has been set on object 'Object Repository/Page_It-Right Platform_GBS/password'

2022-07-21 17:41:28 - [TEST_STEP][PASSED] - click(findTestObject("Page_It-Right Platform_GBS/button_Sign in")): Object: 'Object Repository/Page_It-Right Platform_GBS/button_Sign in' is clicked on

2022-07-21 17:41:32 - [MESSAGE][PASSED] - Object: 'Object Repository/Page_It-Right Platform_GBS/button_Sign in' is clicked on

2022-07-21 17:41:32 - [TEST_STEP][PASSED] - click(findTestObject("Object Repository/Page_It-Right Platform_GBS/span_WelcomeToggler")): Object: 'Object Repository/Page_It-Right Platform_GBS/span_WelcomeToggler' is clicked on

2022-07-21 17:41:32 - [MESSAGE][PASSED] - Object: 'Object Repository/Page_It-Right Platform_GBS/span_WelcomeToggler' is clicked on

2022-07-21 17:41:32 - [TEST_STEP][PASSED] - verifyElementPresent(findTestObject("Object Repository/Page_It-Right Platform_GBS/div_WelcomeMenu"), 0): Object 'Object Repository/Page_It-Right Platform_GBS/div_WelcomeMenu' is present

2022-07-21 17:41:32 - [MESSAGE][WARNING] - Timeout '0' is invalid. Using default page load timeout: '30'

2022-07-21 17:41:33 - [MESSAGE][PASSED] - Object 'Object Repository/Page_It-Right Platform_GBS/div_WelcomeMenu' is present

2022-07-21 17:41:33 - [TEST_STEP][PASSED] - click(findTestObject("Object Repository/Page_It-Right Platform_GBS/span_GBS")): Object: 'Object Repository/Page_It-Right Platform_GBS/span_GBS' is clicked on

2022-07-21 17:41:38 - [MESSAGE][PASSED] - Object: 'Object Repository/Page_It-Right Platform_GBS/span_GBS' is clicked on

2022-07-21 17:41:38 - [TEST_STEP][PASSED] - delay(2): Delayed 2 second(s)

2022-07-21 17:41:40 - [MESSAGE][PASSED] - Delayed 2 second(s)

2022-07-21 17:41:40 - [TEST_STEP][PASSED] - click(findTestObject("Page_DIR_GBS/GBS Project/button_Technical Sourcing")): Object: 'Object Repository/Page_DIR_GBS/GBS Project/button_Technical Sourcing' is clicked on

2022-07-21 17:41:40 - [MESSAGE][PASSED] - Object: 'Object Repository/Page_DIR_GBS/GBS Project/button_Technical Sourcing' is clicked on

2022-07-21 17:41:40 - [TEST_STEP][PASSED] - click(findTestObject("Page_DIR_GBS/GBS Project/span_Flex_Organization")): Object: 'Object Repository/Page_DIR_GBS/GBS Project/span_Flex_Organization' is clicked on

2022-07-21 17:42:12 - [MESSAGE][INFO] - Unable to find the element located by 'By.xpath: //a[@id='bs-select-1-1']/span'. Please recheck the objects properties to make sure the desired element is located. 

2022-07-21 17:42:12 - [MESSAGE][WARNING] - [SELF-HEALING] Failed to find element with id 'Object Repository/Page_DIR_GBS/GBS Project/span_Flex_Organization'. Try using Self-healing.

2022-07-21 17:42:12 - [MESSAGE][INFO] - [SELF-HEALING] Failed Locator: '//a[@id='bs-select-1-1']/span'.

2022-07-21 17:42:12 - [MESSAGE][INFO] - [SELF-HEALING] Working Locator: '(.//*[normalize-space(text()) and normalize-space(.)='Technical Sourcing'])[3]/following::span[1]'.

2022-07-21 17:42:13 - [MESSAGE][INFO] - [SELF-HEALING] Screenshot: C:/Users/gssprpra/git/KatalonStudioCodeRep1/Reports/Self-healing/Object Repository/Page_DIR_GBS/GBS Project/span_Flex_Organization_neighbor.png

2022-07-21 17:42:13 - [MESSAGE][WARNING] - [SELF-HEALING] The current locator of test object 'Object Repository/Page_DIR_GBS/GBS Project/span_Flex_Organization' was broken. Propose an alternative one: '(.//*[normalize-space(text()) and normalize-space(.)='Technical Sourcing'])[3]/following::span[1]'.

2022-07-21 17:42:14 - [MESSAGE][PASSED] - Object: 'Object Repository/Page_DIR_GBS/GBS Project/span_Flex_Organization' is clicked on

2022-07-21 17:42:14 - [TEST_STEP][PASSED] - selectOptionByValue(findTestObject("Page_DIR_GBS/GBS Project/select_Organization"), "FLEX", true): All options with value 'FLEX' are selected in object 'Object Repository/Page_DIR_GBS/GBS Project/select_Organization'  using regular expression

2022-07-21 17:42:21 - [MESSAGE][PASSED] - All options with value 'FLEX' are selected in object 'Object Repository/Page_DIR_GBS/GBS Project/select_Organization'  using regular expression

2022-07-21 17:42:21 - [TEST_STEP][PASSED] - delay(2): Delayed 2 second(s)

2022-07-21 17:42:23 - [MESSAGE][PASSED] - Delayed 2 second(s)

2022-07-21 17:42:23 - [TEST_STEP][PASSED] - scrollToElement(findTestObject("Page_DIR_GBS/GBS Project/i_Project-folder-open"), 2): Scroll to object 'Object Repository/Page_DIR_GBS/GBS Project/i_Project-folder-open' successfully

2022-07-21 17:42:55 - [MESSAGE][INFO] - Unable to find the element located by 'By.xpath: //tr[@id='3835']/td[17]/a/i'. Please recheck the objects properties to make sure the desired element is located. 

2022-07-21 17:42:55 - [MESSAGE][WARNING] - [SELF-HEALING] Failed to find element with id 'Object Repository/Page_DIR_GBS/GBS Project/i_Project-folder-open'. Try using Self-healing.

2022-07-21 17:42:55 - [MESSAGE][WARNING] - [SELF-HEALING] The current locator of test object 'Object Repository/Page_DIR_GBS/GBS Project/i_Project-folder-open' was broken. Propose an alternative one: '//tr[2]/td[17]/a/i'.

2022-07-21 17:42:55 - [MESSAGE][PASSED] - Scroll to object 'Object Repository/Page_DIR_GBS/GBS Project/i_Project-folder-open' successfully

2022-07-21 17:42:55 - [TEST_STEP][PASSED] - click(findTestObject("Page_DIR_GBS/GBS Project/i_Project-folder-open")): Object: 'Object Repository/Page_DIR_GBS/GBS Project/i_Project-folder-open' is clicked on

2022-07-21 17:43:27 - [MESSAGE][INFO] - Unable to find the element located by 'By.xpath: //tr[@id='3835']/td[17]/a/i'. Please recheck the objects properties to make sure the desired element is located. 

2022-07-21 17:43:27 - [MESSAGE][WARNING] - [SELF-HEALING] Failed to find element with id 'Object Repository/Page_DIR_GBS/GBS Project/i_Project-folder-open'. Try using Self-healing.

2022-07-21 17:43:27 - [MESSAGE][WARNING] - [SELF-HEALING] The current locator of test object 'Object Repository/Page_DIR_GBS/GBS Project/i_Project-folder-open' was broken. Propose an alternative one: '//tr[2]/td[17]/a/i'.

2022-07-21 17:43:28 - [MESSAGE][PASSED] - Object: 'Object Repository/Page_DIR_GBS/GBS Project/i_Project-folder-open' is clicked on

2022-07-21 17:43:28 - [TEST_STEP][PASSED] - delay(3): Delayed 3 second(s)

2022-07-21 17:43:31 - [MESSAGE][PASSED] - Delayed 3 second(s)

2022-07-21 17:43:31 - [TEST_STEP][PASSED] - verifyElementPresent(findTestObject("Page_DIR_GBS/GBS Project/Alternate Finder/AF_Mainpage/a_Back to Projects"), 2): Object 'Object Repository/Page_DIR_GBS/GBS Project/Alternate Finder/AF_Mainpage/a_Back to Projects' is present

2022-07-21 17:43:31 - [MESSAGE][PASSED] - Object 'Object Repository/Page_DIR_GBS/GBS Project/Alternate Finder/AF_Mainpage/a_Back to Projects' is present

2022-07-21 17:43:31 - [TEST_STEP][PASSED] - verifyElementPresent(findTestObject("Page_DIR_GBS/GBS Project/Alternate Finder/AF_Mainpage/a_PIR-TEST-0005"), 2): Object 'Object Repository/Page_DIR_GBS/GBS Project/Alternate Finder/AF_Mainpage/a_PIR-TEST-0005' is present

2022-07-21 17:43:32 - [MESSAGE][PASSED] - Object 'Object Repository/Page_DIR_GBS/GBS Project/Alternate Finder/AF_Mainpage/a_PIR-TEST-0005' is present

2022-07-21 17:43:32 - [TEST_STEP][PASSED] - click(findTestObject("Page_DIR_GBS/GBS Project/Alternate Finder/AF_Mainpage/i_MPNoptionsMain")): Object: 'Object Repository/Page_DIR_GBS/GBS Project/Alternate Finder/AF_Mainpage/i_MPNoptionsMain' is clicked on

2022-07-21 17:43:32 - [MESSAGE][PASSED] - Object: 'Object Repository/Page_DIR_GBS/GBS Project/Alternate Finder/AF_Mainpage/i_MPNoptionsMain' is clicked on

2022-07-21 17:43:32 - [TEST_STEP][PASSED] - click(findTestObject("Page_DIR_GBS/GBS Project/Alternate Finder/AF_Mainpage/a_Review")): Object: 'Object Repository/Page_DIR_GBS/GBS Project/Alternate Finder/AF_Mainpage/a_Review' is clicked on

2022-07-21 17:43:33 - [MESSAGE][PASSED] - Object: 'Object Repository/Page_DIR_GBS/GBS Project/Alternate Finder/AF_Mainpage/a_Review' is clicked on

2022-07-21 17:43:33 - [TEST_STEP][PASSED] - delay(3): Delayed 3 second(s)

2022-07-21 17:43:36 - [MESSAGE][PASSED] - Delayed 3 second(s)

2022-07-21 17:43:36 - [TEST_STEP][PASSED] - verifyElementPresent(findTestObject("Page_DIR_GBS/GBS Project/Alternate Finder/AF_ReviewPage/h3_Parts Review"), 2): Object 'Object Repository/Page_DIR_GBS/GBS Project/Alternate Finder/AF_ReviewPage/h3_Parts Review' is present

2022-07-21 17:43:39 - [MESSAGE][PASSED] - Object 'Object Repository/Page_DIR_GBS/GBS Project/Alternate Finder/AF_ReviewPage/h3_Parts Review' is present

2022-07-21 17:43:39 - [TEST_STEP][PASSED] - verifyElementPresent(findTestObject("Page_DIR_GBS/GBS Project/Alternate Finder/AF_ReviewPage/span_PIR-TEST-0005"), 0): Object 'Object Repository/Page_DIR_GBS/GBS Project/Alternate Finder/AF_ReviewPage/span_PIR-TEST-0005' is present

2022-07-21 17:43:39 - [MESSAGE][WARNING] - Timeout '0' is invalid. Using default page load timeout: '30'

2022-07-21 17:43:39 - [MESSAGE][PASSED] - Object 'Object Repository/Page_DIR_GBS/GBS Project/Alternate Finder/AF_ReviewPage/span_PIR-TEST-0005' is present

2022-07-21 17:43:39 - [TEST_STEP][PASSED] - click(findTestObject("Page_DIR_GBS/GBS Project/Alternate Finder/AF_ReviewPage/button_Select product category")): Object: 'Object Repository/Page_DIR_GBS/GBS Project/Alternate Finder/AF_ReviewPage/button_Select product category' is clicked on

2022-07-21 17:43:40 - [MESSAGE][PASSED] - Object: 'Object Repository/Page_DIR_GBS/GBS Project/Alternate Finder/AF_ReviewPage/button_Select product category' is clicked on

2022-07-21 17:43:40 - [TEST_STEP][PASSED] - verifyElementPresent(findTestObject("Page_DIR_GBS/GBS Project/Alternate Finder/AF_ReviewPage/div_Select product category"), 2): Object 'Object Repository/Page_DIR_GBS/GBS Project/Alternate Finder/AF_ReviewPage/div_Select product category' is present

2022-07-21 17:43:40 - [MESSAGE][PASSED] - Object 'Object Repository/Page_DIR_GBS/GBS Project/Alternate Finder/AF_ReviewPage/div_Select product category' is present

2022-07-21 17:43:40 - [TEST_STEP][FAILED] - setText(findTestObject("Page_DIR_GBS/GBS Project/Alternate Finder/AF_ReviewPage/input_Select product category"), "cer"): Unable to set text 'cer' of object 'Object Repository/Page_DIR_GBS/GBS Project/Alternate Finder/AF_ReviewPage/input_Select product category' (Root cause: com.kms.katalon.core.exception.StepFailedException: Unable to set text 'cer' of object 'Object Repository/Page_DIR_GBS/GBS Project/Alternate Finder/AF_ReviewPage/input_Select product category'
	at com.kms.katalon.core.webui.keyword.internal.WebUIKeywordMain.stepFailed(WebUIKeywordMain.groovy:64)
	at com.kms.katalon.core.webui.keyword.internal.WebUIKeywordMain.runKeyword(WebUIKeywordMain.groovy:26)
	at com.kms.katalon.core.webui.keyword.builtin.SetTextKeyword.setText(SetTextKeyword.groovy:66)
	at com.kms.katalon.core.webui.keyword.builtin.SetTextKeyword.execute(SetTextKeyword.groovy:37)
	at com.kms.katalon.core.keyword.internal.KeywordExecutor.executeKeywordForPlatform(KeywordExecutor.groovy:74)
	at com.kms.katalon.core.webui.keyword.WebUiBuiltInKeywords.setText(WebUiBuiltInKeywords.groovy:980)
	at com.kms.katalon.core.webui.keyword.WebUiBuiltInKeywords$setText$2.call(Unknown Source)
	at AF_Review_Verify.run(AF_Review_Verify:72)
	at com.kms.katalon.core.main.ScriptEngine.run(ScriptEngine.java:194)
	at com.kms.katalon.core.main.ScriptEngine.runScriptAsRawText(ScriptEngine.java:119)
	at com.kms.katalon.core.main.TestCaseExecutor.runScript(TestCaseExecutor.java:445)
	at com.kms.katalon.core.main.TestCaseExecutor.doExecute(TestCaseExecutor.java:436)
	at com.kms.katalon.core.main.TestCaseExecutor.processExecutionPhase(TestCaseExecutor.java:415)
	at com.kms.katalon.core.main.TestCaseExecutor.accessMainPhase(TestCaseExecutor.java:407)
	at com.kms.katalon.core.main.TestCaseExecutor.execute(TestCaseExecutor.java:284)
	at com.kms.katalon.core.common.CommonExecutor.accessTestCaseMainPhase(CommonExecutor.java:65)
	at com.kms.katalon.core.main.TestSuiteExecutor.accessTestSuiteMainPhase(TestSuiteExecutor.java:144)
	at com.kms.katalon.core.main.TestSuiteExecutor.execute(TestSuiteExecutor.java:106)
	at com.kms.katalon.core.main.TestCaseMain.startTestSuite(TestCaseMain.java:185)
	at com.kms.katalon.core.main.TestCaseMain$startTestSuite$0.call(Unknown Source)
	at TempTestSuite1658405413626.run(TempTestSuite1658405413626.groovy:36)
Caused by: org.openqa.selenium.ElementNotInteractableException: element not interactable
  (Session info: chrome=103.0.5060.114)
Build info: version: '3.141.59', revision: 'e82be7d358', time: '2018-11-14T08:25:53'
System info: host: 'GSSM6818', ip: '10.195.96.32', os.name: 'Windows 10', os.arch: 'amd64', os.version: '10.0', java.version: '1.8.0_282'
Driver info: com.kms.katalon.selenium.driver.CChromeDriver
Capabilities {acceptInsecureCerts: false, browserName: chrome, browserVersion: 103.0.5060.114, chrome: {chromedriverVersion: 102.0.5005.61 (0e59bcc00cc4..., userDataDir: C:\Users\gssprpra\AppData\L...}, goog:chromeOptions: {debuggerAddress: localhost:54463}, javascriptEnabled: true, networkConnectionEnabled: false, pageLoadStrategy: normal, platform: WINDOWS, platformName: WINDOWS, proxy: Proxy(), setWindowRect: true, strictFileInteractability: false, timeouts: {implicit: 0, pageLoad: 300000, script: 30000}, unhandledPromptBehavior: dismiss and notify, webauthn:extension:credBlob: true, webauthn:extension:largeBlob: true, webauthn:virtualAuthenticators: true}
Session ID: 25defc351ac2425c167760de0c5d0910
	at org.openqa.selenium.remote.http.W3CHttpResponseCodec.createException(W3CHttpResponseCodec.java:187)
	at org.openqa.selenium.remote.http.W3CHttpResponseCodec.decode(W3CHttpResponseCodec.java:122)
	at org.openqa.selenium.remote.http.W3CHttpResponseCodec.decode(W3CHttpResponseCodec.java:49)
	at org.openqa.selenium.remote.HttpCommandExecutor.execute(HttpCommandExecutor.java:158)
	at org.openqa.selenium.remote.service.DriverCommandExecutor.execute(DriverCommandExecutor.java:83)
	at org.openqa.selenium.remote.RemoteWebDriver.execute(RemoteWebDriver.java:552)
	at com.kms.katalon.selenium.driver.CChromeDriver.execute(CChromeDriver.java:19)
	at org.openqa.selenium.remote.RemoteWebElement.execute(RemoteWebElement.java:285)
	at org.openqa.selenium.remote.RemoteWebElement.clear(RemoteWebElement.java:124)
	at org.openqa.selenium.support.events.EventFiringWebDriver$EventFiringWebElement.lambda$new$0(EventFiringWebDriver.java:404)
	at com.sun.proxy.$Proxy11.clear(Unknown Source)
	at org.openqa.selenium.support.events.EventFiringWebDriver$EventFiringWebElement.clear(EventFiringWebDriver.java:436)
	at com.kms.katalon.core.webui.keyword.builtin.SetTextKeyword$_setText_closure1.doCall(SetTextKeyword.groovy:53)
	at com.kms.katalon.core.webui.keyword.builtin.SetTextKeyword$_setText_closure1.call(SetTextKeyword.groovy)
	at com.kms.katalon.core.webui.keyword.internal.WebUIKeywordMain.runKeyword(WebUIKeywordMain.groovy:20)
	at com.kms.katalon.core.webui.keyword.builtin.SetTextKeyword.setText(SetTextKeyword.groovy:66)
	at com.kms.katalon.core.webui.keyword.builtin.SetTextKeyword.execute(SetTextKeyword.groovy:37)
	at com.kms.katalon.core.keyword.internal.KeywordExecutor.executeKeywordForPlatform(KeywordExecutor.groovy:74)
	at com.kms.katalon.core.webui.keyword.WebUiBuiltInKeywords.setText(WebUiBuiltInKeywords.groovy:980)
	at com.kms.katalon.core.webui.keyword.WebUiBuiltInKeywords$setText$2.call(Unknown Source)
	at Script1655200255952.run(Script1655200255952.groovy:72)
	... 13 more
)

2022-07-21 17:43:41 - [MESSAGE][FAILED] - Unable to set text 'cer' of object 'Object Repository/Page_DIR_GBS/GBS Project/Alternate Finder/AF_ReviewPage/input_Select product category' (Root cause: com.kms.katalon.core.exception.StepFailedException: Unable to set text 'cer' of object 'Object Repository/Page_DIR_GBS/GBS Project/Alternate Finder/AF_ReviewPage/input_Select product category'
	at com.kms.katalon.core.webui.keyword.internal.WebUIKeywordMain.stepFailed(WebUIKeywordMain.groovy:64)
	at com.kms.katalon.core.webui.keyword.internal.WebUIKeywordMain.runKeyword(WebUIKeywordMain.groovy:26)
	at com.kms.katalon.core.webui.keyword.builtin.SetTextKeyword.setText(SetTextKeyword.groovy:66)
	at com.kms.katalon.core.webui.keyword.builtin.SetTextKeyword.execute(SetTextKeyword.groovy:37)
	at com.kms.katalon.core.keyword.internal.KeywordExecutor.executeKeywordForPlatform(KeywordExecutor.groovy:74)
	at com.kms.katalon.core.webui.keyword.WebUiBuiltInKeywords.setText(WebUiBuiltInKeywords.groovy:980)
	at com.kms.katalon.core.webui.keyword.WebUiBuiltInKeywords$setText$2.call(Unknown Source)
	at AF_Review_Verify.run(AF_Review_Verify:72)
	at com.kms.katalon.core.main.ScriptEngine.run(ScriptEngine.java:194)
	at com.kms.katalon.core.main.ScriptEngine.runScriptAsRawText(ScriptEngine.java:119)
	at com.kms.katalon.core.main.TestCaseExecutor.runScript(TestCaseExecutor.java:445)
	at com.kms.katalon.core.main.TestCaseExecutor.doExecute(TestCaseExecutor.java:436)
	at com.kms.katalon.core.main.TestCaseExecutor.processExecutionPhase(TestCaseExecutor.java:415)
	at com.kms.katalon.core.main.TestCaseExecutor.accessMainPhase(TestCaseExecutor.java:407)
	at com.kms.katalon.core.main.TestCaseExecutor.execute(TestCaseExecutor.java:284)
	at com.kms.katalon.core.common.CommonExecutor.accessTestCaseMainPhase(CommonExecutor.java:65)
	at com.kms.katalon.core.main.TestSuiteExecutor.accessTestSuiteMainPhase(TestSuiteExecutor.java:144)
	at com.kms.katalon.core.main.TestSuiteExecutor.execute(TestSuiteExecutor.java:106)
	at com.kms.katalon.core.main.TestCaseMain.startTestSuite(TestCaseMain.java:185)
	at com.kms.katalon.core.main.TestCaseMain$startTestSuite$0.call(Unknown Source)
	at TempTestSuite1658405413626.run(TempTestSuite1658405413626.groovy:36)
Caused by: org.openqa.selenium.ElementNotInteractableException: element not interactable
  (Session info: chrome=103.0.5060.114)
Build info: version: '3.141.59', revision: 'e82be7d358', time: '2018-11-14T08:25:53'
System info: host: 'GSSM6818', ip: '10.195.96.32', os.name: 'Windows 10', os.arch: 'amd64', os.version: '10.0', java.version: '1.8.0_282'
Driver info: com.kms.katalon.selenium.driver.CChromeDriver
Capabilities {acceptInsecureCerts: false, browserName: chrome, browserVersion: 103.0.5060.114, chrome: {chromedriverVersion: 102.0.5005.61 (0e59bcc00cc4..., userDataDir: C:\Users\gssprpra\AppData\L...}, goog:chromeOptions: {debuggerAddress: localhost:54463}, javascriptEnabled: true, networkConnectionEnabled: false, pageLoadStrategy: normal, platform: WINDOWS, platformName: WINDOWS, proxy: Proxy(), setWindowRect: true, strictFileInteractability: false, timeouts: {implicit: 0, pageLoad: 300000, script: 30000}, unhandledPromptBehavior: dismiss and notify, webauthn:extension:credBlob: true, webauthn:extension:largeBlob: true, webauthn:virtualAuthenticators: true}
Session ID: 25defc351ac2425c167760de0c5d0910
	at org.openqa.selenium.remote.http.W3CHttpResponseCodec.createException(W3CHttpResponseCodec.java:187)
	at org.openqa.selenium.remote.http.W3CHttpResponseCodec.decode(W3CHttpResponseCodec.java:122)
	at org.openqa.selenium.remote.http.W3CHttpResponseCodec.decode(W3CHttpResponseCodec.java:49)
	at org.openqa.selenium.remote.HttpCommandExecutor.execute(HttpCommandExecutor.java:158)
	at org.openqa.selenium.remote.service.DriverCommandExecutor.execute(DriverCommandExecutor.java:83)
	at org.openqa.selenium.remote.RemoteWebDriver.execute(RemoteWebDriver.java:552)
	at com.kms.katalon.selenium.driver.CChromeDriver.execute(CChromeDriver.java:19)
	at org.openqa.selenium.remote.RemoteWebElement.execute(RemoteWebElement.java:285)
	at org.openqa.selenium.remote.RemoteWebElement.clear(RemoteWebElement.java:124)
	at org.openqa.selenium.support.events.EventFiringWebDriver$EventFiringWebElement.lambda$new$0(EventFiringWebDriver.java:404)
	at com.sun.proxy.$Proxy11.clear(Unknown Source)
	at org.openqa.selenium.support.events.EventFiringWebDriver$EventFiringWebElement.clear(EventFiringWebDriver.java:436)
	at com.kms.katalon.core.webui.keyword.builtin.SetTextKeyword$_setText_closure1.doCall(SetTextKeyword.groovy:53)
	at com.kms.katalon.core.webui.keyword.builtin.SetTextKeyword$_setText_closure1.call(SetTextKeyword.groovy)
	at com.kms.katalon.core.webui.keyword.internal.WebUIKeywordMain.runKeyword(WebUIKeywordMain.groovy:20)
	at com.kms.katalon.core.webui.keyword.builtin.SetTextKeyword.setText(SetTextKeyword.groovy:66)
	at com.kms.katalon.core.webui.keyword.builtin.SetTextKeyword.execute(SetTextKeyword.groovy:37)
	at com.kms.katalon.core.keyword.internal.KeywordExecutor.executeKeywordForPlatform(KeywordExecutor.groovy:74)
	at com.kms.katalon.core.webui.keyword.WebUiBuiltInKeywords.setText(WebUiBuiltInKeywords.groovy:980)
	at com.kms.katalon.core.webui.keyword.WebUiBuiltInKeywords$setText$2.call(Unknown Source)
	at Script1655200255952.run(Script1655200255952.groovy:72)
	... 13 more
)
[[ATTACHMENT|C:\\Users\\gssprpra\\git\\KatalonStudioCodeRep1\\Reports\\20220721_174013\\Sanity_GBS_SF_CIR\\20220721_174013\\1658405621491.png]]]]></system-out>
         <system-err><![CDATA[2022-07-21 17:41:18 - [TEST_CASE][FAILED] - Test Cases/Sanity/GBS/AF_Review_Verify: Test Cases/Sanity/GBS/AF_Review_Verify FAILED.
Reason:
com.kms.katalon.core.exception.StepFailedException: Unable to set text 'cer' of object 'Object Repository/Page_DIR_GBS/GBS Project/Alternate Finder/AF_ReviewPage/input_Select product category'
	at com.kms.katalon.core.webui.keyword.internal.WebUIKeywordMain.stepFailed(WebUIKeywordMain.groovy:64)
	at com.kms.katalon.core.webui.keyword.internal.WebUIKeywordMain.runKeyword(WebUIKeywordMain.groovy:26)
	at com.kms.katalon.core.webui.keyword.builtin.SetTextKeyword.setText(SetTextKeyword.groovy:66)
	at com.kms.katalon.core.webui.keyword.builtin.SetTextKeyword.execute(SetTextKeyword.groovy:37)
	at com.kms.katalon.core.keyword.internal.KeywordExecutor.executeKeywordForPlatform(KeywordExecutor.groovy:74)
	at com.kms.katalon.core.webui.keyword.WebUiBuiltInKeywords.setText(WebUiBuiltInKeywords.groovy:980)
	at com.kms.katalon.core.webui.keyword.WebUiBuiltInKeywords$setText$2.call(Unknown Source)
	at AF_Review_Verify.run(AF_Review_Verify:72)
	at com.kms.katalon.core.main.ScriptEngine.run(ScriptEngine.java:194)
	at com.kms.katalon.core.main.ScriptEngine.runScriptAsRawText(ScriptEngine.java:119)
	at com.kms.katalon.core.main.TestCaseExecutor.runScript(TestCaseExecutor.java:445)
	at com.kms.katalon.core.main.TestCaseExecutor.doExecute(TestCaseExecutor.java:436)
	at com.kms.katalon.core.main.TestCaseExecutor.processExecutionPhase(TestCaseExecutor.java:415)
	at com.kms.katalon.core.main.TestCaseExecutor.accessMainPhase(TestCaseExecutor.java:407)
	at com.kms.katalon.core.main.TestCaseExecutor.execute(TestCaseExecutor.java:284)
	at com.kms.katalon.core.common.CommonExecutor.accessTestCaseMainPhase(CommonExecutor.java:65)
	at com.kms.katalon.core.main.TestSuiteExecutor.accessTestSuiteMainPhase(TestSuiteExecutor.java:144)
	at com.kms.katalon.core.main.TestSuiteExecutor.execute(TestSuiteExecutor.java:106)
	at com.kms.katalon.core.main.TestCaseMain.startTestSuite(TestCaseMain.java:185)
	at com.kms.katalon.core.main.TestCaseMain$startTestSuite$0.call(Unknown Source)
	at TempTestSuite1658405413626.run(TempTestSuite1658405413626.groovy:36)
Caused by: org.openqa.selenium.ElementNotInteractableException: element not interactable
  (Session info: chrome=103.0.5060.114)
Build info: version: '3.141.59', revision: 'e82be7d358', time: '2018-11-14T08:25:53'
System info: host: 'GSSM6818', ip: '10.195.96.32', os.name: 'Windows 10', os.arch: 'amd64', os.version: '10.0', java.version: '1.8.0_282'
Driver info: com.kms.katalon.selenium.driver.CChromeDriver
Capabilities {acceptInsecureCerts: false, browserName: chrome, browserVersion: 103.0.5060.114, chrome: {chromedriverVersion: 102.0.5005.61 (0e59bcc00cc4..., userDataDir: C:\Users\gssprpra\AppData\L...}, goog:chromeOptions: {debuggerAddress: localhost:54463}, javascriptEnabled: true, networkConnectionEnabled: false, pageLoadStrategy: normal, platform: WINDOWS, platformName: WINDOWS, proxy: Proxy(), setWindowRect: true, strictFileInteractability: false, timeouts: {implicit: 0, pageLoad: 300000, script: 30000}, unhandledPromptBehavior: dismiss and notify, webauthn:extension:credBlob: true, webauthn:extension:largeBlob: true, webauthn:virtualAuthenticators: true}
Session ID: 25defc351ac2425c167760de0c5d0910
	at org.openqa.selenium.remote.http.W3CHttpResponseCodec.createException(W3CHttpResponseCodec.java:187)
	at org.openqa.selenium.remote.http.W3CHttpResponseCodec.decode(W3CHttpResponseCodec.java:122)
	at org.openqa.selenium.remote.http.W3CHttpResponseCodec.decode(W3CHttpResponseCodec.java:49)
	at org.openqa.selenium.remote.HttpCommandExecutor.execute(HttpCommandExecutor.java:158)
	at org.openqa.selenium.remote.service.DriverCommandExecutor.execute(DriverCommandExecutor.java:83)
	at org.openqa.selenium.remote.RemoteWebDriver.execute(RemoteWebDriver.java:552)
	at com.kms.katalon.selenium.driver.CChromeDriver.execute(CChromeDriver.java:19)
	at org.openqa.selenium.remote.RemoteWebElement.execute(RemoteWebElement.java:285)
	at org.openqa.selenium.remote.RemoteWebElement.clear(RemoteWebElement.java:124)
	at org.openqa.selenium.support.events.EventFiringWebDriver$EventFiringWebElement.lambda$new$0(EventFiringWebDriver.java:404)
	at com.sun.proxy.$Proxy11.clear(Unknown Source)
	at org.openqa.selenium.support.events.EventFiringWebDriver$EventFiringWebElement.clear(EventFiringWebDriver.java:436)
	at com.kms.katalon.core.webui.keyword.builtin.SetTextKeyword$_setText_closure1.doCall(SetTextKeyword.groovy:53)
	at com.kms.katalon.core.webui.keyword.builtin.SetTextKeyword$_setText_closure1.call(SetTextKeyword.groovy)
	at com.kms.katalon.core.webui.keyword.internal.WebUIKeywordMain.runKeyword(WebUIKeywordMain.groovy:20)
	... 19 more]]></system-err>
      </testcase>
      <testcase name="Test Cases/Checklist/GBS/AF_Review_Save" time="109.663" classname="Test Cases/Checklist/GBS/AF_Review_Save" status="FAILED">
         <failure type="FAILED" message="Test Cases/Checklist/GBS/AF_Review_Save FAILED.
Reason:
com.kms.katalon.core.exception.StepFailedException: Unable to set text 'cer' of object 'Object Repository/Page_DIR_GBS/GBS Project/Alternate Finder/AF_ReviewPage/input_Select product category'
	at com.kms.katalon.core.webui.keyword.internal.WebUIKeywordMain.stepFailed(WebUIKeywordMain.groovy:64)
	at com.kms.katalon.core.webui.keyword.internal.WebUIKeywordMain.runKeyword(WebUIKeywordMain.groovy:26)
	at com.kms.katalon.core.webui.keyword.builtin.SetTextKeyword.setText(SetTextKeyword.groovy:66)
	at com.kms.katalon.core.webui.keyword.builtin.SetTextKeyword.execute(SetTextKeyword.groovy:37)
	at com.kms.katalon.core.keyword.internal.KeywordExecutor.executeKeywordForPlatform(KeywordExecutor.groovy:74)
	at com.kms.katalon.core.webui.keyword.WebUiBuiltInKeywords.setText(WebUiBuiltInKeywords.groovy:980)
	at com.kms.katalon.core.webui.keyword.WebUiBuiltInKeywords$setText$2.call(Unknown Source)
	at AF_Review_Save.run(AF_Review_Save:72)
	at com.kms.katalon.core.main.ScriptEngine.run(ScriptEngine.java:194)
	at com.kms.katalon.core.main.ScriptEngine.runScriptAsRawText(ScriptEngine.java:119)
	at com.kms.katalon.core.main.TestCaseExecutor.runScript(TestCaseExecutor.java:445)
	at com.kms.katalon.core.main.TestCaseExecutor.doExecute(TestCaseExecutor.java:436)
	at com.kms.katalon.core.main.TestCaseExecutor.processExecutionPhase(TestCaseExecutor.java:415)
	at com.kms.katalon.core.main.TestCaseExecutor.accessMainPhase(TestCaseExecutor.java:407)
	at com.kms.katalon.core.main.TestCaseExecutor.execute(TestCaseExecutor.java:284)
	at com.kms.katalon.core.common.CommonExecutor.accessTestCaseMainPhase(CommonExecutor.java:65)
	at com.kms.katalon.core.main.TestSuiteExecutor.accessTestSuiteMainPhase(TestSuiteExecutor.java:144)
	at com.kms.katalon.core.main.TestSuiteExecutor.execute(TestSuiteExecutor.java:106)
	at com.kms.katalon.core.main.TestCaseMain.startTestSuite(TestCaseMain.java:185)
	at com.kms.katalon.core.main.TestCaseMain$startTestSuite$0.call(Unknown Source)
	at TempTestSuite1658405413626.run(TempTestSuite1658405413626.groovy:36)
Caused by: org.openqa.selenium.ElementNotInteractableException: element not interactable
  (Session info: chrome=103.0.5060.114)
Build info: version: '3.141.59', revision: 'e82be7d358', time: '2018-11-14T08:25:53'
System info: host: 'GSSM6818', ip: '10.195.96.32', os.name: 'Windows 10', os.arch: 'amd64', os.version: '10.0', java.version: '1.8.0_282'
Driver info: com.kms.katalon.selenium.driver.CChromeDriver
Capabilities {acceptInsecureCerts: false, browserName: chrome, browserVersion: 103.0.5060.114, chrome: {chromedriverVersion: 102.0.5005.61 (0e59bcc00cc4..., userDataDir: C:\Users\gssprpra\AppData\L...}, goog:chromeOptions: {debuggerAddress: localhost:54827}, javascriptEnabled: true, networkConnectionEnabled: false, pageLoadStrategy: normal, platform: WINDOWS, platformName: WINDOWS, proxy: Proxy(), setWindowRect: true, strictFileInteractability: false, timeouts: {implicit: 0, pageLoad: 300000, script: 30000}, unhandledPromptBehavior: dismiss and notify, webauthn:extension:credBlob: true, webauthn:extension:largeBlob: true, webauthn:virtualAuthenticators: true}
Session ID: 78c1bdf3f216849ad13e88796db4cb62
	at org.openqa.selenium.remote.http.W3CHttpResponseCodec.createException(W3CHttpResponseCodec.java:187)
	at org.openqa.selenium.remote.http.W3CHttpResponseCodec.decode(W3CHttpResponseCodec.java:122)
	at org.openqa.selenium.remote.http.W3CHttpResponseCodec.decode(W3CHttpResponseCodec.java:49)
	at org.openqa.selenium.remote.HttpCommandExecutor.execute(HttpCommandExecutor.java:158)
	at org.openqa.selenium.remote.service.DriverCommandExecutor.execute(DriverCommandExecutor.java:83)
	at org.openqa.selenium.remote.RemoteWebDriver.execute(RemoteWebDriver.java:552)
	at com.kms.katalon.selenium.driver.CChromeDriver.execute(CChromeDriver.java:19)
	at org.openqa.selenium.remote.RemoteWebElement.execute(RemoteWebElement.java:285)
	at org.openqa.selenium.remote.RemoteWebElement.clear(RemoteWebElement.java:124)
	at org.openqa.selenium.support.events.EventFiringWebDriver$EventFiringWebElement.lambda$new$0(EventFiringWebDriver.java:404)
	at com.sun.proxy.$Proxy11.clear(Unknown Source)
	at org.openqa.selenium.support.events.EventFiringWebDriver$EventFiringWebElement.clear(EventFiringWebDriver.java:436)
	at com.kms.katalon.core.webui.keyword.builtin.SetTextKeyword$_setText_closure1.doCall(SetTextKeyword.groovy:53)
	at com.kms.katalon.core.webui.keyword.builtin.SetTextKeyword$_setText_closure1.call(SetTextKeyword.groovy)
	at com.kms.katalon.core.webui.keyword.internal.WebUIKeywordMain.runKeyword(WebUIKeywordMain.groovy:20)
	... 19 more
"/>
         <system-out><![CDATA[2022-07-21 17:43:41 - [TEST_CASE][FAILED] - Test Cases/Checklist/GBS/AF_Review_Save: Test Cases/Checklist/GBS/AF_Review_Save FAILED.
Reason:
com.kms.katalon.core.exception.StepFailedException: Unable to set text 'cer' of object 'Object Repository/Page_DIR_GBS/GBS Project/Alternate Finder/AF_ReviewPage/input_Select product category'
	at com.kms.katalon.core.webui.keyword.internal.WebUIKeywordMain.stepFailed(WebUIKeywordMain.groovy:64)
	at com.kms.katalon.core.webui.keyword.internal.WebUIKeywordMain.runKeyword(WebUIKeywordMain.groovy:26)
	at com.kms.katalon.core.webui.keyword.builtin.SetTextKeyword.setText(SetTextKeyword.groovy:66)
	at com.kms.katalon.core.webui.keyword.builtin.SetTextKeyword.execute(SetTextKeyword.groovy:37)
	at com.kms.katalon.core.keyword.internal.KeywordExecutor.executeKeywordForPlatform(KeywordExecutor.groovy:74)
	at com.kms.katalon.core.webui.keyword.WebUiBuiltInKeywords.setText(WebUiBuiltInKeywords.groovy:980)
	at com.kms.katalon.core.webui.keyword.WebUiBuiltInKeywords$setText$2.call(Unknown Source)
	at AF_Review_Save.run(AF_Review_Save:72)
	at com.kms.katalon.core.main.ScriptEngine.run(ScriptEngine.java:194)
	at com.kms.katalon.core.main.ScriptEngine.runScriptAsRawText(ScriptEngine.java:119)
	at com.kms.katalon.core.main.TestCaseExecutor.runScript(TestCaseExecutor.java:445)
	at com.kms.katalon.core.main.TestCaseExecutor.doExecute(TestCaseExecutor.java:436)
	at com.kms.katalon.core.main.TestCaseExecutor.processExecutionPhase(TestCaseExecutor.java:415)
	at com.kms.katalon.core.main.TestCaseExecutor.accessMainPhase(TestCaseExecutor.java:407)
	at com.kms.katalon.core.main.TestCaseExecutor.execute(TestCaseExecutor.java:284)
	at com.kms.katalon.core.common.CommonExecutor.accessTestCaseMainPhase(CommonExecutor.java:65)
	at com.kms.katalon.core.main.TestSuiteExecutor.accessTestSuiteMainPhase(TestSuiteExecutor.java:144)
	at com.kms.katalon.core.main.TestSuiteExecutor.execute(TestSuiteExecutor.java:106)
	at com.kms.katalon.core.main.TestCaseMain.startTestSuite(TestCaseMain.java:185)
	at com.kms.katalon.core.main.TestCaseMain$startTestSuite$0.call(Unknown Source)
	at TempTestSuite1658405413626.run(TempTestSuite1658405413626.groovy:36)
Caused by: org.openqa.selenium.ElementNotInteractableException: element not interactable
  (Session info: chrome=103.0.5060.114)
Build info: version: '3.141.59', revision: 'e82be7d358', time: '2018-11-14T08:25:53'
System info: host: 'GSSM6818', ip: '10.195.96.32', os.name: 'Windows 10', os.arch: 'amd64', os.version: '10.0', java.version: '1.8.0_282'
Driver info: com.kms.katalon.selenium.driver.CChromeDriver
Capabilities {acceptInsecureCerts: false, browserName: chrome, browserVersion: 103.0.5060.114, chrome: {chromedriverVersion: 102.0.5005.61 (0e59bcc00cc4..., userDataDir: C:\Users\gssprpra\AppData\L...}, goog:chromeOptions: {debuggerAddress: localhost:54827}, javascriptEnabled: true, networkConnectionEnabled: false, pageLoadStrategy: normal, platform: WINDOWS, platformName: WINDOWS, proxy: Proxy(), setWindowRect: true, strictFileInteractability: false, timeouts: {implicit: 0, pageLoad: 300000, script: 30000}, unhandledPromptBehavior: dismiss and notify, webauthn:extension:credBlob: true, webauthn:extension:largeBlob: true, webauthn:virtualAuthenticators: true}
Session ID: 78c1bdf3f216849ad13e88796db4cb62
	at org.openqa.selenium.remote.http.W3CHttpResponseCodec.createException(W3CHttpResponseCodec.java:187)
	at org.openqa.selenium.remote.http.W3CHttpResponseCodec.decode(W3CHttpResponseCodec.java:122)
	at org.openqa.selenium.remote.http.W3CHttpResponseCodec.decode(W3CHttpResponseCodec.java:49)
	at org.openqa.selenium.remote.HttpCommandExecutor.execute(HttpCommandExecutor.java:158)
	at org.openqa.selenium.remote.service.DriverCommandExecutor.execute(DriverCommandExecutor.java:83)
	at org.openqa.selenium.remote.RemoteWebDriver.execute(RemoteWebDriver.java:552)
	at com.kms.katalon.selenium.driver.CChromeDriver.execute(CChromeDriver.java:19)
	at org.openqa.selenium.remote.RemoteWebElement.execute(RemoteWebElement.java:285)
	at org.openqa.selenium.remote.RemoteWebElement.clear(RemoteWebElement.java:124)
	at org.openqa.selenium.support.events.EventFiringWebDriver$EventFiringWebElement.lambda$new$0(EventFiringWebDriver.java:404)
	at com.sun.proxy.$Proxy11.clear(Unknown Source)
	at org.openqa.selenium.support.events.EventFiringWebDriver$EventFiringWebElement.clear(EventFiringWebDriver.java:436)
	at com.kms.katalon.core.webui.keyword.builtin.SetTextKeyword$_setText_closure1.doCall(SetTextKeyword.groovy:53)
	at com.kms.katalon.core.webui.keyword.builtin.SetTextKeyword$_setText_closure1.call(SetTextKeyword.groovy)
	at com.kms.katalon.core.webui.keyword.internal.WebUIKeywordMain.runKeyword(WebUIKeywordMain.groovy:20)
	... 19 more


2022-07-21 17:43:43 - [TEST_STEP][PASSED] - openBrowser(""): Browser is opened with url: ''

2022-07-21 17:43:43 - [MESSAGE][WARNING] - A browser is already opened. Closing browser and opening a new one

2022-07-21 17:43:43 - [MESSAGE][INFO] - Starting 'Chrome' driver

2022-07-21 17:43:43 - [MESSAGE][INFO] - Action delay is set to 0 milliseconds

2022-07-21 17:43:45 - [MESSAGE][PASSED] - Browser is opened with url: ''

2022-07-21 17:43:45 - [TEST_STEP][PASSED] - maximizeWindow(): Current window maximized

2022-07-21 17:43:46 - [MESSAGE][PASSED] - Current window maximized

2022-07-21 17:43:46 - [TEST_STEP][PASSED] - navigateToUrl(URL): Navigate to 'https://pirqa.flex.com/login' successfully

2022-07-21 17:43:49 - [MESSAGE][PASSED] - Navigate to 'https://pirqa.flex.com/login' successfully

2022-07-21 17:43:49 - [TEST_STEP][PASSED] - setText(findTestObject("Page_It-Right Platform_GBS/Username"), Username): Text 'gssprpra' is set on object 'Object Repository/Page_It-Right Platform_GBS/Username'

2022-07-21 17:43:50 - [MESSAGE][PASSED] - Text 'gssprpra' is set on object 'Object Repository/Page_It-Right Platform_GBS/Username'

2022-07-21 17:43:50 - [TEST_STEP][PASSED] - setEncryptedText(findTestObject("Page_It-Right Platform_GBS/password"), Password): Text ****** has been set on object 'Object Repository/Page_It-Right Platform_GBS/password'

2022-07-21 17:43:51 - [MESSAGE][PASSED] - Text ****** has been set on object 'Object Repository/Page_It-Right Platform_GBS/password'

2022-07-21 17:43:51 - [TEST_STEP][PASSED] - click(findTestObject("Page_It-Right Platform_GBS/button_Sign in")): Object: 'Object Repository/Page_It-Right Platform_GBS/button_Sign in' is clicked on

2022-07-21 17:43:55 - [MESSAGE][PASSED] - Object: 'Object Repository/Page_It-Right Platform_GBS/button_Sign in' is clicked on

2022-07-21 17:43:55 - [TEST_STEP][PASSED] - click(findTestObject("Object Repository/Page_It-Right Platform_GBS/span_WelcomeToggler")): Object: 'Object Repository/Page_It-Right Platform_GBS/span_WelcomeToggler' is clicked on

2022-07-21 17:43:55 - [MESSAGE][PASSED] - Object: 'Object Repository/Page_It-Right Platform_GBS/span_WelcomeToggler' is clicked on

2022-07-21 17:43:55 - [TEST_STEP][PASSED] - verifyElementPresent(findTestObject("Object Repository/Page_It-Right Platform_GBS/div_WelcomeMenu"), 0): Object 'Object Repository/Page_It-Right Platform_GBS/div_WelcomeMenu' is present

2022-07-21 17:43:56 - [MESSAGE][WARNING] - Timeout '0' is invalid. Using default page load timeout: '30'

2022-07-21 17:43:56 - [MESSAGE][PASSED] - Object 'Object Repository/Page_It-Right Platform_GBS/div_WelcomeMenu' is present

2022-07-21 17:43:56 - [TEST_STEP][PASSED] - click(findTestObject("Object Repository/Page_It-Right Platform_GBS/span_GBS")): Object: 'Object Repository/Page_It-Right Platform_GBS/span_GBS' is clicked on

2022-07-21 17:44:04 - [MESSAGE][PASSED] - Object: 'Object Repository/Page_It-Right Platform_GBS/span_GBS' is clicked on

2022-07-21 17:44:04 - [TEST_STEP][PASSED] - delay(2): Delayed 2 second(s)

2022-07-21 17:44:06 - [MESSAGE][PASSED] - Delayed 2 second(s)

2022-07-21 17:44:06 - [TEST_STEP][PASSED] - click(findTestObject("Page_DIR_GBS/GBS Project/button_Technical Sourcing")): Object: 'Object Repository/Page_DIR_GBS/GBS Project/button_Technical Sourcing' is clicked on

2022-07-21 17:44:06 - [MESSAGE][PASSED] - Object: 'Object Repository/Page_DIR_GBS/GBS Project/button_Technical Sourcing' is clicked on

2022-07-21 17:44:06 - [TEST_STEP][PASSED] - click(findTestObject("Page_DIR_GBS/GBS Project/span_Flex_Organization")): Object: 'Object Repository/Page_DIR_GBS/GBS Project/span_Flex_Organization' is clicked on

2022-07-21 17:44:07 - [MESSAGE][PASSED] - Object: 'Object Repository/Page_DIR_GBS/GBS Project/span_Flex_Organization' is clicked on

2022-07-21 17:44:07 - [TEST_STEP][PASSED] - selectOptionByValue(findTestObject("Page_DIR_GBS/GBS Project/select_Organization"), "FLEX", true): All options with value 'FLEX' are selected in object 'Object Repository/Page_DIR_GBS/GBS Project/select_Organization'  using regular expression

2022-07-21 17:44:14 - [MESSAGE][PASSED] - All options with value 'FLEX' are selected in object 'Object Repository/Page_DIR_GBS/GBS Project/select_Organization'  using regular expression

2022-07-21 17:44:14 - [TEST_STEP][PASSED] - delay(2): Delayed 2 second(s)

2022-07-21 17:44:16 - [MESSAGE][PASSED] - Delayed 2 second(s)

2022-07-21 17:44:16 - [TEST_STEP][PASSED] - scrollToElement(findTestObject("Page_DIR_GBS/GBS Project/i_Project-folder-open"), 2): Scroll to object 'Object Repository/Page_DIR_GBS/GBS Project/i_Project-folder-open' successfully

2022-07-21 17:44:47 - [MESSAGE][INFO] - Unable to find the element located by 'By.xpath: //tr[@id='3835']/td[17]/a/i'. Please recheck the objects properties to make sure the desired element is located. 

2022-07-21 17:44:47 - [MESSAGE][WARNING] - [SELF-HEALING] Failed to find element with id 'Object Repository/Page_DIR_GBS/GBS Project/i_Project-folder-open'. Try using Self-healing.

2022-07-21 17:44:47 - [MESSAGE][WARNING] - [SELF-HEALING] The current locator of test object 'Object Repository/Page_DIR_GBS/GBS Project/i_Project-folder-open' was broken. Propose an alternative one: '//tr[2]/td[17]/a/i'.

2022-07-21 17:44:47 - [MESSAGE][PASSED] - Scroll to object 'Object Repository/Page_DIR_GBS/GBS Project/i_Project-folder-open' successfully

2022-07-21 17:44:47 - [TEST_STEP][PASSED] - click(findTestObject("Page_DIR_GBS/GBS Project/i_Project-folder-open")): Object: 'Object Repository/Page_DIR_GBS/GBS Project/i_Project-folder-open' is clicked on

2022-07-21 17:45:19 - [MESSAGE][INFO] - Unable to find the element located by 'By.xpath: //tr[@id='3835']/td[17]/a/i'. Please recheck the objects properties to make sure the desired element is located. 

2022-07-21 17:45:19 - [MESSAGE][WARNING] - [SELF-HEALING] Failed to find element with id 'Object Repository/Page_DIR_GBS/GBS Project/i_Project-folder-open'. Try using Self-healing.

2022-07-21 17:45:19 - [MESSAGE][WARNING] - [SELF-HEALING] The current locator of test object 'Object Repository/Page_DIR_GBS/GBS Project/i_Project-folder-open' was broken. Propose an alternative one: '//tr[2]/td[17]/a/i'.

2022-07-21 17:45:19 - [MESSAGE][PASSED] - Object: 'Object Repository/Page_DIR_GBS/GBS Project/i_Project-folder-open' is clicked on

2022-07-21 17:45:19 - [TEST_STEP][PASSED] - delay(3): Delayed 3 second(s)

2022-07-21 17:45:22 - [MESSAGE][PASSED] - Delayed 3 second(s)

2022-07-21 17:45:22 - [TEST_STEP][PASSED] - verifyElementPresent(findTestObject("Page_DIR_GBS/GBS Project/Alternate Finder/AF_Mainpage/a_Back to Projects"), 2): Object 'Object Repository/Page_DIR_GBS/GBS Project/Alternate Finder/AF_Mainpage/a_Back to Projects' is present

2022-07-21 17:45:23 - [MESSAGE][PASSED] - Object 'Object Repository/Page_DIR_GBS/GBS Project/Alternate Finder/AF_Mainpage/a_Back to Projects' is present

2022-07-21 17:45:23 - [TEST_STEP][PASSED] - verifyElementPresent(findTestObject("Page_DIR_GBS/GBS Project/Alternate Finder/AF_Mainpage/a_PIR-TEST-0005"), 2): Object 'Object Repository/Page_DIR_GBS/GBS Project/Alternate Finder/AF_Mainpage/a_PIR-TEST-0005' is present

2022-07-21 17:45:23 - [MESSAGE][PASSED] - Object 'Object Repository/Page_DIR_GBS/GBS Project/Alternate Finder/AF_Mainpage/a_PIR-TEST-0005' is present

2022-07-21 17:45:23 - [TEST_STEP][PASSED] - click(findTestObject("Page_DIR_GBS/GBS Project/Alternate Finder/AF_Mainpage/i_MPNoptionsMain")): Object: 'Object Repository/Page_DIR_GBS/GBS Project/Alternate Finder/AF_Mainpage/i_MPNoptionsMain' is clicked on

2022-07-21 17:45:24 - [MESSAGE][PASSED] - Object: 'Object Repository/Page_DIR_GBS/GBS Project/Alternate Finder/AF_Mainpage/i_MPNoptionsMain' is clicked on

2022-07-21 17:45:24 - [TEST_STEP][PASSED] - click(findTestObject("Page_DIR_GBS/GBS Project/Alternate Finder/AF_Mainpage/a_Review")): Object: 'Object Repository/Page_DIR_GBS/GBS Project/Alternate Finder/AF_Mainpage/a_Review' is clicked on

2022-07-21 17:45:25 - [MESSAGE][PASSED] - Object: 'Object Repository/Page_DIR_GBS/GBS Project/Alternate Finder/AF_Mainpage/a_Review' is clicked on

2022-07-21 17:45:25 - [TEST_STEP][PASSED] - delay(3): Delayed 3 second(s)

2022-07-21 17:45:28 - [MESSAGE][PASSED] - Delayed 3 second(s)

2022-07-21 17:45:28 - [TEST_STEP][PASSED] - verifyElementPresent(findTestObject("Page_DIR_GBS/GBS Project/Alternate Finder/AF_ReviewPage/h3_Parts Review"), 2): Object 'Object Repository/Page_DIR_GBS/GBS Project/Alternate Finder/AF_ReviewPage/h3_Parts Review' is present

2022-07-21 17:45:28 - [MESSAGE][PASSED] - Object 'Object Repository/Page_DIR_GBS/GBS Project/Alternate Finder/AF_ReviewPage/h3_Parts Review' is present

2022-07-21 17:45:28 - [TEST_STEP][PASSED] - verifyElementPresent(findTestObject("Page_DIR_GBS/GBS Project/Alternate Finder/AF_ReviewPage/span_PIR-TEST-0005"), 0): Object 'Object Repository/Page_DIR_GBS/GBS Project/Alternate Finder/AF_ReviewPage/span_PIR-TEST-0005' is present

2022-07-21 17:45:28 - [MESSAGE][WARNING] - Timeout '0' is invalid. Using default page load timeout: '30'

2022-07-21 17:45:29 - [MESSAGE][PASSED] - Object 'Object Repository/Page_DIR_GBS/GBS Project/Alternate Finder/AF_ReviewPage/span_PIR-TEST-0005' is present

2022-07-21 17:45:29 - [TEST_STEP][PASSED] - click(findTestObject("Page_DIR_GBS/GBS Project/Alternate Finder/AF_ReviewPage/button_Select product category")): Object: 'Object Repository/Page_DIR_GBS/GBS Project/Alternate Finder/AF_ReviewPage/button_Select product category' is clicked on

2022-07-21 17:45:29 - [MESSAGE][PASSED] - Object: 'Object Repository/Page_DIR_GBS/GBS Project/Alternate Finder/AF_ReviewPage/button_Select product category' is clicked on

2022-07-21 17:45:29 - [TEST_STEP][PASSED] - verifyElementPresent(findTestObject("Page_DIR_GBS/GBS Project/Alternate Finder/AF_ReviewPage/div_Select product category"), 2): Object 'Object Repository/Page_DIR_GBS/GBS Project/Alternate Finder/AF_ReviewPage/div_Select product category' is present

2022-07-21 17:45:30 - [MESSAGE][PASSED] - Object 'Object Repository/Page_DIR_GBS/GBS Project/Alternate Finder/AF_ReviewPage/div_Select product category' is present

2022-07-21 17:45:30 - [TEST_STEP][FAILED] - setText(findTestObject("Page_DIR_GBS/GBS Project/Alternate Finder/AF_ReviewPage/input_Select product category"), "cer"): Unable to set text 'cer' of object 'Object Repository/Page_DIR_GBS/GBS Project/Alternate Finder/AF_ReviewPage/input_Select product category' (Root cause: com.kms.katalon.core.exception.StepFailedException: Unable to set text 'cer' of object 'Object Repository/Page_DIR_GBS/GBS Project/Alternate Finder/AF_ReviewPage/input_Select product category'
	at com.kms.katalon.core.webui.keyword.internal.WebUIKeywordMain.stepFailed(WebUIKeywordMain.groovy:64)
	at com.kms.katalon.core.webui.keyword.internal.WebUIKeywordMain.runKeyword(WebUIKeywordMain.groovy:26)
	at com.kms.katalon.core.webui.keyword.builtin.SetTextKeyword.setText(SetTextKeyword.groovy:66)
	at com.kms.katalon.core.webui.keyword.builtin.SetTextKeyword.execute(SetTextKeyword.groovy:37)
	at com.kms.katalon.core.keyword.internal.KeywordExecutor.executeKeywordForPlatform(KeywordExecutor.groovy:74)
	at com.kms.katalon.core.webui.keyword.WebUiBuiltInKeywords.setText(WebUiBuiltInKeywords.groovy:980)
	at com.kms.katalon.core.webui.keyword.WebUiBuiltInKeywords$setText$2.call(Unknown Source)
	at AF_Review_Save.run(AF_Review_Save:72)
	at com.kms.katalon.core.main.ScriptEngine.run(ScriptEngine.java:194)
	at com.kms.katalon.core.main.ScriptEngine.runScriptAsRawText(ScriptEngine.java:119)
	at com.kms.katalon.core.main.TestCaseExecutor.runScript(TestCaseExecutor.java:445)
	at com.kms.katalon.core.main.TestCaseExecutor.doExecute(TestCaseExecutor.java:436)
	at com.kms.katalon.core.main.TestCaseExecutor.processExecutionPhase(TestCaseExecutor.java:415)
	at com.kms.katalon.core.main.TestCaseExecutor.accessMainPhase(TestCaseExecutor.java:407)
	at com.kms.katalon.core.main.TestCaseExecutor.execute(TestCaseExecutor.java:284)
	at com.kms.katalon.core.common.CommonExecutor.accessTestCaseMainPhase(CommonExecutor.java:65)
	at com.kms.katalon.core.main.TestSuiteExecutor.accessTestSuiteMainPhase(TestSuiteExecutor.java:144)
	at com.kms.katalon.core.main.TestSuiteExecutor.execute(TestSuiteExecutor.java:106)
	at com.kms.katalon.core.main.TestCaseMain.startTestSuite(TestCaseMain.java:185)
	at com.kms.katalon.core.main.TestCaseMain$startTestSuite$0.call(Unknown Source)
	at TempTestSuite1658405413626.run(TempTestSuite1658405413626.groovy:36)
Caused by: org.openqa.selenium.ElementNotInteractableException: element not interactable
  (Session info: chrome=103.0.5060.114)
Build info: version: '3.141.59', revision: 'e82be7d358', time: '2018-11-14T08:25:53'
System info: host: 'GSSM6818', ip: '10.195.96.32', os.name: 'Windows 10', os.arch: 'amd64', os.version: '10.0', java.version: '1.8.0_282'
Driver info: com.kms.katalon.selenium.driver.CChromeDriver
Capabilities {acceptInsecureCerts: false, browserName: chrome, browserVersion: 103.0.5060.114, chrome: {chromedriverVersion: 102.0.5005.61 (0e59bcc00cc4..., userDataDir: C:\Users\gssprpra\AppData\L...}, goog:chromeOptions: {debuggerAddress: localhost:54827}, javascriptEnabled: true, networkConnectionEnabled: false, pageLoadStrategy: normal, platform: WINDOWS, platformName: WINDOWS, proxy: Proxy(), setWindowRect: true, strictFileInteractability: false, timeouts: {implicit: 0, pageLoad: 300000, script: 30000}, unhandledPromptBehavior: dismiss and notify, webauthn:extension:credBlob: true, webauthn:extension:largeBlob: true, webauthn:virtualAuthenticators: true}
Session ID: 78c1bdf3f216849ad13e88796db4cb62
	at org.openqa.selenium.remote.http.W3CHttpResponseCodec.createException(W3CHttpResponseCodec.java:187)
	at org.openqa.selenium.remote.http.W3CHttpResponseCodec.decode(W3CHttpResponseCodec.java:122)
	at org.openqa.selenium.remote.http.W3CHttpResponseCodec.decode(W3CHttpResponseCodec.java:49)
	at org.openqa.selenium.remote.HttpCommandExecutor.execute(HttpCommandExecutor.java:158)
	at org.openqa.selenium.remote.service.DriverCommandExecutor.execute(DriverCommandExecutor.java:83)
	at org.openqa.selenium.remote.RemoteWebDriver.execute(RemoteWebDriver.java:552)
	at com.kms.katalon.selenium.driver.CChromeDriver.execute(CChromeDriver.java:19)
	at org.openqa.selenium.remote.RemoteWebElement.execute(RemoteWebElement.java:285)
	at org.openqa.selenium.remote.RemoteWebElement.clear(RemoteWebElement.java:124)
	at org.openqa.selenium.support.events.EventFiringWebDriver$EventFiringWebElement.lambda$new$0(EventFiringWebDriver.java:404)
	at com.sun.proxy.$Proxy11.clear(Unknown Source)
	at org.openqa.selenium.support.events.EventFiringWebDriver$EventFiringWebElement.clear(EventFiringWebDriver.java:436)
	at com.kms.katalon.core.webui.keyword.builtin.SetTextKeyword$_setText_closure1.doCall(SetTextKeyword.groovy:53)
	at com.kms.katalon.core.webui.keyword.builtin.SetTextKeyword$_setText_closure1.call(SetTextKeyword.groovy)
	at com.kms.katalon.core.webui.keyword.internal.WebUIKeywordMain.runKeyword(WebUIKeywordMain.groovy:20)
	at com.kms.katalon.core.webui.keyword.builtin.SetTextKeyword.setText(SetTextKeyword.groovy:66)
	at com.kms.katalon.core.webui.keyword.builtin.SetTextKeyword.execute(SetTextKeyword.groovy:37)
	at com.kms.katalon.core.keyword.internal.KeywordExecutor.executeKeywordForPlatform(KeywordExecutor.groovy:74)
	at com.kms.katalon.core.webui.keyword.WebUiBuiltInKeywords.setText(WebUiBuiltInKeywords.groovy:980)
	at com.kms.katalon.core.webui.keyword.WebUiBuiltInKeywords$setText$2.call(Unknown Source)
	at Script1632486186651.run(Script1632486186651.groovy:72)
	... 13 more
)

2022-07-21 17:45:31 - [MESSAGE][FAILED] - Unable to set text 'cer' of object 'Object Repository/Page_DIR_GBS/GBS Project/Alternate Finder/AF_ReviewPage/input_Select product category' (Root cause: com.kms.katalon.core.exception.StepFailedException: Unable to set text 'cer' of object 'Object Repository/Page_DIR_GBS/GBS Project/Alternate Finder/AF_ReviewPage/input_Select product category'
	at com.kms.katalon.core.webui.keyword.internal.WebUIKeywordMain.stepFailed(WebUIKeywordMain.groovy:64)
	at com.kms.katalon.core.webui.keyword.internal.WebUIKeywordMain.runKeyword(WebUIKeywordMain.groovy:26)
	at com.kms.katalon.core.webui.keyword.builtin.SetTextKeyword.setText(SetTextKeyword.groovy:66)
	at com.kms.katalon.core.webui.keyword.builtin.SetTextKeyword.execute(SetTextKeyword.groovy:37)
	at com.kms.katalon.core.keyword.internal.KeywordExecutor.executeKeywordForPlatform(KeywordExecutor.groovy:74)
	at com.kms.katalon.core.webui.keyword.WebUiBuiltInKeywords.setText(WebUiBuiltInKeywords.groovy:980)
	at com.kms.katalon.core.webui.keyword.WebUiBuiltInKeywords$setText$2.call(Unknown Source)
	at AF_Review_Save.run(AF_Review_Save:72)
	at com.kms.katalon.core.main.ScriptEngine.run(ScriptEngine.java:194)
	at com.kms.katalon.core.main.ScriptEngine.runScriptAsRawText(ScriptEngine.java:119)
	at com.kms.katalon.core.main.TestCaseExecutor.runScript(TestCaseExecutor.java:445)
	at com.kms.katalon.core.main.TestCaseExecutor.doExecute(TestCaseExecutor.java:436)
	at com.kms.katalon.core.main.TestCaseExecutor.processExecutionPhase(TestCaseExecutor.java:415)
	at com.kms.katalon.core.main.TestCaseExecutor.accessMainPhase(TestCaseExecutor.java:407)
	at com.kms.katalon.core.main.TestCaseExecutor.execute(TestCaseExecutor.java:284)
	at com.kms.katalon.core.common.CommonExecutor.accessTestCaseMainPhase(CommonExecutor.java:65)
	at com.kms.katalon.core.main.TestSuiteExecutor.accessTestSuiteMainPhase(TestSuiteExecutor.java:144)
	at com.kms.katalon.core.main.TestSuiteExecutor.execute(TestSuiteExecutor.java:106)
	at com.kms.katalon.core.main.TestCaseMain.startTestSuite(TestCaseMain.java:185)
	at com.kms.katalon.core.main.TestCaseMain$startTestSuite$0.call(Unknown Source)
	at TempTestSuite1658405413626.run(TempTestSuite1658405413626.groovy:36)
Caused by: org.openqa.selenium.ElementNotInteractableException: element not interactable
  (Session info: chrome=103.0.5060.114)
Build info: version: '3.141.59', revision: 'e82be7d358', time: '2018-11-14T08:25:53'
System info: host: 'GSSM6818', ip: '10.195.96.32', os.name: 'Windows 10', os.arch: 'amd64', os.version: '10.0', java.version: '1.8.0_282'
Driver info: com.kms.katalon.selenium.driver.CChromeDriver
Capabilities {acceptInsecureCerts: false, browserName: chrome, browserVersion: 103.0.5060.114, chrome: {chromedriverVersion: 102.0.5005.61 (0e59bcc00cc4..., userDataDir: C:\Users\gssprpra\AppData\L...}, goog:chromeOptions: {debuggerAddress: localhost:54827}, javascriptEnabled: true, networkConnectionEnabled: false, pageLoadStrategy: normal, platform: WINDOWS, platformName: WINDOWS, proxy: Proxy(), setWindowRect: true, strictFileInteractability: false, timeouts: {implicit: 0, pageLoad: 300000, script: 30000}, unhandledPromptBehavior: dismiss and notify, webauthn:extension:credBlob: true, webauthn:extension:largeBlob: true, webauthn:virtualAuthenticators: true}
Session ID: 78c1bdf3f216849ad13e88796db4cb62
	at org.openqa.selenium.remote.http.W3CHttpResponseCodec.createException(W3CHttpResponseCodec.java:187)
	at org.openqa.selenium.remote.http.W3CHttpResponseCodec.decode(W3CHttpResponseCodec.java:122)
	at org.openqa.selenium.remote.http.W3CHttpResponseCodec.decode(W3CHttpResponseCodec.java:49)
	at org.openqa.selenium.remote.HttpCommandExecutor.execute(HttpCommandExecutor.java:158)
	at org.openqa.selenium.remote.service.DriverCommandExecutor.execute(DriverCommandExecutor.java:83)
	at org.openqa.selenium.remote.RemoteWebDriver.execute(RemoteWebDriver.java:552)
	at com.kms.katalon.selenium.driver.CChromeDriver.execute(CChromeDriver.java:19)
	at org.openqa.selenium.remote.RemoteWebElement.execute(RemoteWebElement.java:285)
	at org.openqa.selenium.remote.RemoteWebElement.clear(RemoteWebElement.java:124)
	at org.openqa.selenium.support.events.EventFiringWebDriver$EventFiringWebElement.lambda$new$0(EventFiringWebDriver.java:404)
	at com.sun.proxy.$Proxy11.clear(Unknown Source)
	at org.openqa.selenium.support.events.EventFiringWebDriver$EventFiringWebElement.clear(EventFiringWebDriver.java:436)
	at com.kms.katalon.core.webui.keyword.builtin.SetTextKeyword$_setText_closure1.doCall(SetTextKeyword.groovy:53)
	at com.kms.katalon.core.webui.keyword.builtin.SetTextKeyword$_setText_closure1.call(SetTextKeyword.groovy)
	at com.kms.katalon.core.webui.keyword.internal.WebUIKeywordMain.runKeyword(WebUIKeywordMain.groovy:20)
	at com.kms.katalon.core.webui.keyword.builtin.SetTextKeyword.setText(SetTextKeyword.groovy:66)
	at com.kms.katalon.core.webui.keyword.builtin.SetTextKeyword.execute(SetTextKeyword.groovy:37)
	at com.kms.katalon.core.keyword.internal.KeywordExecutor.executeKeywordForPlatform(KeywordExecutor.groovy:74)
	at com.kms.katalon.core.webui.keyword.WebUiBuiltInKeywords.setText(WebUiBuiltInKeywords.groovy:980)
	at com.kms.katalon.core.webui.keyword.WebUiBuiltInKeywords$setText$2.call(Unknown Source)
	at Script1632486186651.run(Script1632486186651.groovy:72)
	... 13 more
)
[[ATTACHMENT|C:\\Users\\gssprpra\\git\\KatalonStudioCodeRep1\\Reports\\20220721_174013\\Sanity_GBS_SF_CIR\\20220721_174013\\1658405730845.png]]]]></system-out>
         <system-err><![CDATA[2022-07-21 17:43:41 - [TEST_CASE][FAILED] - Test Cases/Checklist/GBS/AF_Review_Save: Test Cases/Checklist/GBS/AF_Review_Save FAILED.
Reason:
com.kms.katalon.core.exception.StepFailedException: Unable to set text 'cer' of object 'Object Repository/Page_DIR_GBS/GBS Project/Alternate Finder/AF_ReviewPage/input_Select product category'
	at com.kms.katalon.core.webui.keyword.internal.WebUIKeywordMain.stepFailed(WebUIKeywordMain.groovy:64)
	at com.kms.katalon.core.webui.keyword.internal.WebUIKeywordMain.runKeyword(WebUIKeywordMain.groovy:26)
	at com.kms.katalon.core.webui.keyword.builtin.SetTextKeyword.setText(SetTextKeyword.groovy:66)
	at com.kms.katalon.core.webui.keyword.builtin.SetTextKeyword.execute(SetTextKeyword.groovy:37)
	at com.kms.katalon.core.keyword.internal.KeywordExecutor.executeKeywordForPlatform(KeywordExecutor.groovy:74)
	at com.kms.katalon.core.webui.keyword.WebUiBuiltInKeywords.setText(WebUiBuiltInKeywords.groovy:980)
	at com.kms.katalon.core.webui.keyword.WebUiBuiltInKeywords$setText$2.call(Unknown Source)
	at AF_Review_Save.run(AF_Review_Save:72)
	at com.kms.katalon.core.main.ScriptEngine.run(ScriptEngine.java:194)
	at com.kms.katalon.core.main.ScriptEngine.runScriptAsRawText(ScriptEngine.java:119)
	at com.kms.katalon.core.main.TestCaseExecutor.runScript(TestCaseExecutor.java:445)
	at com.kms.katalon.core.main.TestCaseExecutor.doExecute(TestCaseExecutor.java:436)
	at com.kms.katalon.core.main.TestCaseExecutor.processExecutionPhase(TestCaseExecutor.java:415)
	at com.kms.katalon.core.main.TestCaseExecutor.accessMainPhase(TestCaseExecutor.java:407)
	at com.kms.katalon.core.main.TestCaseExecutor.execute(TestCaseExecutor.java:284)
	at com.kms.katalon.core.common.CommonExecutor.accessTestCaseMainPhase(CommonExecutor.java:65)
	at com.kms.katalon.core.main.TestSuiteExecutor.accessTestSuiteMainPhase(TestSuiteExecutor.java:144)
	at com.kms.katalon.core.main.TestSuiteExecutor.execute(TestSuiteExecutor.java:106)
	at com.kms.katalon.core.main.TestCaseMain.startTestSuite(TestCaseMain.java:185)
	at com.kms.katalon.core.main.TestCaseMain$startTestSuite$0.call(Unknown Source)
	at TempTestSuite1658405413626.run(TempTestSuite1658405413626.groovy:36)
Caused by: org.openqa.selenium.ElementNotInteractableException: element not interactable
  (Session info: chrome=103.0.5060.114)
Build info: version: '3.141.59', revision: 'e82be7d358', time: '2018-11-14T08:25:53'
System info: host: 'GSSM6818', ip: '10.195.96.32', os.name: 'Windows 10', os.arch: 'amd64', os.version: '10.0', java.version: '1.8.0_282'
Driver info: com.kms.katalon.selenium.driver.CChromeDriver
Capabilities {acceptInsecureCerts: false, browserName: chrome, browserVersion: 103.0.5060.114, chrome: {chromedriverVersion: 102.0.5005.61 (0e59bcc00cc4..., userDataDir: C:\Users\gssprpra\AppData\L...}, goog:chromeOptions: {debuggerAddress: localhost:54827}, javascriptEnabled: true, networkConnectionEnabled: false, pageLoadStrategy: normal, platform: WINDOWS, platformName: WINDOWS, proxy: Proxy(), setWindowRect: true, strictFileInteractability: false, timeouts: {implicit: 0, pageLoad: 300000, script: 30000}, unhandledPromptBehavior: dismiss and notify, webauthn:extension:credBlob: true, webauthn:extension:largeBlob: true, webauthn:virtualAuthenticators: true}
Session ID: 78c1bdf3f216849ad13e88796db4cb62
	at org.openqa.selenium.remote.http.W3CHttpResponseCodec.createException(W3CHttpResponseCodec.java:187)
	at org.openqa.selenium.remote.http.W3CHttpResponseCodec.decode(W3CHttpResponseCodec.java:122)
	at org.openqa.selenium.remote.http.W3CHttpResponseCodec.decode(W3CHttpResponseCodec.java:49)
	at org.openqa.selenium.remote.HttpCommandExecutor.execute(HttpCommandExecutor.java:158)
	at org.openqa.selenium.remote.service.DriverCommandExecutor.execute(DriverCommandExecutor.java:83)
	at org.openqa.selenium.remote.RemoteWebDriver.execute(RemoteWebDriver.java:552)
	at com.kms.katalon.selenium.driver.CChromeDriver.execute(CChromeDriver.java:19)
	at org.openqa.selenium.remote.RemoteWebElement.execute(RemoteWebElement.java:285)
	at org.openqa.selenium.remote.RemoteWebElement.clear(RemoteWebElement.java:124)
	at org.openqa.selenium.support.events.EventFiringWebDriver$EventFiringWebElement.lambda$new$0(EventFiringWebDriver.java:404)
	at com.sun.proxy.$Proxy11.clear(Unknown Source)
	at org.openqa.selenium.support.events.EventFiringWebDriver$EventFiringWebElement.clear(EventFiringWebDriver.java:436)
	at com.kms.katalon.core.webui.keyword.builtin.SetTextKeyword$_setText_closure1.doCall(SetTextKeyword.groovy:53)
	at com.kms.katalon.core.webui.keyword.builtin.SetTextKeyword$_setText_closure1.call(SetTextKeyword.groovy)
	at com.kms.katalon.core.webui.keyword.internal.WebUIKeywordMain.runKeyword(WebUIKeywordMain.groovy:20)
	... 19 more]]></system-err>
      </testcase>
      <testcase name="Test Cases/Checklist/GBS/AF_Review_RevertSave" time="105.273" classname="Test Cases/Checklist/GBS/AF_Review_RevertSave" status="FAILED">
         <failure type="FAILED" message="Test Cases/Checklist/GBS/AF_Review_RevertSave FAILED.
Reason:
com.kms.katalon.core.exception.StepFailedException: Unable to click on object 'Object Repository/Page_DIR_GBS/GBS Project/Alternate Finder/AF_Mainpage/button_MPNoptionsReview'
	at com.kms.katalon.core.webui.keyword.internal.WebUIKeywordMain.stepFailed(WebUIKeywordMain.groovy:64)
	at com.kms.katalon.core.webui.keyword.internal.WebUIKeywordMain.runKeyword(WebUIKeywordMain.groovy:26)
	at com.kms.katalon.core.webui.keyword.builtin.ClickKeyword.click(ClickKeyword.groovy:74)
	at com.kms.katalon.core.webui.keyword.builtin.ClickKeyword.execute(ClickKeyword.groovy:40)
	at com.kms.katalon.core.keyword.internal.KeywordExecutor.executeKeywordForPlatform(KeywordExecutor.groovy:74)
	at com.kms.katalon.core.webui.keyword.WebUiBuiltInKeywords.click(WebUiBuiltInKeywords.groovy:620)
	at com.kms.katalon.core.webui.keyword.WebUiBuiltInKeywords$click$4.call(Unknown Source)
	at AF_Review_RevertSave.run(AF_Review_RevertSave:68)
	at com.kms.katalon.core.main.ScriptEngine.run(ScriptEngine.java:194)
	at com.kms.katalon.core.main.ScriptEngine.runScriptAsRawText(ScriptEngine.java:119)
	at com.kms.katalon.core.main.TestCaseExecutor.runScript(TestCaseExecutor.java:445)
	at com.kms.katalon.core.main.TestCaseExecutor.doExecute(TestCaseExecutor.java:436)
	at com.kms.katalon.core.main.TestCaseExecutor.processExecutionPhase(TestCaseExecutor.java:415)
	at com.kms.katalon.core.main.TestCaseExecutor.accessMainPhase(TestCaseExecutor.java:407)
	at com.kms.katalon.core.main.TestCaseExecutor.execute(TestCaseExecutor.java:284)
	at com.kms.katalon.core.common.CommonExecutor.accessTestCaseMainPhase(CommonExecutor.java:65)
	at com.kms.katalon.core.main.TestSuiteExecutor.accessTestSuiteMainPhase(TestSuiteExecutor.java:144)
	at com.kms.katalon.core.main.TestSuiteExecutor.execute(TestSuiteExecutor.java:106)
	at com.kms.katalon.core.main.TestCaseMain.startTestSuite(TestCaseMain.java:185)
	at com.kms.katalon.core.main.TestCaseMain$startTestSuite$0.call(Unknown Source)
	at TempTestSuite1658405413626.run(TempTestSuite1658405413626.groovy:36)
Caused by: org.openqa.selenium.ElementNotInteractableException: element not interactable
  (Session info: chrome=103.0.5060.114)
Build info: version: '3.141.59', revision: 'e82be7d358', time: '2018-11-14T08:25:53'
System info: host: 'GSSM6818', ip: '10.195.96.32', os.name: 'Windows 10', os.arch: 'amd64', os.version: '10.0', java.version: '1.8.0_282'
Driver info: com.kms.katalon.selenium.driver.CChromeDriver
Capabilities {acceptInsecureCerts: false, browserName: chrome, browserVersion: 103.0.5060.114, chrome: {chromedriverVersion: 102.0.5005.61 (0e59bcc00cc4..., userDataDir: C:\Users\gssprpra\AppData\L...}, goog:chromeOptions: {debuggerAddress: localhost:55160}, javascriptEnabled: true, networkConnectionEnabled: false, pageLoadStrategy: normal, platform: WINDOWS, platformName: WINDOWS, proxy: Proxy(), setWindowRect: true, strictFileInteractability: false, timeouts: {implicit: 0, pageLoad: 300000, script: 30000}, unhandledPromptBehavior: dismiss and notify, webauthn:extension:credBlob: true, webauthn:extension:largeBlob: true, webauthn:virtualAuthenticators: true}
Session ID: e215488452dcdbb94c62eb5eddc6d0e6
	at org.openqa.selenium.remote.http.W3CHttpResponseCodec.createException(W3CHttpResponseCodec.java:187)
	at org.openqa.selenium.remote.http.W3CHttpResponseCodec.decode(W3CHttpResponseCodec.java:122)
	at org.openqa.selenium.remote.http.W3CHttpResponseCodec.decode(W3CHttpResponseCodec.java:49)
	at org.openqa.selenium.remote.HttpCommandExecutor.execute(HttpCommandExecutor.java:158)
	at org.openqa.selenium.remote.service.DriverCommandExecutor.execute(DriverCommandExecutor.java:83)
	at org.openqa.selenium.remote.RemoteWebDriver.execute(RemoteWebDriver.java:552)
	at com.kms.katalon.selenium.driver.CChromeDriver.execute(CChromeDriver.java:19)
	at org.openqa.selenium.remote.RemoteWebElement.execute(RemoteWebElement.java:285)
	at org.openqa.selenium.remote.RemoteWebElement.click(RemoteWebElement.java:84)
	at org.openqa.selenium.support.events.EventFiringWebDriver$EventFiringWebElement.lambda$new$0(EventFiringWebDriver.java:404)
	at com.sun.proxy.$Proxy11.click(Unknown Source)
	at org.openqa.selenium.support.events.EventFiringWebDriver$EventFiringWebElement.click(EventFiringWebDriver.java:417)
	at org.openqa.selenium.WebElement$click.call(Unknown Source)
	at com.kms.katalon.core.webui.keyword.builtin.ClickKeyword.clickUntilSuccessWithTimeout(ClickKeyword.groovy:81)
	at com.kms.katalon.core.webui.keyword.builtin.ClickKeyword.clickUntilSuccessWithTimeout(ClickKeyword.groovy)
	at com.kms.katalon.core.webui.keyword.builtin.ClickKeyword$_click_closure1.doCall(ClickKeyword.groovy:67)
	at com.kms.katalon.core.webui.keyword.builtin.ClickKeyword$_click_closure1.call(ClickKeyword.groovy)
	at com.kms.katalon.core.webui.keyword.internal.WebUIKeywordMain.runKeyword(WebUIKeywordMain.groovy:20)
	... 19 more
"/>
         <system-out><![CDATA[2022-07-21 17:45:31 - [TEST_CASE][FAILED] - Test Cases/Checklist/GBS/AF_Review_RevertSave: Test Cases/Checklist/GBS/AF_Review_RevertSave FAILED.
Reason:
com.kms.katalon.core.exception.StepFailedException: Unable to click on object 'Object Repository/Page_DIR_GBS/GBS Project/Alternate Finder/AF_Mainpage/button_MPNoptionsReview'
	at com.kms.katalon.core.webui.keyword.internal.WebUIKeywordMain.stepFailed(WebUIKeywordMain.groovy:64)
	at com.kms.katalon.core.webui.keyword.internal.WebUIKeywordMain.runKeyword(WebUIKeywordMain.groovy:26)
	at com.kms.katalon.core.webui.keyword.builtin.ClickKeyword.click(ClickKeyword.groovy:74)
	at com.kms.katalon.core.webui.keyword.builtin.ClickKeyword.execute(ClickKeyword.groovy:40)
	at com.kms.katalon.core.keyword.internal.KeywordExecutor.executeKeywordForPlatform(KeywordExecutor.groovy:74)
	at com.kms.katalon.core.webui.keyword.WebUiBuiltInKeywords.click(WebUiBuiltInKeywords.groovy:620)
	at com.kms.katalon.core.webui.keyword.WebUiBuiltInKeywords$click$4.call(Unknown Source)
	at AF_Review_RevertSave.run(AF_Review_RevertSave:68)
	at com.kms.katalon.core.main.ScriptEngine.run(ScriptEngine.java:194)
	at com.kms.katalon.core.main.ScriptEngine.runScriptAsRawText(ScriptEngine.java:119)
	at com.kms.katalon.core.main.TestCaseExecutor.runScript(TestCaseExecutor.java:445)
	at com.kms.katalon.core.main.TestCaseExecutor.doExecute(TestCaseExecutor.java:436)
	at com.kms.katalon.core.main.TestCaseExecutor.processExecutionPhase(TestCaseExecutor.java:415)
	at com.kms.katalon.core.main.TestCaseExecutor.accessMainPhase(TestCaseExecutor.java:407)
	at com.kms.katalon.core.main.TestCaseExecutor.execute(TestCaseExecutor.java:284)
	at com.kms.katalon.core.common.CommonExecutor.accessTestCaseMainPhase(CommonExecutor.java:65)
	at com.kms.katalon.core.main.TestSuiteExecutor.accessTestSuiteMainPhase(TestSuiteExecutor.java:144)
	at com.kms.katalon.core.main.TestSuiteExecutor.execute(TestSuiteExecutor.java:106)
	at com.kms.katalon.core.main.TestCaseMain.startTestSuite(TestCaseMain.java:185)
	at com.kms.katalon.core.main.TestCaseMain$startTestSuite$0.call(Unknown Source)
	at TempTestSuite1658405413626.run(TempTestSuite1658405413626.groovy:36)
Caused by: org.openqa.selenium.ElementNotInteractableException: element not interactable
  (Session info: chrome=103.0.5060.114)
Build info: version: '3.141.59', revision: 'e82be7d358', time: '2018-11-14T08:25:53'
System info: host: 'GSSM6818', ip: '10.195.96.32', os.name: 'Windows 10', os.arch: 'amd64', os.version: '10.0', java.version: '1.8.0_282'
Driver info: com.kms.katalon.selenium.driver.CChromeDriver
Capabilities {acceptInsecureCerts: false, browserName: chrome, browserVersion: 103.0.5060.114, chrome: {chromedriverVersion: 102.0.5005.61 (0e59bcc00cc4..., userDataDir: C:\Users\gssprpra\AppData\L...}, goog:chromeOptions: {debuggerAddress: localhost:55160}, javascriptEnabled: true, networkConnectionEnabled: false, pageLoadStrategy: normal, platform: WINDOWS, platformName: WINDOWS, proxy: Proxy(), setWindowRect: true, strictFileInteractability: false, timeouts: {implicit: 0, pageLoad: 300000, script: 30000}, unhandledPromptBehavior: dismiss and notify, webauthn:extension:credBlob: true, webauthn:extension:largeBlob: true, webauthn:virtualAuthenticators: true}
Session ID: e215488452dcdbb94c62eb5eddc6d0e6
	at org.openqa.selenium.remote.http.W3CHttpResponseCodec.createException(W3CHttpResponseCodec.java:187)
	at org.openqa.selenium.remote.http.W3CHttpResponseCodec.decode(W3CHttpResponseCodec.java:122)
	at org.openqa.selenium.remote.http.W3CHttpResponseCodec.decode(W3CHttpResponseCodec.java:49)
	at org.openqa.selenium.remote.HttpCommandExecutor.execute(HttpCommandExecutor.java:158)
	at org.openqa.selenium.remote.service.DriverCommandExecutor.execute(DriverCommandExecutor.java:83)
	at org.openqa.selenium.remote.RemoteWebDriver.execute(RemoteWebDriver.java:552)
	at com.kms.katalon.selenium.driver.CChromeDriver.execute(CChromeDriver.java:19)
	at org.openqa.selenium.remote.RemoteWebElement.execute(RemoteWebElement.java:285)
	at org.openqa.selenium.remote.RemoteWebElement.click(RemoteWebElement.java:84)
	at org.openqa.selenium.support.events.EventFiringWebDriver$EventFiringWebElement.lambda$new$0(EventFiringWebDriver.java:404)
	at com.sun.proxy.$Proxy11.click(Unknown Source)
	at org.openqa.selenium.support.events.EventFiringWebDriver$EventFiringWebElement.click(EventFiringWebDriver.java:417)
	at org.openqa.selenium.WebElement$click.call(Unknown Source)
	at com.kms.katalon.core.webui.keyword.builtin.ClickKeyword.clickUntilSuccessWithTimeout(ClickKeyword.groovy:81)
	at com.kms.katalon.core.webui.keyword.builtin.ClickKeyword.clickUntilSuccessWithTimeout(ClickKeyword.groovy)
	at com.kms.katalon.core.webui.keyword.builtin.ClickKeyword$_click_closure1.doCall(ClickKeyword.groovy:67)
	at com.kms.katalon.core.webui.keyword.builtin.ClickKeyword$_click_closure1.call(ClickKeyword.groovy)
	at com.kms.katalon.core.webui.keyword.internal.WebUIKeywordMain.runKeyword(WebUIKeywordMain.groovy:20)
	... 19 more


2022-07-21 17:45:32 - [TEST_STEP][PASSED] - openBrowser(""): Browser is opened with url: ''

2022-07-21 17:45:32 - [MESSAGE][WARNING] - A browser is already opened. Closing browser and opening a new one

2022-07-21 17:45:33 - [MESSAGE][INFO] - Starting 'Chrome' driver

2022-07-21 17:45:33 - [MESSAGE][INFO] - Action delay is set to 0 milliseconds

2022-07-21 17:45:36 - [MESSAGE][PASSED] - Browser is opened with url: ''

2022-07-21 17:45:36 - [TEST_STEP][PASSED] - maximizeWindow(): Current window maximized

2022-07-21 17:45:36 - [MESSAGE][PASSED] - Current window maximized

2022-07-21 17:45:36 - [TEST_STEP][PASSED] - navigateToUrl(URL): Navigate to 'https://pirqa.flex.com/login' successfully

2022-07-21 17:45:39 - [MESSAGE][PASSED] - Navigate to 'https://pirqa.flex.com/login' successfully

2022-07-21 17:45:39 - [TEST_STEP][PASSED] - setText(findTestObject("Page_It-Right Platform_GBS/Username"), Username): Text 'gssprpra' is set on object 'Object Repository/Page_It-Right Platform_GBS/Username'

2022-07-21 17:45:40 - [MESSAGE][PASSED] - Text 'gssprpra' is set on object 'Object Repository/Page_It-Right Platform_GBS/Username'

2022-07-21 17:45:40 - [TEST_STEP][PASSED] - setEncryptedText(findTestObject("Page_It-Right Platform_GBS/password"), Password): Text ****** has been set on object 'Object Repository/Page_It-Right Platform_GBS/password'

2022-07-21 17:45:40 - [MESSAGE][PASSED] - Text ****** has been set on object 'Object Repository/Page_It-Right Platform_GBS/password'

2022-07-21 17:45:40 - [TEST_STEP][PASSED] - click(findTestObject("Page_It-Right Platform_GBS/button_Sign in")): Object: 'Object Repository/Page_It-Right Platform_GBS/button_Sign in' is clicked on

2022-07-21 17:45:44 - [MESSAGE][PASSED] - Object: 'Object Repository/Page_It-Right Platform_GBS/button_Sign in' is clicked on

2022-07-21 17:45:44 - [TEST_STEP][PASSED] - click(findTestObject("Object Repository/Page_It-Right Platform_GBS/span_WelcomeToggler")): Object: 'Object Repository/Page_It-Right Platform_GBS/span_WelcomeToggler' is clicked on

2022-07-21 17:45:44 - [MESSAGE][PASSED] - Object: 'Object Repository/Page_It-Right Platform_GBS/span_WelcomeToggler' is clicked on

2022-07-21 17:45:44 - [TEST_STEP][PASSED] - verifyElementPresent(findTestObject("Object Repository/Page_It-Right Platform_GBS/div_WelcomeMenu"), 0): Object 'Object Repository/Page_It-Right Platform_GBS/div_WelcomeMenu' is present

2022-07-21 17:45:44 - [MESSAGE][WARNING] - Timeout '0' is invalid. Using default page load timeout: '30'

2022-07-21 17:45:45 - [MESSAGE][PASSED] - Object 'Object Repository/Page_It-Right Platform_GBS/div_WelcomeMenu' is present

2022-07-21 17:45:45 - [TEST_STEP][PASSED] - click(findTestObject("Object Repository/Page_It-Right Platform_GBS/span_GBS")): Object: 'Object Repository/Page_It-Right Platform_GBS/span_GBS' is clicked on

2022-07-21 17:45:50 - [MESSAGE][PASSED] - Object: 'Object Repository/Page_It-Right Platform_GBS/span_GBS' is clicked on

2022-07-21 17:45:50 - [TEST_STEP][PASSED] - delay(2): Delayed 2 second(s)

2022-07-21 17:45:52 - [MESSAGE][PASSED] - Delayed 2 second(s)

2022-07-21 17:45:52 - [TEST_STEP][PASSED] - click(findTestObject("Page_DIR_GBS/GBS Project/button_Technical Sourcing")): Object: 'Object Repository/Page_DIR_GBS/GBS Project/button_Technical Sourcing' is clicked on

2022-07-21 17:45:53 - [MESSAGE][PASSED] - Object: 'Object Repository/Page_DIR_GBS/GBS Project/button_Technical Sourcing' is clicked on

2022-07-21 17:45:53 - [TEST_STEP][PASSED] - click(findTestObject("Page_DIR_GBS/GBS Project/span_Flex_Organization")): Object: 'Object Repository/Page_DIR_GBS/GBS Project/span_Flex_Organization' is clicked on

2022-07-21 17:45:53 - [MESSAGE][PASSED] - Object: 'Object Repository/Page_DIR_GBS/GBS Project/span_Flex_Organization' is clicked on

2022-07-21 17:45:53 - [TEST_STEP][PASSED] - selectOptionByValue(findTestObject("Page_DIR_GBS/GBS Project/select_Organization"), "FLEX", true): All options with value 'FLEX' are selected in object 'Object Repository/Page_DIR_GBS/GBS Project/select_Organization'  using regular expression

2022-07-21 17:45:59 - [MESSAGE][PASSED] - All options with value 'FLEX' are selected in object 'Object Repository/Page_DIR_GBS/GBS Project/select_Organization'  using regular expression

2022-07-21 17:45:59 - [TEST_STEP][PASSED] - delay(2): Delayed 2 second(s)

2022-07-21 17:46:01 - [MESSAGE][PASSED] - Delayed 2 second(s)

2022-07-21 17:46:01 - [TEST_STEP][PASSED] - scrollToElement(findTestObject("Page_DIR_GBS/GBS Project/i_Project-folder-open"), 2): Scroll to object 'Object Repository/Page_DIR_GBS/GBS Project/i_Project-folder-open' successfully

2022-07-21 17:46:33 - [MESSAGE][INFO] - Unable to find the element located by 'By.xpath: //tr[@id='3835']/td[17]/a/i'. Please recheck the objects properties to make sure the desired element is located. 

2022-07-21 17:46:33 - [MESSAGE][WARNING] - [SELF-HEALING] Failed to find element with id 'Object Repository/Page_DIR_GBS/GBS Project/i_Project-folder-open'. Try using Self-healing.

2022-07-21 17:46:33 - [MESSAGE][WARNING] - [SELF-HEALING] The current locator of test object 'Object Repository/Page_DIR_GBS/GBS Project/i_Project-folder-open' was broken. Propose an alternative one: '//tr[2]/td[17]/a/i'.

2022-07-21 17:46:33 - [MESSAGE][PASSED] - Scroll to object 'Object Repository/Page_DIR_GBS/GBS Project/i_Project-folder-open' successfully

2022-07-21 17:46:33 - [TEST_STEP][PASSED] - click(findTestObject("Page_DIR_GBS/GBS Project/i_Project-folder-open")): Object: 'Object Repository/Page_DIR_GBS/GBS Project/i_Project-folder-open' is clicked on

2022-07-21 17:47:04 - [MESSAGE][INFO] - Unable to find the element located by 'By.xpath: //tr[@id='3835']/td[17]/a/i'. Please recheck the objects properties to make sure the desired element is located. 

2022-07-21 17:47:04 - [MESSAGE][WARNING] - [SELF-HEALING] Failed to find element with id 'Object Repository/Page_DIR_GBS/GBS Project/i_Project-folder-open'. Try using Self-healing.

2022-07-21 17:47:05 - [MESSAGE][WARNING] - [SELF-HEALING] The current locator of test object 'Object Repository/Page_DIR_GBS/GBS Project/i_Project-folder-open' was broken. Propose an alternative one: '//tr[2]/td[17]/a/i'.

2022-07-21 17:47:05 - [MESSAGE][PASSED] - Object: 'Object Repository/Page_DIR_GBS/GBS Project/i_Project-folder-open' is clicked on

2022-07-21 17:47:05 - [TEST_STEP][PASSED] - delay(3): Delayed 3 second(s)

2022-07-21 17:47:08 - [MESSAGE][PASSED] - Delayed 3 second(s)

2022-07-21 17:47:08 - [TEST_STEP][PASSED] - verifyElementPresent(findTestObject("Page_DIR_GBS/GBS Project/Alternate Finder/AF_Mainpage/a_Back to Projects"), 2): Object 'Object Repository/Page_DIR_GBS/GBS Project/Alternate Finder/AF_Mainpage/a_Back to Projects' is present

2022-07-21 17:47:09 - [MESSAGE][PASSED] - Object 'Object Repository/Page_DIR_GBS/GBS Project/Alternate Finder/AF_Mainpage/a_Back to Projects' is present

2022-07-21 17:47:09 - [TEST_STEP][PASSED] - verifyElementPresent(findTestObject("Page_DIR_GBS/GBS Project/Alternate Finder/AF_Mainpage/a_PIR-TEST-0005"), 2): Object 'Object Repository/Page_DIR_GBS/GBS Project/Alternate Finder/AF_Mainpage/a_PIR-TEST-0005' is present

2022-07-21 17:47:09 - [MESSAGE][PASSED] - Object 'Object Repository/Page_DIR_GBS/GBS Project/Alternate Finder/AF_Mainpage/a_PIR-TEST-0005' is present

2022-07-21 17:47:09 - [TEST_STEP][PASSED] - click(findTestObject("Page_DIR_GBS/GBS Project/Alternate Finder/AF_Mainpage/i_MPNoptionsMain")): Object: 'Object Repository/Page_DIR_GBS/GBS Project/Alternate Finder/AF_Mainpage/i_MPNoptionsMain' is clicked on

2022-07-21 17:47:10 - [MESSAGE][PASSED] - Object: 'Object Repository/Page_DIR_GBS/GBS Project/Alternate Finder/AF_Mainpage/i_MPNoptionsMain' is clicked on

2022-07-21 17:47:10 - [TEST_STEP][PASSED] - click(findTestObject("Page_DIR_GBS/GBS Project/Alternate Finder/AF_Mainpage/a_Review")): Object: 'Object Repository/Page_DIR_GBS/GBS Project/Alternate Finder/AF_Mainpage/a_Review' is clicked on

2022-07-21 17:47:10 - [MESSAGE][PASSED] - Object: 'Object Repository/Page_DIR_GBS/GBS Project/Alternate Finder/AF_Mainpage/a_Review' is clicked on

2022-07-21 17:47:10 - [TEST_STEP][PASSED] - delay(3): Delayed 3 second(s)

2022-07-21 17:47:13 - [MESSAGE][PASSED] - Delayed 3 second(s)

2022-07-21 17:47:13 - [TEST_STEP][PASSED] - verifyElementPresent(findTestObject("Page_DIR_GBS/GBS Project/Alternate Finder/AF_ReviewPage/h3_Parts Review"), 2): Object 'Object Repository/Page_DIR_GBS/GBS Project/Alternate Finder/AF_ReviewPage/h3_Parts Review' is present

2022-07-21 17:47:15 - [MESSAGE][PASSED] - Object 'Object Repository/Page_DIR_GBS/GBS Project/Alternate Finder/AF_ReviewPage/h3_Parts Review' is present

2022-07-21 17:47:15 - [TEST_STEP][PASSED] - verifyElementPresent(findTestObject("Page_DIR_GBS/GBS Project/Alternate Finder/AF_ReviewPage/span_PIR-TEST-0005"), 0): Object 'Object Repository/Page_DIR_GBS/GBS Project/Alternate Finder/AF_ReviewPage/span_PIR-TEST-0005' is present

2022-07-21 17:47:15 - [MESSAGE][WARNING] - Timeout '0' is invalid. Using default page load timeout: '30'

2022-07-21 17:47:15 - [MESSAGE][PASSED] - Object 'Object Repository/Page_DIR_GBS/GBS Project/Alternate Finder/AF_ReviewPage/span_PIR-TEST-0005' is present

2022-07-21 17:47:15 - [TEST_STEP][FAILED] - click(findTestObject("Page_DIR_GBS/GBS Project/Alternate Finder/AF_Mainpage/button_MPNoptionsReview")): Unable to click on object 'Object Repository/Page_DIR_GBS/GBS Project/Alternate Finder/AF_Mainpage/button_MPNoptionsReview' (Root cause: com.kms.katalon.core.exception.StepFailedException: Unable to click on object 'Object Repository/Page_DIR_GBS/GBS Project/Alternate Finder/AF_Mainpage/button_MPNoptionsReview'
	at com.kms.katalon.core.webui.keyword.internal.WebUIKeywordMain.stepFailed(WebUIKeywordMain.groovy:64)
	at com.kms.katalon.core.webui.keyword.internal.WebUIKeywordMain.runKeyword(WebUIKeywordMain.groovy:26)
	at com.kms.katalon.core.webui.keyword.builtin.ClickKeyword.click(ClickKeyword.groovy:74)
	at com.kms.katalon.core.webui.keyword.builtin.ClickKeyword.execute(ClickKeyword.groovy:40)
	at com.kms.katalon.core.keyword.internal.KeywordExecutor.executeKeywordForPlatform(KeywordExecutor.groovy:74)
	at com.kms.katalon.core.webui.keyword.WebUiBuiltInKeywords.click(WebUiBuiltInKeywords.groovy:620)
	at com.kms.katalon.core.webui.keyword.WebUiBuiltInKeywords$click$4.call(Unknown Source)
	at AF_Review_RevertSave.run(AF_Review_RevertSave:68)
	at com.kms.katalon.core.main.ScriptEngine.run(ScriptEngine.java:194)
	at com.kms.katalon.core.main.ScriptEngine.runScriptAsRawText(ScriptEngine.java:119)
	at com.kms.katalon.core.main.TestCaseExecutor.runScript(TestCaseExecutor.java:445)
	at com.kms.katalon.core.main.TestCaseExecutor.doExecute(TestCaseExecutor.java:436)
	at com.kms.katalon.core.main.TestCaseExecutor.processExecutionPhase(TestCaseExecutor.java:415)
	at com.kms.katalon.core.main.TestCaseExecutor.accessMainPhase(TestCaseExecutor.java:407)
	at com.kms.katalon.core.main.TestCaseExecutor.execute(TestCaseExecutor.java:284)
	at com.kms.katalon.core.common.CommonExecutor.accessTestCaseMainPhase(CommonExecutor.java:65)
	at com.kms.katalon.core.main.TestSuiteExecutor.accessTestSuiteMainPhase(TestSuiteExecutor.java:144)
	at com.kms.katalon.core.main.TestSuiteExecutor.execute(TestSuiteExecutor.java:106)
	at com.kms.katalon.core.main.TestCaseMain.startTestSuite(TestCaseMain.java:185)
	at com.kms.katalon.core.main.TestCaseMain$startTestSuite$0.call(Unknown Source)
	at TempTestSuite1658405413626.run(TempTestSuite1658405413626.groovy:36)
Caused by: org.openqa.selenium.ElementNotInteractableException: element not interactable
  (Session info: chrome=103.0.5060.114)
Build info: version: '3.141.59', revision: 'e82be7d358', time: '2018-11-14T08:25:53'
System info: host: 'GSSM6818', ip: '10.195.96.32', os.name: 'Windows 10', os.arch: 'amd64', os.version: '10.0', java.version: '1.8.0_282'
Driver info: com.kms.katalon.selenium.driver.CChromeDriver
Capabilities {acceptInsecureCerts: false, browserName: chrome, browserVersion: 103.0.5060.114, chrome: {chromedriverVersion: 102.0.5005.61 (0e59bcc00cc4..., userDataDir: C:\Users\gssprpra\AppData\L...}, goog:chromeOptions: {debuggerAddress: localhost:55160}, javascriptEnabled: true, networkConnectionEnabled: false, pageLoadStrategy: normal, platform: WINDOWS, platformName: WINDOWS, proxy: Proxy(), setWindowRect: true, strictFileInteractability: false, timeouts: {implicit: 0, pageLoad: 300000, script: 30000}, unhandledPromptBehavior: dismiss and notify, webauthn:extension:credBlob: true, webauthn:extension:largeBlob: true, webauthn:virtualAuthenticators: true}
Session ID: e215488452dcdbb94c62eb5eddc6d0e6
	at org.openqa.selenium.remote.http.W3CHttpResponseCodec.createException(W3CHttpResponseCodec.java:187)
	at org.openqa.selenium.remote.http.W3CHttpResponseCodec.decode(W3CHttpResponseCodec.java:122)
	at org.openqa.selenium.remote.http.W3CHttpResponseCodec.decode(W3CHttpResponseCodec.java:49)
	at org.openqa.selenium.remote.HttpCommandExecutor.execute(HttpCommandExecutor.java:158)
	at org.openqa.selenium.remote.service.DriverCommandExecutor.execute(DriverCommandExecutor.java:83)
	at org.openqa.selenium.remote.RemoteWebDriver.execute(RemoteWebDriver.java:552)
	at com.kms.katalon.selenium.driver.CChromeDriver.execute(CChromeDriver.java:19)
	at org.openqa.selenium.remote.RemoteWebElement.execute(RemoteWebElement.java:285)
	at org.openqa.selenium.remote.RemoteWebElement.click(RemoteWebElement.java:84)
	at org.openqa.selenium.support.events.EventFiringWebDriver$EventFiringWebElement.lambda$new$0(EventFiringWebDriver.java:404)
	at com.sun.proxy.$Proxy11.click(Unknown Source)
	at org.openqa.selenium.support.events.EventFiringWebDriver$EventFiringWebElement.click(EventFiringWebDriver.java:417)
	at org.openqa.selenium.WebElement$click.call(Unknown Source)
	at com.kms.katalon.core.webui.keyword.builtin.ClickKeyword.clickUntilSuccessWithTimeout(ClickKeyword.groovy:81)
	at com.kms.katalon.core.webui.keyword.builtin.ClickKeyword.clickUntilSuccessWithTimeout(ClickKeyword.groovy)
	at com.kms.katalon.core.webui.keyword.builtin.ClickKeyword$_click_closure1.doCall(ClickKeyword.groovy:67)
	at com.kms.katalon.core.webui.keyword.builtin.ClickKeyword$_click_closure1.call(ClickKeyword.groovy)
	at com.kms.katalon.core.webui.keyword.internal.WebUIKeywordMain.runKeyword(WebUIKeywordMain.groovy:20)
	at com.kms.katalon.core.webui.keyword.builtin.ClickKeyword.click(ClickKeyword.groovy:74)
	at com.kms.katalon.core.webui.keyword.builtin.ClickKeyword.execute(ClickKeyword.groovy:40)
	at com.kms.katalon.core.keyword.internal.KeywordExecutor.executeKeywordForPlatform(KeywordExecutor.groovy:74)
	at com.kms.katalon.core.webui.keyword.WebUiBuiltInKeywords.click(WebUiBuiltInKeywords.groovy:620)
	at com.kms.katalon.core.webui.keyword.WebUiBuiltInKeywords$click$4.call(Unknown Source)
	at Script1652854256331.run(Script1652854256331.groovy:68)
	... 13 more
)

2022-07-21 17:47:16 - [MESSAGE][FAILED] - Unable to click on object 'Object Repository/Page_DIR_GBS/GBS Project/Alternate Finder/AF_Mainpage/button_MPNoptionsReview' (Root cause: com.kms.katalon.core.exception.StepFailedException: Unable to click on object 'Object Repository/Page_DIR_GBS/GBS Project/Alternate Finder/AF_Mainpage/button_MPNoptionsReview'
	at com.kms.katalon.core.webui.keyword.internal.WebUIKeywordMain.stepFailed(WebUIKeywordMain.groovy:64)
	at com.kms.katalon.core.webui.keyword.internal.WebUIKeywordMain.runKeyword(WebUIKeywordMain.groovy:26)
	at com.kms.katalon.core.webui.keyword.builtin.ClickKeyword.click(ClickKeyword.groovy:74)
	at com.kms.katalon.core.webui.keyword.builtin.ClickKeyword.execute(ClickKeyword.groovy:40)
	at com.kms.katalon.core.keyword.internal.KeywordExecutor.executeKeywordForPlatform(KeywordExecutor.groovy:74)
	at com.kms.katalon.core.webui.keyword.WebUiBuiltInKeywords.click(WebUiBuiltInKeywords.groovy:620)
	at com.kms.katalon.core.webui.keyword.WebUiBuiltInKeywords$click$4.call(Unknown Source)
	at AF_Review_RevertSave.run(AF_Review_RevertSave:68)
	at com.kms.katalon.core.main.ScriptEngine.run(ScriptEngine.java:194)
	at com.kms.katalon.core.main.ScriptEngine.runScriptAsRawText(ScriptEngine.java:119)
	at com.kms.katalon.core.main.TestCaseExecutor.runScript(TestCaseExecutor.java:445)
	at com.kms.katalon.core.main.TestCaseExecutor.doExecute(TestCaseExecutor.java:436)
	at com.kms.katalon.core.main.TestCaseExecutor.processExecutionPhase(TestCaseExecutor.java:415)
	at com.kms.katalon.core.main.TestCaseExecutor.accessMainPhase(TestCaseExecutor.java:407)
	at com.kms.katalon.core.main.TestCaseExecutor.execute(TestCaseExecutor.java:284)
	at com.kms.katalon.core.common.CommonExecutor.accessTestCaseMainPhase(CommonExecutor.java:65)
	at com.kms.katalon.core.main.TestSuiteExecutor.accessTestSuiteMainPhase(TestSuiteExecutor.java:144)
	at com.kms.katalon.core.main.TestSuiteExecutor.execute(TestSuiteExecutor.java:106)
	at com.kms.katalon.core.main.TestCaseMain.startTestSuite(TestCaseMain.java:185)
	at com.kms.katalon.core.main.TestCaseMain$startTestSuite$0.call(Unknown Source)
	at TempTestSuite1658405413626.run(TempTestSuite1658405413626.groovy:36)
Caused by: org.openqa.selenium.ElementNotInteractableException: element not interactable
  (Session info: chrome=103.0.5060.114)
Build info: version: '3.141.59', revision: 'e82be7d358', time: '2018-11-14T08:25:53'
System info: host: 'GSSM6818', ip: '10.195.96.32', os.name: 'Windows 10', os.arch: 'amd64', os.version: '10.0', java.version: '1.8.0_282'
Driver info: com.kms.katalon.selenium.driver.CChromeDriver
Capabilities {acceptInsecureCerts: false, browserName: chrome, browserVersion: 103.0.5060.114, chrome: {chromedriverVersion: 102.0.5005.61 (0e59bcc00cc4..., userDataDir: C:\Users\gssprpra\AppData\L...}, goog:chromeOptions: {debuggerAddress: localhost:55160}, javascriptEnabled: true, networkConnectionEnabled: false, pageLoadStrategy: normal, platform: WINDOWS, platformName: WINDOWS, proxy: Proxy(), setWindowRect: true, strictFileInteractability: false, timeouts: {implicit: 0, pageLoad: 300000, script: 30000}, unhandledPromptBehavior: dismiss and notify, webauthn:extension:credBlob: true, webauthn:extension:largeBlob: true, webauthn:virtualAuthenticators: true}
Session ID: e215488452dcdbb94c62eb5eddc6d0e6
	at org.openqa.selenium.remote.http.W3CHttpResponseCodec.createException(W3CHttpResponseCodec.java:187)
	at org.openqa.selenium.remote.http.W3CHttpResponseCodec.decode(W3CHttpResponseCodec.java:122)
	at org.openqa.selenium.remote.http.W3CHttpResponseCodec.decode(W3CHttpResponseCodec.java:49)
	at org.openqa.selenium.remote.HttpCommandExecutor.execute(HttpCommandExecutor.java:158)
	at org.openqa.selenium.remote.service.DriverCommandExecutor.execute(DriverCommandExecutor.java:83)
	at org.openqa.selenium.remote.RemoteWebDriver.execute(RemoteWebDriver.java:552)
	at com.kms.katalon.selenium.driver.CChromeDriver.execute(CChromeDriver.java:19)
	at org.openqa.selenium.remote.RemoteWebElement.execute(RemoteWebElement.java:285)
	at org.openqa.selenium.remote.RemoteWebElement.click(RemoteWebElement.java:84)
	at org.openqa.selenium.support.events.EventFiringWebDriver$EventFiringWebElement.lambda$new$0(EventFiringWebDriver.java:404)
	at com.sun.proxy.$Proxy11.click(Unknown Source)
	at org.openqa.selenium.support.events.EventFiringWebDriver$EventFiringWebElement.click(EventFiringWebDriver.java:417)
	at org.openqa.selenium.WebElement$click.call(Unknown Source)
	at com.kms.katalon.core.webui.keyword.builtin.ClickKeyword.clickUntilSuccessWithTimeout(ClickKeyword.groovy:81)
	at com.kms.katalon.core.webui.keyword.builtin.ClickKeyword.clickUntilSuccessWithTimeout(ClickKeyword.groovy)
	at com.kms.katalon.core.webui.keyword.builtin.ClickKeyword$_click_closure1.doCall(ClickKeyword.groovy:67)
	at com.kms.katalon.core.webui.keyword.builtin.ClickKeyword$_click_closure1.call(ClickKeyword.groovy)
	at com.kms.katalon.core.webui.keyword.internal.WebUIKeywordMain.runKeyword(WebUIKeywordMain.groovy:20)
	at com.kms.katalon.core.webui.keyword.builtin.ClickKeyword.click(ClickKeyword.groovy:74)
	at com.kms.katalon.core.webui.keyword.builtin.ClickKeyword.execute(ClickKeyword.groovy:40)
	at com.kms.katalon.core.keyword.internal.KeywordExecutor.executeKeywordForPlatform(KeywordExecutor.groovy:74)
	at com.kms.katalon.core.webui.keyword.WebUiBuiltInKeywords.click(WebUiBuiltInKeywords.groovy:620)
	at com.kms.katalon.core.webui.keyword.WebUiBuiltInKeywords$click$4.call(Unknown Source)
	at Script1652854256331.run(Script1652854256331.groovy:68)
	... 13 more
)
[[ATTACHMENT|C:\\Users\\gssprpra\\git\\KatalonStudioCodeRep1\\Reports\\20220721_174013\\Sanity_GBS_SF_CIR\\20220721_174013\\1658405836377.png]]]]></system-out>
         <system-err><![CDATA[2022-07-21 17:45:31 - [TEST_CASE][FAILED] - Test Cases/Checklist/GBS/AF_Review_RevertSave: Test Cases/Checklist/GBS/AF_Review_RevertSave FAILED.
Reason:
com.kms.katalon.core.exception.StepFailedException: Unable to click on object 'Object Repository/Page_DIR_GBS/GBS Project/Alternate Finder/AF_Mainpage/button_MPNoptionsReview'
	at com.kms.katalon.core.webui.keyword.internal.WebUIKeywordMain.stepFailed(WebUIKeywordMain.groovy:64)
	at com.kms.katalon.core.webui.keyword.internal.WebUIKeywordMain.runKeyword(WebUIKeywordMain.groovy:26)
	at com.kms.katalon.core.webui.keyword.builtin.ClickKeyword.click(ClickKeyword.groovy:74)
	at com.kms.katalon.core.webui.keyword.builtin.ClickKeyword.execute(ClickKeyword.groovy:40)
	at com.kms.katalon.core.keyword.internal.KeywordExecutor.executeKeywordForPlatform(KeywordExecutor.groovy:74)
	at com.kms.katalon.core.webui.keyword.WebUiBuiltInKeywords.click(WebUiBuiltInKeywords.groovy:620)
	at com.kms.katalon.core.webui.keyword.WebUiBuiltInKeywords$click$4.call(Unknown Source)
	at AF_Review_RevertSave.run(AF_Review_RevertSave:68)
	at com.kms.katalon.core.main.ScriptEngine.run(ScriptEngine.java:194)
	at com.kms.katalon.core.main.ScriptEngine.runScriptAsRawText(ScriptEngine.java:119)
	at com.kms.katalon.core.main.TestCaseExecutor.runScript(TestCaseExecutor.java:445)
	at com.kms.katalon.core.main.TestCaseExecutor.doExecute(TestCaseExecutor.java:436)
	at com.kms.katalon.core.main.TestCaseExecutor.processExecutionPhase(TestCaseExecutor.java:415)
	at com.kms.katalon.core.main.TestCaseExecutor.accessMainPhase(TestCaseExecutor.java:407)
	at com.kms.katalon.core.main.TestCaseExecutor.execute(TestCaseExecutor.java:284)
	at com.kms.katalon.core.common.CommonExecutor.accessTestCaseMainPhase(CommonExecutor.java:65)
	at com.kms.katalon.core.main.TestSuiteExecutor.accessTestSuiteMainPhase(TestSuiteExecutor.java:144)
	at com.kms.katalon.core.main.TestSuiteExecutor.execute(TestSuiteExecutor.java:106)
	at com.kms.katalon.core.main.TestCaseMain.startTestSuite(TestCaseMain.java:185)
	at com.kms.katalon.core.main.TestCaseMain$startTestSuite$0.call(Unknown Source)
	at TempTestSuite1658405413626.run(TempTestSuite1658405413626.groovy:36)
Caused by: org.openqa.selenium.ElementNotInteractableException: element not interactable
  (Session info: chrome=103.0.5060.114)
Build info: version: '3.141.59', revision: 'e82be7d358', time: '2018-11-14T08:25:53'
System info: host: 'GSSM6818', ip: '10.195.96.32', os.name: 'Windows 10', os.arch: 'amd64', os.version: '10.0', java.version: '1.8.0_282'
Driver info: com.kms.katalon.selenium.driver.CChromeDriver
Capabilities {acceptInsecureCerts: false, browserName: chrome, browserVersion: 103.0.5060.114, chrome: {chromedriverVersion: 102.0.5005.61 (0e59bcc00cc4..., userDataDir: C:\Users\gssprpra\AppData\L...}, goog:chromeOptions: {debuggerAddress: localhost:55160}, javascriptEnabled: true, networkConnectionEnabled: false, pageLoadStrategy: normal, platform: WINDOWS, platformName: WINDOWS, proxy: Proxy(), setWindowRect: true, strictFileInteractability: false, timeouts: {implicit: 0, pageLoad: 300000, script: 30000}, unhandledPromptBehavior: dismiss and notify, webauthn:extension:credBlob: true, webauthn:extension:largeBlob: true, webauthn:virtualAuthenticators: true}
Session ID: e215488452dcdbb94c62eb5eddc6d0e6
	at org.openqa.selenium.remote.http.W3CHttpResponseCodec.createException(W3CHttpResponseCodec.java:187)
	at org.openqa.selenium.remote.http.W3CHttpResponseCodec.decode(W3CHttpResponseCodec.java:122)
	at org.openqa.selenium.remote.http.W3CHttpResponseCodec.decode(W3CHttpResponseCodec.java:49)
	at org.openqa.selenium.remote.HttpCommandExecutor.execute(HttpCommandExecutor.java:158)
	at org.openqa.selenium.remote.service.DriverCommandExecutor.execute(DriverCommandExecutor.java:83)
	at org.openqa.selenium.remote.RemoteWebDriver.execute(RemoteWebDriver.java:552)
	at com.kms.katalon.selenium.driver.CChromeDriver.execute(CChromeDriver.java:19)
	at org.openqa.selenium.remote.RemoteWebElement.execute(RemoteWebElement.java:285)
	at org.openqa.selenium.remote.RemoteWebElement.click(RemoteWebElement.java:84)
	at org.openqa.selenium.support.events.EventFiringWebDriver$EventFiringWebElement.lambda$new$0(EventFiringWebDriver.java:404)
	at com.sun.proxy.$Proxy11.click(Unknown Source)
	at org.openqa.selenium.support.events.EventFiringWebDriver$EventFiringWebElement.click(EventFiringWebDriver.java:417)
	at org.openqa.selenium.WebElement$click.call(Unknown Source)
	at com.kms.katalon.core.webui.keyword.builtin.ClickKeyword.clickUntilSuccessWithTimeout(ClickKeyword.groovy:81)
	at com.kms.katalon.core.webui.keyword.builtin.ClickKeyword.clickUntilSuccessWithTimeout(ClickKeyword.groovy)
	at com.kms.katalon.core.webui.keyword.builtin.ClickKeyword$_click_closure1.doCall(ClickKeyword.groovy:67)
	at com.kms.katalon.core.webui.keyword.builtin.ClickKeyword$_click_closure1.call(ClickKeyword.groovy)
	at com.kms.katalon.core.webui.keyword.internal.WebUIKeywordMain.runKeyword(WebUIKeywordMain.groovy:20)
	... 19 more]]></system-err>
      </testcase>
      <testcase name="Test Cases/Sanity/GBS/AF_Export_Dashboard" time="157.587" classname="Test Cases/Sanity/GBS/AF_Export_Dashboard" status="FAILED">
         <failure type="FAILED" message="Test Cases/Sanity/GBS/AF_Export_Dashboard FAILED.
Reason:
com.kms.katalon.core.exception.StepFailedException: Unable to verify object 'Object Repository/Page_DIR_GBS/GBS Project/ul_ExportOptions' is present
	at com.kms.katalon.core.webui.keyword.internal.WebUIKeywordMain.stepFailed(WebUIKeywordMain.groovy:64)
	at com.kms.katalon.core.webui.keyword.internal.WebUIKeywordMain.runKeyword(WebUIKeywordMain.groovy:26)
	at com.kms.katalon.core.webui.keyword.builtin.VerifyElementPresentKeyword.verifyElementPresent(VerifyElementPresentKeyword.groovy:92)
	at com.kms.katalon.core.webui.keyword.builtin.VerifyElementPresentKeyword.execute(VerifyElementPresentKeyword.groovy:68)
	at com.kms.katalon.core.keyword.internal.KeywordExecutor.executeKeywordForPlatform(KeywordExecutor.groovy:74)
	at com.kms.katalon.core.webui.keyword.WebUiBuiltInKeywords.verifyElementPresent(WebUiBuiltInKeywords.groovy:1464)
	at com.kms.katalon.core.webui.keyword.WebUiBuiltInKeywords$verifyElementPresent$5.call(Unknown Source)
	at AF_Export_Dashboard.run(AF_Export_Dashboard:51)
	at com.kms.katalon.core.main.ScriptEngine.run(ScriptEngine.java:194)
	at com.kms.katalon.core.main.ScriptEngine.runScriptAsRawText(ScriptEngine.java:119)
	at com.kms.katalon.core.main.TestCaseExecutor.runScript(TestCaseExecutor.java:445)
	at com.kms.katalon.core.main.TestCaseExecutor.doExecute(TestCaseExecutor.java:436)
	at com.kms.katalon.core.main.TestCaseExecutor.processExecutionPhase(TestCaseExecutor.java:415)
	at com.kms.katalon.core.main.TestCaseExecutor.accessMainPhase(TestCaseExecutor.java:407)
	at com.kms.katalon.core.main.TestCaseExecutor.execute(TestCaseExecutor.java:284)
	at com.kms.katalon.core.common.CommonExecutor.accessTestCaseMainPhase(CommonExecutor.java:65)
	at com.kms.katalon.core.main.TestSuiteExecutor.accessTestSuiteMainPhase(TestSuiteExecutor.java:144)
	at com.kms.katalon.core.main.TestSuiteExecutor.execute(TestSuiteExecutor.java:106)
	at com.kms.katalon.core.main.TestCaseMain.startTestSuite(TestCaseMain.java:185)
	at com.kms.katalon.core.main.TestCaseMain$startTestSuite$0.call(Unknown Source)
	at TempTestSuite1658405413626.run(TempTestSuite1658405413626.groovy:36)
Caused by: com.kms.katalon.core.exception.StepFailedException: com.kms.katalon.core.webui.exception.WebElementNotFoundException: Web element with id: 'Object Repository/Page_DIR_GBS/GBS Project/ul_ExportOptions' located by '//tr[@id='50965']/td[17]/div/ul' not found
	at com.kms.katalon.core.webui.keyword.internal.WebUIKeywordMain.stepFailed(WebUIKeywordMain.groovy:64)
	at com.kms.katalon.core.webui.keyword.builtin.VerifyElementPresentKeyword$_verifyElementPresent_closure1.doCall(VerifyElementPresentKeyword.groovy:85)
	at com.kms.katalon.core.webui.keyword.builtin.VerifyElementPresentKeyword$_verifyElementPresent_closure1.call(VerifyElementPresentKeyword.groovy)
	at com.kms.katalon.core.webui.keyword.internal.WebUIKeywordMain.runKeyword(WebUIKeywordMain.groovy:20)
	... 19 more
"/>
         <system-out><![CDATA[2022-07-21 17:47:16 - [TEST_CASE][FAILED] - Test Cases/Sanity/GBS/AF_Export_Dashboard: Test Cases/Sanity/GBS/AF_Export_Dashboard FAILED.
Reason:
com.kms.katalon.core.exception.StepFailedException: Unable to verify object 'Object Repository/Page_DIR_GBS/GBS Project/ul_ExportOptions' is present
	at com.kms.katalon.core.webui.keyword.internal.WebUIKeywordMain.stepFailed(WebUIKeywordMain.groovy:64)
	at com.kms.katalon.core.webui.keyword.internal.WebUIKeywordMain.runKeyword(WebUIKeywordMain.groovy:26)
	at com.kms.katalon.core.webui.keyword.builtin.VerifyElementPresentKeyword.verifyElementPresent(VerifyElementPresentKeyword.groovy:92)
	at com.kms.katalon.core.webui.keyword.builtin.VerifyElementPresentKeyword.execute(VerifyElementPresentKeyword.groovy:68)
	at com.kms.katalon.core.keyword.internal.KeywordExecutor.executeKeywordForPlatform(KeywordExecutor.groovy:74)
	at com.kms.katalon.core.webui.keyword.WebUiBuiltInKeywords.verifyElementPresent(WebUiBuiltInKeywords.groovy:1464)
	at com.kms.katalon.core.webui.keyword.WebUiBuiltInKeywords$verifyElementPresent$5.call(Unknown Source)
	at AF_Export_Dashboard.run(AF_Export_Dashboard:51)
	at com.kms.katalon.core.main.ScriptEngine.run(ScriptEngine.java:194)
	at com.kms.katalon.core.main.ScriptEngine.runScriptAsRawText(ScriptEngine.java:119)
	at com.kms.katalon.core.main.TestCaseExecutor.runScript(TestCaseExecutor.java:445)
	at com.kms.katalon.core.main.TestCaseExecutor.doExecute(TestCaseExecutor.java:436)
	at com.kms.katalon.core.main.TestCaseExecutor.processExecutionPhase(TestCaseExecutor.java:415)
	at com.kms.katalon.core.main.TestCaseExecutor.accessMainPhase(TestCaseExecutor.java:407)
	at com.kms.katalon.core.main.TestCaseExecutor.execute(TestCaseExecutor.java:284)
	at com.kms.katalon.core.common.CommonExecutor.accessTestCaseMainPhase(CommonExecutor.java:65)
	at com.kms.katalon.core.main.TestSuiteExecutor.accessTestSuiteMainPhase(TestSuiteExecutor.java:144)
	at com.kms.katalon.core.main.TestSuiteExecutor.execute(TestSuiteExecutor.java:106)
	at com.kms.katalon.core.main.TestCaseMain.startTestSuite(TestCaseMain.java:185)
	at com.kms.katalon.core.main.TestCaseMain$startTestSuite$0.call(Unknown Source)
	at TempTestSuite1658405413626.run(TempTestSuite1658405413626.groovy:36)
Caused by: com.kms.katalon.core.exception.StepFailedException: com.kms.katalon.core.webui.exception.WebElementNotFoundException: Web element with id: 'Object Repository/Page_DIR_GBS/GBS Project/ul_ExportOptions' located by '//tr[@id='50965']/td[17]/div/ul' not found
	at com.kms.katalon.core.webui.keyword.internal.WebUIKeywordMain.stepFailed(WebUIKeywordMain.groovy:64)
	at com.kms.katalon.core.webui.keyword.builtin.VerifyElementPresentKeyword$_verifyElementPresent_closure1.doCall(VerifyElementPresentKeyword.groovy:85)
	at com.kms.katalon.core.webui.keyword.builtin.VerifyElementPresentKeyword$_verifyElementPresent_closure1.call(VerifyElementPresentKeyword.groovy)
	at com.kms.katalon.core.webui.keyword.internal.WebUIKeywordMain.runKeyword(WebUIKeywordMain.groovy:20)
	... 19 more


2022-07-21 17:47:18 - [TEST_STEP][PASSED] - openBrowser(""): Browser is opened with url: ''

2022-07-21 17:47:18 - [MESSAGE][WARNING] - A browser is already opened. Closing browser and opening a new one

2022-07-21 17:47:19 - [MESSAGE][INFO] - Starting 'Chrome' driver

2022-07-21 17:47:19 - [MESSAGE][INFO] - Action delay is set to 0 milliseconds

2022-07-21 17:47:21 - [MESSAGE][PASSED] - Browser is opened with url: ''

2022-07-21 17:47:21 - [TEST_STEP][PASSED] - maximizeWindow(): Current window maximized

2022-07-21 17:47:22 - [MESSAGE][PASSED] - Current window maximized

2022-07-21 17:47:22 - [TEST_STEP][PASSED] - navigateToUrl(URL): Navigate to 'https://pirqa.flex.com/login' successfully

2022-07-21 17:47:24 - [MESSAGE][PASSED] - Navigate to 'https://pirqa.flex.com/login' successfully

2022-07-21 17:47:24 - [TEST_STEP][PASSED] - setText(findTestObject("Page_It-Right Platform_GBS/Username"), Username): Text 'gssprpra' is set on object 'Object Repository/Page_It-Right Platform_GBS/Username'

2022-07-21 17:47:25 - [MESSAGE][PASSED] - Text 'gssprpra' is set on object 'Object Repository/Page_It-Right Platform_GBS/Username'

2022-07-21 17:47:25 - [TEST_STEP][PASSED] - setEncryptedText(findTestObject("Page_It-Right Platform_GBS/password"), Password): Text ****** has been set on object 'Object Repository/Page_It-Right Platform_GBS/password'

2022-07-21 17:47:26 - [MESSAGE][PASSED] - Text ****** has been set on object 'Object Repository/Page_It-Right Platform_GBS/password'

2022-07-21 17:47:26 - [TEST_STEP][PASSED] - click(findTestObject("Page_It-Right Platform_GBS/button_Sign in")): Object: 'Object Repository/Page_It-Right Platform_GBS/button_Sign in' is clicked on

2022-07-21 17:47:29 - [MESSAGE][PASSED] - Object: 'Object Repository/Page_It-Right Platform_GBS/button_Sign in' is clicked on

2022-07-21 17:47:29 - [TEST_STEP][PASSED] - click(findTestObject("Object Repository/Page_It-Right Platform_GBS/span_WelcomeToggler")): Object: 'Object Repository/Page_It-Right Platform_GBS/span_WelcomeToggler' is clicked on

2022-07-21 17:47:30 - [MESSAGE][PASSED] - Object: 'Object Repository/Page_It-Right Platform_GBS/span_WelcomeToggler' is clicked on

2022-07-21 17:47:30 - [TEST_STEP][PASSED] - verifyElementPresent(findTestObject("Object Repository/Page_It-Right Platform_GBS/div_WelcomeMenu"), 0): Object 'Object Repository/Page_It-Right Platform_GBS/div_WelcomeMenu' is present

2022-07-21 17:47:30 - [MESSAGE][WARNING] - Timeout '0' is invalid. Using default page load timeout: '30'

2022-07-21 17:47:31 - [MESSAGE][PASSED] - Object 'Object Repository/Page_It-Right Platform_GBS/div_WelcomeMenu' is present

2022-07-21 17:47:31 - [TEST_STEP][PASSED] - click(findTestObject("Object Repository/Page_It-Right Platform_GBS/span_GBS")): Object: 'Object Repository/Page_It-Right Platform_GBS/span_GBS' is clicked on

2022-07-21 17:47:36 - [MESSAGE][PASSED] - Object: 'Object Repository/Page_It-Right Platform_GBS/span_GBS' is clicked on

2022-07-21 17:47:36 - [TEST_STEP][PASSED] - click(findTestObject("Object Repository/Page_DIR_GBS/GBS Project/div_Technical Sourcing")): Object: 'Object Repository/Page_DIR_GBS/GBS Project/div_Technical Sourcing' is clicked on

2022-07-21 17:47:37 - [MESSAGE][PASSED] - Object: 'Object Repository/Page_DIR_GBS/GBS Project/div_Technical Sourcing' is clicked on

2022-07-21 17:47:37 - [TEST_STEP][PASSED] - click(findTestObject("Object Repository/Page_DIR_GBS/GBS Project/span_Flex")): Object: 'Object Repository/Page_DIR_GBS/GBS Project/span_Flex' is clicked on

2022-07-21 17:48:08 - [MESSAGE][INFO] - Unable to find the element located by 'By.xpath: //a[@id='bs-select-1-1']/span'. Please recheck the objects properties to make sure the desired element is located. 

2022-07-21 17:48:08 - [MESSAGE][WARNING] - [SELF-HEALING] Failed to find element with id 'Object Repository/Page_DIR_GBS/GBS Project/span_Flex'. Try using Self-healing.

2022-07-21 17:48:09 - [MESSAGE][INFO] - [SELF-HEALING] Failed Locator: '//a[@id='bs-select-1-1']/span'.

2022-07-21 17:48:09 - [MESSAGE][INFO] - [SELF-HEALING] Working Locator: '(.//*[normalize-space(text()) and normalize-space(.)='Technical Sourcing'])[3]/following::span[1]'.

2022-07-21 17:48:09 - [MESSAGE][INFO] - [SELF-HEALING] Screenshot: C:/Users/gssprpra/git/KatalonStudioCodeRep1/Reports/Self-healing/Object Repository/Page_DIR_GBS/GBS Project/span_Flex_neighbor.png

2022-07-21 17:48:09 - [MESSAGE][WARNING] - [SELF-HEALING] The current locator of test object 'Object Repository/Page_DIR_GBS/GBS Project/span_Flex' was broken. Propose an alternative one: '(.//*[normalize-space(text()) and normalize-space(.)='Technical Sourcing'])[3]/following::span[1]'.

2022-07-21 17:48:10 - [MESSAGE][PASSED] - Object: 'Object Repository/Page_DIR_GBS/GBS Project/span_Flex' is clicked on

2022-07-21 17:48:10 - [TEST_STEP][PASSED] - selectOptionByValue(findTestObject("Object Repository/Page_DIR_GBS/GBS Project/select_Technical Sourcing                Flex"), "FLEX", true): All options with value 'FLEX' are selected in object 'Object Repository/Page_DIR_GBS/GBS Project/select_Technical Sourcing                Flex'  using regular expression

2022-07-21 17:48:16 - [MESSAGE][PASSED] - All options with value 'FLEX' are selected in object 'Object Repository/Page_DIR_GBS/GBS Project/select_Technical Sourcing                Flex'  using regular expression

2022-07-21 17:48:16 - [TEST_STEP][PASSED] - delay(2): Delayed 2 second(s)

2022-07-21 17:48:18 - [MESSAGE][PASSED] - Delayed 2 second(s)

2022-07-21 17:48:18 - [TEST_STEP][PASSED] - scrollToElement(findTestObject("Page_DIR_GBS/GBS Project/i_Project file-excel"), 2): Scroll to object 'Object Repository/Page_DIR_GBS/GBS Project/i_Project file-excel' successfully

2022-07-21 17:48:49 - [MESSAGE][INFO] - Unable to find the element located by 'By.xpath: //tr[@id='50965']/td[17]/div/a/i'. Please recheck the objects properties to make sure the desired element is located. 

2022-07-21 17:48:49 - [MESSAGE][WARNING] - [SELF-HEALING] Failed to find element with id 'Object Repository/Page_DIR_GBS/GBS Project/i_Project file-excel'. Try using Self-healing.

2022-07-21 17:48:50 - [MESSAGE][WARNING] - [SELF-HEALING] The current locator of test object 'Object Repository/Page_DIR_GBS/GBS Project/i_Project file-excel' was broken. Propose an alternative one: '//td[17]/div/a/i'.

2022-07-21 17:48:50 - [MESSAGE][PASSED] - Scroll to object 'Object Repository/Page_DIR_GBS/GBS Project/i_Project file-excel' successfully

2022-07-21 17:48:50 - [TEST_STEP][PASSED] - click(findTestObject("Page_DIR_GBS/GBS Project/i_Project file-excel")): Object: 'Object Repository/Page_DIR_GBS/GBS Project/i_Project file-excel' is clicked on

2022-07-21 17:49:21 - [MESSAGE][INFO] - Unable to find the element located by 'By.xpath: //tr[@id='50965']/td[17]/div/a/i'. Please recheck the objects properties to make sure the desired element is located. 

2022-07-21 17:49:21 - [MESSAGE][WARNING] - [SELF-HEALING] Failed to find element with id 'Object Repository/Page_DIR_GBS/GBS Project/i_Project file-excel'. Try using Self-healing.

2022-07-21 17:49:21 - [MESSAGE][WARNING] - [SELF-HEALING] The current locator of test object 'Object Repository/Page_DIR_GBS/GBS Project/i_Project file-excel' was broken. Propose an alternative one: '//td[17]/div/a/i'.

2022-07-21 17:49:22 - [MESSAGE][PASSED] - Object: 'Object Repository/Page_DIR_GBS/GBS Project/i_Project file-excel' is clicked on

2022-07-21 17:49:22 - [TEST_STEP][FAILED] - verifyElementPresent(findTestObject("Page_DIR_GBS/GBS Project/ul_ExportOptions"), 0): Unable to verify object 'Object Repository/Page_DIR_GBS/GBS Project/ul_ExportOptions' is present (Root cause: com.kms.katalon.core.exception.StepFailedException: Unable to verify object 'Object Repository/Page_DIR_GBS/GBS Project/ul_ExportOptions' is present
	at com.kms.katalon.core.webui.keyword.internal.WebUIKeywordMain.stepFailed(WebUIKeywordMain.groovy:64)
	at com.kms.katalon.core.webui.keyword.internal.WebUIKeywordMain.runKeyword(WebUIKeywordMain.groovy:26)
	at com.kms.katalon.core.webui.keyword.builtin.VerifyElementPresentKeyword.verifyElementPresent(VerifyElementPresentKeyword.groovy:92)
	at com.kms.katalon.core.webui.keyword.builtin.VerifyElementPresentKeyword.execute(VerifyElementPresentKeyword.groovy:68)
	at com.kms.katalon.core.keyword.internal.KeywordExecutor.executeKeywordForPlatform(KeywordExecutor.groovy:74)
	at com.kms.katalon.core.webui.keyword.WebUiBuiltInKeywords.verifyElementPresent(WebUiBuiltInKeywords.groovy:1464)
	at com.kms.katalon.core.webui.keyword.WebUiBuiltInKeywords$verifyElementPresent$5.call(Unknown Source)
	at AF_Export_Dashboard.run(AF_Export_Dashboard:51)
	at com.kms.katalon.core.main.ScriptEngine.run(ScriptEngine.java:194)
	at com.kms.katalon.core.main.ScriptEngine.runScriptAsRawText(ScriptEngine.java:119)
	at com.kms.katalon.core.main.TestCaseExecutor.runScript(TestCaseExecutor.java:445)
	at com.kms.katalon.core.main.TestCaseExecutor.doExecute(TestCaseExecutor.java:436)
	at com.kms.katalon.core.main.TestCaseExecutor.processExecutionPhase(TestCaseExecutor.java:415)
	at com.kms.katalon.core.main.TestCaseExecutor.accessMainPhase(TestCaseExecutor.java:407)
	at com.kms.katalon.core.main.TestCaseExecutor.execute(TestCaseExecutor.java:284)
	at com.kms.katalon.core.common.CommonExecutor.accessTestCaseMainPhase(CommonExecutor.java:65)
	at com.kms.katalon.core.main.TestSuiteExecutor.accessTestSuiteMainPhase(TestSuiteExecutor.java:144)
	at com.kms.katalon.core.main.TestSuiteExecutor.execute(TestSuiteExecutor.java:106)
	at com.kms.katalon.core.main.TestCaseMain.startTestSuite(TestCaseMain.java:185)
	at com.kms.katalon.core.main.TestCaseMain$startTestSuite$0.call(Unknown Source)
	at TempTestSuite1658405413626.run(TempTestSuite1658405413626.groovy:36)
Caused by: com.kms.katalon.core.exception.StepFailedException: com.kms.katalon.core.webui.exception.WebElementNotFoundException: Web element with id: 'Object Repository/Page_DIR_GBS/GBS Project/ul_ExportOptions' located by '//tr[@id='50965']/td[17]/div/ul' not found
	at com.kms.katalon.core.webui.keyword.internal.WebUIKeywordMain.stepFailed(WebUIKeywordMain.groovy:64)
	at com.kms.katalon.core.webui.keyword.builtin.VerifyElementPresentKeyword$_verifyElementPresent_closure1.doCall(VerifyElementPresentKeyword.groovy:85)
	at com.kms.katalon.core.webui.keyword.builtin.VerifyElementPresentKeyword$_verifyElementPresent_closure1.call(VerifyElementPresentKeyword.groovy)
	at com.kms.katalon.core.webui.keyword.internal.WebUIKeywordMain.runKeyword(WebUIKeywordMain.groovy:20)
	... 19 more
)

2022-07-21 17:49:22 - [MESSAGE][WARNING] - Timeout '0' is invalid. Using default page load timeout: '30'

2022-07-21 17:49:53 - [MESSAGE][INFO] - Unable to find the element located by 'By.xpath: //tr[@id='50965']/td[17]/div/ul'. Please recheck the objects properties to make sure the desired element is located. 

2022-07-21 17:49:53 - [MESSAGE][FAILED] - com.kms.katalon.core.webui.exception.WebElementNotFoundException: Web element with id: 'Object Repository/Page_DIR_GBS/GBS Project/ul_ExportOptions' located by '//tr[@id='50965']/td[17]/div/ul' not found (Root cause: com.kms.katalon.core.exception.StepFailedException: com.kms.katalon.core.webui.exception.WebElementNotFoundException: Web element with id: 'Object Repository/Page_DIR_GBS/GBS Project/ul_ExportOptions' located by '//tr[@id='50965']/td[17]/div/ul' not found
	at com.kms.katalon.core.webui.keyword.internal.WebUIKeywordMain.stepFailed(WebUIKeywordMain.groovy:64)
	at com.kms.katalon.core.webui.keyword.builtin.VerifyElementPresentKeyword$_verifyElementPresent_closure1.doCall(VerifyElementPresentKeyword.groovy:85)
	at com.kms.katalon.core.webui.keyword.builtin.VerifyElementPresentKeyword$_verifyElementPresent_closure1.call(VerifyElementPresentKeyword.groovy)
	at com.kms.katalon.core.webui.keyword.internal.WebUIKeywordMain.runKeyword(WebUIKeywordMain.groovy:20)
	at com.kms.katalon.core.webui.keyword.builtin.VerifyElementPresentKeyword.verifyElementPresent(VerifyElementPresentKeyword.groovy:92)
	at com.kms.katalon.core.webui.keyword.builtin.VerifyElementPresentKeyword.execute(VerifyElementPresentKeyword.groovy:68)
	at com.kms.katalon.core.keyword.internal.KeywordExecutor.executeKeywordForPlatform(KeywordExecutor.groovy:74)
	at com.kms.katalon.core.webui.keyword.WebUiBuiltInKeywords.verifyElementPresent(WebUiBuiltInKeywords.groovy:1464)
	at com.kms.katalon.core.webui.keyword.WebUiBuiltInKeywords$verifyElementPresent$5.call(Unknown Source)
	at AF_Export_Dashboard.run(AF_Export_Dashboard:51)
	at com.kms.katalon.core.main.ScriptEngine.run(ScriptEngine.java:194)
	at com.kms.katalon.core.main.ScriptEngine.runScriptAsRawText(ScriptEngine.java:119)
	at com.kms.katalon.core.main.TestCaseExecutor.runScript(TestCaseExecutor.java:445)
	at com.kms.katalon.core.main.TestCaseExecutor.doExecute(TestCaseExecutor.java:436)
	at com.kms.katalon.core.main.TestCaseExecutor.processExecutionPhase(TestCaseExecutor.java:415)
	at com.kms.katalon.core.main.TestCaseExecutor.accessMainPhase(TestCaseExecutor.java:407)
	at com.kms.katalon.core.main.TestCaseExecutor.execute(TestCaseExecutor.java:284)
	at com.kms.katalon.core.common.CommonExecutor.accessTestCaseMainPhase(CommonExecutor.java:65)
	at com.kms.katalon.core.main.TestSuiteExecutor.accessTestSuiteMainPhase(TestSuiteExecutor.java:144)
	at com.kms.katalon.core.main.TestSuiteExecutor.execute(TestSuiteExecutor.java:106)
	at com.kms.katalon.core.main.TestCaseMain.startTestSuite(TestCaseMain.java:185)
	at com.kms.katalon.core.main.TestCaseMain$startTestSuite$0.call(Unknown Source)
	at TempTestSuite1658405413626.run(TempTestSuite1658405413626.groovy:36)
)
[[ATTACHMENT|C:\\Users\\gssprpra\\git\\KatalonStudioCodeRep1\\Reports\\20220721_174013\\Sanity_GBS_SF_CIR\\20220721_174013\\1658405993572.png]]

2022-07-21 17:49:54 - [MESSAGE][FAILED] - Unable to verify object 'Object Repository/Page_DIR_GBS/GBS Project/ul_ExportOptions' is present (Root cause: com.kms.katalon.core.exception.StepFailedException: Unable to verify object 'Object Repository/Page_DIR_GBS/GBS Project/ul_ExportOptions' is present
	at com.kms.katalon.core.webui.keyword.internal.WebUIKeywordMain.stepFailed(WebUIKeywordMain.groovy:64)
	at com.kms.katalon.core.webui.keyword.internal.WebUIKeywordMain.runKeyword(WebUIKeywordMain.groovy:26)
	at com.kms.katalon.core.webui.keyword.builtin.VerifyElementPresentKeyword.verifyElementPresent(VerifyElementPresentKeyword.groovy:92)
	at com.kms.katalon.core.webui.keyword.builtin.VerifyElementPresentKeyword.execute(VerifyElementPresentKeyword.groovy:68)
	at com.kms.katalon.core.keyword.internal.KeywordExecutor.executeKeywordForPlatform(KeywordExecutor.groovy:74)
	at com.kms.katalon.core.webui.keyword.WebUiBuiltInKeywords.verifyElementPresent(WebUiBuiltInKeywords.groovy:1464)
	at com.kms.katalon.core.webui.keyword.WebUiBuiltInKeywords$verifyElementPresent$5.call(Unknown Source)
	at AF_Export_Dashboard.run(AF_Export_Dashboard:51)
	at com.kms.katalon.core.main.ScriptEngine.run(ScriptEngine.java:194)
	at com.kms.katalon.core.main.ScriptEngine.runScriptAsRawText(ScriptEngine.java:119)
	at com.kms.katalon.core.main.TestCaseExecutor.runScript(TestCaseExecutor.java:445)
	at com.kms.katalon.core.main.TestCaseExecutor.doExecute(TestCaseExecutor.java:436)
	at com.kms.katalon.core.main.TestCaseExecutor.processExecutionPhase(TestCaseExecutor.java:415)
	at com.kms.katalon.core.main.TestCaseExecutor.accessMainPhase(TestCaseExecutor.java:407)
	at com.kms.katalon.core.main.TestCaseExecutor.execute(TestCaseExecutor.java:284)
	at com.kms.katalon.core.common.CommonExecutor.accessTestCaseMainPhase(CommonExecutor.java:65)
	at com.kms.katalon.core.main.TestSuiteExecutor.accessTestSuiteMainPhase(TestSuiteExecutor.java:144)
	at com.kms.katalon.core.main.TestSuiteExecutor.execute(TestSuiteExecutor.java:106)
	at com.kms.katalon.core.main.TestCaseMain.startTestSuite(TestCaseMain.java:185)
	at com.kms.katalon.core.main.TestCaseMain$startTestSuite$0.call(Unknown Source)
	at TempTestSuite1658405413626.run(TempTestSuite1658405413626.groovy:36)
Caused by: com.kms.katalon.core.exception.StepFailedException: com.kms.katalon.core.webui.exception.WebElementNotFoundException: Web element with id: 'Object Repository/Page_DIR_GBS/GBS Project/ul_ExportOptions' located by '//tr[@id='50965']/td[17]/div/ul' not found
	at com.kms.katalon.core.webui.keyword.internal.WebUIKeywordMain.stepFailed(WebUIKeywordMain.groovy:64)
	at com.kms.katalon.core.webui.keyword.builtin.VerifyElementPresentKeyword$_verifyElementPresent_closure1.doCall(VerifyElementPresentKeyword.groovy:85)
	at com.kms.katalon.core.webui.keyword.builtin.VerifyElementPresentKeyword$_verifyElementPresent_closure1.call(VerifyElementPresentKeyword.groovy)
	at com.kms.katalon.core.webui.keyword.internal.WebUIKeywordMain.runKeyword(WebUIKeywordMain.groovy:20)
	... 19 more
)
[[ATTACHMENT|C:\\Users\\gssprpra\\git\\KatalonStudioCodeRep1\\Reports\\20220721_174013\\Sanity_GBS_SF_CIR\\20220721_174013\\1658405993946.png]]]]></system-out>
         <system-err><![CDATA[2022-07-21 17:47:16 - [TEST_CASE][FAILED] - Test Cases/Sanity/GBS/AF_Export_Dashboard: Test Cases/Sanity/GBS/AF_Export_Dashboard FAILED.
Reason:
com.kms.katalon.core.exception.StepFailedException: Unable to verify object 'Object Repository/Page_DIR_GBS/GBS Project/ul_ExportOptions' is present
	at com.kms.katalon.core.webui.keyword.internal.WebUIKeywordMain.stepFailed(WebUIKeywordMain.groovy:64)
	at com.kms.katalon.core.webui.keyword.internal.WebUIKeywordMain.runKeyword(WebUIKeywordMain.groovy:26)
	at com.kms.katalon.core.webui.keyword.builtin.VerifyElementPresentKeyword.verifyElementPresent(VerifyElementPresentKeyword.groovy:92)
	at com.kms.katalon.core.webui.keyword.builtin.VerifyElementPresentKeyword.execute(VerifyElementPresentKeyword.groovy:68)
	at com.kms.katalon.core.keyword.internal.KeywordExecutor.executeKeywordForPlatform(KeywordExecutor.groovy:74)
	at com.kms.katalon.core.webui.keyword.WebUiBuiltInKeywords.verifyElementPresent(WebUiBuiltInKeywords.groovy:1464)
	at com.kms.katalon.core.webui.keyword.WebUiBuiltInKeywords$verifyElementPresent$5.call(Unknown Source)
	at AF_Export_Dashboard.run(AF_Export_Dashboard:51)
	at com.kms.katalon.core.main.ScriptEngine.run(ScriptEngine.java:194)
	at com.kms.katalon.core.main.ScriptEngine.runScriptAsRawText(ScriptEngine.java:119)
	at com.kms.katalon.core.main.TestCaseExecutor.runScript(TestCaseExecutor.java:445)
	at com.kms.katalon.core.main.TestCaseExecutor.doExecute(TestCaseExecutor.java:436)
	at com.kms.katalon.core.main.TestCaseExecutor.processExecutionPhase(TestCaseExecutor.java:415)
	at com.kms.katalon.core.main.TestCaseExecutor.accessMainPhase(TestCaseExecutor.java:407)
	at com.kms.katalon.core.main.TestCaseExecutor.execute(TestCaseExecutor.java:284)
	at com.kms.katalon.core.common.CommonExecutor.accessTestCaseMainPhase(CommonExecutor.java:65)
	at com.kms.katalon.core.main.TestSuiteExecutor.accessTestSuiteMainPhase(TestSuiteExecutor.java:144)
	at com.kms.katalon.core.main.TestSuiteExecutor.execute(TestSuiteExecutor.java:106)
	at com.kms.katalon.core.main.TestCaseMain.startTestSuite(TestCaseMain.java:185)
	at com.kms.katalon.core.main.TestCaseMain$startTestSuite$0.call(Unknown Source)
	at TempTestSuite1658405413626.run(TempTestSuite1658405413626.groovy:36)
Caused by: com.kms.katalon.core.exception.StepFailedException: com.kms.katalon.core.webui.exception.WebElementNotFoundException: Web element with id: 'Object Repository/Page_DIR_GBS/GBS Project/ul_ExportOptions' located by '//tr[@id='50965']/td[17]/div/ul' not found
	at com.kms.katalon.core.webui.keyword.internal.WebUIKeywordMain.stepFailed(WebUIKeywordMain.groovy:64)
	at com.kms.katalon.core.webui.keyword.builtin.VerifyElementPresentKeyword$_verifyElementPresent_closure1.doCall(VerifyElementPresentKeyword.groovy:85)
	at com.kms.katalon.core.webui.keyword.builtin.VerifyElementPresentKeyword$_verifyElementPresent_closure1.call(VerifyElementPresentKeyword.groovy)
	at com.kms.katalon.core.webui.keyword.internal.WebUIKeywordMain.runKeyword(WebUIKeywordMain.groovy:20)
	... 19 more]]></system-err>
      </testcase>
      <testcase name="Test Cases/Checklist/GBS/AF_Export_Mainpage" time="72.445" classname="Test Cases/Checklist/GBS/AF_Export_Mainpage" status="PASSED">
         <system-out><![CDATA[2022-07-21 17:49:54 - [TEST_CASE][PASSED] - Test Cases/Checklist/GBS/AF_Export_Mainpage: Test Cases/Checklist/GBS/AF_Export_Mainpage

2022-07-21 17:49:55 - [TEST_STEP][PASSED] - openBrowser(""): Browser is opened with url: ''

2022-07-21 17:49:55 - [MESSAGE][WARNING] - A browser is already opened. Closing browser and opening a new one

2022-07-21 17:49:56 - [MESSAGE][INFO] - Starting 'Chrome' driver

2022-07-21 17:49:56 - [MESSAGE][INFO] - Action delay is set to 0 milliseconds

2022-07-21 17:49:58 - [MESSAGE][PASSED] - Browser is opened with url: ''

2022-07-21 17:49:58 - [TEST_STEP][PASSED] - maximizeWindow(): Current window maximized

2022-07-21 17:49:58 - [MESSAGE][PASSED] - Current window maximized

2022-07-21 17:49:58 - [TEST_STEP][PASSED] - navigateToUrl(URL): Navigate to 'https://pirqa.flex.com/login' successfully

2022-07-21 17:50:01 - [MESSAGE][PASSED] - Navigate to 'https://pirqa.flex.com/login' successfully

2022-07-21 17:50:01 - [TEST_STEP][PASSED] - setText(findTestObject("Page_It-Right Platform_GBS/Username"), Username): Text 'gssprpra' is set on object 'Object Repository/Page_It-Right Platform_GBS/Username'

2022-07-21 17:50:02 - [MESSAGE][PASSED] - Text 'gssprpra' is set on object 'Object Repository/Page_It-Right Platform_GBS/Username'

2022-07-21 17:50:02 - [TEST_STEP][PASSED] - setEncryptedText(findTestObject("Page_It-Right Platform_GBS/password"), Password): Text ****** has been set on object 'Object Repository/Page_It-Right Platform_GBS/password'

2022-07-21 17:50:03 - [MESSAGE][PASSED] - Text ****** has been set on object 'Object Repository/Page_It-Right Platform_GBS/password'

2022-07-21 17:50:03 - [TEST_STEP][PASSED] - click(findTestObject("Page_It-Right Platform_GBS/button_Sign in")): Object: 'Object Repository/Page_It-Right Platform_GBS/button_Sign in' is clicked on

2022-07-21 17:50:07 - [MESSAGE][PASSED] - Object: 'Object Repository/Page_It-Right Platform_GBS/button_Sign in' is clicked on

2022-07-21 17:50:07 - [TEST_STEP][PASSED] - click(findTestObject("Object Repository/Page_It-Right Platform_GBS/span_WelcomeToggler")): Object: 'Object Repository/Page_It-Right Platform_GBS/span_WelcomeToggler' is clicked on

2022-07-21 17:50:07 - [MESSAGE][PASSED] - Object: 'Object Repository/Page_It-Right Platform_GBS/span_WelcomeToggler' is clicked on

2022-07-21 17:50:07 - [TEST_STEP][PASSED] - verifyElementPresent(findTestObject("Object Repository/Page_It-Right Platform_GBS/div_WelcomeMenu"), 0): Object 'Object Repository/Page_It-Right Platform_GBS/div_WelcomeMenu' is present

2022-07-21 17:50:08 - [MESSAGE][WARNING] - Timeout '0' is invalid. Using default page load timeout: '30'

2022-07-21 17:50:08 - [MESSAGE][PASSED] - Object 'Object Repository/Page_It-Right Platform_GBS/div_WelcomeMenu' is present

2022-07-21 17:50:08 - [TEST_STEP][PASSED] - click(findTestObject("Object Repository/Page_It-Right Platform_GBS/span_GBS")): Object: 'Object Repository/Page_It-Right Platform_GBS/span_GBS' is clicked on

2022-07-21 17:50:13 - [MESSAGE][PASSED] - Object: 'Object Repository/Page_It-Right Platform_GBS/span_GBS' is clicked on

2022-07-21 17:50:13 - [TEST_STEP][PASSED] - click(findTestObject("Object Repository/Page_DIR_GBS/GBS Project/div_Technical Sourcing")): Object: 'Object Repository/Page_DIR_GBS/GBS Project/div_Technical Sourcing' is clicked on

2022-07-21 17:50:15 - [MESSAGE][PASSED] - Object: 'Object Repository/Page_DIR_GBS/GBS Project/div_Technical Sourcing' is clicked on

2022-07-21 17:50:15 - [TEST_STEP][PASSED] - click(findTestObject("Object Repository/Page_DIR_GBS/GBS Project/span_Flex")): Object: 'Object Repository/Page_DIR_GBS/GBS Project/span_Flex' is clicked on

2022-07-21 17:50:16 - [MESSAGE][PASSED] - Object: 'Object Repository/Page_DIR_GBS/GBS Project/span_Flex' is clicked on

2022-07-21 17:50:16 - [TEST_STEP][PASSED] - selectOptionByValue(findTestObject("Object Repository/Page_DIR_GBS/GBS Project/select_Technical Sourcing                Flex"), "FLEX", true): All options with value 'FLEX' are selected in object 'Object Repository/Page_DIR_GBS/GBS Project/select_Technical Sourcing                Flex'  using regular expression

2022-07-21 17:50:21 - [MESSAGE][PASSED] - All options with value 'FLEX' are selected in object 'Object Repository/Page_DIR_GBS/GBS Project/select_Technical Sourcing                Flex'  using regular expression

2022-07-21 17:50:21 - [TEST_STEP][PASSED] - delay(2): Delayed 2 second(s)

2022-07-21 17:50:23 - [MESSAGE][PASSED] - Delayed 2 second(s)

2022-07-21 17:50:23 - [TEST_STEP][PASSED] - click(findTestObject("Object Repository/Page_DIR_GBS/GBS Project/i_Project-folder-open")): Object: 'Object Repository/Page_DIR_GBS/GBS Project/i_Project-folder-open' is clicked on

2022-07-21 17:50:55 - [MESSAGE][INFO] - Unable to find the element located by 'By.xpath: //tr[@id='3835']/td[17]/a/i'. Please recheck the objects properties to make sure the desired element is located. 

2022-07-21 17:50:55 - [MESSAGE][WARNING] - [SELF-HEALING] Failed to find element with id 'Object Repository/Page_DIR_GBS/GBS Project/i_Project-folder-open'. Try using Self-healing.

2022-07-21 17:50:55 - [MESSAGE][WARNING] - [SELF-HEALING] The current locator of test object 'Object Repository/Page_DIR_GBS/GBS Project/i_Project-folder-open' was broken. Propose an alternative one: '//tr[2]/td[17]/a/i'.

2022-07-21 17:50:55 - [MESSAGE][PASSED] - Object: 'Object Repository/Page_DIR_GBS/GBS Project/i_Project-folder-open' is clicked on

2022-07-21 17:50:55 - [TEST_STEP][PASSED] - delay(2): Delayed 2 second(s)

2022-07-21 17:50:57 - [MESSAGE][PASSED] - Delayed 2 second(s)

2022-07-21 17:50:57 - [TEST_STEP][PASSED] - verifyElementPresent(findTestObject("Object Repository/Page_DIR_GBS/GBS Project/Alternate Finder/AF_Mainpage/a_Back to Projects"), 1): Object 'Object Repository/Page_DIR_GBS/GBS Project/Alternate Finder/AF_Mainpage/a_Back to Projects' is present

2022-07-21 17:50:58 - [MESSAGE][PASSED] - Object 'Object Repository/Page_DIR_GBS/GBS Project/Alternate Finder/AF_Mainpage/a_Back to Projects' is present

2022-07-21 17:50:58 - [TEST_STEP][PASSED] - verifyElementPresent(findTestObject("Object Repository/Page_DIR_GBS/GBS Project/Alternate Finder/AF_Mainpage/a_PIR-TEST-0005"), 1): Object 'Object Repository/Page_DIR_GBS/GBS Project/Alternate Finder/AF_Mainpage/a_PIR-TEST-0005' is present

2022-07-21 17:50:59 - [MESSAGE][PASSED] - Object 'Object Repository/Page_DIR_GBS/GBS Project/Alternate Finder/AF_Mainpage/a_PIR-TEST-0005' is present

2022-07-21 17:50:59 - [TEST_STEP][PASSED] - verifyElementPresent(findTestObject("Object Repository/Page_DIR_GBS/GBS Project/Alternate Finder/AF_Mainpage/button_Export"), 1): Object 'Object Repository/Page_DIR_GBS/GBS Project/Alternate Finder/AF_Mainpage/button_Export' is present

2022-07-21 17:51:00 - [MESSAGE][PASSED] - Object 'Object Repository/Page_DIR_GBS/GBS Project/Alternate Finder/AF_Mainpage/button_Export' is present

2022-07-21 17:51:00 - [TEST_STEP][PASSED] - click(findTestObject("Object Repository/Page_DIR_GBS/GBS Project/Alternate Finder/AF_Mainpage/button_Export")): Object: 'Object Repository/Page_DIR_GBS/GBS Project/Alternate Finder/AF_Mainpage/button_Export' is clicked on

2022-07-21 17:51:00 - [MESSAGE][PASSED] - Object: 'Object Repository/Page_DIR_GBS/GBS Project/Alternate Finder/AF_Mainpage/button_Export' is clicked on

2022-07-21 17:51:00 - [TEST_STEP][PASSED] - verifyElementPresent(findTestObject("Page_DIR_GBS/GBS Project/Alternate Finder/AF_Mainpage/ul_Export Options_Project"), 2): Object 'Object Repository/Page_DIR_GBS/GBS Project/Alternate Finder/AF_Mainpage/ul_Export Options_Project' is present

2022-07-21 17:51:01 - [MESSAGE][PASSED] - Object 'Object Repository/Page_DIR_GBS/GBS Project/Alternate Finder/AF_Mainpage/ul_Export Options_Project' is present

2022-07-21 17:51:01 - [TEST_STEP][PASSED] - click(findTestObject("Page_DIR_GBS/GBS Project/Alternate Finder/AF_Mainpage/a_Both_Project")): Object: 'Object Repository/Page_DIR_GBS/GBS Project/Alternate Finder/AF_Mainpage/a_Both_Project' is clicked on

2022-07-21 17:51:03 - [MESSAGE][PASSED] - Object: 'Object Repository/Page_DIR_GBS/GBS Project/Alternate Finder/AF_Mainpage/a_Both_Project' is clicked on

2022-07-21 17:51:03 - [TEST_STEP][PASSED] - verifyElementPresent(findTestObject("Object Repository/Page_DIR_GBS/GBS Project/Alternate Finder/AF_Mainpage/a_PIR-TEST-0005"), 2): Object 'Object Repository/Page_DIR_GBS/GBS Project/Alternate Finder/AF_Mainpage/a_PIR-TEST-0005' is present

2022-07-21 17:51:04 - [MESSAGE][PASSED] - Object 'Object Repository/Page_DIR_GBS/GBS Project/Alternate Finder/AF_Mainpage/a_PIR-TEST-0005' is present

2022-07-21 17:51:04 - [TEST_STEP][PASSED] - verifyElementPresent(findTestObject("Object Repository/Page_DIR_GBS/GBS Project/Alternate Finder/AF_Mainpage/a_Back to Projects"), 2): Object 'Object Repository/Page_DIR_GBS/GBS Project/Alternate Finder/AF_Mainpage/a_Back to Projects' is present

2022-07-21 17:51:04 - [MESSAGE][PASSED] - Object 'Object Repository/Page_DIR_GBS/GBS Project/Alternate Finder/AF_Mainpage/a_Back to Projects' is present

2022-07-21 17:51:04 - [TEST_STEP][PASSED] - click(findTestObject("Object Repository/Page_DIR_GBS/a_Welcome Thangasumathy Jayakumar")): Object: 'Object Repository/Page_DIR_GBS/a_Welcome Thangasumathy Jayakumar' is clicked on

2022-07-21 17:51:05 - [MESSAGE][PASSED] - Object: 'Object Repository/Page_DIR_GBS/a_Welcome Thangasumathy Jayakumar' is clicked on

2022-07-21 17:51:05 - [TEST_STEP][PASSED] - click(findTestObject("Object Repository/Page_DIR_GBS/a_Logout")): Object: 'Object Repository/Page_DIR_GBS/a_Logout' is clicked on

2022-07-21 17:51:06 - [MESSAGE][PASSED] - Object: 'Object Repository/Page_DIR_GBS/a_Logout' is clicked on]]></system-out>
         <system-err><![CDATA[]]></system-err>
      </testcase>
      <testcase name="Test Cases/Sanity/GBS Request/Create AF Request" time="175.306" classname="Test Cases/Sanity/GBS Request/Create AF Request" status="PASSED">
         <system-out><![CDATA[2022-07-21 17:51:06 - [TEST_CASE][PASSED] - Test Cases/Sanity/GBS Request/Create AF Request: Test Cases/Sanity/GBS Request/Create AF Request

2022-07-21 17:51:08 - [TEST_STEP][PASSED] - openBrowser(""): Browser is opened with url: ''

2022-07-21 17:51:08 - [MESSAGE][WARNING] - A browser is already opened. Closing browser and opening a new one

2022-07-21 17:51:09 - [MESSAGE][INFO] - Starting 'Chrome' driver

2022-07-21 17:51:09 - [MESSAGE][INFO] - Action delay is set to 0 milliseconds

2022-07-21 17:51:12 - [MESSAGE][PASSED] - Browser is opened with url: ''

2022-07-21 17:51:12 - [TEST_STEP][PASSED] - maximizeWindow(): Current window maximized

2022-07-21 17:51:12 - [MESSAGE][PASSED] - Current window maximized

2022-07-21 17:51:12 - [TEST_STEP][PASSED] - navigateToUrl(URL): Navigate to 'https://pirqa.flex.com/login' successfully

2022-07-21 17:51:14 - [MESSAGE][PASSED] - Navigate to 'https://pirqa.flex.com/login' successfully

2022-07-21 17:51:14 - [TEST_STEP][PASSED] - setText(findTestObject("Page_It-Right Platform_GBS/Username"), Username): Text 'gssprpra' is set on object 'Object Repository/Page_It-Right Platform_GBS/Username'

2022-07-21 17:51:15 - [MESSAGE][PASSED] - Text 'gssprpra' is set on object 'Object Repository/Page_It-Right Platform_GBS/Username'

2022-07-21 17:51:15 - [TEST_STEP][PASSED] - setEncryptedText(findTestObject("Page_It-Right Platform_GBS/password"), Password): Text ****** has been set on object 'Object Repository/Page_It-Right Platform_GBS/password'

2022-07-21 17:51:16 - [MESSAGE][PASSED] - Text ****** has been set on object 'Object Repository/Page_It-Right Platform_GBS/password'

2022-07-21 17:51:16 - [TEST_STEP][PASSED] - click(findTestObject("Page_It-Right Platform_GBS/button_Sign in")): Object: 'Object Repository/Page_It-Right Platform_GBS/button_Sign in' is clicked on

2022-07-21 17:51:20 - [MESSAGE][PASSED] - Object: 'Object Repository/Page_It-Right Platform_GBS/button_Sign in' is clicked on

2022-07-21 17:51:20 - [TEST_STEP][PASSED] - click(findTestObject("Object Repository/Page_It-Right Platform_GBS/span_WelcomeToggler")): Object: 'Object Repository/Page_It-Right Platform_GBS/span_WelcomeToggler' is clicked on

2022-07-21 17:51:20 - [MESSAGE][PASSED] - Object: 'Object Repository/Page_It-Right Platform_GBS/span_WelcomeToggler' is clicked on

2022-07-21 17:51:20 - [TEST_STEP][PASSED] - verifyElementPresent(findTestObject("Object Repository/Page_It-Right Platform_GBS/div_WelcomeMenu"), 0): Object 'Object Repository/Page_It-Right Platform_GBS/div_WelcomeMenu' is present

2022-07-21 17:51:21 - [MESSAGE][WARNING] - Timeout '0' is invalid. Using default page load timeout: '30'

2022-07-21 17:51:21 - [MESSAGE][PASSED] - Object 'Object Repository/Page_It-Right Platform_GBS/div_WelcomeMenu' is present

2022-07-21 17:51:21 - [TEST_STEP][PASSED] - click(findTestObject("Object Repository/Page_DIR_GBS/GBS_Request/span_GBS Project Request")): Object: 'Object Repository/Page_DIR_GBS/GBS_Request/span_GBS Project Request' is clicked on

2022-07-21 17:51:25 - [MESSAGE][PASSED] - Object: 'Object Repository/Page_DIR_GBS/GBS_Request/span_GBS Project Request' is clicked on

2022-07-21 17:51:25 - [TEST_STEP][PASSED] - verifyElementPresent(findTestObject("Page_DIR_GBS/GBS_Request/div_To Create Request"), 2): Object 'Object Repository/Page_DIR_GBS/GBS_Request/div_To Create Request' is present

2022-07-21 17:51:26 - [MESSAGE][PASSED] - Object 'Object Repository/Page_DIR_GBS/GBS_Request/div_To Create Request' is present

2022-07-21 17:51:26 - [TEST_STEP][PASSED] - uploadFileWithDragAndDrop(findTestObject("Page_DIR_GBS/GBS_Request/div_To Create Request"), REQAF_File): null

2022-07-21 17:51:27 - [TEST_STEP][PASSED] - delay(2): Delayed 2 second(s)

2022-07-21 17:51:29 - [MESSAGE][PASSED] - Delayed 2 second(s)

2022-07-21 17:51:29 - [TEST_STEP][PASSED] - verifyElementPresent(findTestObject("Page_DIR_GBS/GBS_Request/div_Choose Analysis Type_Request"), 2): Object 'Object Repository/Page_DIR_GBS/GBS_Request/div_Choose Analysis Type_Request' is present

2022-07-21 17:51:29 - [MESSAGE][PASSED] - Object 'Object Repository/Page_DIR_GBS/GBS_Request/div_Choose Analysis Type_Request' is present

2022-07-21 17:51:29 - [TEST_STEP][PASSED] - click(findTestObject("Page_DIR_GBS/GBS_Request/button_OK_Request")): Object: 'Object Repository/Page_DIR_GBS/GBS_Request/button_OK_Request' is clicked on

2022-07-21 17:52:01 - [MESSAGE][INFO] - Unable to find the element located by 'By.xpath: (//button[@type='button'])[87]'. Please recheck the objects properties to make sure the desired element is located. 

2022-07-21 17:52:01 - [MESSAGE][WARNING] - [SELF-HEALING] Failed to find element with id 'Object Repository/Page_DIR_GBS/GBS_Request/button_OK_Request'. Try using Self-healing.

2022-07-21 17:52:01 - [MESSAGE][WARNING] - [SELF-HEALING] The current locator of test object 'Object Repository/Page_DIR_GBS/GBS_Request/button_OK_Request' was broken. Propose an alternative one: '(.//*[normalize-space(text()) and normalize-space(.)='Cancel'])[3]/following::button[1]'.

2022-07-21 17:52:01 - [MESSAGE][PASSED] - Object: 'Object Repository/Page_DIR_GBS/GBS_Request/button_OK_Request' is clicked on

2022-07-21 17:52:01 - [TEST_STEP][PASSED] - verifyElementPresent(findTestObject("Page_DIR_GBS/GBS_Request/div_Project Request Details"), 2): Object 'Object Repository/Page_DIR_GBS/GBS_Request/div_Project Request Details' is present

2022-07-21 17:52:28 - [MESSAGE][PASSED] - Object 'Object Repository/Page_DIR_GBS/GBS_Request/div_Project Request Details' is present

2022-07-21 17:52:28 - [TEST_STEP][PASSED] - click(findTestObject("Page_DIR_GBS/GBS Project/button_Please select site")): Object: 'Object Repository/Page_DIR_GBS/GBS Project/button_Please select site' is clicked on

2022-07-21 17:52:28 - [MESSAGE][PASSED] - Object: 'Object Repository/Page_DIR_GBS/GBS Project/button_Please select site' is clicked on

2022-07-21 17:52:28 - [TEST_STEP][PASSED] - click(findTestObject("Page_DIR_GBS/GBS_Request/span_012 - PCBA KALLANG, SINGAPORE (012)")): Object: 'Object Repository/Page_DIR_GBS/GBS_Request/span_012 - PCBA KALLANG, SINGAPORE (012)' is clicked on

2022-07-21 17:52:29 - [MESSAGE][PASSED] - Object: 'Object Repository/Page_DIR_GBS/GBS_Request/span_012 - PCBA KALLANG, SINGAPORE (012)' is clicked on

2022-07-21 17:52:29 - [TEST_STEP][PASSED] - click(findTestObject("Page_DIR_GBS/GBS_Request/button_Customer")): Object: 'Object Repository/Page_DIR_GBS/GBS_Request/button_Customer' is clicked on

2022-07-21 17:52:30 - [MESSAGE][PASSED] - Object: 'Object Repository/Page_DIR_GBS/GBS_Request/button_Customer' is clicked on

2022-07-21 17:52:30 - [TEST_STEP][PASSED] - click(findTestObject("Page_DIR_GBS/GBS_Request/span_3M COMPANY")): Object: 'Object Repository/Page_DIR_GBS/GBS_Request/span_3M COMPANY' is clicked on

2022-07-21 17:52:31 - [MESSAGE][PASSED] - Object: 'Object Repository/Page_DIR_GBS/GBS_Request/span_3M COMPANY' is clicked on

2022-07-21 17:52:31 - [TEST_STEP][PASSED] - click(findTestObject("Page_DIR_GBS/GBS_Request/input__dueDateRequest")): Object: 'Object Repository/Page_DIR_GBS/GBS_Request/input__dueDateRequest' is clicked on

2022-07-21 17:52:32 - [MESSAGE][PASSED] - Object: 'Object Repository/Page_DIR_GBS/GBS_Request/input__dueDateRequest' is clicked on

2022-07-21 17:52:32 - [TEST_STEP][PASSED] - delay(3): Delayed 3 second(s)

2022-07-21 17:52:35 - [MESSAGE][PASSED] - Delayed 3 second(s)

2022-07-21 17:52:35 - [TEST_STEP][PASSED] - click(findTestObject("Page_DIR_GBS/GBS_Request/span_MonthRequest")): Object: 'Object Repository/Page_DIR_GBS/GBS_Request/span_MonthRequest' is clicked on

2022-07-21 17:52:36 - [MESSAGE][PASSED] - Object: 'Object Repository/Page_DIR_GBS/GBS_Request/span_MonthRequest' is clicked on

2022-07-21 17:52:36 - [TEST_STEP][PASSED] - scrollToElement(findTestObject("Page_DIR_GBS/GBS_Request/div_DecemberRequest"), 2, STOP_ON_FAILURE): Scroll to object 'Object Repository/Page_DIR_GBS/GBS_Request/div_DecemberRequest' successfully

2022-07-21 17:52:36 - [MESSAGE][PASSED] - Scroll to object 'Object Repository/Page_DIR_GBS/GBS_Request/div_DecemberRequest' successfully

2022-07-21 17:52:36 - [TEST_STEP][PASSED] - click(findTestObject("Page_DIR_GBS/GBS_Request/div_DecemberRequest")): Object: 'Object Repository/Page_DIR_GBS/GBS_Request/div_DecemberRequest' is clicked on

2022-07-21 17:52:37 - [MESSAGE][PASSED] - Object: 'Object Repository/Page_DIR_GBS/GBS_Request/div_DecemberRequest' is clicked on

2022-07-21 17:52:37 - [TEST_STEP][PASSED] - delay(2): Delayed 2 second(s)

2022-07-21 17:52:39 - [MESSAGE][PASSED] - Delayed 2 second(s)

2022-07-21 17:52:39 - [TEST_STEP][PASSED] - click(findTestObject("Page_DIR_GBS/GBS_Request/span_YearRequest")): Object: 'Object Repository/Page_DIR_GBS/GBS_Request/span_YearRequest' is clicked on

2022-07-21 17:52:40 - [MESSAGE][PASSED] - Object: 'Object Repository/Page_DIR_GBS/GBS_Request/span_YearRequest' is clicked on

2022-07-21 17:52:40 - [TEST_STEP][PASSED] - delay(2): Delayed 2 second(s)

2022-07-21 17:52:42 - [MESSAGE][PASSED] - Delayed 2 second(s)

2022-07-21 17:52:42 - [TEST_STEP][PASSED] - scrollToElement(findTestObject("Page_DIR_GBS/GBS_Request/div_Year2024Request"), 2): Scroll to object 'Object Repository/Page_DIR_GBS/GBS_Request/div_Year2024Request' successfully

2022-07-21 17:52:43 - [MESSAGE][PASSED] - Scroll to object 'Object Repository/Page_DIR_GBS/GBS_Request/div_Year2024Request' successfully

2022-07-21 17:52:43 - [TEST_STEP][PASSED] - click(findTestObject("Page_DIR_GBS/GBS_Request/div_Year2024Request")): Object: 'Object Repository/Page_DIR_GBS/GBS_Request/div_Year2024Request' is clicked on

2022-07-21 17:52:43 - [MESSAGE][PASSED] - Object: 'Object Repository/Page_DIR_GBS/GBS_Request/div_Year2024Request' is clicked on

2022-07-21 17:52:43 - [TEST_STEP][PASSED] - delay(2): Delayed 2 second(s)

2022-07-21 17:52:45 - [MESSAGE][PASSED] - Delayed 2 second(s)

2022-07-21 17:52:45 - [TEST_STEP][PASSED] - click(findTestObject("Page_DIR_GBS/GBS_Request/div_Date31Request")): Object: 'Object Repository/Page_DIR_GBS/GBS_Request/div_Date31Request' is clicked on

2022-07-21 17:52:46 - [MESSAGE][PASSED] - Object: 'Object Repository/Page_DIR_GBS/GBS_Request/div_Date31Request' is clicked on

2022-07-21 17:52:46 - [TEST_STEP][PASSED] - delay(2): Delayed 2 second(s)

2022-07-21 17:52:48 - [MESSAGE][PASSED] - Delayed 2 second(s)

2022-07-21 17:52:48 - [TEST_STEP][PASSED] - setText(findTestObject("Page_DIR_GBS/GBS_Request/textarea_Comments_Request"), "Please Ignore. Test file created by DIR support team for testing purpose"): Text 'Please Ignore. Test file created by DIR support team for testing purpose' is set on object 'Object Repository/Page_DIR_GBS/GBS_Request/textarea_Comments_Request'

2022-07-21 17:52:50 - [MESSAGE][PASSED] - Text 'Please Ignore. Test file created by DIR support team for testing purpose' is set on object 'Object Repository/Page_DIR_GBS/GBS_Request/textarea_Comments_Request'

2022-07-21 17:52:50 - [TEST_STEP][PASSED] - scrollToElement(findTestObject("Page_DIR_GBS/GBS_Request/select_RequestType"), 2, STOP_ON_FAILURE): Scroll to object 'Object Repository/Page_DIR_GBS/GBS_Request/select_RequestType' successfully

2022-07-21 17:52:51 - [MESSAGE][PASSED] - Scroll to object 'Object Repository/Page_DIR_GBS/GBS_Request/select_RequestType' successfully

2022-07-21 17:52:51 - [TEST_STEP][PASSED] - selectOptionByValue(findTestObject("Page_DIR_GBS/GBS_Request/select_RequestType"), "GBS", true): All options with value 'GBS' are selected in object 'Object Repository/Page_DIR_GBS/GBS_Request/select_RequestType'  using regular expression

2022-07-21 17:52:53 - [MESSAGE][PASSED] - All options with value 'GBS' are selected in object 'Object Repository/Page_DIR_GBS/GBS_Request/select_RequestType'  using regular expression

2022-07-21 17:52:53 - [TEST_STEP][PASSED] - selectOptionByValue(findTestObject("Page_DIR_GBS/GBS_Request/select_Application"), "MILITARY", true): All options with value 'MILITARY' are selected in object 'Object Repository/Page_DIR_GBS/GBS_Request/select_Application'  using regular expression

2022-07-21 17:52:54 - [MESSAGE][PASSED] - All options with value 'MILITARY' are selected in object 'Object Repository/Page_DIR_GBS/GBS_Request/select_Application'  using regular expression

2022-07-21 17:52:54 - [TEST_STEP][PASSED] - click(findTestObject("Page_DIR_GBS/GBS_Request/button_CreateRequest")): Object: 'Object Repository/Page_DIR_GBS/GBS_Request/button_CreateRequest' is clicked on

2022-07-21 17:52:55 - [MESSAGE][PASSED] - Object: 'Object Repository/Page_DIR_GBS/GBS_Request/button_CreateRequest' is clicked on

2022-07-21 17:52:55 - [TEST_STEP][PASSED] - verifyElementPresent(findTestObject("Page_DIR_GBS/GBS_Request/div_SuccessProject Request"), 4): Object 'Object Repository/Page_DIR_GBS/GBS_Request/div_SuccessProject Request' is present

2022-07-21 17:53:26 - [MESSAGE][PASSED] - Object 'Object Repository/Page_DIR_GBS/GBS_Request/div_SuccessProject Request' is present

2022-07-21 17:53:26 - [TEST_STEP][PASSED] - click(findTestObject("Object Repository/Page_DIR_GBS/GBS Project/button_OK")): Object: 'Object Repository/Page_DIR_GBS/GBS Project/button_OK' is clicked on

2022-07-21 17:53:57 - [MESSAGE][INFO] - Unable to find the element located by 'By.xpath: (//button[@type='button'])[87]'. Please recheck the objects properties to make sure the desired element is located. 

2022-07-21 17:53:57 - [MESSAGE][WARNING] - [SELF-HEALING] Failed to find element with id 'Object Repository/Page_DIR_GBS/GBS Project/button_OK'. Try using Self-healing.

2022-07-21 17:53:57 - [MESSAGE][WARNING] - [SELF-HEALING] The current locator of test object 'Object Repository/Page_DIR_GBS/GBS Project/button_OK' was broken. Propose an alternative one: '//*/text()[normalize-space(.)='OK']/parent::*'.

2022-07-21 17:53:58 - [MESSAGE][PASSED] - Object: 'Object Repository/Page_DIR_GBS/GBS Project/button_OK' is clicked on

2022-07-21 17:53:58 - [TEST_STEP][PASSED] - verifyElementPresent(findTestObject("Page_DIR_GBS/GBS_Request/div_AFSelfServiceAlert"), 2): Object 'Object Repository/Page_DIR_GBS/GBS_Request/div_AFSelfServiceAlert' is present

2022-07-21 17:53:58 - [MESSAGE][PASSED] - Object 'Object Repository/Page_DIR_GBS/GBS_Request/div_AFSelfServiceAlert' is present

2022-07-21 17:53:58 - [TEST_STEP][PASSED] - verifyElementPresent(findTestObject("Page_DIR_GBS/GBS_Request/div_AFSelfServiceEmail"), 2): Object 'Object Repository/Page_DIR_GBS/GBS_Request/div_AFSelfServiceEmail' is present

2022-07-21 17:53:59 - [MESSAGE][PASSED] - Object 'Object Repository/Page_DIR_GBS/GBS_Request/div_AFSelfServiceEmail' is present

2022-07-21 17:53:59 - [TEST_STEP][PASSED] - verifyElementPresent(findTestObject("Page_DIR_GBS/GBS_Request/div_To Create Request"), 0): Object 'Object Repository/Page_DIR_GBS/GBS_Request/div_To Create Request' is present

2022-07-21 17:53:59 - [MESSAGE][WARNING] - Timeout '0' is invalid. Using default page load timeout: '30'

2022-07-21 17:53:59 - [MESSAGE][PASSED] - Object 'Object Repository/Page_DIR_GBS/GBS_Request/div_To Create Request' is present

2022-07-21 17:53:59 - [TEST_STEP][PASSED] - click(findTestObject("Page_DIR_GBS/GBS Project/Alternate Finder/AF_Mainpage/span_Welcome Thangasumathy Jayakumar")): Object: 'Object Repository/Page_DIR_GBS/GBS Project/Alternate Finder/AF_Mainpage/span_Welcome Thangasumathy Jayakumar' is clicked on

2022-07-21 17:54:00 - [MESSAGE][PASSED] - Object: 'Object Repository/Page_DIR_GBS/GBS Project/Alternate Finder/AF_Mainpage/span_Welcome Thangasumathy Jayakumar' is clicked on

2022-07-21 17:54:00 - [TEST_STEP][PASSED] - click(findTestObject("Page_DIR_GBS/a_Logout")): Object: 'Object Repository/Page_DIR_GBS/a_Logout' is clicked on

2022-07-21 17:54:02 - [MESSAGE][PASSED] - Object: 'Object Repository/Page_DIR_GBS/a_Logout' is clicked on]]></system-out>
         <system-err><![CDATA[]]></system-err>
      </testcase>
      <testcase name="Test Cases/Sanity/Supplier Finder/Check Data and Export" time="38.32" classname="Test Cases/Sanity/Supplier Finder/Check Data and Export" status="PASSED">
         <system-out><![CDATA[2022-07-21 17:54:02 - [TEST_CASE][PASSED] - Test Cases/Sanity/Supplier Finder/Check Data and Export: Test Cases/Sanity/Supplier Finder/Check Data and Export

2022-07-21 17:54:03 - [TEST_STEP][PASSED] - openBrowser(""): Browser is opened with url: ''

2022-07-21 17:54:04 - [MESSAGE][WARNING] - A browser is already opened. Closing browser and opening a new one

2022-07-21 17:54:04 - [MESSAGE][INFO] - Starting 'Chrome' driver

2022-07-21 17:54:04 - [MESSAGE][INFO] - Action delay is set to 0 milliseconds

2022-07-21 17:54:06 - [MESSAGE][PASSED] - Browser is opened with url: ''

2022-07-21 17:54:06 - [TEST_STEP][PASSED] - maximizeWindow(): Current window maximized

2022-07-21 17:54:07 - [MESSAGE][PASSED] - Current window maximized

2022-07-21 17:54:07 - [TEST_STEP][PASSED] - navigateToUrl(URL): Navigate to 'https://pirqa.flex.com/login' successfully

2022-07-21 17:54:09 - [MESSAGE][PASSED] - Navigate to 'https://pirqa.flex.com/login' successfully

2022-07-21 17:54:09 - [TEST_STEP][PASSED] - setText(findTestObject("Page_It-Right Platform_SupplierFinder/Username"), Username): Text 'gssprpra' is set on object 'Object Repository/Page_It-Right Platform_SupplierFinder/Username'

2022-07-21 17:54:11 - [MESSAGE][PASSED] - Text 'gssprpra' is set on object 'Object Repository/Page_It-Right Platform_SupplierFinder/Username'

2022-07-21 17:54:11 - [TEST_STEP][PASSED] - setEncryptedText(findTestObject("Page_It-Right Platform_SupplierFinder/password"), Password): Text ****** has been set on object 'Object Repository/Page_It-Right Platform_SupplierFinder/password'

2022-07-21 17:54:11 - [MESSAGE][PASSED] - Text ****** has been set on object 'Object Repository/Page_It-Right Platform_SupplierFinder/password'

2022-07-21 17:54:11 - [TEST_STEP][PASSED] - click(findTestObject("Page_It-Right Platform_SupplierFinder/button_Sign in")): Object: 'Object Repository/Page_It-Right Platform_SupplierFinder/button_Sign in' is clicked on

2022-07-21 17:54:15 - [MESSAGE][PASSED] - Object: 'Object Repository/Page_It-Right Platform_SupplierFinder/button_Sign in' is clicked on

2022-07-21 17:54:15 - [TEST_STEP][PASSED] - click(findTestObject("Object Repository/Page_It-Right Platform_SupplierFinder/span_WelcomeToggler")): Object: 'Object Repository/Page_It-Right Platform_SupplierFinder/span_WelcomeToggler' is clicked on

2022-07-21 17:54:15 - [MESSAGE][PASSED] - Object: 'Object Repository/Page_It-Right Platform_SupplierFinder/span_WelcomeToggler' is clicked on

2022-07-21 17:54:15 - [TEST_STEP][PASSED] - verifyElementPresent(findTestObject("Object Repository/Page_It-Right Platform_SupplierFinder/div_WelcomeMenu"), 1): Object 'Object Repository/Page_It-Right Platform_SupplierFinder/div_WelcomeMenu' is present

2022-07-21 17:54:16 - [MESSAGE][PASSED] - Object 'Object Repository/Page_It-Right Platform_SupplierFinder/div_WelcomeMenu' is present

2022-07-21 17:54:16 - [TEST_STEP][PASSED] - click(findTestObject("Object Repository/Page_It-Right Platform_SupplierFinder/span_Supplier Finder")): Object: 'Object Repository/Page_It-Right Platform_SupplierFinder/span_Supplier Finder' is clicked on

2022-07-21 17:54:25 - [MESSAGE][PASSED] - Object: 'Object Repository/Page_It-Right Platform_SupplierFinder/span_Supplier Finder' is clicked on

2022-07-21 17:54:25 - [TEST_STEP][PASSED] - verifyElementPresent(findTestObject("Object Repository/Page_DIR_SupplierFinder/div_Supplier Finder"), 2): Object 'Object Repository/Page_DIR_SupplierFinder/div_Supplier Finder' is present

2022-07-21 17:54:33 - [MESSAGE][PASSED] - Object 'Object Repository/Page_DIR_SupplierFinder/div_Supplier Finder' is present

2022-07-21 17:54:33 - [TEST_STEP][PASSED] - verifyElementPresent(findTestObject("Object Repository/Page_DIR_SupplierFinder/div_datatable_header"), 1): Object 'Object Repository/Page_DIR_SupplierFinder/div_datatable_header' is present

2022-07-21 17:54:34 - [MESSAGE][PASSED] - Object 'Object Repository/Page_DIR_SupplierFinder/div_datatable_header' is present

2022-07-21 17:54:34 - [TEST_STEP][PASSED] - verifyElementText(findTestObject("Object Repository/Page_DIR_SupplierFinder/td_SupplierName"), "5D INDUSTRIA"): Actual text and expected text of test object 'Object Repository/Page_DIR_SupplierFinder/td_SupplierName' are matched.

2022-07-21 17:54:34 - [MESSAGE][PASSED] - Actual text and expected text of test object 'Object Repository/Page_DIR_SupplierFinder/td_SupplierName' are matched.

2022-07-21 17:54:34 - [TEST_STEP][PASSED] - verifyElementPresent(findTestObject("Object Repository/Page_DIR_SupplierFinder/button_Export"), 1): Object 'Object Repository/Page_DIR_SupplierFinder/button_Export' is present

2022-07-21 17:54:35 - [MESSAGE][PASSED] - Object 'Object Repository/Page_DIR_SupplierFinder/button_Export' is present

2022-07-21 17:54:35 - [TEST_STEP][PASSED] - click(findTestObject("Object Repository/Page_DIR_SupplierFinder/button_Export")): Object: 'Object Repository/Page_DIR_SupplierFinder/button_Export' is clicked on

2022-07-21 17:54:36 - [MESSAGE][PASSED] - Object: 'Object Repository/Page_DIR_SupplierFinder/button_Export' is clicked on

2022-07-21 17:54:36 - [TEST_STEP][PASSED] - verifyElementPresent(findTestObject("Object Repository/Page_DIR_SupplierFinder/div_Supplier Finder"), 2): Object 'Object Repository/Page_DIR_SupplierFinder/div_Supplier Finder' is present

2022-07-21 17:54:37 - [MESSAGE][PASSED] - Object 'Object Repository/Page_DIR_SupplierFinder/div_Supplier Finder' is present

2022-07-21 17:54:37 - [TEST_STEP][PASSED] - click(findTestObject("Object Repository/Page_DIR_SupplierFinder/span_Welcome Thangasumathy Jayakumar")): Object: 'Object Repository/Page_DIR_SupplierFinder/span_Welcome Thangasumathy Jayakumar' is clicked on

2022-07-21 17:54:38 - [MESSAGE][PASSED] - Object: 'Object Repository/Page_DIR_SupplierFinder/span_Welcome Thangasumathy Jayakumar' is clicked on

2022-07-21 17:54:38 - [TEST_STEP][PASSED] - click(findTestObject("Object Repository/Page_DIR_SupplierFinder/a_Logout")): Object: 'Object Repository/Page_DIR_SupplierFinder/a_Logout' is clicked on

2022-07-21 17:54:39 - [MESSAGE][PASSED] - Object: 'Object Repository/Page_DIR_SupplierFinder/a_Logout' is clicked on

2022-07-21 17:54:39 - [TEST_STEP][PASSED] - closeBrowser(): Browser is closed

2022-07-21 17:54:40 - [MESSAGE][PASSED] - Browser is closed]]></system-out>
         <system-err><![CDATA[]]></system-err>
      </testcase>
      <testcase name="Test Cases/Sanity/Supplier Finder/Apply Filter" time="35.017" classname="Test Cases/Sanity/Supplier Finder/Apply Filter" status="PASSED">
         <system-out><![CDATA[2022-07-21 17:54:40 - [TEST_CASE][PASSED] - Test Cases/Sanity/Supplier Finder/Apply Filter: Test Cases/Sanity/Supplier Finder/Apply Filter

2022-07-21 17:54:41 - [TEST_STEP][PASSED] - openBrowser(""): Browser is opened with url: ''

2022-07-21 17:54:41 - [MESSAGE][INFO] - Starting 'Chrome' driver

2022-07-21 17:54:41 - [MESSAGE][INFO] - Action delay is set to 0 milliseconds

2022-07-21 17:54:43 - [MESSAGE][PASSED] - Browser is opened with url: ''

2022-07-21 17:54:43 - [TEST_STEP][PASSED] - maximizeWindow(): Current window maximized

2022-07-21 17:54:43 - [MESSAGE][PASSED] - Current window maximized

2022-07-21 17:54:43 - [TEST_STEP][PASSED] - navigateToUrl(URL): Navigate to 'https://pirqa.flex.com/login' successfully

2022-07-21 17:54:46 - [MESSAGE][PASSED] - Navigate to 'https://pirqa.flex.com/login' successfully

2022-07-21 17:54:46 - [TEST_STEP][PASSED] - setText(findTestObject("Page_It-Right Platform_SupplierFinder/Username"), Username): Text 'gssprpra' is set on object 'Object Repository/Page_It-Right Platform_SupplierFinder/Username'

2022-07-21 17:54:47 - [MESSAGE][PASSED] - Text 'gssprpra' is set on object 'Object Repository/Page_It-Right Platform_SupplierFinder/Username'

2022-07-21 17:54:47 - [TEST_STEP][PASSED] - setEncryptedText(findTestObject("Page_It-Right Platform_SupplierFinder/password"), Password): Text ****** has been set on object 'Object Repository/Page_It-Right Platform_SupplierFinder/password'

2022-07-21 17:54:48 - [MESSAGE][PASSED] - Text ****** has been set on object 'Object Repository/Page_It-Right Platform_SupplierFinder/password'

2022-07-21 17:54:48 - [TEST_STEP][PASSED] - click(findTestObject("Page_It-Right Platform_SupplierFinder/button_Sign in")): Object: 'Object Repository/Page_It-Right Platform_SupplierFinder/button_Sign in' is clicked on

2022-07-21 17:54:51 - [MESSAGE][PASSED] - Object: 'Object Repository/Page_It-Right Platform_SupplierFinder/button_Sign in' is clicked on

2022-07-21 17:54:51 - [TEST_STEP][PASSED] - click(findTestObject("Object Repository/Page_It-Right Platform_SupplierFinder/span_WelcomeToggler")): Object: 'Object Repository/Page_It-Right Platform_SupplierFinder/span_WelcomeToggler' is clicked on

2022-07-21 17:54:52 - [MESSAGE][PASSED] - Object: 'Object Repository/Page_It-Right Platform_SupplierFinder/span_WelcomeToggler' is clicked on

2022-07-21 17:54:52 - [TEST_STEP][PASSED] - verifyElementPresent(findTestObject("Object Repository/Page_It-Right Platform_SupplierFinder/div_WelcomeMenu"), 1): Object 'Object Repository/Page_It-Right Platform_SupplierFinder/div_WelcomeMenu' is present

2022-07-21 17:54:52 - [MESSAGE][PASSED] - Object 'Object Repository/Page_It-Right Platform_SupplierFinder/div_WelcomeMenu' is present

2022-07-21 17:54:52 - [TEST_STEP][PASSED] - click(findTestObject("Object Repository/Page_It-Right Platform_SupplierFinder/span_Supplier Finder")): Object: 'Object Repository/Page_It-Right Platform_SupplierFinder/span_Supplier Finder' is clicked on

2022-07-21 17:54:58 - [MESSAGE][PASSED] - Object: 'Object Repository/Page_It-Right Platform_SupplierFinder/span_Supplier Finder' is clicked on

2022-07-21 17:54:58 - [TEST_STEP][PASSED] - verifyElementPresent(findTestObject("Object Repository/Page_DIR_SupplierFinder/div_Supplier Finder"), 2): Object 'Object Repository/Page_DIR_SupplierFinder/div_Supplier Finder' is present

2022-07-21 17:55:02 - [MESSAGE][PASSED] - Object 'Object Repository/Page_DIR_SupplierFinder/div_Supplier Finder' is present

2022-07-21 17:55:02 - [TEST_STEP][PASSED] - verifyElementPresent(findTestObject("Object Repository/Page_DIR_SupplierFinder/div_datatable_header"), 1): Object 'Object Repository/Page_DIR_SupplierFinder/div_datatable_header' is present

2022-07-21 17:55:03 - [MESSAGE][PASSED] - Object 'Object Repository/Page_DIR_SupplierFinder/div_datatable_header' is present

2022-07-21 17:55:03 - [TEST_STEP][PASSED] - verifyElementPresent(findTestObject("Object Repository/Page_DIR_SupplierFinder/button_VPGroup"), 1): Object 'Object Repository/Page_DIR_SupplierFinder/button_VPGroup' is present

2022-07-21 17:55:04 - [MESSAGE][PASSED] - Object 'Object Repository/Page_DIR_SupplierFinder/button_VPGroup' is present

2022-07-21 17:55:04 - [TEST_STEP][PASSED] - selectOptionByValue(findTestObject("Object Repository/Page_DIR_SupplierFinder/select_VPGroupDropdown"), "MEMORY STORAGE PRODUCT GROUP", true): All options with value 'MEMORY STORAGE PRODUCT GROUP' are selected in object 'Object Repository/Page_DIR_SupplierFinder/select_VPGroupDropdown'  using regular expression

2022-07-21 17:55:05 - [MESSAGE][PASSED] - All options with value 'MEMORY STORAGE PRODUCT GROUP' are selected in object 'Object Repository/Page_DIR_SupplierFinder/select_VPGroupDropdown'  using regular expression

2022-07-21 17:55:05 - [TEST_STEP][PASSED] - verifyElementPresent(findTestObject("Object Repository/Page_DIR_SupplierFinder/div_datatable_header"), 1): Object 'Object Repository/Page_DIR_SupplierFinder/div_datatable_header' is present

2022-07-21 17:55:06 - [MESSAGE][PASSED] - Object 'Object Repository/Page_DIR_SupplierFinder/div_datatable_header' is present

2022-07-21 17:55:06 - [TEST_STEP][PASSED] - verifyElementPresent(findTestObject("Object Repository/Page_DIR_SupplierFinder/button_SupplierType"), 1): Object 'Object Repository/Page_DIR_SupplierFinder/button_SupplierType' is present

2022-07-21 17:55:07 - [MESSAGE][PASSED] - Object 'Object Repository/Page_DIR_SupplierFinder/button_SupplierType' is present

2022-07-21 17:55:07 - [TEST_STEP][PASSED] - selectOptionByValue(findTestObject("Object Repository/Page_DIR_SupplierFinder/select_SupplierTypeDropdown"), "DISTRIBUTOR", true): All options with value 'DISTRIBUTOR' are selected in object 'Object Repository/Page_DIR_SupplierFinder/select_SupplierTypeDropdown'  using regular expression

2022-07-21 17:55:09 - [MESSAGE][PASSED] - All options with value 'DISTRIBUTOR' are selected in object 'Object Repository/Page_DIR_SupplierFinder/select_SupplierTypeDropdown'  using regular expression

2022-07-21 17:55:09 - [TEST_STEP][PASSED] - verifyElementPresent(findTestObject("Object Repository/Page_DIR_SupplierFinder/div_datatable_header"), 1): Object 'Object Repository/Page_DIR_SupplierFinder/div_datatable_header' is present

2022-07-21 17:55:11 - [MESSAGE][PASSED] - Object 'Object Repository/Page_DIR_SupplierFinder/div_datatable_header' is present

2022-07-21 17:55:11 - [TEST_STEP][PASSED] - verifyElementText(findTestObject("Page_DIR_SupplierFinder/td_VPGroupValue"), "MEMORY STORAGE PRODUCT GROUP"): Actual text and expected text of test object 'Object Repository/Page_DIR_SupplierFinder/td_VPGroupValue' are matched.

2022-07-21 17:55:11 - [MESSAGE][PASSED] - Actual text and expected text of test object 'Object Repository/Page_DIR_SupplierFinder/td_VPGroupValue' are matched.

2022-07-21 17:55:11 - [TEST_STEP][PASSED] - verifyElementText(findTestObject("Page_DIR_SupplierFinder/td_SupplierTypeValue"), "DISTRIBUTOR"): Actual text and expected text of test object 'Object Repository/Page_DIR_SupplierFinder/td_SupplierTypeValue' are matched.

2022-07-21 17:55:12 - [MESSAGE][PASSED] - Actual text and expected text of test object 'Object Repository/Page_DIR_SupplierFinder/td_SupplierTypeValue' are matched.

2022-07-21 17:55:12 - [TEST_STEP][PASSED] - verifyElementText(findTestObject("Page_DIR_SupplierFinder/td_Level1DescValue"), "DISTRIBUTOR"): Actual text and expected text of test object 'Object Repository/Page_DIR_SupplierFinder/td_Level1DescValue' are matched.

2022-07-21 17:55:12 - [MESSAGE][PASSED] - Actual text and expected text of test object 'Object Repository/Page_DIR_SupplierFinder/td_Level1DescValue' are matched.

2022-07-21 17:55:12 - [TEST_STEP][PASSED] - click(findTestObject("Object Repository/Page_DIR_SupplierFinder/span_Welcome Thangasumathy Jayakumar")): Object: 'Object Repository/Page_DIR_SupplierFinder/span_Welcome Thangasumathy Jayakumar' is clicked on

2022-07-21 17:55:13 - [MESSAGE][PASSED] - Object: 'Object Repository/Page_DIR_SupplierFinder/span_Welcome Thangasumathy Jayakumar' is clicked on

2022-07-21 17:55:13 - [TEST_STEP][PASSED] - click(findTestObject("Object Repository/Page_DIR_SupplierFinder/a_Logout")): Object: 'Object Repository/Page_DIR_SupplierFinder/a_Logout' is clicked on

2022-07-21 17:55:14 - [MESSAGE][PASSED] - Object: 'Object Repository/Page_DIR_SupplierFinder/a_Logout' is clicked on

2022-07-21 17:55:14 - [TEST_STEP][PASSED] - closeBrowser(): Browser is closed

2022-07-21 17:55:15 - [MESSAGE][PASSED] - Browser is closed]]></system-out>
         <system-err><![CDATA[]]></system-err>
      </testcase>
      <testcase name="Test Cases/Sanity/CIR/Page availability check" time="77.024" classname="Test Cases/Sanity/CIR/Page availability check" status="FAILED">
         <failure type="FAILED" message="Test Cases/Sanity/CIR/Page availability check FAILED.
Reason:
com.kms.katalon.core.exception.StepFailedException: Unable to verify object 'Object Repository/Page_Collect It Right/a_Design Centers_TabName' is present
	at com.kms.katalon.core.webui.keyword.internal.WebUIKeywordMain.stepFailed(WebUIKeywordMain.groovy:64)
	at com.kms.katalon.core.webui.keyword.internal.WebUIKeywordMain.runKeyword(WebUIKeywordMain.groovy:26)
	at com.kms.katalon.core.webui.keyword.builtin.VerifyElementPresentKeyword.verifyElementPresent(VerifyElementPresentKeyword.groovy:92)
	at com.kms.katalon.core.webui.keyword.builtin.VerifyElementPresentKeyword.execute(VerifyElementPresentKeyword.groovy:68)
	at com.kms.katalon.core.keyword.internal.KeywordExecutor.executeKeywordForPlatform(KeywordExecutor.groovy:74)
	at com.kms.katalon.core.webui.keyword.WebUiBuiltInKeywords.verifyElementPresent(WebUiBuiltInKeywords.groovy:1464)
	at com.kms.katalon.core.webui.keyword.WebUiBuiltInKeywords$verifyElementPresent$5.call(Unknown Source)
	at Page availability check.run(Page availability check:76)
	at com.kms.katalon.core.main.ScriptEngine.run(ScriptEngine.java:194)
	at com.kms.katalon.core.main.ScriptEngine.runScriptAsRawText(ScriptEngine.java:119)
	at com.kms.katalon.core.main.TestCaseExecutor.runScript(TestCaseExecutor.java:445)
	at com.kms.katalon.core.main.TestCaseExecutor.doExecute(TestCaseExecutor.java:436)
	at com.kms.katalon.core.main.TestCaseExecutor.processExecutionPhase(TestCaseExecutor.java:415)
	at com.kms.katalon.core.main.TestCaseExecutor.accessMainPhase(TestCaseExecutor.java:407)
	at com.kms.katalon.core.main.TestCaseExecutor.execute(TestCaseExecutor.java:284)
	at com.kms.katalon.core.common.CommonExecutor.accessTestCaseMainPhase(CommonExecutor.java:65)
	at com.kms.katalon.core.main.TestSuiteExecutor.accessTestSuiteMainPhase(TestSuiteExecutor.java:144)
	at com.kms.katalon.core.main.TestSuiteExecutor.execute(TestSuiteExecutor.java:106)
	at com.kms.katalon.core.main.TestCaseMain.startTestSuite(TestCaseMain.java:185)
	at com.kms.katalon.core.main.TestCaseMain$startTestSuite$0.call(Unknown Source)
	at TempTestSuite1658405413626.run(TempTestSuite1658405413626.groovy:36)
Caused by: com.kms.katalon.core.exception.StepFailedException: com.kms.katalon.core.webui.exception.WebElementNotFoundException: Web element with id: 'Object Repository/Page_Collect It Right/a_Design Centers_TabName' located by '//a[@id='__BVID__221___BV_tab_button__']' not found
	at com.kms.katalon.core.webui.keyword.internal.WebUIKeywordMain.stepFailed(WebUIKeywordMain.groovy:64)
	at com.kms.katalon.core.webui.keyword.builtin.VerifyElementPresentKeyword$_verifyElementPresent_closure1.doCall(VerifyElementPresentKeyword.groovy:85)
	at com.kms.katalon.core.webui.keyword.builtin.VerifyElementPresentKeyword$_verifyElementPresent_closure1.call(VerifyElementPresentKeyword.groovy)
	at com.kms.katalon.core.webui.keyword.internal.WebUIKeywordMain.runKeyword(WebUIKeywordMain.groovy:20)
	... 19 more
"/>
         <system-out><![CDATA[2022-07-21 17:55:15 - [TEST_CASE][FAILED] - Test Cases/Sanity/CIR/Page availability check: Test Cases/Sanity/CIR/Page availability check FAILED.
Reason:
com.kms.katalon.core.exception.StepFailedException: Unable to verify object 'Object Repository/Page_Collect It Right/a_Design Centers_TabName' is present
	at com.kms.katalon.core.webui.keyword.internal.WebUIKeywordMain.stepFailed(WebUIKeywordMain.groovy:64)
	at com.kms.katalon.core.webui.keyword.internal.WebUIKeywordMain.runKeyword(WebUIKeywordMain.groovy:26)
	at com.kms.katalon.core.webui.keyword.builtin.VerifyElementPresentKeyword.verifyElementPresent(VerifyElementPresentKeyword.groovy:92)
	at com.kms.katalon.core.webui.keyword.builtin.VerifyElementPresentKeyword.execute(VerifyElementPresentKeyword.groovy:68)
	at com.kms.katalon.core.keyword.internal.KeywordExecutor.executeKeywordForPlatform(KeywordExecutor.groovy:74)
	at com.kms.katalon.core.webui.keyword.WebUiBuiltInKeywords.verifyElementPresent(WebUiBuiltInKeywords.groovy:1464)
	at com.kms.katalon.core.webui.keyword.WebUiBuiltInKeywords$verifyElementPresent$5.call(Unknown Source)
	at Page availability check.run(Page availability check:76)
	at com.kms.katalon.core.main.ScriptEngine.run(ScriptEngine.java:194)
	at com.kms.katalon.core.main.ScriptEngine.runScriptAsRawText(ScriptEngine.java:119)
	at com.kms.katalon.core.main.TestCaseExecutor.runScript(TestCaseExecutor.java:445)
	at com.kms.katalon.core.main.TestCaseExecutor.doExecute(TestCaseExecutor.java:436)
	at com.kms.katalon.core.main.TestCaseExecutor.processExecutionPhase(TestCaseExecutor.java:415)
	at com.kms.katalon.core.main.TestCaseExecutor.accessMainPhase(TestCaseExecutor.java:407)
	at com.kms.katalon.core.main.TestCaseExecutor.execute(TestCaseExecutor.java:284)
	at com.kms.katalon.core.common.CommonExecutor.accessTestCaseMainPhase(CommonExecutor.java:65)
	at com.kms.katalon.core.main.TestSuiteExecutor.accessTestSuiteMainPhase(TestSuiteExecutor.java:144)
	at com.kms.katalon.core.main.TestSuiteExecutor.execute(TestSuiteExecutor.java:106)
	at com.kms.katalon.core.main.TestCaseMain.startTestSuite(TestCaseMain.java:185)
	at com.kms.katalon.core.main.TestCaseMain$startTestSuite$0.call(Unknown Source)
	at TempTestSuite1658405413626.run(TempTestSuite1658405413626.groovy:36)
Caused by: com.kms.katalon.core.exception.StepFailedException: com.kms.katalon.core.webui.exception.WebElementNotFoundException: Web element with id: 'Object Repository/Page_Collect It Right/a_Design Centers_TabName' located by '//a[@id='__BVID__221___BV_tab_button__']' not found
	at com.kms.katalon.core.webui.keyword.internal.WebUIKeywordMain.stepFailed(WebUIKeywordMain.groovy:64)
	at com.kms.katalon.core.webui.keyword.builtin.VerifyElementPresentKeyword$_verifyElementPresent_closure1.doCall(VerifyElementPresentKeyword.groovy:85)
	at com.kms.katalon.core.webui.keyword.builtin.VerifyElementPresentKeyword$_verifyElementPresent_closure1.call(VerifyElementPresentKeyword.groovy)
	at com.kms.katalon.core.webui.keyword.internal.WebUIKeywordMain.runKeyword(WebUIKeywordMain.groovy:20)
	... 19 more


2022-07-21 17:55:16 - [TEST_STEP][PASSED] - openBrowser(""): Browser is opened with url: ''

2022-07-21 17:55:16 - [MESSAGE][INFO] - Starting 'Chrome' driver

2022-07-21 17:55:16 - [MESSAGE][INFO] - Action delay is set to 0 milliseconds

2022-07-21 17:55:18 - [MESSAGE][PASSED] - Browser is opened with url: ''

2022-07-21 17:55:18 - [TEST_STEP][PASSED] - maximizeWindow(): Current window maximized

2022-07-21 17:55:19 - [MESSAGE][PASSED] - Current window maximized

2022-07-21 17:55:19 - [TEST_STEP][PASSED] - navigateToUrl(URL): Navigate to 'https://pirqa.flex.com/login' successfully

2022-07-21 17:55:21 - [MESSAGE][PASSED] - Navigate to 'https://pirqa.flex.com/login' successfully

2022-07-21 17:55:21 - [TEST_STEP][PASSED] - setText(findTestObject("Page_It-Right Platform/Username"), Username): Text 'gssprpra' is set on object 'Object Repository/Page_It-Right Platform/Username'

2022-07-21 17:55:22 - [MESSAGE][PASSED] - Text 'gssprpra' is set on object 'Object Repository/Page_It-Right Platform/Username'

2022-07-21 17:55:22 - [TEST_STEP][PASSED] - setEncryptedText(findTestObject("Page_It-Right Platform/password"), Password): Text ****** has been set on object 'Object Repository/Page_It-Right Platform/password'

2022-07-21 17:55:23 - [MESSAGE][PASSED] - Text ****** has been set on object 'Object Repository/Page_It-Right Platform/password'

2022-07-21 17:55:23 - [TEST_STEP][PASSED] - click(findTestObject("Page_It-Right Platform/button_Sign in")): Object: 'Object Repository/Page_It-Right Platform/button_Sign in' is clicked on

2022-07-21 17:55:26 - [MESSAGE][PASSED] - Object: 'Object Repository/Page_It-Right Platform/button_Sign in' is clicked on

2022-07-21 17:55:26 - [TEST_STEP][PASSED] - click(findTestObject("Object Repository/Page_It-Right Platform/span_WelcomeToggler")): Object: 'Object Repository/Page_It-Right Platform/span_WelcomeToggler' is clicked on

2022-07-21 17:55:27 - [MESSAGE][PASSED] - Object: 'Object Repository/Page_It-Right Platform/span_WelcomeToggler' is clicked on

2022-07-21 17:55:27 - [TEST_STEP][PASSED] - verifyElementPresent(findTestObject("Object Repository/Page_It-Right Platform/div_WelcomeMenu"), 0): Object 'Object Repository/Page_It-Right Platform/div_WelcomeMenu' is present

2022-07-21 17:55:27 - [MESSAGE][WARNING] - Timeout '0' is invalid. Using default page load timeout: '30'

2022-07-21 17:55:28 - [MESSAGE][PASSED] - Object 'Object Repository/Page_It-Right Platform/div_WelcomeMenu' is present

2022-07-21 17:55:28 - [TEST_STEP][PASSED] - verifyElementPresent(findTestObject("Object Repository/Page_It-Right Platform/span_Collect It Right"), 0): Object 'Object Repository/Page_It-Right Platform/span_Collect It Right' is present

2022-07-21 17:55:28 - [MESSAGE][WARNING] - Timeout '0' is invalid. Using default page load timeout: '30'

2022-07-21 17:55:28 - [MESSAGE][PASSED] - Object 'Object Repository/Page_It-Right Platform/span_Collect It Right' is present

2022-07-21 17:55:28 - [TEST_STEP][PASSED] - click(findTestObject("Object Repository/Page_It-Right Platform/span_Collect It Right")): Object: 'Object Repository/Page_It-Right Platform/span_Collect It Right' is clicked on

2022-07-21 17:55:38 - [MESSAGE][PASSED] - Object: 'Object Repository/Page_It-Right Platform/span_Collect It Right' is clicked on

2022-07-21 17:55:38 - [TEST_STEP][PASSED] - verifyElementText(findTestObject("Object Repository/Page_Collect It Right/div_Welcome to CIR"), "Welcome to CIR!"): Actual text and expected text of test object 'Object Repository/Page_Collect It Right/div_Welcome to CIR' are matched.

2022-07-21 17:55:38 - [MESSAGE][PASSED] - Actual text and expected text of test object 'Object Repository/Page_Collect It Right/div_Welcome to CIR' are matched.

2022-07-21 17:55:38 - [TEST_STEP][PASSED] - verifyElementPresent(findTestObject("Object Repository/Page_Collect It Right/a_Projects_Menu"), 0): Object 'Object Repository/Page_Collect It Right/a_Projects_Menu' is present

2022-07-21 17:55:39 - [MESSAGE][WARNING] - Timeout '0' is invalid. Using default page load timeout: '30'

2022-07-21 17:55:39 - [MESSAGE][PASSED] - Object 'Object Repository/Page_Collect It Right/a_Projects_Menu' is present

2022-07-21 17:55:39 - [TEST_STEP][PASSED] - verifyElementPresent(findTestObject("Object Repository/Page_Collect It Right/a_Preliminary Bom_Menu"), 0): Object 'Object Repository/Page_Collect It Right/a_Preliminary Bom_Menu' is present

2022-07-21 17:55:39 - [MESSAGE][WARNING] - Timeout '0' is invalid. Using default page load timeout: '30'

2022-07-21 17:55:39 - [MESSAGE][PASSED] - Object 'Object Repository/Page_Collect It Right/a_Preliminary Bom_Menu' is present

2022-07-21 17:55:39 - [TEST_STEP][PASSED] - verifyElementPresent(findTestObject("Object Repository/Page_Collect It Right/a_Design Centers_Menu"), 0): Object 'Object Repository/Page_Collect It Right/a_Design Centers_Menu' is present

2022-07-21 17:55:40 - [MESSAGE][WARNING] - Timeout '0' is invalid. Using default page load timeout: '30'

2022-07-21 17:55:40 - [MESSAGE][PASSED] - Object 'Object Repository/Page_Collect It Right/a_Design Centers_Menu' is present

2022-07-21 17:55:40 - [TEST_STEP][PASSED] - verifyElementPresent(findTestObject("Object Repository/Page_Collect It Right/a_Master File_Menu"), 0): Object 'Object Repository/Page_Collect It Right/a_Master File_Menu' is present

2022-07-21 17:55:40 - [MESSAGE][WARNING] - Timeout '0' is invalid. Using default page load timeout: '30'

2022-07-21 17:55:41 - [MESSAGE][PASSED] - Object 'Object Repository/Page_Collect It Right/a_Master File_Menu' is present

2022-07-21 17:55:41 - [TEST_STEP][PASSED] - verifyElementPresent(findTestObject("Object Repository/Page_Collect It Right/a_Contracts_Menu"), 0): Object 'Object Repository/Page_Collect It Right/a_Contracts_Menu' is present

2022-07-21 17:55:41 - [MESSAGE][WARNING] - Timeout '0' is invalid. Using default page load timeout: '30'

2022-07-21 17:55:41 - [MESSAGE][PASSED] - Object 'Object Repository/Page_Collect It Right/a_Contracts_Menu' is present

2022-07-21 17:55:41 - [TEST_STEP][PASSED] - verifyElementPresent(findTestObject("Page_Collect It Right/a_DWA Annex_Menu"), 0): Object 'Object Repository/Page_Collect It Right/a_DWA Annex_Menu' is present

2022-07-21 17:55:41 - [MESSAGE][WARNING] - Timeout '0' is invalid. Using default page load timeout: '30'

2022-07-21 17:55:42 - [MESSAGE][PASSED] - Object 'Object Repository/Page_Collect It Right/a_DWA Annex_Menu' is present

2022-07-21 17:55:42 - [TEST_STEP][PASSED] - verifyElementPresent(findTestObject("Object Repository/Page_Collect It Right/a_Market Intelligence_Menu"), 0): Object 'Object Repository/Page_Collect It Right/a_Market Intelligence_Menu' is present

2022-07-21 17:55:42 - [MESSAGE][WARNING] - Timeout '0' is invalid. Using default page load timeout: '30'

2022-07-21 17:55:42 - [MESSAGE][PASSED] - Object 'Object Repository/Page_Collect It Right/a_Market Intelligence_Menu' is present

2022-07-21 17:55:42 - [TEST_STEP][PASSED] - verifyElementPresent(findTestObject("Object Repository/Page_Collect It Right/a_Admin_Menu"), 0): Object 'Object Repository/Page_Collect It Right/a_Admin_Menu' is present

2022-07-21 17:55:43 - [MESSAGE][WARNING] - Timeout '0' is invalid. Using default page load timeout: '30'

2022-07-21 17:55:43 - [MESSAGE][PASSED] - Object 'Object Repository/Page_Collect It Right/a_Admin_Menu' is present

2022-07-21 17:55:43 - [TEST_STEP][PASSED] - click(findTestObject("Object Repository/Page_Collect It Right/a_Admin_Menu")): Object: 'Object Repository/Page_Collect It Right/a_Admin_Menu' is clicked on

2022-07-21 17:55:44 - [MESSAGE][PASSED] - Object: 'Object Repository/Page_Collect It Right/a_Admin_Menu' is clicked on

2022-07-21 17:55:44 - [TEST_STEP][PASSED] - verifyElementPresent(findTestObject("Object Repository/Page_Collect It Right/a_Users"), 0): Object 'Object Repository/Page_Collect It Right/a_Users' is present

2022-07-21 17:55:44 - [MESSAGE][WARNING] - Timeout '0' is invalid. Using default page load timeout: '30'

2022-07-21 17:55:44 - [MESSAGE][PASSED] - Object 'Object Repository/Page_Collect It Right/a_Users' is present

2022-07-21 17:55:44 - [TEST_STEP][PASSED] - click(findTestObject("Object Repository/Page_Collect It Right/a_Projects_Menu")): Object: 'Object Repository/Page_Collect It Right/a_Projects_Menu' is clicked on

2022-07-21 17:55:45 - [MESSAGE][PASSED] - Object: 'Object Repository/Page_Collect It Right/a_Projects_Menu' is clicked on

2022-07-21 17:55:45 - [TEST_STEP][PASSED] - verifyElementPresent(findTestObject("Object Repository/Page_Collect It Right/a_All Projects_TabName"), 3): Object 'Object Repository/Page_Collect It Right/a_All Projects_TabName' is present

2022-07-21 17:55:47 - [MESSAGE][PASSED] - Object 'Object Repository/Page_Collect It Right/a_All Projects_TabName' is present

2022-07-21 17:55:47 - [TEST_STEP][PASSED] - click(findTestObject("Object Repository/Page_Collect It Right/a_CIR_MenuOptions")): Object: 'Object Repository/Page_Collect It Right/a_CIR_MenuOptions' is clicked on

2022-07-21 17:55:48 - [MESSAGE][PASSED] - Object: 'Object Repository/Page_Collect It Right/a_CIR_MenuOptions' is clicked on

2022-07-21 17:55:48 - [TEST_STEP][PASSED] - click(findTestObject("Object Repository/Page_Collect It Right/a_Preliminary Bom_Menu")): Object: 'Object Repository/Page_Collect It Right/a_Preliminary Bom_Menu' is clicked on

2022-07-21 17:55:49 - [MESSAGE][PASSED] - Object: 'Object Repository/Page_Collect It Right/a_Preliminary Bom_Menu' is clicked on

2022-07-21 17:55:49 - [TEST_STEP][PASSED] - verifyElementPresent(findTestObject("Page_Collect It Right/a_Preliminary BOM_TabName"), 3): Object 'Object Repository/Page_Collect It Right/a_Preliminary BOM_TabName' is present

2022-07-21 17:55:59 - [MESSAGE][PASSED] - Object 'Object Repository/Page_Collect It Right/a_Preliminary BOM_TabName' is present

2022-07-21 17:55:59 - [TEST_STEP][PASSED] - click(findTestObject("Object Repository/Page_Collect It Right/a_CIR_MenuOptions")): Object: 'Object Repository/Page_Collect It Right/a_CIR_MenuOptions' is clicked on

2022-07-21 17:55:59 - [MESSAGE][PASSED] - Object: 'Object Repository/Page_Collect It Right/a_CIR_MenuOptions' is clicked on

2022-07-21 17:55:59 - [TEST_STEP][PASSED] - click(findTestObject("Object Repository/Page_Collect It Right/a_Design Centers_Menu")): Object: 'Object Repository/Page_Collect It Right/a_Design Centers_Menu' is clicked on

2022-07-21 17:56:00 - [MESSAGE][PASSED] - Object: 'Object Repository/Page_Collect It Right/a_Design Centers_Menu' is clicked on

2022-07-21 17:56:00 - [TEST_STEP][FAILED] - verifyElementPresent(findTestObject("Object Repository/Page_Collect It Right/a_Design Centers_TabName"), 0): Unable to verify object 'Object Repository/Page_Collect It Right/a_Design Centers_TabName' is present (Root cause: com.kms.katalon.core.exception.StepFailedException: Unable to verify object 'Object Repository/Page_Collect It Right/a_Design Centers_TabName' is present
	at com.kms.katalon.core.webui.keyword.internal.WebUIKeywordMain.stepFailed(WebUIKeywordMain.groovy:64)
	at com.kms.katalon.core.webui.keyword.internal.WebUIKeywordMain.runKeyword(WebUIKeywordMain.groovy:26)
	at com.kms.katalon.core.webui.keyword.builtin.VerifyElementPresentKeyword.verifyElementPresent(VerifyElementPresentKeyword.groovy:92)
	at com.kms.katalon.core.webui.keyword.builtin.VerifyElementPresentKeyword.execute(VerifyElementPresentKeyword.groovy:68)
	at com.kms.katalon.core.keyword.internal.KeywordExecutor.executeKeywordForPlatform(KeywordExecutor.groovy:74)
	at com.kms.katalon.core.webui.keyword.WebUiBuiltInKeywords.verifyElementPresent(WebUiBuiltInKeywords.groovy:1464)
	at com.kms.katalon.core.webui.keyword.WebUiBuiltInKeywords$verifyElementPresent$5.call(Unknown Source)
	at Page availability check.run(Page availability check:76)
	at com.kms.katalon.core.main.ScriptEngine.run(ScriptEngine.java:194)
	at com.kms.katalon.core.main.ScriptEngine.runScriptAsRawText(ScriptEngine.java:119)
	at com.kms.katalon.core.main.TestCaseExecutor.runScript(TestCaseExecutor.java:445)
	at com.kms.katalon.core.main.TestCaseExecutor.doExecute(TestCaseExecutor.java:436)
	at com.kms.katalon.core.main.TestCaseExecutor.processExecutionPhase(TestCaseExecutor.java:415)
	at com.kms.katalon.core.main.TestCaseExecutor.accessMainPhase(TestCaseExecutor.java:407)
	at com.kms.katalon.core.main.TestCaseExecutor.execute(TestCaseExecutor.java:284)
	at com.kms.katalon.core.common.CommonExecutor.accessTestCaseMainPhase(CommonExecutor.java:65)
	at com.kms.katalon.core.main.TestSuiteExecutor.accessTestSuiteMainPhase(TestSuiteExecutor.java:144)
	at com.kms.katalon.core.main.TestSuiteExecutor.execute(TestSuiteExecutor.java:106)
	at com.kms.katalon.core.main.TestCaseMain.startTestSuite(TestCaseMain.java:185)
	at com.kms.katalon.core.main.TestCaseMain$startTestSuite$0.call(Unknown Source)
	at TempTestSuite1658405413626.run(TempTestSuite1658405413626.groovy:36)
Caused by: com.kms.katalon.core.exception.StepFailedException: com.kms.katalon.core.webui.exception.WebElementNotFoundException: Web element with id: 'Object Repository/Page_Collect It Right/a_Design Centers_TabName' located by '//a[@id='__BVID__221___BV_tab_button__']' not found
	at com.kms.katalon.core.webui.keyword.internal.WebUIKeywordMain.stepFailed(WebUIKeywordMain.groovy:64)
	at com.kms.katalon.core.webui.keyword.builtin.VerifyElementPresentKeyword$_verifyElementPresent_closure1.doCall(VerifyElementPresentKeyword.groovy:85)
	at com.kms.katalon.core.webui.keyword.builtin.VerifyElementPresentKeyword$_verifyElementPresent_closure1.call(VerifyElementPresentKeyword.groovy)
	at com.kms.katalon.core.webui.keyword.internal.WebUIKeywordMain.runKeyword(WebUIKeywordMain.groovy:20)
	... 19 more
)

2022-07-21 17:56:00 - [MESSAGE][WARNING] - Timeout '0' is invalid. Using default page load timeout: '30'

2022-07-21 17:56:31 - [MESSAGE][INFO] - Unable to find the element located by 'By.xpath: //a[@id='__BVID__221___BV_tab_button__']'. Please recheck the objects properties to make sure the desired element is located. 

2022-07-21 17:56:32 - [MESSAGE][FAILED] - com.kms.katalon.core.webui.exception.WebElementNotFoundException: Web element with id: 'Object Repository/Page_Collect It Right/a_Design Centers_TabName' located by '//a[@id='__BVID__221___BV_tab_button__']' not found (Root cause: com.kms.katalon.core.exception.StepFailedException: com.kms.katalon.core.webui.exception.WebElementNotFoundException: Web element with id: 'Object Repository/Page_Collect It Right/a_Design Centers_TabName' located by '//a[@id='__BVID__221___BV_tab_button__']' not found
	at com.kms.katalon.core.webui.keyword.internal.WebUIKeywordMain.stepFailed(WebUIKeywordMain.groovy:64)
	at com.kms.katalon.core.webui.keyword.builtin.VerifyElementPresentKeyword$_verifyElementPresent_closure1.doCall(VerifyElementPresentKeyword.groovy:85)
	at com.kms.katalon.core.webui.keyword.builtin.VerifyElementPresentKeyword$_verifyElementPresent_closure1.call(VerifyElementPresentKeyword.groovy)
	at com.kms.katalon.core.webui.keyword.internal.WebUIKeywordMain.runKeyword(WebUIKeywordMain.groovy:20)
	at com.kms.katalon.core.webui.keyword.builtin.VerifyElementPresentKeyword.verifyElementPresent(VerifyElementPresentKeyword.groovy:92)
	at com.kms.katalon.core.webui.keyword.builtin.VerifyElementPresentKeyword.execute(VerifyElementPresentKeyword.groovy:68)
	at com.kms.katalon.core.keyword.internal.KeywordExecutor.executeKeywordForPlatform(KeywordExecutor.groovy:74)
	at com.kms.katalon.core.webui.keyword.WebUiBuiltInKeywords.verifyElementPresent(WebUiBuiltInKeywords.groovy:1464)
	at com.kms.katalon.core.webui.keyword.WebUiBuiltInKeywords$verifyElementPresent$5.call(Unknown Source)
	at Page availability check.run(Page availability check:76)
	at com.kms.katalon.core.main.ScriptEngine.run(ScriptEngine.java:194)
	at com.kms.katalon.core.main.ScriptEngine.runScriptAsRawText(ScriptEngine.java:119)
	at com.kms.katalon.core.main.TestCaseExecutor.runScript(TestCaseExecutor.java:445)
	at com.kms.katalon.core.main.TestCaseExecutor.doExecute(TestCaseExecutor.java:436)
	at com.kms.katalon.core.main.TestCaseExecutor.processExecutionPhase(TestCaseExecutor.java:415)
	at com.kms.katalon.core.main.TestCaseExecutor.accessMainPhase(TestCaseExecutor.java:407)
	at com.kms.katalon.core.main.TestCaseExecutor.execute(TestCaseExecutor.java:284)
	at com.kms.katalon.core.common.CommonExecutor.accessTestCaseMainPhase(CommonExecutor.java:65)
	at com.kms.katalon.core.main.TestSuiteExecutor.accessTestSuiteMainPhase(TestSuiteExecutor.java:144)
	at com.kms.katalon.core.main.TestSuiteExecutor.execute(TestSuiteExecutor.java:106)
	at com.kms.katalon.core.main.TestCaseMain.startTestSuite(TestCaseMain.java:185)
	at com.kms.katalon.core.main.TestCaseMain$startTestSuite$0.call(Unknown Source)
	at TempTestSuite1658405413626.run(TempTestSuite1658405413626.groovy:36)
)
[[ATTACHMENT|C:\\Users\\gssprpra\\git\\KatalonStudioCodeRep1\\Reports\\20220721_174013\\Sanity_GBS_SF_CIR\\20220721_174013\\1658406391611.png]]

2022-07-21 17:56:32 - [MESSAGE][FAILED] - Unable to verify object 'Object Repository/Page_Collect It Right/a_Design Centers_TabName' is present (Root cause: com.kms.katalon.core.exception.StepFailedException: Unable to verify object 'Object Repository/Page_Collect It Right/a_Design Centers_TabName' is present
	at com.kms.katalon.core.webui.keyword.internal.WebUIKeywordMain.stepFailed(WebUIKeywordMain.groovy:64)
	at com.kms.katalon.core.webui.keyword.internal.WebUIKeywordMain.runKeyword(WebUIKeywordMain.groovy:26)
	at com.kms.katalon.core.webui.keyword.builtin.VerifyElementPresentKeyword.verifyElementPresent(VerifyElementPresentKeyword.groovy:92)
	at com.kms.katalon.core.webui.keyword.builtin.VerifyElementPresentKeyword.execute(VerifyElementPresentKeyword.groovy:68)
	at com.kms.katalon.core.keyword.internal.KeywordExecutor.executeKeywordForPlatform(KeywordExecutor.groovy:74)
	at com.kms.katalon.core.webui.keyword.WebUiBuiltInKeywords.verifyElementPresent(WebUiBuiltInKeywords.groovy:1464)
	at com.kms.katalon.core.webui.keyword.WebUiBuiltInKeywords$verifyElementPresent$5.call(Unknown Source)
	at Page availability check.run(Page availability check:76)
	at com.kms.katalon.core.main.ScriptEngine.run(ScriptEngine.java:194)
	at com.kms.katalon.core.main.ScriptEngine.runScriptAsRawText(ScriptEngine.java:119)
	at com.kms.katalon.core.main.TestCaseExecutor.runScript(TestCaseExecutor.java:445)
	at com.kms.katalon.core.main.TestCaseExecutor.doExecute(TestCaseExecutor.java:436)
	at com.kms.katalon.core.main.TestCaseExecutor.processExecutionPhase(TestCaseExecutor.java:415)
	at com.kms.katalon.core.main.TestCaseExecutor.accessMainPhase(TestCaseExecutor.java:407)
	at com.kms.katalon.core.main.TestCaseExecutor.execute(TestCaseExecutor.java:284)
	at com.kms.katalon.core.common.CommonExecutor.accessTestCaseMainPhase(CommonExecutor.java:65)
	at com.kms.katalon.core.main.TestSuiteExecutor.accessTestSuiteMainPhase(TestSuiteExecutor.java:144)
	at com.kms.katalon.core.main.TestSuiteExecutor.execute(TestSuiteExecutor.java:106)
	at com.kms.katalon.core.main.TestCaseMain.startTestSuite(TestCaseMain.java:185)
	at com.kms.katalon.core.main.TestCaseMain$startTestSuite$0.call(Unknown Source)
	at TempTestSuite1658405413626.run(TempTestSuite1658405413626.groovy:36)
Caused by: com.kms.katalon.core.exception.StepFailedException: com.kms.katalon.core.webui.exception.WebElementNotFoundException: Web element with id: 'Object Repository/Page_Collect It Right/a_Design Centers_TabName' located by '//a[@id='__BVID__221___BV_tab_button__']' not found
	at com.kms.katalon.core.webui.keyword.internal.WebUIKeywordMain.stepFailed(WebUIKeywordMain.groovy:64)
	at com.kms.katalon.core.webui.keyword.builtin.VerifyElementPresentKeyword$_verifyElementPresent_closure1.doCall(VerifyElementPresentKeyword.groovy:85)
	at com.kms.katalon.core.webui.keyword.builtin.VerifyElementPresentKeyword$_verifyElementPresent_closure1.call(VerifyElementPresentKeyword.groovy)
	at com.kms.katalon.core.webui.keyword.internal.WebUIKeywordMain.runKeyword(WebUIKeywordMain.groovy:20)
	... 19 more
)
[[ATTACHMENT|C:\\Users\\gssprpra\\git\\KatalonStudioCodeRep1\\Reports\\20220721_174013\\Sanity_GBS_SF_CIR\\20220721_174013\\1658406392155.png]]]]></system-out>
         <system-err><![CDATA[2022-07-21 17:55:15 - [TEST_CASE][FAILED] - Test Cases/Sanity/CIR/Page availability check: Test Cases/Sanity/CIR/Page availability check FAILED.
Reason:
com.kms.katalon.core.exception.StepFailedException: Unable to verify object 'Object Repository/Page_Collect It Right/a_Design Centers_TabName' is present
	at com.kms.katalon.core.webui.keyword.internal.WebUIKeywordMain.stepFailed(WebUIKeywordMain.groovy:64)
	at com.kms.katalon.core.webui.keyword.internal.WebUIKeywordMain.runKeyword(WebUIKeywordMain.groovy:26)
	at com.kms.katalon.core.webui.keyword.builtin.VerifyElementPresentKeyword.verifyElementPresent(VerifyElementPresentKeyword.groovy:92)
	at com.kms.katalon.core.webui.keyword.builtin.VerifyElementPresentKeyword.execute(VerifyElementPresentKeyword.groovy:68)
	at com.kms.katalon.core.keyword.internal.KeywordExecutor.executeKeywordForPlatform(KeywordExecutor.groovy:74)
	at com.kms.katalon.core.webui.keyword.WebUiBuiltInKeywords.verifyElementPresent(WebUiBuiltInKeywords.groovy:1464)
	at com.kms.katalon.core.webui.keyword.WebUiBuiltInKeywords$verifyElementPresent$5.call(Unknown Source)
	at Page availability check.run(Page availability check:76)
	at com.kms.katalon.core.main.ScriptEngine.run(ScriptEngine.java:194)
	at com.kms.katalon.core.main.ScriptEngine.runScriptAsRawText(ScriptEngine.java:119)
	at com.kms.katalon.core.main.TestCaseExecutor.runScript(TestCaseExecutor.java:445)
	at com.kms.katalon.core.main.TestCaseExecutor.doExecute(TestCaseExecutor.java:436)
	at com.kms.katalon.core.main.TestCaseExecutor.processExecutionPhase(TestCaseExecutor.java:415)
	at com.kms.katalon.core.main.TestCaseExecutor.accessMainPhase(TestCaseExecutor.java:407)
	at com.kms.katalon.core.main.TestCaseExecutor.execute(TestCaseExecutor.java:284)
	at com.kms.katalon.core.common.CommonExecutor.accessTestCaseMainPhase(CommonExecutor.java:65)
	at com.kms.katalon.core.main.TestSuiteExecutor.accessTestSuiteMainPhase(TestSuiteExecutor.java:144)
	at com.kms.katalon.core.main.TestSuiteExecutor.execute(TestSuiteExecutor.java:106)
	at com.kms.katalon.core.main.TestCaseMain.startTestSuite(TestCaseMain.java:185)
	at com.kms.katalon.core.main.TestCaseMain$startTestSuite$0.call(Unknown Source)
	at TempTestSuite1658405413626.run(TempTestSuite1658405413626.groovy:36)
Caused by: com.kms.katalon.core.exception.StepFailedException: com.kms.katalon.core.webui.exception.WebElementNotFoundException: Web element with id: 'Object Repository/Page_Collect It Right/a_Design Centers_TabName' located by '//a[@id='__BVID__221___BV_tab_button__']' not found
	at com.kms.katalon.core.webui.keyword.internal.WebUIKeywordMain.stepFailed(WebUIKeywordMain.groovy:64)
	at com.kms.katalon.core.webui.keyword.builtin.VerifyElementPresentKeyword$_verifyElementPresent_closure1.doCall(VerifyElementPresentKeyword.groovy:85)
	at com.kms.katalon.core.webui.keyword.builtin.VerifyElementPresentKeyword$_verifyElementPresent_closure1.call(VerifyElementPresentKeyword.groovy)
	at com.kms.katalon.core.webui.keyword.internal.WebUIKeywordMain.runKeyword(WebUIKeywordMain.groovy:20)
	... 19 more]]></system-err>
      </testcase>
      <system-out><![CDATA[2022-07-21 17:40:28 - [TEST_SUITE][FAILED] - Sanity_GBS_SF_CIR: Test Cases/Sanity/GBS/Create AF Project FAILED.
Reason:
com.kms.katalon.core.exception.StepFailedException: Unable to click on object 'Object Repository/Page_DIR_GBS/GBS Project/input__dueDate'
	at com.kms.katalon.core.webui.keyword.internal.WebUIKeywordMain.stepFailed(WebUIKeywordMain.groovy:64)
	at com.kms.katalon.core.webui.keyword.internal.WebUIKeywordMain.runKeyword(WebUIKeywordMain.groovy:26)
	at com.kms.katalon.core.webui.keyword.builtin.ClickKeyword.click(ClickKeyword.groovy:74)
	at com.kms.katalon.core.webui.keyword.builtin.ClickKeyword.execute(ClickKeyword.groovy:40)
	at com.kms.katalon.core.keyword.internal.KeywordExecutor.executeKeywordForPlatform(KeywordExecutor.groovy:74)
	at com.kms.katalon.core.webui.keyword.WebUiBuiltInKeywords.click(WebUiBuiltInKeywords.groovy:620)
	at com.kms.katalon.core.webui.keyword.WebUiBuiltInKeywords$click$4.call(Unknown Source)
	at Create AF Project.run(Create AF Project:64)
	at com.kms.katalon.core.main.ScriptEngine.run(ScriptEngine.java:194)
	at com.kms.katalon.core.main.ScriptEngine.runScriptAsRawText(ScriptEngine.java:119)
	at com.kms.katalon.core.main.TestCaseExecutor.runScript(TestCaseExecutor.java:445)
	at com.kms.katalon.core.main.TestCaseExecutor.doExecute(TestCaseExecutor.java:436)
	at com.kms.katalon.core.main.TestCaseExecutor.processExecutionPhase(TestCaseExecutor.java:415)
	at com.kms.katalon.core.main.TestCaseExecutor.accessMainPhase(TestCaseExecutor.java:407)
	at com.kms.katalon.core.main.TestCaseExecutor.execute(TestCaseExecutor.java:284)
	at com.kms.katalon.core.common.CommonExecutor.accessTestCaseMainPhase(CommonExecutor.java:65)
	at com.kms.katalon.core.main.TestSuiteExecutor.accessTestSuiteMainPhase(TestSuiteExecutor.java:144)
	at com.kms.katalon.core.main.TestSuiteExecutor.execute(TestSuiteExecutor.java:106)
	at com.kms.katalon.core.main.TestCaseMain.startTestSuite(TestCaseMain.java:185)
	at com.kms.katalon.core.main.TestCaseMain$startTestSuite$0.call(Unknown Source)
	at TempTestSuite1658405413626.run(TempTestSuite1658405413626.groovy:36)
Caused by: org.openqa.selenium.ElementNotInteractableException: element not interactable
  (Session info: chrome=103.0.5060.114)
Build info: version: '3.141.59', revision: 'e82be7d358', time: '2018-11-14T08:25:53'
System info: host: 'GSSM6818', ip: '10.195.96.32', os.name: 'Windows 10', os.arch: 'amd64', os.version: '10.0', java.version: '1.8.0_282'
Driver info: com.kms.katalon.selenium.driver.CChromeDriver
Capabilities {acceptInsecureCerts: false, browserName: chrome, browserVersion: 103.0.5060.114, chrome: {chromedriverVersion: 102.0.5005.61 (0e59bcc00cc4..., userDataDir: C:\Users\gssprpra\AppData\L...}, goog:chromeOptions: {debuggerAddress: localhost:54286}, javascriptEnabled: true, networkConnectionEnabled: false, pageLoadStrategy: normal, platform: WINDOWS, platformName: WINDOWS, proxy: Proxy(), setWindowRect: true, strictFileInteractability: false, timeouts: {implicit: 0, pageLoad: 300000, script: 30000}, unhandledPromptBehavior: dismiss and notify, webauthn:extension:credBlob: true, webauthn:extension:largeBlob: true, webauthn:virtualAuthenticators: true}
Session ID: 99ee6dafe6ca78ea74639ed0996bbc13
	at org.openqa.selenium.remote.http.W3CHttpResponseCodec.createException(W3CHttpResponseCodec.java:187)
	at org.openqa.selenium.remote.http.W3CHttpResponseCodec.decode(W3CHttpResponseCodec.java:122)
	at org.openqa.selenium.remote.http.W3CHttpResponseCodec.decode(W3CHttpResponseCodec.java:49)
	at org.openqa.selenium.remote.HttpCommandExecutor.execute(HttpCommandExecutor.java:158)
	at org.openqa.selenium.remote.service.DriverCommandExecutor.execute(DriverCommandExecutor.java:83)
	at org.openqa.selenium.remote.RemoteWebDriver.execute(RemoteWebDriver.java:552)
	at com.kms.katalon.selenium.driver.CChromeDriver.execute(CChromeDriver.java:19)
	at org.openqa.selenium.remote.RemoteWebElement.execute(RemoteWebElement.java:285)
	at org.openqa.selenium.remote.RemoteWebElement.click(RemoteWebElement.java:84)
	at org.openqa.selenium.support.events.EventFiringWebDriver$EventFiringWebElement.lambda$new$0(EventFiringWebDriver.java:404)
	at com.sun.proxy.$Proxy11.click(Unknown Source)
	at org.openqa.selenium.support.events.EventFiringWebDriver$EventFiringWebElement.click(EventFiringWebDriver.java:417)
	at org.openqa.selenium.WebElement$click.call(Unknown Source)
	at com.kms.katalon.core.webui.keyword.builtin.ClickKeyword.clickUntilSuccessWithTimeout(ClickKeyword.groovy:81)
	at com.kms.katalon.core.webui.keyword.builtin.ClickKeyword.clickUntilSuccessWithTimeout(ClickKeyword.groovy)
	at com.kms.katalon.core.webui.keyword.builtin.ClickKeyword$_click_closure1.doCall(ClickKeyword.groovy:67)
	at com.kms.katalon.core.webui.keyword.builtin.ClickKeyword$_click_closure1.call(ClickKeyword.groovy)
	at com.kms.katalon.core.webui.keyword.internal.WebUIKeywordMain.runKeyword(WebUIKeywordMain.groovy:20)
	... 19 more]]></system-out>
      <system-err><![CDATA[2022-07-21 17:40:28 - [TEST_SUITE][FAILED] - Sanity_GBS_SF_CIR: Test Cases/Sanity/GBS/Create AF Project FAILED.
Reason:
com.kms.katalon.core.exception.StepFailedException: Unable to click on object 'Object Repository/Page_DIR_GBS/GBS Project/input__dueDate'
	at com.kms.katalon.core.webui.keyword.internal.WebUIKeywordMain.stepFailed(WebUIKeywordMain.groovy:64)
	at com.kms.katalon.core.webui.keyword.internal.WebUIKeywordMain.runKeyword(WebUIKeywordMain.groovy:26)
	at com.kms.katalon.core.webui.keyword.builtin.ClickKeyword.click(ClickKeyword.groovy:74)
	at com.kms.katalon.core.webui.keyword.builtin.ClickKeyword.execute(ClickKeyword.groovy:40)
	at com.kms.katalon.core.keyword.internal.KeywordExecutor.executeKeywordForPlatform(KeywordExecutor.groovy:74)
	at com.kms.katalon.core.webui.keyword.WebUiBuiltInKeywords.click(WebUiBuiltInKeywords.groovy:620)
	at com.kms.katalon.core.webui.keyword.WebUiBuiltInKeywords$click$4.call(Unknown Source)
	at Create AF Project.run(Create AF Project:64)
	at com.kms.katalon.core.main.ScriptEngine.run(ScriptEngine.java:194)
	at com.kms.katalon.core.main.ScriptEngine.runScriptAsRawText(ScriptEngine.java:119)
	at com.kms.katalon.core.main.TestCaseExecutor.runScript(TestCaseExecutor.java:445)
	at com.kms.katalon.core.main.TestCaseExecutor.doExecute(TestCaseExecutor.java:436)
	at com.kms.katalon.core.main.TestCaseExecutor.processExecutionPhase(TestCaseExecutor.java:415)
	at com.kms.katalon.core.main.TestCaseExecutor.accessMainPhase(TestCaseExecutor.java:407)
	at com.kms.katalon.core.main.TestCaseExecutor.execute(TestCaseExecutor.java:284)
	at com.kms.katalon.core.common.CommonExecutor.accessTestCaseMainPhase(CommonExecutor.java:65)
	at com.kms.katalon.core.main.TestSuiteExecutor.accessTestSuiteMainPhase(TestSuiteExecutor.java:144)
	at com.kms.katalon.core.main.TestSuiteExecutor.execute(TestSuiteExecutor.java:106)
	at com.kms.katalon.core.main.TestCaseMain.startTestSuite(TestCaseMain.java:185)
	at com.kms.katalon.core.main.TestCaseMain$startTestSuite$0.call(Unknown Source)
	at TempTestSuite1658405413626.run(TempTestSuite1658405413626.groovy:36)
Caused by: org.openqa.selenium.ElementNotInteractableException: element not interactable
  (Session info: chrome=103.0.5060.114)
Build info: version: '3.141.59', revision: 'e82be7d358', time: '2018-11-14T08:25:53'
System info: host: 'GSSM6818', ip: '10.195.96.32', os.name: 'Windows 10', os.arch: 'amd64', os.version: '10.0', java.version: '1.8.0_282'
Driver info: com.kms.katalon.selenium.driver.CChromeDriver
Capabilities {acceptInsecureCerts: false, browserName: chrome, browserVersion: 103.0.5060.114, chrome: {chromedriverVersion: 102.0.5005.61 (0e59bcc00cc4..., userDataDir: C:\Users\gssprpra\AppData\L...}, goog:chromeOptions: {debuggerAddress: localhost:54286}, javascriptEnabled: true, networkConnectionEnabled: false, pageLoadStrategy: normal, platform: WINDOWS, platformName: WINDOWS, proxy: Proxy(), setWindowRect: true, strictFileInteractability: false, timeouts: {implicit: 0, pageLoad: 300000, script: 30000}, unhandledPromptBehavior: dismiss and notify, webauthn:extension:credBlob: true, webauthn:extension:largeBlob: true, webauthn:virtualAuthenticators: true}
Session ID: 99ee6dafe6ca78ea74639ed0996bbc13
	at org.openqa.selenium.remote.http.W3CHttpResponseCodec.createException(W3CHttpResponseCodec.java:187)
	at org.openqa.selenium.remote.http.W3CHttpResponseCodec.decode(W3CHttpResponseCodec.java:122)
	at org.openqa.selenium.remote.http.W3CHttpResponseCodec.decode(W3CHttpResponseCodec.java:49)
	at org.openqa.selenium.remote.HttpCommandExecutor.execute(HttpCommandExecutor.java:158)
	at org.openqa.selenium.remote.service.DriverCommandExecutor.execute(DriverCommandExecutor.java:83)
	at org.openqa.selenium.remote.RemoteWebDriver.execute(RemoteWebDriver.java:552)
	at com.kms.katalon.selenium.driver.CChromeDriver.execute(CChromeDriver.java:19)
	at org.openqa.selenium.remote.RemoteWebElement.execute(RemoteWebElement.java:285)
	at org.openqa.selenium.remote.RemoteWebElement.click(RemoteWebElement.java:84)
	at org.openqa.selenium.support.events.EventFiringWebDriver$EventFiringWebElement.lambda$new$0(EventFiringWebDriver.java:404)
	at com.sun.proxy.$Proxy11.click(Unknown Source)
	at org.openqa.selenium.support.events.EventFiringWebDriver$EventFiringWebElement.click(EventFiringWebDriver.java:417)
	at org.openqa.selenium.WebElement$click.call(Unknown Source)
	at com.kms.katalon.core.webui.keyword.builtin.ClickKeyword.clickUntilSuccessWithTimeout(ClickKeyword.groovy:81)
	at com.kms.katalon.core.webui.keyword.builtin.ClickKeyword.clickUntilSuccessWithTimeout(ClickKeyword.groovy)
	at com.kms.katalon.core.webui.keyword.builtin.ClickKeyword$_click_closure1.doCall(ClickKeyword.groovy:67)
	at com.kms.katalon.core.webui.keyword.builtin.ClickKeyword$_click_closure1.call(ClickKeyword.groovy)
	at com.kms.katalon.core.webui.keyword.internal.WebUIKeywordMain.runKeyword(WebUIKeywordMain.groovy:20)
	... 19 more]]></system-err>
   </testsuite>
</testsuites>
