<?xml version="1.0" encoding="UTF-8"?>
<testsuites name="Sanity_GBS" time="46.56" tests="2" failures="0" errors="0">
   <testsuite name="Sanity_GBS" tests="2" failures="0" errors="0" time="46.56" skipped="0" timestamp="2022-06-15 16:55:34" hostname="gsstjaya - GSSM0803.asia.ad.flextronics.com" id="Test Suites/Sanity_GBS">
      <properties>
         <property name="deviceName" value=""/>
         <property name="devicePlatform" value=""/>
         <property name="logFolder" value="C:\\Sumathy\\Katalon Projects_Scripts\\PIR_DIR2\\Reports\\20220615_165523\\Sanity_GBS\\20220615_165523"/>
         <property name="logFiles" value="C:\\Sumathy\\Katalon Projects_Scripts\\PIR_DIR2\\Reports\\20220615_165523\\Sanity_GBS\\20220615_165523\\execution0.log"/>
         <property name="attachments" value=""/>
         <property name="hostName" value="gsstjaya - GSSM0803.asia.ad.flextronics.com"/>
         <property name="os" value="Windows 10 64bit"/>
         <property name="katalonVersion" value="8.3.5.208"/>
         <property name="browser" value="Chrome 102.0.5005.115"/>
         <property name="hostAddress" value="10.195.90.103"/>
         <property name="sessionId" value="915a3ac36a25531dc101ed38e4483519"/>
         <property name="seleniumVersion" value="3.141.59"/>
         <property name="proxyInformation" value="ProxyInformation { proxyOption=NO_PROXY, proxyServerType=HTTP, username=, password=********, proxyServerAddress=, proxyServerPort=0, executionList=&quot;&quot;, isApplyToDesiredCapabilities=true }"/>
         <property name="platform" value="Windows 10"/>
      </properties>
      <testcase name="Test Cases/Sanity/Supplier Finder/Check Data and Export" time="21.639" classname="Test Cases/Sanity/Supplier Finder/Check Data and Export" status="PASSED">
         <system-out><![CDATA[2022-06-15 16:55:34 - [TEST_CASE][PASSED] - Test Cases/Sanity/Supplier Finder/Check Data and Export: Test Cases/Sanity/Supplier Finder/Check Data and Export

2022-06-15 16:55:35 - [TEST_STEP][PASSED] - openBrowser(""): Browser is opened with url: ''

2022-06-15 16:55:35 - [MESSAGE][INFO] - Starting 'Chrome' driver

2022-06-15 16:55:35 - [MESSAGE][INFO] - Action delay is set to 0 milliseconds

2022-06-15 16:55:37 - [MESSAGE][PASSED] - Browser is opened with url: ''

2022-06-15 16:55:37 - [TEST_STEP][PASSED] - maximizeWindow(): Current window maximized

2022-06-15 16:55:38 - [MESSAGE][PASSED] - Current window maximized

2022-06-15 16:55:38 - [TEST_STEP][PASSED] - navigateToUrl(URL): Navigate to 'https://pirqa.flex.com/login' successfully

2022-06-15 16:55:41 - [MESSAGE][PASSED] - Navigate to 'https://pirqa.flex.com/login' successfully

2022-06-15 16:55:41 - [TEST_STEP][PASSED] - setText(findTestObject("Page_It-Right Platform/Username"), username): Text 'gsstjaya' is set on object 'Object Repository/Page_It-Right Platform/Username'

2022-06-15 16:55:42 - [MESSAGE][PASSED] - Text 'gsstjaya' is set on object 'Object Repository/Page_It-Right Platform/Username'

2022-06-15 16:55:42 - [TEST_STEP][PASSED] - setEncryptedText(findTestObject("Page_It-Right Platform/password"), pwd): Text ****** has been set on object 'Object Repository/Page_It-Right Platform/password'

2022-06-15 16:55:42 - [MESSAGE][PASSED] - Text ****** has been set on object 'Object Repository/Page_It-Right Platform/password'

2022-06-15 16:55:42 - [TEST_STEP][PASSED] - click(findTestObject("Page_It-Right Platform/button_Sign in")): Object: 'Object Repository/Page_It-Right Platform/button_Sign in' is clicked on

2022-06-15 16:55:45 - [MESSAGE][PASSED] - Object: 'Object Repository/Page_It-Right Platform/button_Sign in' is clicked on

2022-06-15 16:55:45 - [TEST_STEP][PASSED] - click(findTestObject("Object Repository/Page_It-Right Platform/span_WelcomeToggler")): Object: 'Object Repository/Page_It-Right Platform/span_WelcomeToggler' is clicked on

2022-06-15 16:55:45 - [MESSAGE][PASSED] - Object: 'Object Repository/Page_It-Right Platform/span_WelcomeToggler' is clicked on

2022-06-15 16:55:45 - [TEST_STEP][PASSED] - verifyElementPresent(findTestObject("Object Repository/Page_It-Right Platform/div_WelcomeMenu"), 1): Object 'Object Repository/Page_It-Right Platform/div_WelcomeMenu' is present

2022-06-15 16:55:46 - [MESSAGE][PASSED] - Object 'Object Repository/Page_It-Right Platform/div_WelcomeMenu' is present

2022-06-15 16:55:46 - [TEST_STEP][PASSED] - click(findTestObject("Object Repository/Page_It-Right Platform/span_Supplier Finder")): Object: 'Object Repository/Page_It-Right Platform/span_Supplier Finder' is clicked on

2022-06-15 16:55:50 - [MESSAGE][PASSED] - Object: 'Object Repository/Page_It-Right Platform/span_Supplier Finder' is clicked on

2022-06-15 16:55:50 - [TEST_STEP][PASSED] - verifyElementPresent(findTestObject("Object Repository/Page_DIR/div_Supplier Finder"), 2): Object 'Object Repository/Page_DIR/div_Supplier Finder' is present

2022-06-15 16:55:52 - [MESSAGE][PASSED] - Object 'Object Repository/Page_DIR/div_Supplier Finder' is present

2022-06-15 16:55:52 - [TEST_STEP][PASSED] - verifyElementPresent(findTestObject("Object Repository/Page_DIR/div_datatable_header"), 1): Object 'Object Repository/Page_DIR/div_datatable_header' is present

2022-06-15 16:55:52 - [MESSAGE][PASSED] - Object 'Object Repository/Page_DIR/div_datatable_header' is present

2022-06-15 16:55:52 - [TEST_STEP][PASSED] - verifyElementText(findTestObject("Object Repository/Page_DIR/td_SupplierName"), "5D INDUSTRIA"): Actual text and expected text of test object 'Object Repository/Page_DIR/td_SupplierName' are matched.

2022-06-15 16:55:52 - [MESSAGE][PASSED] - Actual text and expected text of test object 'Object Repository/Page_DIR/td_SupplierName' are matched.

2022-06-15 16:55:52 - [TEST_STEP][PASSED] - verifyElementPresent(findTestObject("Object Repository/Page_DIR/button_Export"), 1): Object 'Object Repository/Page_DIR/button_Export' is present

2022-06-15 16:55:53 - [MESSAGE][PASSED] - Object 'Object Repository/Page_DIR/button_Export' is present

2022-06-15 16:55:53 - [TEST_STEP][PASSED] - click(findTestObject("Object Repository/Page_DIR/button_Export")): Object: 'Object Repository/Page_DIR/button_Export' is clicked on

2022-06-15 16:55:54 - [MESSAGE][PASSED] - Object: 'Object Repository/Page_DIR/button_Export' is clicked on

2022-06-15 16:55:54 - [TEST_STEP][PASSED] - verifyElementPresent(findTestObject("Object Repository/Page_DIR/div_Supplier Finder"), 2): Object 'Object Repository/Page_DIR/div_Supplier Finder' is present

2022-06-15 16:55:54 - [MESSAGE][PASSED] - Object 'Object Repository/Page_DIR/div_Supplier Finder' is present

2022-06-15 16:55:54 - [TEST_STEP][PASSED] - click(findTestObject("Object Repository/Page_DIR/span_Welcome Thangasumathy Jayakumar")): Object: 'Object Repository/Page_DIR/span_Welcome Thangasumathy Jayakumar' is clicked on

2022-06-15 16:55:54 - [MESSAGE][PASSED] - Object: 'Object Repository/Page_DIR/span_Welcome Thangasumathy Jayakumar' is clicked on

2022-06-15 16:55:54 - [TEST_STEP][PASSED] - click(findTestObject("Object Repository/Page_DIR/a_Logout")): Object: 'Object Repository/Page_DIR/a_Logout' is clicked on

2022-06-15 16:55:55 - [MESSAGE][PASSED] - Object: 'Object Repository/Page_DIR/a_Logout' is clicked on

2022-06-15 16:55:55 - [TEST_STEP][PASSED] - closeBrowser(): Browser is closed

2022-06-15 16:55:56 - [MESSAGE][PASSED] - Browser is closed]]></system-out>
         <system-err><![CDATA[]]></system-err>
      </testcase>
      <testcase name="Test Cases/Sanity/Supplier Finder/Apply Filter" time="24.616" classname="Test Cases/Sanity/Supplier Finder/Apply Filter" status="PASSED">
         <system-out><![CDATA[2022-06-15 16:55:56 - [TEST_CASE][PASSED] - Test Cases/Sanity/Supplier Finder/Apply Filter: Test Cases/Sanity/Supplier Finder/Apply Filter

2022-06-15 16:55:56 - [TEST_STEP][PASSED] - openBrowser(""): Browser is opened with url: ''

2022-06-15 16:55:56 - [MESSAGE][INFO] - Starting 'Chrome' driver

2022-06-15 16:55:56 - [MESSAGE][INFO] - Action delay is set to 0 milliseconds

2022-06-15 16:55:58 - [MESSAGE][PASSED] - Browser is opened with url: ''

2022-06-15 16:55:58 - [TEST_STEP][PASSED] - maximizeWindow(): Current window maximized

2022-06-15 16:55:58 - [MESSAGE][PASSED] - Current window maximized

2022-06-15 16:55:58 - [TEST_STEP][PASSED] - navigateToUrl(URL): Navigate to 'https://pirqa.flex.com/login' successfully

2022-06-15 16:56:00 - [MESSAGE][PASSED] - Navigate to 'https://pirqa.flex.com/login' successfully

2022-06-15 16:56:00 - [TEST_STEP][PASSED] - setText(findTestObject("Page_It-Right Platform/Username"), username): Text 'gsstjaya' is set on object 'Object Repository/Page_It-Right Platform/Username'

2022-06-15 16:56:01 - [MESSAGE][PASSED] - Text 'gsstjaya' is set on object 'Object Repository/Page_It-Right Platform/Username'

2022-06-15 16:56:01 - [TEST_STEP][PASSED] - setEncryptedText(findTestObject("Page_It-Right Platform/password"), pwd): Text ****** has been set on object 'Object Repository/Page_It-Right Platform/password'

2022-06-15 16:56:01 - [MESSAGE][PASSED] - Text ****** has been set on object 'Object Repository/Page_It-Right Platform/password'

2022-06-15 16:56:01 - [TEST_STEP][PASSED] - click(findTestObject("Page_It-Right Platform/button_Sign in")): Object: 'Object Repository/Page_It-Right Platform/button_Sign in' is clicked on

2022-06-15 16:56:03 - [MESSAGE][PASSED] - Object: 'Object Repository/Page_It-Right Platform/button_Sign in' is clicked on

2022-06-15 16:56:03 - [TEST_STEP][PASSED] - click(findTestObject("Object Repository/Page_It-Right Platform/span_WelcomeToggler")): Object: 'Object Repository/Page_It-Right Platform/span_WelcomeToggler' is clicked on

2022-06-15 16:56:04 - [MESSAGE][PASSED] - Object: 'Object Repository/Page_It-Right Platform/span_WelcomeToggler' is clicked on

2022-06-15 16:56:04 - [TEST_STEP][PASSED] - verifyElementPresent(findTestObject("Object Repository/Page_It-Right Platform/div_WelcomeMenu"), 1): Object 'Object Repository/Page_It-Right Platform/div_WelcomeMenu' is present

2022-06-15 16:56:04 - [MESSAGE][PASSED] - Object 'Object Repository/Page_It-Right Platform/div_WelcomeMenu' is present

2022-06-15 16:56:04 - [TEST_STEP][PASSED] - click(findTestObject("Object Repository/Page_It-Right Platform/span_Supplier Finder")): Object: 'Object Repository/Page_It-Right Platform/span_Supplier Finder' is clicked on

2022-06-15 16:56:10 - [MESSAGE][PASSED] - Object: 'Object Repository/Page_It-Right Platform/span_Supplier Finder' is clicked on

2022-06-15 16:56:10 - [TEST_STEP][PASSED] - verifyElementPresent(findTestObject("Object Repository/Page_DIR/div_Supplier Finder"), 2): Object 'Object Repository/Page_DIR/div_Supplier Finder' is present

2022-06-15 16:56:12 - [MESSAGE][PASSED] - Object 'Object Repository/Page_DIR/div_Supplier Finder' is present

2022-06-15 16:56:12 - [TEST_STEP][PASSED] - verifyElementPresent(findTestObject("Object Repository/Page_DIR/div_datatable_header"), 1): Object 'Object Repository/Page_DIR/div_datatable_header' is present

2022-06-15 16:56:13 - [MESSAGE][PASSED] - Object 'Object Repository/Page_DIR/div_datatable_header' is present

2022-06-15 16:56:13 - [TEST_STEP][PASSED] - verifyElementPresent(findTestObject("Object Repository/Page_DIR/button_VPGroup"), 1): Object 'Object Repository/Page_DIR/button_VPGroup' is present

2022-06-15 16:56:13 - [MESSAGE][PASSED] - Object 'Object Repository/Page_DIR/button_VPGroup' is present

2022-06-15 16:56:13 - [TEST_STEP][PASSED] - selectOptionByValue(findTestObject("Object Repository/Page_DIR/select_VPGroupDropdown"), "MEMORY STORAGE PRODUCT GROUP", true): All options with value 'MEMORY STORAGE PRODUCT GROUP' are selected in object 'Object Repository/Page_DIR/select_VPGroupDropdown'  using regular expression

2022-06-15 16:56:14 - [MESSAGE][PASSED] - All options with value 'MEMORY STORAGE PRODUCT GROUP' are selected in object 'Object Repository/Page_DIR/select_VPGroupDropdown'  using regular expression

2022-06-15 16:56:14 - [TEST_STEP][PASSED] - verifyElementPresent(findTestObject("Object Repository/Page_DIR/div_datatable_header"), 1): Object 'Object Repository/Page_DIR/div_datatable_header' is present

2022-06-15 16:56:14 - [MESSAGE][PASSED] - Object 'Object Repository/Page_DIR/div_datatable_header' is present

2022-06-15 16:56:14 - [TEST_STEP][PASSED] - verifyElementPresent(findTestObject("Object Repository/Page_DIR/button_SupplierType"), 1): Object 'Object Repository/Page_DIR/button_SupplierType' is present

2022-06-15 16:56:15 - [MESSAGE][PASSED] - Object 'Object Repository/Page_DIR/button_SupplierType' is present

2022-06-15 16:56:15 - [TEST_STEP][PASSED] - selectOptionByValue(findTestObject("Object Repository/Page_DIR/select_SupplierTypeDropdown"), "DISTRIBUTOR", true): All options with value 'DISTRIBUTOR' are selected in object 'Object Repository/Page_DIR/select_SupplierTypeDropdown'  using regular expression

2022-06-15 16:56:16 - [MESSAGE][PASSED] - All options with value 'DISTRIBUTOR' are selected in object 'Object Repository/Page_DIR/select_SupplierTypeDropdown'  using regular expression

2022-06-15 16:56:16 - [TEST_STEP][PASSED] - verifyElementPresent(findTestObject("Object Repository/Page_DIR/div_datatable_header"), 1): Object 'Object Repository/Page_DIR/div_datatable_header' is present

2022-06-15 16:56:17 - [MESSAGE][PASSED] - Object 'Object Repository/Page_DIR/div_datatable_header' is present

2022-06-15 16:56:17 - [TEST_STEP][PASSED] - verifyElementText(findTestObject("Page_DIR/td_VPGroupValue"), "MEMORY STORAGE PRODUCT GROUP"): Actual text and expected text of test object 'Object Repository/Page_DIR/td_VPGroupValue' are matched.

2022-06-15 16:56:17 - [MESSAGE][PASSED] - Actual text and expected text of test object 'Object Repository/Page_DIR/td_VPGroupValue' are matched.

2022-06-15 16:56:17 - [TEST_STEP][PASSED] - verifyElementText(findTestObject("Page_DIR/td_SupplierTypeValue"), "DISTRIBUTOR"): Actual text and expected text of test object 'Object Repository/Page_DIR/td_SupplierTypeValue' are matched.

2022-06-15 16:56:18 - [MESSAGE][PASSED] - Actual text and expected text of test object 'Object Repository/Page_DIR/td_SupplierTypeValue' are matched.

2022-06-15 16:56:18 - [TEST_STEP][PASSED] - verifyElementText(findTestObject("Page_DIR/td_Level1DescValue"), "DISTRIBUTOR"): Actual text and expected text of test object 'Object Repository/Page_DIR/td_Level1DescValue' are matched.

2022-06-15 16:56:18 - [MESSAGE][PASSED] - Actual text and expected text of test object 'Object Repository/Page_DIR/td_Level1DescValue' are matched.

2022-06-15 16:56:18 - [TEST_STEP][PASSED] - click(findTestObject("Object Repository/Page_DIR/span_Welcome Thangasumathy Jayakumar")): Object: 'Object Repository/Page_DIR/span_Welcome Thangasumathy Jayakumar' is clicked on

2022-06-15 16:56:19 - [MESSAGE][PASSED] - Object: 'Object Repository/Page_DIR/span_Welcome Thangasumathy Jayakumar' is clicked on

2022-06-15 16:56:19 - [TEST_STEP][PASSED] - click(findTestObject("Object Repository/Page_DIR/a_Logout")): Object: 'Object Repository/Page_DIR/a_Logout' is clicked on

2022-06-15 16:56:20 - [MESSAGE][PASSED] - Object: 'Object Repository/Page_DIR/a_Logout' is clicked on

2022-06-15 16:56:20 - [TEST_STEP][PASSED] - closeBrowser(): Browser is closed

2022-06-15 16:56:21 - [MESSAGE][PASSED] - Browser is closed]]></system-out>
         <system-err><![CDATA[]]></system-err>
      </testcase>
      <system-out><![CDATA[2022-06-15 16:55:34 - [TEST_SUITE][PASSED] - Sanity_GBS: Test Cases/Sanity/Supplier Finder/Apply Filter]]></system-out>
      <system-err><![CDATA[]]></system-err>
   </testsuite>
</testsuites>
