<?xml version="1.0" encoding="UTF-8"?>
<testsuites name="Sanity_GBS" time="204.915" tests="1" failures="0" errors="0">
   <testsuite name="Sanity_GBS" tests="1" failures="0" errors="0" time="204.915" skipped="0" timestamp="2022-05-17 16:38:38" hostname="gsstjaya - GSSM0803.asia.ad.flextronics.com" id="Test Suites/Sanity_GBS">
      <properties>
         <property name="deviceName" value=""/>
         <property name="devicePlatform" value=""/>
         <property name="logFolder" value="C:\\Sumathy\\Katalon Projects_Scripts\\PIR_DIR2\\Reports\\20220517_163826\\Sanity_GBS\\20220517_163827"/>
         <property name="logFiles" value="C:\\Sumathy\\Katalon Projects_Scripts\\PIR_DIR2\\Reports\\20220517_163826\\Sanity_GBS\\20220517_163827\\execution0.log"/>
         <property name="attachments" value=""/>
         <property name="hostName" value="gsstjaya - GSSM0803.asia.ad.flextronics.com"/>
         <property name="os" value="Windows 10 64bit"/>
         <property name="katalonVersion" value="8.3.0.208"/>
         <property name="browser" value="Chrome 101.0.4951.54"/>
         <property name="hostAddress" value="10.195.80.79"/>
         <property name="sessionId" value="6200c26b7f7c5ee388a74aee6b2991d5"/>
         <property name="seleniumVersion" value="3.141.59"/>
         <property name="proxyInformation" value="ProxyInformation { proxyOption=NO_PROXY, proxyServerType=HTTP, username=, password=********, proxyServerAddress=, proxyServerPort=0, executionList=&quot;&quot;, isApplyToDesiredCapabilities=true }"/>
         <property name="platform" value="Windows 10"/>
      </properties>
      <testcase name="Test Cases/Sanity/GBS/Create AF Project" time="204.611" classname="Test Cases/Sanity/GBS/Create AF Project" status="PASSED">
         <system-out><![CDATA[2022-05-17 16:38:38 - [TEST_CASE][PASSED] - Test Cases/Sanity/GBS/Create AF Project: Test Cases/Sanity/GBS/Create AF Project

2022-05-17 16:38:39 - [TEST_STEP][PASSED] - openBrowser(""): Browser is opened with url: ''

2022-05-17 16:38:39 - [MESSAGE][INFO] - Starting 'Chrome' driver

2022-05-17 16:38:39 - [MESSAGE][INFO] - Action delay is set to 0 milliseconds

2022-05-17 16:38:42 - [MESSAGE][PASSED] - Browser is opened with url: ''

2022-05-17 16:38:42 - [TEST_STEP][PASSED] - maximizeWindow(): Current window maximized

2022-05-17 16:38:42 - [MESSAGE][PASSED] - Current window maximized

2022-05-17 16:38:42 - [TEST_STEP][PASSED] - navigateToUrl(URL): Navigate to 'https://pirqa.flex.com/login' successfully

2022-05-17 16:38:45 - [MESSAGE][PASSED] - Navigate to 'https://pirqa.flex.com/login' successfully

2022-05-17 16:38:45 - [TEST_STEP][PASSED] - setText(findTestObject("Page_Price It Right  Design It Right/Username"), username): Text 'gsstjaya' is set on object 'Object Repository/Page_Price It Right  Design It Right/Username'

2022-05-17 16:38:46 - [MESSAGE][PASSED] - Text 'gsstjaya' is set on object 'Object Repository/Page_Price It Right  Design It Right/Username'

2022-05-17 16:38:46 - [TEST_STEP][PASSED] - setEncryptedText(findTestObject("Page_Price It Right  Design It Right/Password"), pwd): Text ****** has been set on object 'Object Repository/Page_Price It Right  Design It Right/Password'

2022-05-17 16:38:47 - [MESSAGE][PASSED] - Text ****** has been set on object 'Object Repository/Page_Price It Right  Design It Right/Password'

2022-05-17 16:38:47 - [TEST_STEP][PASSED] - click(findTestObject("Object Repository/Page_Price It Right  Design It Right/button_Sign in")): Object: 'Object Repository/Page_Price It Right  Design It Right/button_Sign in' is clicked on

2022-05-17 16:38:49 - [MESSAGE][PASSED] - Object: 'Object Repository/Page_Price It Right  Design It Right/button_Sign in' is clicked on

2022-05-17 16:38:49 - [TEST_STEP][PASSED] - click(findTestObject("Object Repository/Page_It-Right Platform/span_Welcome_navbar-toggler-icon")): Object: 'Object Repository/Page_It-Right Platform/span_Welcome_navbar-toggler-icon' is clicked on

2022-05-17 16:38:49 - [MESSAGE][PASSED] - Object: 'Object Repository/Page_It-Right Platform/span_Welcome_navbar-toggler-icon' is clicked on

2022-05-17 16:38:49 - [TEST_STEP][PASSED] - verifyElementPresent(findTestObject("Object Repository/Page_It-Right Platform/div_It-Right PlatformPIRNew Business Quotin_e8844a"), 0): Object 'Object Repository/Page_It-Right Platform/div_It-Right PlatformPIRNew Business Quotin_e8844a' is present

2022-05-17 16:38:50 - [MESSAGE][WARNING] - Timeout '0' is invalid. Using default page load timeout: '30'

2022-05-17 16:38:50 - [MESSAGE][PASSED] - Object 'Object Repository/Page_It-Right Platform/div_It-Right PlatformPIRNew Business Quotin_e8844a' is present

2022-05-17 16:38:50 - [TEST_STEP][PASSED] - click(findTestObject("Object Repository/Page_It-Right Platform/span_GBS")): Object: 'Object Repository/Page_It-Right Platform/span_GBS' is clicked on

2022-05-17 16:38:55 - [MESSAGE][PASSED] - Object: 'Object Repository/Page_It-Right Platform/span_GBS' is clicked on

2022-05-17 16:38:55 - [TEST_STEP][PASSED] - delay(9): Delayed 9 second(s)

2022-05-17 16:39:04 - [MESSAGE][PASSED] - Delayed 9 second(s)

2022-05-17 16:39:04 - [TEST_STEP][PASSED] - click(findTestObject("Page_DIR/button_Technical Sourcing")): Object: 'Object Repository/Page_DIR/button_Technical Sourcing' is clicked on

2022-05-17 16:39:04 - [MESSAGE][PASSED] - Object: 'Object Repository/Page_DIR/button_Technical Sourcing' is clicked on

2022-05-17 16:39:04 - [TEST_STEP][PASSED] - click(findTestObject("Page_Design It Right/span_Flex_Organization")): Object: 'Object Repository/Page_Design It Right/span_Flex_Organization' is clicked on

2022-05-17 16:39:05 - [MESSAGE][PASSED] - Object: 'Object Repository/Page_Design It Right/span_Flex_Organization' is clicked on

2022-05-17 16:39:05 - [TEST_STEP][PASSED] - selectOptionByValue(findTestObject("Page_Design It Right/select_Organization"), "FLEX", true): All options with value 'FLEX' are selected in object 'Object Repository/Page_Design It Right/select_Organization'  using regular expression

2022-05-17 16:39:09 - [MESSAGE][PASSED] - All options with value 'FLEX' are selected in object 'Object Repository/Page_Design It Right/select_Organization'  using regular expression

2022-05-17 16:39:09 - [TEST_STEP][PASSED] - delay(3): Delayed 3 second(s)

2022-05-17 16:39:12 - [MESSAGE][PASSED] - Delayed 3 second(s)

2022-05-17 16:39:12 - [TEST_STEP][PASSED] - verifyElementPresent(findTestObject("Page_Design It Right/div_To Create Project   Drop GBS project"), 0): Object 'Object Repository/Page_Design It Right/div_To Create Project   Drop GBS project' is present

2022-05-17 16:39:12 - [MESSAGE][WARNING] - Timeout '0' is invalid. Using default page load timeout: '30'

2022-05-17 16:39:12 - [MESSAGE][PASSED] - Object 'Object Repository/Page_Design It Right/div_To Create Project   Drop GBS project' is present

2022-05-17 16:39:12 - [TEST_STEP][PASSED] - uploadFileWithDragAndDrop(findTestObject("Page_Design It Right/div_To Create Project   Drop GBS project"), GBSAF_File): null

2022-05-17 16:39:13 - [TEST_STEP][PASSED] - verifyElementPresent(findTestObject("Page_DIR/div_Choose Analysis Type"), 3): Object 'Object Repository/Page_DIR/div_Choose Analysis Type' is present

2022-05-17 16:39:13 - [MESSAGE][PASSED] - Object 'Object Repository/Page_DIR/div_Choose Analysis Type' is present

2022-05-17 16:39:13 - [TEST_STEP][PASSED] - click(findTestObject("Page_DIR/button_OK")): Object: 'Object Repository/Page_DIR/button_OK' is clicked on

2022-05-17 16:39:14 - [MESSAGE][PASSED] - Object: 'Object Repository/Page_DIR/button_OK' is clicked on

2022-05-17 16:39:14 - [TEST_STEP][PASSED] - delay(3): Delayed 3 second(s)

2022-05-17 16:39:17 - [MESSAGE][PASSED] - Delayed 3 second(s)

2022-05-17 16:39:17 - [TEST_STEP][PASSED] - verifyElementPresent(findTestObject("Page_DIR/div_Create Project"), 3): Object 'Object Repository/Page_DIR/div_Create Project' is present

2022-05-17 16:39:17 - [MESSAGE][PASSED] - Object 'Object Repository/Page_DIR/div_Create Project' is present

2022-05-17 16:39:17 - [TEST_STEP][PASSED] - click(findTestObject("Page_DIR/input__dueDate")): Object: 'Object Repository/Page_DIR/input__dueDate' is clicked on

2022-05-17 16:39:18 - [MESSAGE][PASSED] - Object: 'Object Repository/Page_DIR/input__dueDate' is clicked on

2022-05-17 16:39:18 - [TEST_STEP][PASSED] - delay(3): Delayed 3 second(s)

2022-05-17 16:39:21 - [MESSAGE][PASSED] - Delayed 3 second(s)

2022-05-17 16:39:21 - [TEST_STEP][PASSED] - click(findTestObject("Page_DIR/span_Month")): Object: 'Object Repository/Page_DIR/span_Month' is clicked on

2022-05-17 16:39:21 - [MESSAGE][PASSED] - Object: 'Object Repository/Page_DIR/span_Month' is clicked on

2022-05-17 16:39:21 - [TEST_STEP][PASSED] - scrollToElement(findTestObject("Page_DIR/span_December (1)"), 2, STOP_ON_FAILURE): Scroll to object 'Object Repository/Page_DIR/span_December (1)' successfully

2022-05-17 16:39:22 - [MESSAGE][PASSED] - Scroll to object 'Object Repository/Page_DIR/span_December (1)' successfully

2022-05-17 16:39:22 - [TEST_STEP][PASSED] - click(findTestObject("Page_Design It Right/span_December (1)")): Object: 'Object Repository/Page_Design It Right/span_December (1)' is clicked on

2022-05-17 16:39:22 - [MESSAGE][PASSED] - Object: 'Object Repository/Page_Design It Right/span_December (1)' is clicked on

2022-05-17 16:39:22 - [TEST_STEP][PASSED] - delay(2): Delayed 2 second(s)

2022-05-17 16:39:24 - [MESSAGE][PASSED] - Delayed 2 second(s)

2022-05-17 16:39:24 - [TEST_STEP][PASSED] - click(findTestObject("Page_DIR/span_Year")): Object: 'Object Repository/Page_DIR/span_Year' is clicked on

2022-05-17 16:39:24 - [MESSAGE][PASSED] - Object: 'Object Repository/Page_DIR/span_Year' is clicked on

2022-05-17 16:39:24 - [TEST_STEP][PASSED] - delay(2): Delayed 2 second(s)

2022-05-17 16:39:26 - [MESSAGE][PASSED] - Delayed 2 second(s)

2022-05-17 16:39:26 - [TEST_STEP][PASSED] - scrollToElement(findTestObject("Page_DIR/span_2024 (1)"), 2): Scroll to object 'Object Repository/Page_DIR/span_2024 (1)' successfully

2022-05-17 16:39:27 - [MESSAGE][PASSED] - Scroll to object 'Object Repository/Page_DIR/span_2024 (1)' successfully

2022-05-17 16:39:27 - [TEST_STEP][PASSED] - click(findTestObject("Page_DIR/span_2024 (1)")): Object: 'Object Repository/Page_DIR/span_2024 (1)' is clicked on

2022-05-17 16:39:27 - [MESSAGE][PASSED] - Object: 'Object Repository/Page_DIR/span_2024 (1)' is clicked on

2022-05-17 16:39:27 - [TEST_STEP][PASSED] - delay(2): Delayed 2 second(s)

2022-05-17 16:39:29 - [MESSAGE][PASSED] - Delayed 2 second(s)

2022-05-17 16:39:29 - [TEST_STEP][PASSED] - click(findTestObject("Page_DIR/div_31 - Copy")): Object: 'Object Repository/Page_DIR/div_31 - Copy' is clicked on

2022-05-17 16:39:30 - [MESSAGE][PASSED] - Object: 'Object Repository/Page_DIR/div_31 - Copy' is clicked on

2022-05-17 16:39:30 - [TEST_STEP][PASSED] - delay(2): Delayed 2 second(s)

2022-05-17 16:39:32 - [MESSAGE][PASSED] - Delayed 2 second(s)

2022-05-17 16:39:32 - [TEST_STEP][PASSED] - setText(findTestObject("Page_DIR/textarea_Comments_comments"), "Test"): Text 'Test' is set on object 'Object Repository/Page_DIR/textarea_Comments_comments'

2022-05-17 16:40:03 - [MESSAGE][INFO] - Unable to find the element located by 'By.xpath: //textarea[@id='req-comments-text-area']'. Please recheck the objects properties to make sure the desired element is located. 

2022-05-17 16:40:03 - [MESSAGE][WARNING] - [SELF-HEALING] Failed to find element with id 'Object Repository/Page_DIR/textarea_Comments_comments'. Try using Self-healing.

2022-05-17 16:40:03 - [MESSAGE][INFO] - [SELF-HEALING] Failed Locator: '//textarea[@id='req-comments-text-area']'.

2022-05-17 16:40:03 - [MESSAGE][INFO] - [SELF-HEALING] Failed Locator: '//form[@id='req-project-form']/div[7]/div/textarea'.

2022-05-17 16:40:04 - [MESSAGE][INFO] - [SELF-HEALING] Working Locator: '//textarea'.

2022-05-17 16:40:04 - [MESSAGE][INFO] - [SELF-HEALING] Screenshot: C:/Sumathy/Katalon Projects_Scripts/PIR_DIR2/Reports/Self-healing/Object Repository/Page_DIR/textarea_Comments_comments_position.png

2022-05-17 16:40:04 - [MESSAGE][WARNING] - [SELF-HEALING] The current locator of test object 'Object Repository/Page_DIR/textarea_Comments_comments' was broken. Propose an alternative one: '//textarea'.

2022-05-17 16:40:35 - [MESSAGE][INFO] - Unable to find the element located by 'By.xpath: //textarea[@id='req-comments-text-area']'. Please recheck the objects properties to make sure the desired element is located. 

2022-05-17 16:40:35 - [MESSAGE][WARNING] - [SELF-HEALING] Failed to find element with id 'Object Repository/Page_DIR/textarea_Comments_comments'. Try using Self-healing.

2022-05-17 16:40:36 - [MESSAGE][WARNING] - [SELF-HEALING] The current locator of test object 'Object Repository/Page_DIR/textarea_Comments_comments' was broken. Propose an alternative one: '//textarea'.

2022-05-17 16:40:36 - [MESSAGE][PASSED] - Text 'Test' is set on object 'Object Repository/Page_DIR/textarea_Comments_comments'

2022-05-17 16:40:36 - [TEST_STEP][PASSED] - scrollToElement(findTestObject("Page_DIR/button_Create"), 2): Scroll to object 'Object Repository/Page_DIR/button_Create' successfully

2022-05-17 16:41:07 - [MESSAGE][INFO] - Unable to find the element located by 'By.xpath: //button[@id='create-request']'. Please recheck the objects properties to make sure the desired element is located. 

2022-05-17 16:41:07 - [MESSAGE][WARNING] - [SELF-HEALING] Failed to find element with id 'Object Repository/Page_DIR/button_Create'. Try using Self-healing.

2022-05-17 16:41:07 - [MESSAGE][INFO] - [SELF-HEALING] Failed Locator: '//button[@id='create-request']'.

2022-05-17 16:41:08 - [MESSAGE][INFO] - [SELF-HEALING] Failed Locator: '//div[@id='create-modal-dialog']/div/div[3]/button'.

2022-05-17 16:41:08 - [MESSAGE][INFO] - [SELF-HEALING] Failed Locator: '(.//*[normalize-space(text()) and normalize-space(.)='*'])[7]/following::button[1]'.

2022-05-17 16:41:08 - [MESSAGE][INFO] - [SELF-HEALING] Working Locator: '(.//*[normalize-space(text()) and normalize-space(.)='Cancel'])[2]/preceding::button[1]'.

2022-05-17 16:41:08 - [MESSAGE][INFO] - [SELF-HEALING] Screenshot: C:/Sumathy/Katalon Projects_Scripts/PIR_DIR2/Reports/Self-healing/Object Repository/Page_DIR/button_Create_neighbor.png

2022-05-17 16:41:08 - [MESSAGE][WARNING] - [SELF-HEALING] The current locator of test object 'Object Repository/Page_DIR/button_Create' was broken. Propose an alternative one: '(.//*[normalize-space(text()) and normalize-space(.)='Cancel'])[2]/preceding::button[1]'.

2022-05-17 16:41:08 - [MESSAGE][PASSED] - Scroll to object 'Object Repository/Page_DIR/button_Create' successfully

2022-05-17 16:41:08 - [TEST_STEP][PASSED] - click(findTestObject("Page_DIR/button_Create")): Object: 'Object Repository/Page_DIR/button_Create' is clicked on

2022-05-17 16:41:40 - [MESSAGE][INFO] - Unable to find the element located by 'By.xpath: //button[@id='create-request']'. Please recheck the objects properties to make sure the desired element is located. 

2022-05-17 16:41:40 - [MESSAGE][WARNING] - [SELF-HEALING] Failed to find element with id 'Object Repository/Page_DIR/button_Create'. Try using Self-healing.

2022-05-17 16:41:40 - [MESSAGE][WARNING] - [SELF-HEALING] The current locator of test object 'Object Repository/Page_DIR/button_Create' was broken. Propose an alternative one: '(.//*[normalize-space(text()) and normalize-space(.)='Cancel'])[2]/preceding::button[1]'.

2022-05-17 16:41:40 - [MESSAGE][PASSED] - Object: 'Object Repository/Page_DIR/button_Create' is clicked on

2022-05-17 16:41:40 - [TEST_STEP][PASSED] - delay(7): Delayed 7 second(s)

2022-05-17 16:41:47 - [MESSAGE][PASSED] - Delayed 7 second(s)

2022-05-17 16:41:47 - [TEST_STEP][PASSED] - waitForElementPresent(findTestObject("Page_DIR/div_Project success msg"), 3): Object 'Object Repository/Page_DIR/div_Project success msg' is present

2022-05-17 16:41:55 - [MESSAGE][PASSED] - Object 'Object Repository/Page_DIR/div_Project success msg' is present

2022-05-17 16:41:55 - [TEST_STEP][PASSED] - delay(3): Delayed 3 second(s)

2022-05-17 16:41:58 - [MESSAGE][PASSED] - Delayed 3 second(s)

2022-05-17 16:41:58 - [TEST_STEP][PASSED] - verifyElementPresent(findTestObject("Page_DIR/div_Project success msg"), 3): Object 'Object Repository/Page_DIR/div_Project success msg' is present

2022-05-17 16:41:59 - [MESSAGE][PASSED] - Object 'Object Repository/Page_DIR/div_Project success msg' is present

2022-05-17 16:41:59 - [TEST_STEP][PASSED] - delay(2): Delayed 2 second(s)

2022-05-17 16:42:01 - [MESSAGE][PASSED] - Delayed 2 second(s)

2022-05-17 16:42:01 - [TEST_STEP][PASSED] - verifyElementPresent(findTestObject("Page_DIR/td_FileName_Dummy"), 2): Object 'Object Repository/Page_DIR/td_FileName_Dummy' is present

2022-05-17 16:42:01 - [MESSAGE][PASSED] - Object 'Object Repository/Page_DIR/td_FileName_Dummy' is present

2022-05-17 16:42:01 - [TEST_STEP][PASSED] - verifyElementAttributeValue(findTestObject("Page_DIR/td_FileName_Dummy"), "text", GBSAF_FileName, 3): Object 'Object Repository/Page_DIR/td_FileName_Dummy' has attribute 'text' with value 'File for Dummy MPN'

2022-05-17 16:42:02 - [MESSAGE][PASSED] - Object 'Object Repository/Page_DIR/td_FileName_Dummy' has attribute 'text' with value 'File for Dummy MPN'

2022-05-17 16:42:02 - [TEST_STEP][PASSED] - click(findTestObject("Page_DIR/span_Welcome Thangasumathy Jayakumar")): Object: 'Object Repository/Page_DIR/span_Welcome Thangasumathy Jayakumar' is clicked on

2022-05-17 16:42:02 - [MESSAGE][PASSED] - Object: 'Object Repository/Page_DIR/span_Welcome Thangasumathy Jayakumar' is clicked on

2022-05-17 16:42:02 - [TEST_STEP][PASSED] - click(findTestObject("Page_DIR/a_Logout")): Object: 'Object Repository/Page_DIR/a_Logout' is clicked on

2022-05-17 16:42:03 - [MESSAGE][PASSED] - Object: 'Object Repository/Page_DIR/a_Logout' is clicked on]]></system-out>
         <system-err><![CDATA[]]></system-err>
      </testcase>
      <system-out><![CDATA[2022-05-17 16:38:38 - [TEST_SUITE][PASSED] - Sanity_GBS: Test Cases/Sanity/GBS/Create AF Project]]></system-out>
      <system-err><![CDATA[]]></system-err>
   </testsuite>
</testsuites>
