<?xml version="1.0" encoding="UTF-8"?>
<testsuites name="Sanity_GBS" time="311.098" tests="2" failures="0" errors="0">
   <testsuite name="Sanity_GBS" tests="2" failures="0" errors="0" time="311.098" skipped="0" timestamp="2022-05-18 12:18:38" hostname="gsstjaya - GSSM0803.asia.ad.flextronics.com" id="Test Suites/Sanity_GBS">
      <properties>
         <property name="deviceName" value=""/>
         <property name="devicePlatform" value=""/>
         <property name="logFolder" value="C:\\Sumathy\\Katalon Projects_Scripts\\PIR_DIR2\\Reports\\20220518_121815\\Sanity_GBS\\20220518_121815"/>
         <property name="logFiles" value="C:\\Sumathy\\Katalon Projects_Scripts\\PIR_DIR2\\Reports\\20220518_121815\\Sanity_GBS\\20220518_121815\\execution0.log"/>
         <property name="attachments" value=""/>
         <property name="hostName" value="gsstjaya - GSSM0803.asia.ad.flextronics.com"/>
         <property name="os" value="Windows 10 64bit"/>
         <property name="katalonVersion" value="8.3.0.208"/>
         <property name="browser" value="Chrome 101.0.4951.54"/>
         <property name="hostAddress" value="10.195.96.28"/>
         <property name="sessionId" value="3e8c1142c0ea4bdc38a4644345e2afc7"/>
         <property name="seleniumVersion" value="3.141.59"/>
         <property name="proxyInformation" value="ProxyInformation { proxyOption=NO_PROXY, proxyServerType=HTTP, username=, password=********, proxyServerAddress=, proxyServerPort=0, executionList=&quot;&quot;, isApplyToDesiredCapabilities=true }"/>
         <property name="platform" value="Windows 10"/>
      </properties>
      <testcase name="Test Cases/Sanity/GBS/AF_Review_Save" time="178.47" classname="Test Cases/Sanity/GBS/AF_Review_Save" status="PASSED">
         <system-out><![CDATA[2022-05-18 12:18:38 - [TEST_CASE][PASSED] - Test Cases/Sanity/GBS/AF_Review_Save: Test Cases/Sanity/GBS/AF_Review_Save

2022-05-18 12:18:39 - [TEST_STEP][PASSED] - openBrowser(""): Browser is opened with url: ''

2022-05-18 12:18:40 - [MESSAGE][INFO] - Starting 'Chrome' driver

2022-05-18 12:18:40 - [MESSAGE][INFO] - Action delay is set to 0 milliseconds

2022-05-18 12:18:43 - [MESSAGE][PASSED] - Browser is opened with url: ''

2022-05-18 12:18:43 - [TEST_STEP][PASSED] - maximizeWindow(): Current window maximized

2022-05-18 12:18:43 - [MESSAGE][PASSED] - Current window maximized

2022-05-18 12:18:43 - [TEST_STEP][PASSED] - navigateToUrl(URL): Navigate to 'https://pirqa.flex.com/login' successfully

2022-05-18 12:18:52 - [MESSAGE][PASSED] - Navigate to 'https://pirqa.flex.com/login' successfully

2022-05-18 12:18:52 - [TEST_STEP][PASSED] - setText(findTestObject("Page_It-Right Platform/Username"), username): Text 'gsstjaya' is set on object 'Object Repository/Page_It-Right Platform/Username'

2022-05-18 12:18:54 - [MESSAGE][PASSED] - Text 'gsstjaya' is set on object 'Object Repository/Page_It-Right Platform/Username'

2022-05-18 12:18:54 - [TEST_STEP][PASSED] - setEncryptedText(findTestObject("Page_It-Right Platform/password"), pwd): Text ****** has been set on object 'Object Repository/Page_It-Right Platform/password'

2022-05-18 12:18:55 - [MESSAGE][PASSED] - Text ****** has been set on object 'Object Repository/Page_It-Right Platform/password'

2022-05-18 12:18:55 - [TEST_STEP][PASSED] - click(findTestObject("Page_It-Right Platform/button_Sign in")): Object: 'Object Repository/Page_It-Right Platform/button_Sign in' is clicked on

2022-05-18 12:18:59 - [MESSAGE][PASSED] - Object: 'Object Repository/Page_It-Right Platform/button_Sign in' is clicked on

2022-05-18 12:18:59 - [TEST_STEP][PASSED] - click(findTestObject("Object Repository/Page_It-Right Platform/span_WelcomeToggler")): Object: 'Object Repository/Page_It-Right Platform/span_WelcomeToggler' is clicked on

2022-05-18 12:18:59 - [MESSAGE][PASSED] - Object: 'Object Repository/Page_It-Right Platform/span_WelcomeToggler' is clicked on

2022-05-18 12:18:59 - [TEST_STEP][PASSED] - verifyElementPresent(findTestObject("Object Repository/Page_It-Right Platform/div_WelcomeMenu"), 0): Object 'Object Repository/Page_It-Right Platform/div_WelcomeMenu' is present

2022-05-18 12:19:00 - [MESSAGE][WARNING] - Timeout '0' is invalid. Using default page load timeout: '30'

2022-05-18 12:19:00 - [MESSAGE][PASSED] - Object 'Object Repository/Page_It-Right Platform/div_WelcomeMenu' is present

2022-05-18 12:19:00 - [TEST_STEP][PASSED] - click(findTestObject("Object Repository/Page_It-Right Platform/span_GBS")): Object: 'Object Repository/Page_It-Right Platform/span_GBS' is clicked on

2022-05-18 12:19:14 - [MESSAGE][PASSED] - Object: 'Object Repository/Page_It-Right Platform/span_GBS' is clicked on

2022-05-18 12:19:14 - [TEST_STEP][PASSED] - delay(2): Delayed 2 second(s)

2022-05-18 12:19:16 - [MESSAGE][PASSED] - Delayed 2 second(s)

2022-05-18 12:19:16 - [TEST_STEP][PASSED] - click(findTestObject("Page_DIR/button_Technical Sourcing")): Object: 'Object Repository/Page_DIR/button_Technical Sourcing' is clicked on

2022-05-18 12:19:19 - [MESSAGE][PASSED] - Object: 'Object Repository/Page_DIR/button_Technical Sourcing' is clicked on

2022-05-18 12:19:19 - [TEST_STEP][PASSED] - click(findTestObject("Page_DIR/span_Flex_Organization")): Object: 'Object Repository/Page_DIR/span_Flex_Organization' is clicked on

2022-05-18 12:19:49 - [MESSAGE][PASSED] - Object: 'Object Repository/Page_DIR/span_Flex_Organization' is clicked on

2022-05-18 12:19:49 - [TEST_STEP][PASSED] - selectOptionByValue(findTestObject("Page_DIR/select_Organization"), "FLEX", true): All options with value 'FLEX' are selected in object 'Object Repository/Page_DIR/select_Organization'  using regular expression

2022-05-18 12:20:00 - [MESSAGE][PASSED] - All options with value 'FLEX' are selected in object 'Object Repository/Page_DIR/select_Organization'  using regular expression

2022-05-18 12:20:00 - [TEST_STEP][PASSED] - delay(2): Delayed 2 second(s)

2022-05-18 12:20:02 - [MESSAGE][PASSED] - Delayed 2 second(s)

2022-05-18 12:20:02 - [TEST_STEP][PASSED] - scrollToElement(findTestObject("Page_DIR/i_Project-folder-open"), 2): Scroll to object 'Object Repository/Page_DIR/i_Project-folder-open' successfully

2022-05-18 12:20:34 - [MESSAGE][INFO] - Unable to find the element located by 'By.xpath: //tr[@id='3835']/td[17]/a/i'. Please recheck the objects properties to make sure the desired element is located. 

2022-05-18 12:20:34 - [MESSAGE][WARNING] - [SELF-HEALING] Failed to find element with id 'Object Repository/Page_DIR/i_Project-folder-open'. Try using Self-healing.

2022-05-18 12:20:34 - [MESSAGE][WARNING] - [SELF-HEALING] The current locator of test object 'Object Repository/Page_DIR/i_Project-folder-open' was broken. Propose an alternative one: '//tr[2]/td[17]/a/i'.

2022-05-18 12:20:34 - [MESSAGE][PASSED] - Scroll to object 'Object Repository/Page_DIR/i_Project-folder-open' successfully

2022-05-18 12:20:34 - [TEST_STEP][PASSED] - click(findTestObject("Page_DIR/i_Project-folder-open")): Object: 'Object Repository/Page_DIR/i_Project-folder-open' is clicked on

2022-05-18 12:21:05 - [MESSAGE][INFO] - Unable to find the element located by 'By.xpath: //tr[@id='3835']/td[17]/a/i'. Please recheck the objects properties to make sure the desired element is located. 

2022-05-18 12:21:05 - [MESSAGE][WARNING] - [SELF-HEALING] Failed to find element with id 'Object Repository/Page_DIR/i_Project-folder-open'. Try using Self-healing.

2022-05-18 12:21:06 - [MESSAGE][WARNING] - [SELF-HEALING] The current locator of test object 'Object Repository/Page_DIR/i_Project-folder-open' was broken. Propose an alternative one: '//tr[2]/td[17]/a/i'.

2022-05-18 12:21:06 - [MESSAGE][PASSED] - Object: 'Object Repository/Page_DIR/i_Project-folder-open' is clicked on

2022-05-18 12:21:06 - [TEST_STEP][PASSED] - delay(3): Delayed 3 second(s)

2022-05-18 12:21:09 - [MESSAGE][PASSED] - Delayed 3 second(s)

2022-05-18 12:21:09 - [TEST_STEP][PASSED] - verifyElementPresent(findTestObject("Page_DIR/a_Back to Projects"), 2): Object 'Object Repository/Page_DIR/a_Back to Projects' is present

2022-05-18 12:21:10 - [MESSAGE][PASSED] - Object 'Object Repository/Page_DIR/a_Back to Projects' is present

2022-05-18 12:21:10 - [TEST_STEP][PASSED] - verifyElementPresent(findTestObject("Page_DIR/a_PIR-TEST-0005"), 2): Object 'Object Repository/Page_DIR/a_PIR-TEST-0005' is present

2022-05-18 12:21:11 - [MESSAGE][PASSED] - Object 'Object Repository/Page_DIR/a_PIR-TEST-0005' is present

2022-05-18 12:21:11 - [TEST_STEP][PASSED] - click(findTestObject("Page_DIR/i_QA Completed Date_fa fa-bars")): Object: 'Object Repository/Page_DIR/i_QA Completed Date_fa fa-bars' is clicked on

2022-05-18 12:21:12 - [MESSAGE][PASSED] - Object: 'Object Repository/Page_DIR/i_QA Completed Date_fa fa-bars' is clicked on

2022-05-18 12:21:12 - [TEST_STEP][PASSED] - click(findTestObject("Page_DIR/a_Review")): Object: 'Object Repository/Page_DIR/a_Review' is clicked on

2022-05-18 12:21:12 - [MESSAGE][PASSED] - Object: 'Object Repository/Page_DIR/a_Review' is clicked on

2022-05-18 12:21:12 - [TEST_STEP][PASSED] - delay(3): Delayed 3 second(s)

2022-05-18 12:21:15 - [MESSAGE][PASSED] - Delayed 3 second(s)

2022-05-18 12:21:15 - [TEST_STEP][PASSED] - verifyElementPresent(findTestObject("Page_DIR/h3_Parts Review"), 2): Object 'Object Repository/Page_DIR/h3_Parts Review' is present

2022-05-18 12:21:16 - [MESSAGE][PASSED] - Object 'Object Repository/Page_DIR/h3_Parts Review' is present

2022-05-18 12:21:16 - [TEST_STEP][PASSED] - verifyElementPresent(findTestObject("Page_DIR/span_PIR-TEST-0005"), 0): Object 'Object Repository/Page_DIR/span_PIR-TEST-0005' is present

2022-05-18 12:21:16 - [MESSAGE][WARNING] - Timeout '0' is invalid. Using default page load timeout: '30'

2022-05-18 12:21:16 - [MESSAGE][PASSED] - Object 'Object Repository/Page_DIR/span_PIR-TEST-0005' is present

2022-05-18 12:21:16 - [TEST_STEP][PASSED] - click(findTestObject("Page_DIR/button_Select product category")): Object: 'Object Repository/Page_DIR/button_Select product category' is clicked on

2022-05-18 12:21:17 - [MESSAGE][PASSED] - Object: 'Object Repository/Page_DIR/button_Select product category' is clicked on

2022-05-18 12:21:17 - [TEST_STEP][PASSED] - verifyElementPresent(findTestObject("Page_DIR/div_Select product category"), 2): Object 'Object Repository/Page_DIR/div_Select product category' is present

2022-05-18 12:21:18 - [MESSAGE][PASSED] - Object 'Object Repository/Page_DIR/div_Select product category' is present

2022-05-18 12:21:18 - [TEST_STEP][PASSED] - setText(findTestObject("Page_DIR/input_Select product category_form-control"), "cer"): Text 'cer' is set on object 'Object Repository/Page_DIR/input_Select product category_form-control'

2022-05-18 12:21:19 - [MESSAGE][PASSED] - Text 'cer' is set on object 'Object Repository/Page_DIR/input_Select product category_form-control'

2022-05-18 12:21:19 - [TEST_STEP][PASSED] - click(findTestObject("Page_DIR/span_Ceramic Capacitor")): Object: 'Object Repository/Page_DIR/span_Ceramic Capacitor' is clicked on

2022-05-18 12:21:20 - [MESSAGE][PASSED] - Object: 'Object Repository/Page_DIR/span_Ceramic Capacitor' is clicked on

2022-05-18 12:21:20 - [TEST_STEP][PASSED] - selectOptionByValue(findTestObject("Page_DIR/select_AccelerometerActive FilterAluminum C_f709df"), "Ceramic Capacitor", true): All options with value 'Ceramic Capacitor' are selected in object 'Object Repository/Page_DIR/select_AccelerometerActive FilterAluminum C_f709df'  using regular expression

2022-05-18 12:21:27 - [MESSAGE][PASSED] - All options with value 'Ceramic Capacitor' are selected in object 'Object Repository/Page_DIR/select_AccelerometerActive FilterAluminum C_f709df'  using regular expression

2022-05-18 12:21:27 - [TEST_STEP][PASSED] - verifyElementPresent(findTestObject("Page_DIR/div_Commodity code"), 2): Object 'Object Repository/Page_DIR/div_Commodity code' is present

2022-05-18 12:21:27 - [MESSAGE][PASSED] - Object 'Object Repository/Page_DIR/div_Commodity code' is present

2022-05-18 12:21:27 - [TEST_STEP][PASSED] - setText(findTestObject("Page_DIR/input_Commodity Prefix_attr  attr-input-blk"), "CAP"): Text 'CAP' is set on object 'Object Repository/Page_DIR/input_Commodity Prefix_attr  attr-input-blk'

2022-05-18 12:21:29 - [MESSAGE][PASSED] - Text 'CAP' is set on object 'Object Repository/Page_DIR/input_Commodity Prefix_attr  attr-input-blk'

2022-05-18 12:21:29 - [TEST_STEP][PASSED] - click(findTestObject("Page_DIR/button_Package Orientation Datasheet Link_btn btn-default dropdown-toggle blue")): Object: 'Object Repository/Page_DIR/button_Package Orientation Datasheet Link_btn btn-default dropdown-toggle blue' is clicked on

2022-05-18 12:21:29 - [MESSAGE][PASSED] - Object: 'Object Repository/Page_DIR/button_Package Orientation Datasheet Link_btn btn-default dropdown-toggle blue' is clicked on

2022-05-18 12:21:29 - [TEST_STEP][PASSED] - click(findTestObject("Page_DIR/button_Save")): Object: 'Object Repository/Page_DIR/button_Save' is clicked on

2022-05-18 12:21:30 - [MESSAGE][PASSED] - Object: 'Object Repository/Page_DIR/button_Save' is clicked on

2022-05-18 12:21:30 - [TEST_STEP][PASSED] - delay(2): Delayed 2 second(s)

2022-05-18 12:21:32 - [MESSAGE][PASSED] - Delayed 2 second(s)

2022-05-18 12:21:32 - [TEST_STEP][PASSED] - verifyElementPresent(findTestObject("Page_DIR/div_Save Success"), 2): Object 'Object Repository/Page_DIR/div_Save Success' is present

2022-05-18 12:21:33 - [MESSAGE][PASSED] - Object 'Object Repository/Page_DIR/div_Save Success' is present

2022-05-18 12:21:33 - [TEST_STEP][PASSED] - click(findTestObject("Page_DIR/i_return-arrow")): Object: 'Object Repository/Page_DIR/i_return-arrow' is clicked on

2022-05-18 12:21:34 - [MESSAGE][PASSED] - Object: 'Object Repository/Page_DIR/i_return-arrow' is clicked on

2022-05-18 12:21:34 - [TEST_STEP][PASSED] - verifyElementPresent(findTestObject("Page_DIR/a_Back to Projects"), 2): Object 'Object Repository/Page_DIR/a_Back to Projects' is present

2022-05-18 12:21:34 - [MESSAGE][PASSED] - Object 'Object Repository/Page_DIR/a_Back to Projects' is present

2022-05-18 12:21:34 - [TEST_STEP][PASSED] - verifyElementPresent(findTestObject("Page_DIR/a_PIR-TEST-0005"), 2): Object 'Object Repository/Page_DIR/a_PIR-TEST-0005' is present

2022-05-18 12:21:35 - [MESSAGE][PASSED] - Object 'Object Repository/Page_DIR/a_PIR-TEST-0005' is present

2022-05-18 12:21:35 - [TEST_STEP][PASSED] - click(findTestObject("Page_DIR/span_Welcome Thangasumathy Jayakumar")): Object: 'Object Repository/Page_DIR/span_Welcome Thangasumathy Jayakumar' is clicked on

2022-05-18 12:21:36 - [MESSAGE][PASSED] - Object: 'Object Repository/Page_DIR/span_Welcome Thangasumathy Jayakumar' is clicked on

2022-05-18 12:21:36 - [TEST_STEP][PASSED] - click(findTestObject("Page_DIR/a_Logout")): Object: 'Object Repository/Page_DIR/a_Logout' is clicked on

2022-05-18 12:21:37 - [MESSAGE][PASSED] - Object: 'Object Repository/Page_DIR/a_Logout' is clicked on]]></system-out>
         <system-err><![CDATA[]]></system-err>
      </testcase>
      <testcase name="Test Cases/Sanity/GBS/AF_Review_RevertSave" time="132.042" classname="Test Cases/Sanity/GBS/AF_Review_RevertSave" status="PASSED">
         <system-out><![CDATA[2022-05-18 12:21:37 - [TEST_CASE][PASSED] - Test Cases/Sanity/GBS/AF_Review_RevertSave: Test Cases/Sanity/GBS/AF_Review_RevertSave

2022-05-18 12:21:39 - [TEST_STEP][PASSED] - openBrowser(""): Browser is opened with url: ''

2022-05-18 12:21:39 - [MESSAGE][WARNING] - A browser is already opened. Closing browser and opening a new one

2022-05-18 12:21:39 - [MESSAGE][INFO] - Starting 'Chrome' driver

2022-05-18 12:21:39 - [MESSAGE][INFO] - Action delay is set to 0 milliseconds

2022-05-18 12:21:42 - [MESSAGE][PASSED] - Browser is opened with url: ''

2022-05-18 12:21:42 - [TEST_STEP][PASSED] - maximizeWindow(): Current window maximized

2022-05-18 12:21:42 - [MESSAGE][PASSED] - Current window maximized

2022-05-18 12:21:42 - [TEST_STEP][PASSED] - navigateToUrl(URL): Navigate to 'https://pirqa.flex.com/login' successfully

2022-05-18 12:21:46 - [MESSAGE][PASSED] - Navigate to 'https://pirqa.flex.com/login' successfully

2022-05-18 12:21:46 - [TEST_STEP][PASSED] - setText(findTestObject("Page_It-Right Platform/Username"), username): Text 'gsstjaya' is set on object 'Object Repository/Page_It-Right Platform/Username'

2022-05-18 12:21:47 - [MESSAGE][PASSED] - Text 'gsstjaya' is set on object 'Object Repository/Page_It-Right Platform/Username'

2022-05-18 12:21:47 - [TEST_STEP][PASSED] - setEncryptedText(findTestObject("Page_It-Right Platform/password"), pwd): Text ****** has been set on object 'Object Repository/Page_It-Right Platform/password'

2022-05-18 12:21:48 - [MESSAGE][PASSED] - Text ****** has been set on object 'Object Repository/Page_It-Right Platform/password'

2022-05-18 12:21:48 - [TEST_STEP][PASSED] - click(findTestObject("Page_It-Right Platform/button_Sign in")): Object: 'Object Repository/Page_It-Right Platform/button_Sign in' is clicked on

2022-05-18 12:21:50 - [MESSAGE][PASSED] - Object: 'Object Repository/Page_It-Right Platform/button_Sign in' is clicked on

2022-05-18 12:21:50 - [TEST_STEP][PASSED] - click(findTestObject("Object Repository/Page_It-Right Platform/span_WelcomeToggler")): Object: 'Object Repository/Page_It-Right Platform/span_WelcomeToggler' is clicked on

2022-05-18 12:21:51 - [MESSAGE][PASSED] - Object: 'Object Repository/Page_It-Right Platform/span_WelcomeToggler' is clicked on

2022-05-18 12:21:51 - [TEST_STEP][PASSED] - verifyElementPresent(findTestObject("Object Repository/Page_It-Right Platform/div_WelcomeMenu"), 0): Object 'Object Repository/Page_It-Right Platform/div_WelcomeMenu' is present

2022-05-18 12:21:51 - [MESSAGE][WARNING] - Timeout '0' is invalid. Using default page load timeout: '30'

2022-05-18 12:21:51 - [MESSAGE][PASSED] - Object 'Object Repository/Page_It-Right Platform/div_WelcomeMenu' is present

2022-05-18 12:21:51 - [TEST_STEP][PASSED] - click(findTestObject("Object Repository/Page_It-Right Platform/span_GBS")): Object: 'Object Repository/Page_It-Right Platform/span_GBS' is clicked on

2022-05-18 12:21:58 - [MESSAGE][PASSED] - Object: 'Object Repository/Page_It-Right Platform/span_GBS' is clicked on

2022-05-18 12:21:58 - [TEST_STEP][PASSED] - delay(2): Delayed 2 second(s)

2022-05-18 12:22:00 - [MESSAGE][PASSED] - Delayed 2 second(s)

2022-05-18 12:22:00 - [TEST_STEP][PASSED] - click(findTestObject("Page_DIR/button_Technical Sourcing")): Object: 'Object Repository/Page_DIR/button_Technical Sourcing' is clicked on

2022-05-18 12:22:04 - [MESSAGE][PASSED] - Object: 'Object Repository/Page_DIR/button_Technical Sourcing' is clicked on

2022-05-18 12:22:04 - [TEST_STEP][PASSED] - click(findTestObject("Page_DIR/span_Flex_Organization")): Object: 'Object Repository/Page_DIR/span_Flex_Organization' is clicked on

2022-05-18 12:22:04 - [MESSAGE][PASSED] - Object: 'Object Repository/Page_DIR/span_Flex_Organization' is clicked on

2022-05-18 12:22:04 - [TEST_STEP][PASSED] - selectOptionByValue(findTestObject("Page_DIR/select_Organization"), "FLEX", true): All options with value 'FLEX' are selected in object 'Object Repository/Page_DIR/select_Organization'  using regular expression

2022-05-18 12:22:15 - [MESSAGE][PASSED] - All options with value 'FLEX' are selected in object 'Object Repository/Page_DIR/select_Organization'  using regular expression

2022-05-18 12:22:15 - [TEST_STEP][PASSED] - delay(2): Delayed 2 second(s)

2022-05-18 12:22:17 - [MESSAGE][PASSED] - Delayed 2 second(s)

2022-05-18 12:22:17 - [TEST_STEP][PASSED] - scrollToElement(findTestObject("Page_DIR/i_Project-folder-open"), 2): Scroll to object 'Object Repository/Page_DIR/i_Project-folder-open' successfully

2022-05-18 12:22:49 - [MESSAGE][INFO] - Unable to find the element located by 'By.xpath: //tr[@id='3835']/td[17]/a/i'. Please recheck the objects properties to make sure the desired element is located. 

2022-05-18 12:22:49 - [MESSAGE][WARNING] - [SELF-HEALING] Failed to find element with id 'Object Repository/Page_DIR/i_Project-folder-open'. Try using Self-healing.

2022-05-18 12:22:49 - [MESSAGE][WARNING] - [SELF-HEALING] The current locator of test object 'Object Repository/Page_DIR/i_Project-folder-open' was broken. Propose an alternative one: '//tr[2]/td[17]/a/i'.

2022-05-18 12:22:49 - [MESSAGE][PASSED] - Scroll to object 'Object Repository/Page_DIR/i_Project-folder-open' successfully

2022-05-18 12:22:49 - [TEST_STEP][PASSED] - click(findTestObject("Page_DIR/i_Project-folder-open")): Object: 'Object Repository/Page_DIR/i_Project-folder-open' is clicked on

2022-05-18 12:23:21 - [MESSAGE][INFO] - Unable to find the element located by 'By.xpath: //tr[@id='3835']/td[17]/a/i'. Please recheck the objects properties to make sure the desired element is located. 

2022-05-18 12:23:21 - [MESSAGE][WARNING] - [SELF-HEALING] Failed to find element with id 'Object Repository/Page_DIR/i_Project-folder-open'. Try using Self-healing.

2022-05-18 12:23:21 - [MESSAGE][WARNING] - [SELF-HEALING] The current locator of test object 'Object Repository/Page_DIR/i_Project-folder-open' was broken. Propose an alternative one: '//tr[2]/td[17]/a/i'.

2022-05-18 12:23:21 - [MESSAGE][PASSED] - Object: 'Object Repository/Page_DIR/i_Project-folder-open' is clicked on

2022-05-18 12:23:21 - [TEST_STEP][PASSED] - delay(3): Delayed 3 second(s)

2022-05-18 12:23:24 - [MESSAGE][PASSED] - Delayed 3 second(s)

2022-05-18 12:23:24 - [TEST_STEP][PASSED] - verifyElementPresent(findTestObject("Page_DIR/a_Back to Projects"), 2): Object 'Object Repository/Page_DIR/a_Back to Projects' is present

2022-05-18 12:23:27 - [MESSAGE][PASSED] - Object 'Object Repository/Page_DIR/a_Back to Projects' is present

2022-05-18 12:23:27 - [TEST_STEP][PASSED] - verifyElementPresent(findTestObject("Page_DIR/a_PIR-TEST-0005"), 2): Object 'Object Repository/Page_DIR/a_PIR-TEST-0005' is present

2022-05-18 12:23:27 - [MESSAGE][PASSED] - Object 'Object Repository/Page_DIR/a_PIR-TEST-0005' is present

2022-05-18 12:23:27 - [TEST_STEP][PASSED] - click(findTestObject("Page_DIR/i_QA Completed Date_fa fa-bars")): Object: 'Object Repository/Page_DIR/i_QA Completed Date_fa fa-bars' is clicked on

2022-05-18 12:23:28 - [MESSAGE][PASSED] - Object: 'Object Repository/Page_DIR/i_QA Completed Date_fa fa-bars' is clicked on

2022-05-18 12:23:28 - [TEST_STEP][PASSED] - click(findTestObject("Page_DIR/a_Review")): Object: 'Object Repository/Page_DIR/a_Review' is clicked on

2022-05-18 12:23:29 - [MESSAGE][PASSED] - Object: 'Object Repository/Page_DIR/a_Review' is clicked on

2022-05-18 12:23:29 - [TEST_STEP][PASSED] - delay(3): Delayed 3 second(s)

2022-05-18 12:23:32 - [MESSAGE][PASSED] - Delayed 3 second(s)

2022-05-18 12:23:32 - [TEST_STEP][PASSED] - verifyElementPresent(findTestObject("Page_DIR/h3_Parts Review"), 2): Object 'Object Repository/Page_DIR/h3_Parts Review' is present

2022-05-18 12:23:35 - [MESSAGE][PASSED] - Object 'Object Repository/Page_DIR/h3_Parts Review' is present

2022-05-18 12:23:35 - [TEST_STEP][PASSED] - verifyElementPresent(findTestObject("Page_DIR/span_PIR-TEST-0005"), 0): Object 'Object Repository/Page_DIR/span_PIR-TEST-0005' is present

2022-05-18 12:23:36 - [MESSAGE][WARNING] - Timeout '0' is invalid. Using default page load timeout: '30'

2022-05-18 12:23:36 - [MESSAGE][PASSED] - Object 'Object Repository/Page_DIR/span_PIR-TEST-0005' is present

2022-05-18 12:23:36 - [TEST_STEP][PASSED] - click(findTestObject("Page_DIR/button_Package Orientation Datasheet Link_btn btn-default dropdown-toggle blue")): Object: 'Object Repository/Page_DIR/button_Package Orientation Datasheet Link_btn btn-default dropdown-toggle blue' is clicked on

2022-05-18 12:23:37 - [MESSAGE][PASSED] - Object: 'Object Repository/Page_DIR/button_Package Orientation Datasheet Link_btn btn-default dropdown-toggle blue' is clicked on

2022-05-18 12:23:37 - [TEST_STEP][PASSED] - click(findTestObject("Page_DIR/button_Revert")): Object: 'Object Repository/Page_DIR/button_Revert' is clicked on

2022-05-18 12:23:38 - [MESSAGE][PASSED] - Object: 'Object Repository/Page_DIR/button_Revert' is clicked on

2022-05-18 12:23:38 - [TEST_STEP][PASSED] - verifyElementPresent(findTestObject("Page_DIR/div_WARNING_Revert"), 2): Object 'Object Repository/Page_DIR/div_WARNING_Revert' is present

2022-05-18 12:23:38 - [MESSAGE][PASSED] - Object 'Object Repository/Page_DIR/div_WARNING_Revert' is present

2022-05-18 12:23:38 - [TEST_STEP][PASSED] - click(findTestObject("Page_DIR/button_Yes")): Object: 'Object Repository/Page_DIR/button_Yes' is clicked on

2022-05-18 12:23:39 - [MESSAGE][PASSED] - Object: 'Object Repository/Page_DIR/button_Yes' is clicked on

2022-05-18 12:23:39 - [TEST_STEP][PASSED] - click(findTestObject("Page_DIR/button_Package Orientation Datasheet Link_btn btn-default dropdown-toggle blue")): Object: 'Object Repository/Page_DIR/button_Package Orientation Datasheet Link_btn btn-default dropdown-toggle blue' is clicked on

2022-05-18 12:23:41 - [MESSAGE][PASSED] - Object: 'Object Repository/Page_DIR/button_Package Orientation Datasheet Link_btn btn-default dropdown-toggle blue' is clicked on

2022-05-18 12:23:41 - [TEST_STEP][PASSED] - click(findTestObject("Page_DIR/button_Save")): Object: 'Object Repository/Page_DIR/button_Save' is clicked on

2022-05-18 12:23:41 - [MESSAGE][PASSED] - Object: 'Object Repository/Page_DIR/button_Save' is clicked on

2022-05-18 12:23:41 - [TEST_STEP][PASSED] - delay(2): Delayed 2 second(s)

2022-05-18 12:23:43 - [MESSAGE][PASSED] - Delayed 2 second(s)

2022-05-18 12:23:43 - [TEST_STEP][PASSED] - verifyElementPresent(findTestObject("Page_DIR/div_Save Success"), 2): Object 'Object Repository/Page_DIR/div_Save Success' is present

2022-05-18 12:23:44 - [MESSAGE][PASSED] - Object 'Object Repository/Page_DIR/div_Save Success' is present

2022-05-18 12:23:44 - [TEST_STEP][PASSED] - click(findTestObject("Page_DIR/i_return-arrow")): Object: 'Object Repository/Page_DIR/i_return-arrow' is clicked on

2022-05-18 12:23:45 - [MESSAGE][PASSED] - Object: 'Object Repository/Page_DIR/i_return-arrow' is clicked on

2022-05-18 12:23:45 - [TEST_STEP][PASSED] - verifyElementPresent(findTestObject("Page_DIR/a_Back to Projects"), 2): Object 'Object Repository/Page_DIR/a_Back to Projects' is present

2022-05-18 12:23:46 - [MESSAGE][PASSED] - Object 'Object Repository/Page_DIR/a_Back to Projects' is present

2022-05-18 12:23:46 - [TEST_STEP][PASSED] - verifyElementPresent(findTestObject("Page_DIR/a_PIR-TEST-0005"), 2): Object 'Object Repository/Page_DIR/a_PIR-TEST-0005' is present

2022-05-18 12:23:46 - [MESSAGE][PASSED] - Object 'Object Repository/Page_DIR/a_PIR-TEST-0005' is present

2022-05-18 12:23:46 - [TEST_STEP][PASSED] - click(findTestObject("Page_DIR/span_Welcome Thangasumathy Jayakumar")): Object: 'Object Repository/Page_DIR/span_Welcome Thangasumathy Jayakumar' is clicked on

2022-05-18 12:23:47 - [MESSAGE][PASSED] - Object: 'Object Repository/Page_DIR/span_Welcome Thangasumathy Jayakumar' is clicked on

2022-05-18 12:23:47 - [TEST_STEP][PASSED] - click(findTestObject("Page_DIR/a_Logout")): Object: 'Object Repository/Page_DIR/a_Logout' is clicked on

2022-05-18 12:23:49 - [MESSAGE][PASSED] - Object: 'Object Repository/Page_DIR/a_Logout' is clicked on]]></system-out>
         <system-err><![CDATA[]]></system-err>
      </testcase>
      <system-out><![CDATA[2022-05-18 12:18:38 - [TEST_SUITE][PASSED] - Sanity_GBS: Test Cases/Sanity/GBS/AF_Review_RevertSave]]></system-out>
      <system-err><![CDATA[]]></system-err>
   </testsuite>
</testsuites>
